-- The C compiler identification is GNU 13.3.0
-- The CXX compiler identification is GNU 13.3.0
-- Detecting C compiler ABI info
-- Detecting C compiler ABI info - done
-- Check for working C compiler: /usr/bin/cc - skipped
-- Detecting C compile features
-- Detecting C compile features - done
-- Detecting CXX compiler ABI info
-- Detecting CXX compiler ABI info - done
-- Check for working CXX compiler: /usr/bin/c++ - skipped
-- Detecting CXX compile features
-- Detecting CXX compile features - done
-- Found ros2_control_cmake: 0.2.1 (/workspaces/ros2-coding/install/ros2_control_cmake/share/ros2_control_cmake/cmake)
-- Compiler warnings enabled for GNU
-- Detected GCC Version: 13.3.0 (Major: 13, Minor: 3)
-- Found ament_cmake: 2.5.4 (/opt/ros/jazzy/share/ament_cmake/cmake)
-- Found Python3: /usr/bin/python3 (found version "3.12.3") found components: Interpreter 
-- Override CMake install command with custom implementation using symlinks instead of copying resources
-- Found forward_command_controller: 4.32.0 (/workspaces/ros2-coding/install/forward_command_controller/share/forward_command_controller/cmake)
-- Found rosidl_generator_c: 4.6.6 (/opt/ros/jazzy/share/rosidl_generator_c/cmake)
-- Found rosidl_generator_cpp: 4.6.6 (/opt/ros/jazzy/share/rosidl_generator_cpp/cmake)
-- Using all available rosidl_typesupport_c: rosidl_typesupport_fastrtps_c;rosidl_typesupport_introspection_c
-- Using all available rosidl_typesupport_cpp: rosidl_typesupport_fastrtps_cpp;rosidl_typesupport_introspection_cpp
-- Found rmw_implementation_cmake: 7.3.2 (/opt/ros/jazzy/share/rmw_implementation_cmake/cmake)
-- Found rmw_fastrtps_cpp: 8.4.3 (/opt/ros/jazzy/share/rmw_fastrtps_cpp/cmake)
-- Found OpenSSL: /usr/lib/x86_64-linux-gnu/libcrypto.so (found version "3.0.13")  
-- Found FastRTPS: /opt/ros/jazzy/include (Required is at least version "2.13") 
-- Using RMW implementation 'rmw_fastrtps_cpp' as default
-- Found ament_cmake_gmock: 2.5.4 (/opt/ros/jazzy/share/ament_cmake_gmock/cmake)
-- Found controller_manager: 4.37.0 (/workspaces/ros2-coding/install/controller_manager/share/controller_manager/cmake)
-- Found ros2_control_test_assets: 4.37.0 (/workspaces/ros2-coding/install/ros2_control_test_assets/share/ros2_control_test_assets/cmake)
-- Found gmock sources under '/opt/ros/jazzy/src/gmock_vendor': C++ tests using 'Google Mock' will be built
-- Found ament_cmake_gtest: 2.5.4 (/opt/ros/jazzy/share/ament_cmake_gtest/cmake)
-- Found gtest sources under '/opt/ros/jazzy/src/gtest_vendor': C++ tests using 'Google Test' will be built
-- Configuring done (4.4s)
-- Generating done (0.1s)
-- Build files have been written to: /workspaces/ros2-coding/build/position_controllers
[  9%] [32mBuilding CXX object CMakeFiles/position_controllers.dir/src/joint_group_position_controller.cpp.o[0m
[ 18%] [32m[1mLinking CXX shared library libposition_controllers.so[0m
[ 18%] Built target position_controllers
[ 27%] [32mBuilding CXX object gmock/CMakeFiles/gmock_main.dir/src/gmock_main.cc.o[0m
[ 36%] [32m[1mLinking CXX static library libgmock_main.a[0m
[ 36%] Built target gmock_main
[ 45%] [32mBuilding CXX object gmock/CMakeFiles/gmock.dir/opt/ros/jazzy/src/gtest_vendor/src/gtest-all.cc.o[0m
[ 54%] [32mBuilding CXX object gmock/CMakeFiles/gmock.dir/src/gmock-all.cc.o[0m
[ 63%] [32m[1mLinking CXX static library libgmock.a[0m
[ 63%] Built target gmock
[ 72%] [32mBuilding CXX object CMakeFiles/test_load_joint_group_position_controller.dir/test/test_load_joint_group_position_controller.cpp.o[0m
[ 81%] [32m[1mLinking CXX executable test_load_joint_group_position_controller[0m
[ 81%] Built target test_load_joint_group_position_controller
[ 90%] [32mBuilding CXX object CMakeFiles/test_joint_group_position_controller.dir/test/test_joint_group_position_controller.cpp.o[0m
[100%] [32m[1mLinking CXX executable test_joint_group_position_controller[0m
[100%] Built target test_joint_group_position_controller
-- Install configuration: ""
-- Execute custom install script
-- Symlinking: /workspaces/ros2-coding/install/position_controllers/share/position_controllers//position_controllers_plugins.xml
-- Symlinking: /workspaces/ros2-coding/install/position_controllers/include/position_controllers/position_controllers/joint_group_position_controller.hpp
-- Symlinking: /workspaces/ros2-coding/install/position_controllers/share/position_controllers/environment/library_path.sh
-- Symlinking: /workspaces/ros2-coding/install/position_controllers/share/position_controllers/environment/library_path.dsv
-- Symlinking: /workspaces/ros2-coding/install/position_controllers/share/ament_index/resource_index/package_run_dependencies/position_controllers
-- Symlinking: /workspaces/ros2-coding/install/position_controllers/share/ament_index/resource_index/parent_prefix_path/position_controllers
-- Symlinking: /workspaces/ros2-coding/install/position_controllers/share/position_controllers/environment/ament_prefix_path.sh
-- Symlinking: /workspaces/ros2-coding/install/position_controllers/share/position_controllers/environment/ament_prefix_path.dsv
-- Symlinking: /workspaces/ros2-coding/install/position_controllers/share/position_controllers/environment/path.sh
-- Symlinking: /workspaces/ros2-coding/install/position_controllers/share/position_controllers/environment/path.dsv
-- Symlinking: /workspaces/ros2-coding/install/position_controllers/share/position_controllers/local_setup.bash
-- Symlinking: /workspaces/ros2-coding/install/position_controllers/share/position_controllers/local_setup.sh
-- Symlinking: /workspaces/ros2-coding/install/position_controllers/share/position_controllers/local_setup.zsh
-- Symlinking: /workspaces/ros2-coding/install/position_controllers/share/position_controllers/local_setup.dsv
-- Symlinking: /workspaces/ros2-coding/install/position_controllers/share/position_controllers/package.dsv
-- Symlinking: /workspaces/ros2-coding/install/position_controllers/share/ament_index/resource_index/packages/position_controllers
-- Symlinking: /workspaces/ros2-coding/install/position_controllers/share/ament_index/resource_index/controller_interface__pluginlib__plugin/position_controllers
-- Symlinking: /workspaces/ros2-coding/install/position_controllers/share/position_controllers/cmake/ament_cmake_export_targets-extras.cmake
-- Symlinking: /workspaces/ros2-coding/install/position_controllers/share/position_controllers/cmake/ament_cmake_export_dependencies-extras.cmake
-- Symlinking: /workspaces/ros2-coding/install/position_controllers/share/position_controllers/cmake/position_controllersConfig.cmake
-- Symlinking: /workspaces/ros2-coding/install/position_controllers/share/position_controllers/cmake/position_controllersConfig-version.cmake
-- Symlinking: /workspaces/ros2-coding/install/position_controllers/share/position_controllers/package.xml
-- Installing: /workspaces/ros2-coding/install/position_controllers/lib/libposition_controllers.so
-- Set non-toolchain portion of runtime path of "/workspaces/ros2-coding/install/position_controllers/lib/libposition_controllers.so" to ""
-- Installing: /workspaces/ros2-coding/install/position_controllers/share/position_controllers/cmake/export_position_controllersExport.cmake
-- Installing: /workspaces/ros2-coding/install/position_controllers/share/position_controllers/cmake/export_position_controllersExport-noconfig.cmake
