[0.031s] Invoking command in '/workspaces/ros2-coding/build/isaac_moveit': CMAKE_PREFIX_PATH=${CMAKE_PREFIX_PATH}:/workspaces/ros2-coding/install/rqt_joint_trajectory_controller:/workspaces/ros2-coding/install/rqt_controller_manager:/workspaces/ros2-coding/install/ros2controlcli:/workspaces/ros2-coding/install/ros2_controllers_test_nodes:/workspaces/ros2-coding/install/my_turtlesim:/workspaces/ros2-coding/install/issac_sim:/opt/ros/jazzy /usr/bin/cmake /workspaces/ros2-coding/turtlesim_ws/src/moveit/isaac_moveit -DAMENT_CMAKE_SYMLINK_INSTALL=1 -DCMAKE_INSTALL_PREFIX=/workspaces/ros2-coding/install/isaac_moveit
[0.119s] -- Found ament_cmake: 2.5.4 (/opt/ros/jazzy/share/ament_cmake/cmake)
[0.765s] -- Override CMake install command with custom implementation using symlinks instead of copying resources
[0.786s] -- Found rclpy: 7.1.5 (/opt/ros/jazzy/share/rclpy/cmake)
[0.824s] -- Found moveit: 2.12.3 (/opt/ros/jazzy/share/moveit/cmake)
[1.108s] -- Configuring done (1.0s)
[1.127s] -- Generating done (0.0s)
[1.130s] -- Build files have been written to: /workspaces/ros2-coding/build/isaac_moveit
[1.135s] Invoked command in '/workspaces/ros2-coding/build/isaac_moveit' returned '0': CMAKE_PREFIX_PATH=${CMAKE_PREFIX_PATH}:/workspaces/ros2-coding/install/rqt_joint_trajectory_controller:/workspaces/ros2-coding/install/rqt_controller_manager:/workspaces/ros2-coding/install/ros2controlcli:/workspaces/ros2-coding/install/ros2_controllers_test_nodes:/workspaces/ros2-coding/install/my_turtlesim:/workspaces/ros2-coding/install/issac_sim:/opt/ros/jazzy /usr/bin/cmake /workspaces/ros2-coding/turtlesim_ws/src/moveit/isaac_moveit -DAMENT_CMAKE_SYMLINK_INSTALL=1 -DCMAKE_INSTALL_PREFIX=/workspaces/ros2-coding/install/isaac_moveit
[1.137s] Invoking command in '/workspaces/ros2-coding/build/isaac_moveit': CMAKE_PREFIX_PATH=${CMAKE_PREFIX_PATH}:/workspaces/ros2-coding/install/rqt_joint_trajectory_controller:/workspaces/ros2-coding/install/rqt_controller_manager:/workspaces/ros2-coding/install/ros2controlcli:/workspaces/ros2-coding/install/ros2_controllers_test_nodes:/workspaces/ros2-coding/install/my_turtlesim:/workspaces/ros2-coding/install/issac_sim:/opt/ros/jazzy /usr/bin/cmake --build /workspaces/ros2-coding/build/isaac_moveit -- -j2 -l2
[1.337s] Invoked command in '/workspaces/ros2-coding/build/isaac_moveit' returned '0': CMAKE_PREFIX_PATH=${CMAKE_PREFIX_PATH}:/workspaces/ros2-coding/install/rqt_joint_trajectory_controller:/workspaces/ros2-coding/install/rqt_controller_manager:/workspaces/ros2-coding/install/ros2controlcli:/workspaces/ros2-coding/install/ros2_controllers_test_nodes:/workspaces/ros2-coding/install/my_turtlesim:/workspaces/ros2-coding/install/issac_sim:/opt/ros/jazzy /usr/bin/cmake --build /workspaces/ros2-coding/build/isaac_moveit -- -j2 -l2
[1.340s] Invoking command in '/workspaces/ros2-coding/build/isaac_moveit': CMAKE_PREFIX_PATH=${CMAKE_PREFIX_PATH}:/workspaces/ros2-coding/install/rqt_joint_trajectory_controller:/workspaces/ros2-coding/install/rqt_controller_manager:/workspaces/ros2-coding/install/ros2controlcli:/workspaces/ros2-coding/install/ros2_controllers_test_nodes:/workspaces/ros2-coding/install/my_turtlesim:/workspaces/ros2-coding/install/issac_sim:/opt/ros/jazzy /usr/bin/cmake --install /workspaces/ros2-coding/build/isaac_moveit
[1.403s] -- Install configuration: ""
[1.405s] -- Execute custom install script
[1.406s] -- Symlinking: /workspaces/ros2-coding/install/isaac_moveit/share/isaac_moveit/rviz2/panda_moveit_config.rviz
[1.528s] -- Symlinking: /workspaces/ros2-coding/install/isaac_moveit/share/isaac_moveit/launch/isaac_moveit.launch.py
[1.580s] -- Symlinking: /workspaces/ros2-coding/install/isaac_moveit/share/ament_index/resource_index/package_run_dependencies/isaac_moveit
[1.645s] -- Symlinking: /workspaces/ros2-coding/install/isaac_moveit/share/ament_index/resource_index/parent_prefix_path/isaac_moveit
[1.703s] -- Symlinking: /workspaces/ros2-coding/install/isaac_moveit/share/isaac_moveit/environment/ament_prefix_path.sh
[1.760s] -- Symlinking: /workspaces/ros2-coding/install/isaac_moveit/share/isaac_moveit/environment/ament_prefix_path.dsv
[1.820s] -- Symlinking: /workspaces/ros2-coding/install/isaac_moveit/share/isaac_moveit/environment/path.sh
[1.877s] -- Symlinking: /workspaces/ros2-coding/install/isaac_moveit/share/isaac_moveit/environment/path.dsv
[1.947s] -- Symlinking: /workspaces/ros2-coding/install/isaac_moveit/share/isaac_moveit/local_setup.bash
[1.983s] -- Symlinking: /workspaces/ros2-coding/install/isaac_moveit/share/isaac_moveit/local_setup.sh
[2.008s] -- Symlinking: /workspaces/ros2-coding/install/isaac_moveit/share/isaac_moveit/local_setup.zsh
[2.036s] -- Symlinking: /workspaces/ros2-coding/install/isaac_moveit/share/isaac_moveit/local_setup.dsv
[2.062s] -- Symlinking: /workspaces/ros2-coding/install/isaac_moveit/share/isaac_moveit/package.dsv
[2.087s] -- Symlinking: /workspaces/ros2-coding/install/isaac_moveit/share/ament_index/resource_index/packages/isaac_moveit
[2.118s] -- Symlinking: /workspaces/ros2-coding/install/isaac_moveit/share/isaac_moveit/cmake/isaac_moveitConfig.cmake
[2.143s] -- Symlinking: /workspaces/ros2-coding/install/isaac_moveit/share/isaac_moveit/cmake/isaac_moveitConfig-version.cmake
[2.189s] -- Symlinking: /workspaces/ros2-coding/install/isaac_moveit/share/isaac_moveit/package.xml
[2.231s] Invoked command in '/workspaces/ros2-coding/build/isaac_moveit' returned '0': CMAKE_PREFIX_PATH=${CMAKE_PREFIX_PATH}:/workspaces/ros2-coding/install/rqt_joint_trajectory_controller:/workspaces/ros2-coding/install/rqt_controller_manager:/workspaces/ros2-coding/install/ros2controlcli:/workspaces/ros2-coding/install/ros2_controllers_test_nodes:/workspaces/ros2-coding/install/my_turtlesim:/workspaces/ros2-coding/install/issac_sim:/opt/ros/jazzy /usr/bin/cmake --install /workspaces/ros2-coding/build/isaac_moveit
