[0.104s] Invoking command in '/workspaces/ros2-coding/build/pose_broadcaster': AMENT_PREFIX_PATH=/workspaces/ros2-coding/install/controller_manager:/workspaces/ros2-coding/install/hardware_interface_testing:/workspaces/ros2-coding/install/controller_interface:/workspaces/ros2-coding/install/hardware_interface:/workspaces/ros2-coding/install/joint_limits:/workspaces/ros2-coding/install/realtime_tools:/workspaces/ros2-coding/install/ros2_control_test_assets:/workspaces/ros2-coding/install/ros2_control_cmake:/workspaces/ros2-coding/install/controller_manager_msgs:/workspaces/ros2-coding/install/control_msgs:${AMENT_PREFIX_PATH} CMAKE_PREFIX_PATH=/workspaces/ros2-coding/install/controller_manager:/workspaces/ros2-coding/install/hardware_interface_testing:/workspaces/ros2-coding/install/controller_interface:/workspaces/ros2-coding/install/hardware_interface:/workspaces/ros2-coding/install/joint_limits:/workspaces/ros2-coding/install/realtime_tools:/workspaces/ros2-coding/install/ros2_control_test_assets:/workspaces/ros2-coding/install/ros2_control_cmake:/workspaces/ros2-coding/install/controller_manager_msgs:/workspaces/ros2-coding/install/control_msgs:/opt/ros/jazzy/opt/gz_sim_vendor:/opt/ros/jazzy/opt/gz_sensors_vendor:/opt/ros/jazzy/opt/gz_physics_vendor:/opt/ros/jazzy/opt/sdformat_vendor:/opt/ros/jazzy/opt/gz_gui_vendor:/opt/ros/jazzy/opt/gz_transport_vendor:/opt/ros/jazzy/opt/gz_rendering_vendor:/opt/ros/jazzy/opt/gz_plugin_vendor:/opt/ros/jazzy/opt/gz_fuel_tools_vendor:/opt/ros/jazzy/opt/gz_msgs_vendor:/opt/ros/jazzy/opt/gz_common_vendor:/opt/ros/jazzy/opt/gz_math_vendor:/opt/ros/jazzy/opt/gz_utils_vendor:/opt/ros/jazzy/opt/gz_tools_vendor:/opt/ros/jazzy/opt/gz_ogre_next_vendor:/opt/ros/jazzy/opt/gz_dartsim_vendor:/opt/ros/jazzy/opt/gz_cmake_vendor:/opt/ros/jazzy LD_LIBRARY_PATH=/workspaces/ros2-coding/install/controller_manager/lib:/workspaces/ros2-coding/install/hardware_interface_testing/lib:/workspaces/ros2-coding/install/controller_interface/lib:/workspaces/ros2-coding/install/hardware_interface/lib:/workspaces/ros2-coding/install/joint_limits/lib:/workspaces/ros2-coding/install/realtime_tools/lib:/workspaces/ros2-coding/install/ros2_control_test_assets/lib:/workspaces/ros2-coding/install/controller_manager_msgs/lib:/workspaces/ros2-coding/install/control_msgs/lib:${LD_LIBRARY_PATH} PYTHONPATH=/workspaces/ros2-coding/install/controller_manager/lib/python3.12/site-packages:/workspaces/ros2-coding/install/controller_manager_msgs/lib/python3.12/site-packages:/workspaces/ros2-coding/install/control_msgs/lib/python3.12/site-packages:${PYTHONPATH} /usr/bin/cmake /workspaces/ros2-coding/turtlesim_ws/src/ros-controls/ros2_controllers/pose_broadcaster -DAMENT_CMAKE_SYMLINK_INSTALL=1 -DCMAKE_INSTALL_PREFIX=/workspaces/ros2-coding/install/pose_broadcaster
[0.312s] -- The C compiler identification is GNU 13.3.0
[0.459s] -- The CXX compiler identification is GNU 13.3.0
[0.491s] -- Detecting C compiler ABI info
[0.756s] -- Detecting C compiler ABI info - done
[0.778s] -- Check for working C compiler: /usr/bin/cc - skipped
[0.779s] -- Detecting C compile features
[0.781s] -- Detecting C compile features - done
[0.803s] -- Detecting CXX compiler ABI info
[1.008s] -- Detecting CXX compiler ABI info - done
[1.033s] -- Check for working CXX compiler: /usr/bin/c++ - skipped
[1.034s] -- Detecting CXX compile features
[1.035s] -- Detecting CXX compile features - done
[1.040s] -- Found ros2_control_cmake: 0.2.1 (/workspaces/ros2-coding/install/ros2_control_cmake/share/ros2_control_cmake/cmake)
[1.041s] -- Compiler warnings enabled for GNU
[1.042s] -- Detected GCC Version: 13.3.0 (Major: 13, Minor: 3)
[1.053s] -- Found ament_cmake: 2.5.4 (/opt/ros/jazzy/share/ament_cmake/cmake)
[1.429s] -- Found Python3: /usr/bin/python3 (found version "3.12.3") found components: Interpreter 
[1.565s] -- Override CMake install command with custom implementation using symlinks instead of copying resources
[1.777s] -- Found controller_interface: 4.37.0 (/workspaces/ros2-coding/install/controller_interface/share/controller_interface/cmake)
[1.956s] -- Found rosidl_generator_c: 4.6.6 (/opt/ros/jazzy/share/rosidl_generator_c/cmake)
[2.010s] -- Found rosidl_generator_cpp: 4.6.6 (/opt/ros/jazzy/share/rosidl_generator_cpp/cmake)
[2.064s] -- Using all available rosidl_typesupport_c: rosidl_typesupport_fastrtps_c;rosidl_typesupport_introspection_c
[2.124s] -- Using all available rosidl_typesupport_cpp: rosidl_typesupport_fastrtps_cpp;rosidl_typesupport_introspection_cpp
[2.709s] -- Found TinyXML2 via Config file: /usr/lib/x86_64-linux-gnu/cmake/tinyxml2
[2.885s] -- Found rmw_implementation_cmake: 7.3.2 (/opt/ros/jazzy/share/rmw_implementation_cmake/cmake)
[2.905s] -- Found rmw_fastrtps_cpp: 8.4.3 (/opt/ros/jazzy/share/rmw_fastrtps_cpp/cmake)
[2.988s] -- Found TinyXML2 via Config file: /usr/lib/x86_64-linux-gnu/cmake/tinyxml2
[3.116s] -- Found OpenSSL: /usr/lib/x86_64-linux-gnu/libcrypto.so (found version "3.0.13")  
[3.121s] -- Found TinyXML2 via Config file: /usr/lib/x86_64-linux-gnu/cmake/tinyxml2
[3.152s] -- Found FastRTPS: /opt/ros/jazzy/include (Required is at least version "2.13") 
[3.157s] -- Found TinyXML2 via Config file: /usr/lib/x86_64-linux-gnu/cmake/tinyxml2
[3.172s] -- Found TinyXML2 via Config file: /usr/lib/x86_64-linux-gnu/cmake/tinyxml2
[3.192s] -- Using RMW implementation 'rmw_fastrtps_cpp' as default
[3.975s] -- Found generate_parameter_library: 0.5.0 (/opt/ros/jazzy/share/generate_parameter_library/cmake)
[3.988s] -- Found parameter_traits: 0.5.0 (/opt/ros/jazzy/share/parameter_traits/cmake)
[4.078s] -- Found tf2_msgs: 0.36.14 (/opt/ros/jazzy/share/tf2_msgs/cmake)
[4.158s] -- Found ament_cmake_gmock: 2.5.4 (/opt/ros/jazzy/share/ament_cmake_gmock/cmake)
[4.160s] -- Found controller_manager: 4.37.0 (/workspaces/ros2-coding/install/controller_manager/share/controller_manager/cmake)
[4.338s] -- Found ros2_control_test_assets: 4.37.0 (/workspaces/ros2-coding/install/ros2_control_test_assets/share/ros2_control_test_assets/cmake)
[4.352s] -- Found gmock sources under '/opt/ros/jazzy/src/gmock_vendor': C++ tests using 'Google Mock' will be built
[4.377s] -- Found ament_cmake_gtest: 2.5.4 (/opt/ros/jazzy/share/ament_cmake_gtest/cmake)
[4.378s] -- Found gtest sources under '/opt/ros/jazzy/src/gtest_vendor': C++ tests using 'Google Test' will be built
[4.571s] -- Configuring done (4.4s)
[4.785s] -- Generating done (0.2s)
[4.832s] -- Build files have been written to: /workspaces/ros2-coding/build/pose_broadcaster
[4.856s] Invoked command in '/workspaces/ros2-coding/build/pose_broadcaster' returned '0': AMENT_PREFIX_PATH=/workspaces/ros2-coding/install/controller_manager:/workspaces/ros2-coding/install/hardware_interface_testing:/workspaces/ros2-coding/install/controller_interface:/workspaces/ros2-coding/install/hardware_interface:/workspaces/ros2-coding/install/joint_limits:/workspaces/ros2-coding/install/realtime_tools:/workspaces/ros2-coding/install/ros2_control_test_assets:/workspaces/ros2-coding/install/ros2_control_cmake:/workspaces/ros2-coding/install/controller_manager_msgs:/workspaces/ros2-coding/install/control_msgs:${AMENT_PREFIX_PATH} CMAKE_PREFIX_PATH=/workspaces/ros2-coding/install/controller_manager:/workspaces/ros2-coding/install/hardware_interface_testing:/workspaces/ros2-coding/install/controller_interface:/workspaces/ros2-coding/install/hardware_interface:/workspaces/ros2-coding/install/joint_limits:/workspaces/ros2-coding/install/realtime_tools:/workspaces/ros2-coding/install/ros2_control_test_assets:/workspaces/ros2-coding/install/ros2_control_cmake:/workspaces/ros2-coding/install/controller_manager_msgs:/workspaces/ros2-coding/install/control_msgs:/opt/ros/jazzy/opt/gz_sim_vendor:/opt/ros/jazzy/opt/gz_sensors_vendor:/opt/ros/jazzy/opt/gz_physics_vendor:/opt/ros/jazzy/opt/sdformat_vendor:/opt/ros/jazzy/opt/gz_gui_vendor:/opt/ros/jazzy/opt/gz_transport_vendor:/opt/ros/jazzy/opt/gz_rendering_vendor:/opt/ros/jazzy/opt/gz_plugin_vendor:/opt/ros/jazzy/opt/gz_fuel_tools_vendor:/opt/ros/jazzy/opt/gz_msgs_vendor:/opt/ros/jazzy/opt/gz_common_vendor:/opt/ros/jazzy/opt/gz_math_vendor:/opt/ros/jazzy/opt/gz_utils_vendor:/opt/ros/jazzy/opt/gz_tools_vendor:/opt/ros/jazzy/opt/gz_ogre_next_vendor:/opt/ros/jazzy/opt/gz_dartsim_vendor:/opt/ros/jazzy/opt/gz_cmake_vendor:/opt/ros/jazzy LD_LIBRARY_PATH=/workspaces/ros2-coding/install/controller_manager/lib:/workspaces/ros2-coding/install/hardware_interface_testing/lib:/workspaces/ros2-coding/install/controller_interface/lib:/workspaces/ros2-coding/install/hardware_interface/lib:/workspaces/ros2-coding/install/joint_limits/lib:/workspaces/ros2-coding/install/realtime_tools/lib:/workspaces/ros2-coding/install/ros2_control_test_assets/lib:/workspaces/ros2-coding/install/controller_manager_msgs/lib:/workspaces/ros2-coding/install/control_msgs/lib:${LD_LIBRARY_PATH} PYTHONPATH=/workspaces/ros2-coding/install/controller_manager/lib/python3.12/site-packages:/workspaces/ros2-coding/install/controller_manager_msgs/lib/python3.12/site-packages:/workspaces/ros2-coding/install/control_msgs/lib/python3.12/site-packages:${PYTHONPATH} /usr/bin/cmake /workspaces/ros2-coding/turtlesim_ws/src/ros-controls/ros2_controllers/pose_broadcaster -DAMENT_CMAKE_SYMLINK_INSTALL=1 -DCMAKE_INSTALL_PREFIX=/workspaces/ros2-coding/install/pose_broadcaster
[4.858s] Invoking command in '/workspaces/ros2-coding/build/pose_broadcaster': AMENT_PREFIX_PATH=/workspaces/ros2-coding/install/controller_manager:/workspaces/ros2-coding/install/hardware_interface_testing:/workspaces/ros2-coding/install/controller_interface:/workspaces/ros2-coding/install/hardware_interface:/workspaces/ros2-coding/install/joint_limits:/workspaces/ros2-coding/install/realtime_tools:/workspaces/ros2-coding/install/ros2_control_test_assets:/workspaces/ros2-coding/install/ros2_control_cmake:/workspaces/ros2-coding/install/controller_manager_msgs:/workspaces/ros2-coding/install/control_msgs:${AMENT_PREFIX_PATH} CMAKE_PREFIX_PATH=/workspaces/ros2-coding/install/controller_manager:/workspaces/ros2-coding/install/hardware_interface_testing:/workspaces/ros2-coding/install/controller_interface:/workspaces/ros2-coding/install/hardware_interface:/workspaces/ros2-coding/install/joint_limits:/workspaces/ros2-coding/install/realtime_tools:/workspaces/ros2-coding/install/ros2_control_test_assets:/workspaces/ros2-coding/install/ros2_control_cmake:/workspaces/ros2-coding/install/controller_manager_msgs:/workspaces/ros2-coding/install/control_msgs:/opt/ros/jazzy/opt/gz_sim_vendor:/opt/ros/jazzy/opt/gz_sensors_vendor:/opt/ros/jazzy/opt/gz_physics_vendor:/opt/ros/jazzy/opt/sdformat_vendor:/opt/ros/jazzy/opt/gz_gui_vendor:/opt/ros/jazzy/opt/gz_transport_vendor:/opt/ros/jazzy/opt/gz_rendering_vendor:/opt/ros/jazzy/opt/gz_plugin_vendor:/opt/ros/jazzy/opt/gz_fuel_tools_vendor:/opt/ros/jazzy/opt/gz_msgs_vendor:/opt/ros/jazzy/opt/gz_common_vendor:/opt/ros/jazzy/opt/gz_math_vendor:/opt/ros/jazzy/opt/gz_utils_vendor:/opt/ros/jazzy/opt/gz_tools_vendor:/opt/ros/jazzy/opt/gz_ogre_next_vendor:/opt/ros/jazzy/opt/gz_dartsim_vendor:/opt/ros/jazzy/opt/gz_cmake_vendor:/opt/ros/jazzy LD_LIBRARY_PATH=/workspaces/ros2-coding/install/controller_manager/lib:/workspaces/ros2-coding/install/hardware_interface_testing/lib:/workspaces/ros2-coding/install/controller_interface/lib:/workspaces/ros2-coding/install/hardware_interface/lib:/workspaces/ros2-coding/install/joint_limits/lib:/workspaces/ros2-coding/install/realtime_tools/lib:/workspaces/ros2-coding/install/ros2_control_test_assets/lib:/workspaces/ros2-coding/install/controller_manager_msgs/lib:/workspaces/ros2-coding/install/control_msgs/lib:${LD_LIBRARY_PATH} PYTHONPATH=/workspaces/ros2-coding/install/controller_manager/lib/python3.12/site-packages:/workspaces/ros2-coding/install/controller_manager_msgs/lib/python3.12/site-packages:/workspaces/ros2-coding/install/control_msgs/lib/python3.12/site-packages:${PYTHONPATH} /usr/bin/cmake --build /workspaces/ros2-coding/build/pose_broadcaster -- -j2 -l2
[4.976s] [  7%] [34m[1mRunning `/opt/ros/jazzy/bin/generate_parameter_library_cpp /workspaces/ros2-coding/build/pose_broadcaster/include/pose_broadcaster/pose_broadcaster_parameters.hpp /workspaces/ros2-coding/turtlesim_ws/src/ros-controls/ros2_controllers/pose_broadcaster/src/pose_broadcaster_parameters.yaml `[0m
[6.412s] [ 15%] [34m[1mCreating deprecated header file /workspaces/ros2-coding/build/pose_broadcaster/include/pose_broadcaster_parameters.hpp[0m
[6.452s] [ 15%] Built target pose_broadcaster_parameters
[6.575s] [ 23%] [32mBuilding CXX object gmock/CMakeFiles/gmock_main.dir/src/gmock_main.cc.o[0m
[8.331s] [ 30%] [32m[1mLinking CXX static library libgmock_main.a[0m
[8.406s] [ 30%] Built target gmock_main
[8.454s] [ 38%] [32mBuilding CXX object gmock/CMakeFiles/gmock.dir/opt/ros/jazzy/src/gtest_vendor/src/gtest-all.cc.o[0m
[14.890s] [ 46%] [32mBuilding CXX object gmock/CMakeFiles/gmock.dir/src/gmock-all.cc.o[0m
[18.418s] [ 53%] [32m[1mLinking CXX static library libgmock.a[0m
[18.577s] [ 53%] Built target gmock
[18.636s] [ 61%] [32mBuilding CXX object CMakeFiles/pose_broadcaster.dir/src/pose_broadcaster.cpp.o[0m
[30.197s] [ 69%] [32m[1mLinking CXX shared library libpose_broadcaster.so[0m
[30.876s] [ 69%] Built target pose_broadcaster
[30.926s] [ 76%] [32mBuilding CXX object CMakeFiles/test_load_pose_broadcaster.dir/test/test_load_pose_broadcaster.cpp.o[0m
[41.092s] [ 84%] [32m[1mLinking CXX executable test_load_pose_broadcaster[0m
[42.395s] [ 84%] Built target test_load_pose_broadcaster
[42.442s] [ 92%] [32mBuilding CXX object CMakeFiles/test_pose_broadcaster.dir/test/test_pose_broadcaster.cpp.o[0m
[62.429s] [100%] [32m[1mLinking CXX executable test_pose_broadcaster[0m
[63.792s] [100%] Built target test_pose_broadcaster
[63.822s] Invoked command in '/workspaces/ros2-coding/build/pose_broadcaster' returned '0': AMENT_PREFIX_PATH=/workspaces/ros2-coding/install/controller_manager:/workspaces/ros2-coding/install/hardware_interface_testing:/workspaces/ros2-coding/install/controller_interface:/workspaces/ros2-coding/install/hardware_interface:/workspaces/ros2-coding/install/joint_limits:/workspaces/ros2-coding/install/realtime_tools:/workspaces/ros2-coding/install/ros2_control_test_assets:/workspaces/ros2-coding/install/ros2_control_cmake:/workspaces/ros2-coding/install/controller_manager_msgs:/workspaces/ros2-coding/install/control_msgs:${AMENT_PREFIX_PATH} CMAKE_PREFIX_PATH=/workspaces/ros2-coding/install/controller_manager:/workspaces/ros2-coding/install/hardware_interface_testing:/workspaces/ros2-coding/install/controller_interface:/workspaces/ros2-coding/install/hardware_interface:/workspaces/ros2-coding/install/joint_limits:/workspaces/ros2-coding/install/realtime_tools:/workspaces/ros2-coding/install/ros2_control_test_assets:/workspaces/ros2-coding/install/ros2_control_cmake:/workspaces/ros2-coding/install/controller_manager_msgs:/workspaces/ros2-coding/install/control_msgs:/opt/ros/jazzy/opt/gz_sim_vendor:/opt/ros/jazzy/opt/gz_sensors_vendor:/opt/ros/jazzy/opt/gz_physics_vendor:/opt/ros/jazzy/opt/sdformat_vendor:/opt/ros/jazzy/opt/gz_gui_vendor:/opt/ros/jazzy/opt/gz_transport_vendor:/opt/ros/jazzy/opt/gz_rendering_vendor:/opt/ros/jazzy/opt/gz_plugin_vendor:/opt/ros/jazzy/opt/gz_fuel_tools_vendor:/opt/ros/jazzy/opt/gz_msgs_vendor:/opt/ros/jazzy/opt/gz_common_vendor:/opt/ros/jazzy/opt/gz_math_vendor:/opt/ros/jazzy/opt/gz_utils_vendor:/opt/ros/jazzy/opt/gz_tools_vendor:/opt/ros/jazzy/opt/gz_ogre_next_vendor:/opt/ros/jazzy/opt/gz_dartsim_vendor:/opt/ros/jazzy/opt/gz_cmake_vendor:/opt/ros/jazzy LD_LIBRARY_PATH=/workspaces/ros2-coding/install/controller_manager/lib:/workspaces/ros2-coding/install/hardware_interface_testing/lib:/workspaces/ros2-coding/install/controller_interface/lib:/workspaces/ros2-coding/install/hardware_interface/lib:/workspaces/ros2-coding/install/joint_limits/lib:/workspaces/ros2-coding/install/realtime_tools/lib:/workspaces/ros2-coding/install/ros2_control_test_assets/lib:/workspaces/ros2-coding/install/controller_manager_msgs/lib:/workspaces/ros2-coding/install/control_msgs/lib:${LD_LIBRARY_PATH} PYTHONPATH=/workspaces/ros2-coding/install/controller_manager/lib/python3.12/site-packages:/workspaces/ros2-coding/install/controller_manager_msgs/lib/python3.12/site-packages:/workspaces/ros2-coding/install/control_msgs/lib/python3.12/site-packages:${PYTHONPATH} /usr/bin/cmake --build /workspaces/ros2-coding/build/pose_broadcaster -- -j2 -l2
[63.824s] Invoking command in '/workspaces/ros2-coding/build/pose_broadcaster': AMENT_PREFIX_PATH=/workspaces/ros2-coding/install/controller_manager:/workspaces/ros2-coding/install/hardware_interface_testing:/workspaces/ros2-coding/install/controller_interface:/workspaces/ros2-coding/install/hardware_interface:/workspaces/ros2-coding/install/joint_limits:/workspaces/ros2-coding/install/realtime_tools:/workspaces/ros2-coding/install/ros2_control_test_assets:/workspaces/ros2-coding/install/ros2_control_cmake:/workspaces/ros2-coding/install/controller_manager_msgs:/workspaces/ros2-coding/install/control_msgs:${AMENT_PREFIX_PATH} CMAKE_PREFIX_PATH=/workspaces/ros2-coding/install/controller_manager:/workspaces/ros2-coding/install/hardware_interface_testing:/workspaces/ros2-coding/install/controller_interface:/workspaces/ros2-coding/install/hardware_interface:/workspaces/ros2-coding/install/joint_limits:/workspaces/ros2-coding/install/realtime_tools:/workspaces/ros2-coding/install/ros2_control_test_assets:/workspaces/ros2-coding/install/ros2_control_cmake:/workspaces/ros2-coding/install/controller_manager_msgs:/workspaces/ros2-coding/install/control_msgs:/opt/ros/jazzy/opt/gz_sim_vendor:/opt/ros/jazzy/opt/gz_sensors_vendor:/opt/ros/jazzy/opt/gz_physics_vendor:/opt/ros/jazzy/opt/sdformat_vendor:/opt/ros/jazzy/opt/gz_gui_vendor:/opt/ros/jazzy/opt/gz_transport_vendor:/opt/ros/jazzy/opt/gz_rendering_vendor:/opt/ros/jazzy/opt/gz_plugin_vendor:/opt/ros/jazzy/opt/gz_fuel_tools_vendor:/opt/ros/jazzy/opt/gz_msgs_vendor:/opt/ros/jazzy/opt/gz_common_vendor:/opt/ros/jazzy/opt/gz_math_vendor:/opt/ros/jazzy/opt/gz_utils_vendor:/opt/ros/jazzy/opt/gz_tools_vendor:/opt/ros/jazzy/opt/gz_ogre_next_vendor:/opt/ros/jazzy/opt/gz_dartsim_vendor:/opt/ros/jazzy/opt/gz_cmake_vendor:/opt/ros/jazzy LD_LIBRARY_PATH=/workspaces/ros2-coding/install/controller_manager/lib:/workspaces/ros2-coding/install/hardware_interface_testing/lib:/workspaces/ros2-coding/install/controller_interface/lib:/workspaces/ros2-coding/install/hardware_interface/lib:/workspaces/ros2-coding/install/joint_limits/lib:/workspaces/ros2-coding/install/realtime_tools/lib:/workspaces/ros2-coding/install/ros2_control_test_assets/lib:/workspaces/ros2-coding/install/controller_manager_msgs/lib:/workspaces/ros2-coding/install/control_msgs/lib:${LD_LIBRARY_PATH} PYTHONPATH=/workspaces/ros2-coding/install/controller_manager/lib/python3.12/site-packages:/workspaces/ros2-coding/install/controller_manager_msgs/lib/python3.12/site-packages:/workspaces/ros2-coding/install/control_msgs/lib/python3.12/site-packages:${PYTHONPATH} /usr/bin/cmake --install /workspaces/ros2-coding/build/pose_broadcaster
[63.847s] -- Install configuration: ""
[63.847s] -- Execute custom install script
[63.849s] -- Symlinking: /workspaces/ros2-coding/install/pose_broadcaster/include/pose_broadcaster/pose_broadcaster_parameters.hpp
[63.877s] -- Symlinking: /workspaces/ros2-coding/install/pose_broadcaster/share/pose_broadcaster//pose_broadcaster.xml
[63.897s] -- Symlinking: /workspaces/ros2-coding/install/pose_broadcaster/include/pose_broadcaster/pose_broadcaster/pose_broadcaster.hpp
[63.919s] -- Symlinking: /workspaces/ros2-coding/install/pose_broadcaster/share/pose_broadcaster/environment/library_path.sh
[63.938s] -- Symlinking: /workspaces/ros2-coding/install/pose_broadcaster/share/pose_broadcaster/environment/library_path.dsv
[63.958s] -- Symlinking: /workspaces/ros2-coding/install/pose_broadcaster/share/ament_index/resource_index/package_run_dependencies/pose_broadcaster
[63.978s] -- Symlinking: /workspaces/ros2-coding/install/pose_broadcaster/share/ament_index/resource_index/parent_prefix_path/pose_broadcaster
[64.004s] -- Symlinking: /workspaces/ros2-coding/install/pose_broadcaster/share/pose_broadcaster/environment/ament_prefix_path.sh
[64.022s] -- Symlinking: /workspaces/ros2-coding/install/pose_broadcaster/share/pose_broadcaster/environment/ament_prefix_path.dsv
[64.044s] -- Symlinking: /workspaces/ros2-coding/install/pose_broadcaster/share/pose_broadcaster/environment/path.sh
[64.064s] -- Symlinking: /workspaces/ros2-coding/install/pose_broadcaster/share/pose_broadcaster/environment/path.dsv
[64.085s] -- Symlinking: /workspaces/ros2-coding/install/pose_broadcaster/share/pose_broadcaster/local_setup.bash
[64.115s] -- Symlinking: /workspaces/ros2-coding/install/pose_broadcaster/share/pose_broadcaster/local_setup.sh
[64.135s] -- Symlinking: /workspaces/ros2-coding/install/pose_broadcaster/share/pose_broadcaster/local_setup.zsh
[64.155s] -- Symlinking: /workspaces/ros2-coding/install/pose_broadcaster/share/pose_broadcaster/local_setup.dsv
[64.174s] -- Symlinking: /workspaces/ros2-coding/install/pose_broadcaster/share/pose_broadcaster/package.dsv
[64.197s] -- Symlinking: /workspaces/ros2-coding/install/pose_broadcaster/share/ament_index/resource_index/packages/pose_broadcaster
[64.215s] -- Symlinking: /workspaces/ros2-coding/install/pose_broadcaster/share/ament_index/resource_index/controller_interface__pluginlib__plugin/pose_broadcaster
[64.234s] -- Symlinking: /workspaces/ros2-coding/install/pose_broadcaster/share/pose_broadcaster/cmake/ament_cmake_export_dependencies-extras.cmake
[64.254s] -- Symlinking: /workspaces/ros2-coding/install/pose_broadcaster/share/pose_broadcaster/cmake/ament_cmake_export_targets-extras.cmake
[64.273s] -- Symlinking: /workspaces/ros2-coding/install/pose_broadcaster/share/pose_broadcaster/cmake/pose_broadcasterConfig.cmake
[64.293s] -- Symlinking: /workspaces/ros2-coding/install/pose_broadcaster/share/pose_broadcaster/cmake/pose_broadcasterConfig-version.cmake
[64.315s] -- Symlinking: /workspaces/ros2-coding/install/pose_broadcaster/share/pose_broadcaster/package.xml
[64.334s] -- Installing: /workspaces/ros2-coding/install/pose_broadcaster/lib/libpose_broadcaster.so
[64.351s] -- Set non-toolchain portion of runtime path of "/workspaces/ros2-coding/install/pose_broadcaster/lib/libpose_broadcaster.so" to ""
[64.351s] -- Installing: /workspaces/ros2-coding/install/pose_broadcaster/share/pose_broadcaster/cmake/export_pose_broadcasterExport.cmake
[64.358s] -- Installing: /workspaces/ros2-coding/install/pose_broadcaster/share/pose_broadcaster/cmake/export_pose_broadcasterExport-noconfig.cmake
[64.362s] Invoked command in '/workspaces/ros2-coding/build/pose_broadcaster' returned '0': AMENT_PREFIX_PATH=/workspaces/ros2-coding/install/controller_manager:/workspaces/ros2-coding/install/hardware_interface_testing:/workspaces/ros2-coding/install/controller_interface:/workspaces/ros2-coding/install/hardware_interface:/workspaces/ros2-coding/install/joint_limits:/workspaces/ros2-coding/install/realtime_tools:/workspaces/ros2-coding/install/ros2_control_test_assets:/workspaces/ros2-coding/install/ros2_control_cmake:/workspaces/ros2-coding/install/controller_manager_msgs:/workspaces/ros2-coding/install/control_msgs:${AMENT_PREFIX_PATH} CMAKE_PREFIX_PATH=/workspaces/ros2-coding/install/controller_manager:/workspaces/ros2-coding/install/hardware_interface_testing:/workspaces/ros2-coding/install/controller_interface:/workspaces/ros2-coding/install/hardware_interface:/workspaces/ros2-coding/install/joint_limits:/workspaces/ros2-coding/install/realtime_tools:/workspaces/ros2-coding/install/ros2_control_test_assets:/workspaces/ros2-coding/install/ros2_control_cmake:/workspaces/ros2-coding/install/controller_manager_msgs:/workspaces/ros2-coding/install/control_msgs:/opt/ros/jazzy/opt/gz_sim_vendor:/opt/ros/jazzy/opt/gz_sensors_vendor:/opt/ros/jazzy/opt/gz_physics_vendor:/opt/ros/jazzy/opt/sdformat_vendor:/opt/ros/jazzy/opt/gz_gui_vendor:/opt/ros/jazzy/opt/gz_transport_vendor:/opt/ros/jazzy/opt/gz_rendering_vendor:/opt/ros/jazzy/opt/gz_plugin_vendor:/opt/ros/jazzy/opt/gz_fuel_tools_vendor:/opt/ros/jazzy/opt/gz_msgs_vendor:/opt/ros/jazzy/opt/gz_common_vendor:/opt/ros/jazzy/opt/gz_math_vendor:/opt/ros/jazzy/opt/gz_utils_vendor:/opt/ros/jazzy/opt/gz_tools_vendor:/opt/ros/jazzy/opt/gz_ogre_next_vendor:/opt/ros/jazzy/opt/gz_dartsim_vendor:/opt/ros/jazzy/opt/gz_cmake_vendor:/opt/ros/jazzy LD_LIBRARY_PATH=/workspaces/ros2-coding/install/controller_manager/lib:/workspaces/ros2-coding/install/hardware_interface_testing/lib:/workspaces/ros2-coding/install/controller_interface/lib:/workspaces/ros2-coding/install/hardware_interface/lib:/workspaces/ros2-coding/install/joint_limits/lib:/workspaces/ros2-coding/install/realtime_tools/lib:/workspaces/ros2-coding/install/ros2_control_test_assets/lib:/workspaces/ros2-coding/install/controller_manager_msgs/lib:/workspaces/ros2-coding/install/control_msgs/lib:${LD_LIBRARY_PATH} PYTHONPATH=/workspaces/ros2-coding/install/controller_manager/lib/python3.12/site-packages:/workspaces/ros2-coding/install/controller_manager_msgs/lib/python3.12/site-packages:/workspaces/ros2-coding/install/control_msgs/lib/python3.12/site-packages:${PYTHONPATH} /usr/bin/cmake --install /workspaces/ros2-coding/build/pose_broadcaster
