[0.015s] Invoking command in '/workspaces/ros2-coding/build/realtime_tools': AMENT_PREFIX_PATH=/workspaces/ros2-coding/install/ros2_control_cmake:${AMENT_PREFIX_PATH} CMAKE_PREFIX_PATH=/workspaces/ros2-coding/install/ros2_control_cmake:/opt/ros/jazzy/opt/gz_sim_vendor:/opt/ros/jazzy/opt/gz_sensors_vendor:/opt/ros/jazzy/opt/gz_physics_vendor:/opt/ros/jazzy/opt/sdformat_vendor:/opt/ros/jazzy/opt/gz_gui_vendor:/opt/ros/jazzy/opt/gz_transport_vendor:/opt/ros/jazzy/opt/gz_rendering_vendor:/opt/ros/jazzy/opt/gz_plugin_vendor:/opt/ros/jazzy/opt/gz_fuel_tools_vendor:/opt/ros/jazzy/opt/gz_msgs_vendor:/opt/ros/jazzy/opt/gz_common_vendor:/opt/ros/jazzy/opt/gz_math_vendor:/opt/ros/jazzy/opt/gz_utils_vendor:/opt/ros/jazzy/opt/gz_tools_vendor:/opt/ros/jazzy/opt/gz_ogre_next_vendor:/opt/ros/jazzy/opt/gz_dartsim_vendor:/opt/ros/jazzy/opt/gz_cmake_vendor:/opt/ros/jazzy /usr/bin/cmake /workspaces/ros2-coding/turtlesim_ws/src/ros-controls/realtime_tools/realtime_tools -DAMENT_CMAKE_SYMLINK_INSTALL=1 -DCMAKE_INSTALL_PREFIX=/workspaces/ros2-coding/install/realtime_tools
[0.156s] -- The CXX compiler identification is GNU 13.3.0
[0.201s] -- Detecting CXX compiler ABI info
[0.449s] -- Detecting CXX compiler ABI info - done
[0.470s] -- Check for working CXX compiler: /usr/bin/c++ - skipped
[0.470s] -- Detecting CXX compile features
[0.472s] -- Detecting CXX compile features - done
[0.475s] -- Found ros2_control_cmake: 0.2.1 (/workspaces/ros2-coding/install/ros2_control_cmake/share/ros2_control_cmake/cmake)
[0.476s] -- Compiler warnings enabled for GNU
[0.476s] -- Detected GCC Version: 13.3.0 (Major: 13, Minor: 3)
[0.489s] -- Found ament_cmake: 2.5.4 (/opt/ros/jazzy/share/ament_cmake/cmake)
[0.786s] -- Found Python3: /usr/bin/python3 (found version "3.12.3") found components: Interpreter 
[0.906s] -- Override CMake install command with custom implementation using symlinks instead of copying resources
[1.062s] -- Found rclcpp: 28.1.11 (/opt/ros/jazzy/share/rclcpp/cmake)
[1.203s] -- Found rosidl_generator_c: 4.6.6 (/opt/ros/jazzy/share/rosidl_generator_c/cmake)
[1.281s] -- Found rosidl_generator_cpp: 4.6.6 (/opt/ros/jazzy/share/rosidl_generator_cpp/cmake)
[1.335s] -- Using all available rosidl_typesupport_c: rosidl_typesupport_fastrtps_c;rosidl_typesupport_introspection_c
[1.399s] -- Using all available rosidl_typesupport_cpp: rosidl_typesupport_fastrtps_cpp;rosidl_typesupport_introspection_cpp
[1.690s] -- Found rmw_implementation_cmake: 7.3.2 (/opt/ros/jazzy/share/rmw_implementation_cmake/cmake)
[1.709s] -- Found rmw_fastrtps_cpp: 8.4.3 (/opt/ros/jazzy/share/rmw_fastrtps_cpp/cmake)
[1.963s] -- Found OpenSSL: /usr/lib/x86_64-linux-gnu/libcrypto.so (found version "3.0.13")  
[1.997s] -- Found FastRTPS: /opt/ros/jazzy/include (Required is at least version "2.13") 
[2.043s] -- Using RMW implementation 'rmw_fastrtps_cpp' as default
[2.279s] -- Found rclcpp_action: 28.1.11 (/opt/ros/jazzy/share/rclcpp_action/cmake)
[2.486s] -- Performing Test CMAKE_HAVE_LIBC_PTHREAD
[2.754s] -- Performing Test CMAKE_HAVE_LIBC_PTHREAD - Success
[2.760s] -- Found Threads: TRUE  
[2.795s] -- Found Boost: /usr/lib/x86_64-linux-gnu/cmake/Boost-1.83.0/BoostConfig.cmake (found version "1.83.0") found components: headers 
[2.810s] -- Found ament_cmake_gmock: 2.5.4 (/opt/ros/jazzy/share/ament_cmake_gmock/cmake)
[2.826s] -- Found lifecycle_msgs: 2.0.3 (/opt/ros/jazzy/share/lifecycle_msgs/cmake)
[2.870s] -- Found rclcpp_lifecycle: 28.1.11 (/opt/ros/jazzy/share/rclcpp_lifecycle/cmake)
[2.910s] -- Found test_msgs: 2.0.3 (/opt/ros/jazzy/share/test_msgs/cmake)
[2.975s] -- Found gmock sources under '/opt/ros/jazzy/src/gmock_vendor': C++ tests using 'Google Mock' will be built
[3.052s] -- The C compiler identification is GNU 13.3.0
[3.074s] -- Detecting C compiler ABI info
[3.247s] -- Detecting C compiler ABI info - done
[3.277s] -- Check for working C compiler: /usr/bin/cc - skipped
[3.278s] -- Detecting C compile features
[3.278s] -- Detecting C compile features - done
[3.302s] -- Found ament_cmake_gtest: 2.5.4 (/opt/ros/jazzy/share/ament_cmake_gtest/cmake)
[3.302s] -- Found gtest sources under '/opt/ros/jazzy/src/gtest_vendor': C++ tests using 'Google Test' will be built
[3.498s] -- Configuring done (3.5s)
[3.669s] -- Generating done (0.1s)
[3.717s] -- Build files have been written to: /workspaces/ros2-coding/build/realtime_tools
[3.731s] Invoked command in '/workspaces/ros2-coding/build/realtime_tools' returned '0': AMENT_PREFIX_PATH=/workspaces/ros2-coding/install/ros2_control_cmake:${AMENT_PREFIX_PATH} CMAKE_PREFIX_PATH=/workspaces/ros2-coding/install/ros2_control_cmake:/opt/ros/jazzy/opt/gz_sim_vendor:/opt/ros/jazzy/opt/gz_sensors_vendor:/opt/ros/jazzy/opt/gz_physics_vendor:/opt/ros/jazzy/opt/sdformat_vendor:/opt/ros/jazzy/opt/gz_gui_vendor:/opt/ros/jazzy/opt/gz_transport_vendor:/opt/ros/jazzy/opt/gz_rendering_vendor:/opt/ros/jazzy/opt/gz_plugin_vendor:/opt/ros/jazzy/opt/gz_fuel_tools_vendor:/opt/ros/jazzy/opt/gz_msgs_vendor:/opt/ros/jazzy/opt/gz_common_vendor:/opt/ros/jazzy/opt/gz_math_vendor:/opt/ros/jazzy/opt/gz_utils_vendor:/opt/ros/jazzy/opt/gz_tools_vendor:/opt/ros/jazzy/opt/gz_ogre_next_vendor:/opt/ros/jazzy/opt/gz_dartsim_vendor:/opt/ros/jazzy/opt/gz_cmake_vendor:/opt/ros/jazzy /usr/bin/cmake /workspaces/ros2-coding/turtlesim_ws/src/ros-controls/realtime_tools/realtime_tools -DAMENT_CMAKE_SYMLINK_INSTALL=1 -DCMAKE_INSTALL_PREFIX=/workspaces/ros2-coding/install/realtime_tools
[3.731s] Invoking command in '/workspaces/ros2-coding/build/realtime_tools': AMENT_PREFIX_PATH=/workspaces/ros2-coding/install/ros2_control_cmake:${AMENT_PREFIX_PATH} CMAKE_PREFIX_PATH=/workspaces/ros2-coding/install/ros2_control_cmake:/opt/ros/jazzy/opt/gz_sim_vendor:/opt/ros/jazzy/opt/gz_sensors_vendor:/opt/ros/jazzy/opt/gz_physics_vendor:/opt/ros/jazzy/opt/sdformat_vendor:/opt/ros/jazzy/opt/gz_gui_vendor:/opt/ros/jazzy/opt/gz_transport_vendor:/opt/ros/jazzy/opt/gz_rendering_vendor:/opt/ros/jazzy/opt/gz_plugin_vendor:/opt/ros/jazzy/opt/gz_fuel_tools_vendor:/opt/ros/jazzy/opt/gz_msgs_vendor:/opt/ros/jazzy/opt/gz_common_vendor:/opt/ros/jazzy/opt/gz_math_vendor:/opt/ros/jazzy/opt/gz_utils_vendor:/opt/ros/jazzy/opt/gz_tools_vendor:/opt/ros/jazzy/opt/gz_ogre_next_vendor:/opt/ros/jazzy/opt/gz_dartsim_vendor:/opt/ros/jazzy/opt/gz_cmake_vendor:/opt/ros/jazzy /usr/bin/cmake --build /workspaces/ros2-coding/build/realtime_tools -- -j2 -l2
[3.868s] [  3%] [32mBuilding CXX object CMakeFiles/thread_priority.dir/src/realtime_helpers.cpp.o[0m
[3.883s] [  7%] [32mBuilding CXX object CMakeFiles/realtime_tools.dir/src/realtime_clock.cpp.o[0m
[5.559s] [ 10%] [32m[1mLinking CXX shared library libthread_priority.so[0m
[6.256s] [ 10%] Built target thread_priority
[6.377s] [ 14%] [32mBuilding CXX object gmock/CMakeFiles/gmock_main.dir/src/gmock_main.cc.o[0m
[6.562s] [ 17%] [32mBuilding CXX object CMakeFiles/realtime_tools.dir/src/realtime_helpers.cpp.o[0m
[7.996s] [ 21%] [32m[1mLinking CXX shared library librealtime_tools.so[0m
[8.372s] [ 21%] Built target realtime_tools
[8.496s] [ 25%] [32mBuilding CXX object gmock/CMakeFiles/gmock.dir/opt/ros/jazzy/src/gtest_vendor/src/gtest-all.cc.o[0m
[9.582s] [ 28%] [32m[1mLinking CXX static library libgmock_main.a[0m
[9.719s] [ 28%] Built target gmock_main
[9.758s] [ 32%] [32mBuilding CXX object gmock/CMakeFiles/gmock.dir/src/gmock-all.cc.o[0m
[18.680s] [ 35%] [32m[1mLinking CXX static library libgmock.a[0m
[18.842s] [ 35%] Built target gmock
[18.882s] [ 39%] [32mBuilding CXX object CMakeFiles/thread_priority_tests.dir/test/thread_priority_tests.cpp.o[0m
[21.667s] [ 42%] [32m[1mLinking CXX executable thread_priority_tests[0m
[22.028s] [ 42%] Built target thread_priority_tests
[22.083s] [ 46%] [32mBuilding CXX object CMakeFiles/realtime_box_tests.dir/test/realtime_box_tests.cpp.o[0m
[25.166s] [ 50%] [32m[1mLinking CXX executable realtime_box_tests[0m
[25.500s] [ 50%] Built target realtime_box_tests
[25.543s] [ 53%] [32mBuilding CXX object CMakeFiles/realtime_buffer_tests.dir/test/realtime_buffer_tests.cpp.o[0m
[28.354s] [ 57%] [32m[1mLinking CXX executable realtime_buffer_tests[0m
[28.702s] [ 57%] Built target realtime_buffer_tests
[28.741s] [ 60%] [32mBuilding CXX object CMakeFiles/lock_free_queue_tests.dir/test/lock_free_queue_tests.cpp.o[0m
[34.552s] [ 64%] [32m[1mLinking CXX executable lock_free_queue_tests[0m
[34.948s] [ 64%] Built target lock_free_queue_tests
[34.992s] [ 67%] [32mBuilding CXX object CMakeFiles/realtime_clock_tests.dir/test/realtime_clock_tests.cpp.o[0m
[37.841s] [ 71%] [32m[1mLinking CXX executable realtime_clock_tests[0m
[38.215s] [ 71%] Built target realtime_clock_tests
[38.253s] [ 75%] [32mBuilding CXX object CMakeFiles/realtime_publisher_tests.dir/test/realtime_publisher_tests.cpp.o[0m
[51.907s] [ 78%] [32m[1mLinking CXX executable realtime_publisher_tests[0m
[52.595s] [ 78%] Built target realtime_publisher_tests
[52.653s] [ 82%] [32mBuilding CXX object CMakeFiles/realtime_server_goal_handle_tests.dir/test/realtime_server_goal_handle_tests.cpp.o[0m
[62.159s] [ 85%] [32m[1mLinking CXX executable realtime_server_goal_handle_tests[0m
[62.655s] [ 85%] Built target realtime_server_goal_handle_tests
[62.699s] [ 89%] [32mBuilding CXX object CMakeFiles/test_async_function_handler.dir/test/test_async_function_handler.cpp.o[0m
[69.584s] [ 92%] [32m[1mLinking CXX executable test_async_function_handler[0m
[70.027s] [ 92%] Built target test_async_function_handler
[70.067s] [ 96%] [32mBuilding CXX object CMakeFiles/realtime_mutex_tests.dir/test/realtime_mutex_tests.cpp.o[0m
[73.113s] [100%] [32m[1mLinking CXX executable realtime_mutex_tests[0m
[73.434s] [100%] Built target realtime_mutex_tests
[73.459s] Invoked command in '/workspaces/ros2-coding/build/realtime_tools' returned '0': AMENT_PREFIX_PATH=/workspaces/ros2-coding/install/ros2_control_cmake:${AMENT_PREFIX_PATH} CMAKE_PREFIX_PATH=/workspaces/ros2-coding/install/ros2_control_cmake:/opt/ros/jazzy/opt/gz_sim_vendor:/opt/ros/jazzy/opt/gz_sensors_vendor:/opt/ros/jazzy/opt/gz_physics_vendor:/opt/ros/jazzy/opt/sdformat_vendor:/opt/ros/jazzy/opt/gz_gui_vendor:/opt/ros/jazzy/opt/gz_transport_vendor:/opt/ros/jazzy/opt/gz_rendering_vendor:/opt/ros/jazzy/opt/gz_plugin_vendor:/opt/ros/jazzy/opt/gz_fuel_tools_vendor:/opt/ros/jazzy/opt/gz_msgs_vendor:/opt/ros/jazzy/opt/gz_common_vendor:/opt/ros/jazzy/opt/gz_math_vendor:/opt/ros/jazzy/opt/gz_utils_vendor:/opt/ros/jazzy/opt/gz_tools_vendor:/opt/ros/jazzy/opt/gz_ogre_next_vendor:/opt/ros/jazzy/opt/gz_dartsim_vendor:/opt/ros/jazzy/opt/gz_cmake_vendor:/opt/ros/jazzy /usr/bin/cmake --build /workspaces/ros2-coding/build/realtime_tools -- -j2 -l2
[73.460s] Invoking command in '/workspaces/ros2-coding/build/realtime_tools': AMENT_PREFIX_PATH=/workspaces/ros2-coding/install/ros2_control_cmake:${AMENT_PREFIX_PATH} CMAKE_PREFIX_PATH=/workspaces/ros2-coding/install/ros2_control_cmake:/opt/ros/jazzy/opt/gz_sim_vendor:/opt/ros/jazzy/opt/gz_sensors_vendor:/opt/ros/jazzy/opt/gz_physics_vendor:/opt/ros/jazzy/opt/sdformat_vendor:/opt/ros/jazzy/opt/gz_gui_vendor:/opt/ros/jazzy/opt/gz_transport_vendor:/opt/ros/jazzy/opt/gz_rendering_vendor:/opt/ros/jazzy/opt/gz_plugin_vendor:/opt/ros/jazzy/opt/gz_fuel_tools_vendor:/opt/ros/jazzy/opt/gz_msgs_vendor:/opt/ros/jazzy/opt/gz_common_vendor:/opt/ros/jazzy/opt/gz_math_vendor:/opt/ros/jazzy/opt/gz_utils_vendor:/opt/ros/jazzy/opt/gz_tools_vendor:/opt/ros/jazzy/opt/gz_ogre_next_vendor:/opt/ros/jazzy/opt/gz_dartsim_vendor:/opt/ros/jazzy/opt/gz_cmake_vendor:/opt/ros/jazzy /usr/bin/cmake --install /workspaces/ros2-coding/build/realtime_tools
[73.476s] -- Install configuration: ""
[73.477s] -- Execute custom install script
[73.479s] -- Symlinking: /workspaces/ros2-coding/install/realtime_tools/include/realtime_tools/realtime_tools/async_function_handler.hpp
[73.497s] -- Symlinking: /workspaces/ros2-coding/install/realtime_tools/include/realtime_tools/realtime_tools/lock_free_queue.hpp
[73.514s] -- Symlinking: /workspaces/ros2-coding/install/realtime_tools/include/realtime_tools/realtime_tools/mutex.hpp
[73.530s] -- Symlinking: /workspaces/ros2-coding/install/realtime_tools/include/realtime_tools/realtime_tools/realtime_box.h
[73.546s] -- Symlinking: /workspaces/ros2-coding/install/realtime_tools/include/realtime_tools/realtime_tools/realtime_box.hpp
[73.560s] -- Symlinking: /workspaces/ros2-coding/install/realtime_tools/include/realtime_tools/realtime_tools/realtime_box_best_effort.h
[73.576s] -- Symlinking: /workspaces/ros2-coding/install/realtime_tools/include/realtime_tools/realtime_tools/realtime_buffer.h
[73.594s] -- Symlinking: /workspaces/ros2-coding/install/realtime_tools/include/realtime_tools/realtime_tools/realtime_buffer.hpp
[73.613s] -- Symlinking: /workspaces/ros2-coding/install/realtime_tools/include/realtime_tools/realtime_tools/realtime_clock.h
[73.627s] -- Symlinking: /workspaces/ros2-coding/install/realtime_tools/include/realtime_tools/realtime_tools/realtime_clock.hpp
[73.642s] -- Symlinking: /workspaces/ros2-coding/install/realtime_tools/include/realtime_tools/realtime_tools/realtime_helpers.hpp
[73.657s] -- Symlinking: /workspaces/ros2-coding/install/realtime_tools/include/realtime_tools/realtime_tools/realtime_publisher.h
[73.672s] -- Symlinking: /workspaces/ros2-coding/install/realtime_tools/include/realtime_tools/realtime_tools/realtime_publisher.hpp
[73.686s] -- Symlinking: /workspaces/ros2-coding/install/realtime_tools/include/realtime_tools/realtime_tools/realtime_server_goal_handle.h
[73.706s] -- Symlinking: /workspaces/ros2-coding/install/realtime_tools/include/realtime_tools/realtime_tools/realtime_server_goal_handle.hpp
[73.724s] -- Symlinking: /workspaces/ros2-coding/install/realtime_tools/include/realtime_tools/realtime_tools/realtime_thread_safe_box.hpp
[73.740s] -- Symlinking: /workspaces/ros2-coding/install/realtime_tools/include/realtime_tools/realtime_tools/thread_priority.hpp
[73.759s] -- Symlinking: /workspaces/ros2-coding/install/realtime_tools/share/realtime_tools/environment/library_path.sh
[73.773s] -- Symlinking: /workspaces/ros2-coding/install/realtime_tools/share/realtime_tools/environment/library_path.dsv
[73.791s] -- Symlinking: /workspaces/ros2-coding/install/realtime_tools/share/ament_index/resource_index/package_run_dependencies/realtime_tools
[73.810s] -- Symlinking: /workspaces/ros2-coding/install/realtime_tools/share/ament_index/resource_index/parent_prefix_path/realtime_tools
[73.828s] -- Symlinking: /workspaces/ros2-coding/install/realtime_tools/share/realtime_tools/environment/ament_prefix_path.sh
[73.845s] -- Symlinking: /workspaces/ros2-coding/install/realtime_tools/share/realtime_tools/environment/ament_prefix_path.dsv
[73.868s] -- Symlinking: /workspaces/ros2-coding/install/realtime_tools/share/realtime_tools/environment/path.sh
[73.899s] -- Symlinking: /workspaces/ros2-coding/install/realtime_tools/share/realtime_tools/environment/path.dsv
[73.920s] -- Symlinking: /workspaces/ros2-coding/install/realtime_tools/share/realtime_tools/local_setup.bash
[73.939s] -- Symlinking: /workspaces/ros2-coding/install/realtime_tools/share/realtime_tools/local_setup.sh
[73.957s] -- Symlinking: /workspaces/ros2-coding/install/realtime_tools/share/realtime_tools/local_setup.zsh
[73.974s] -- Symlinking: /workspaces/ros2-coding/install/realtime_tools/share/realtime_tools/local_setup.dsv
[73.990s] -- Symlinking: /workspaces/ros2-coding/install/realtime_tools/share/realtime_tools/package.dsv
[74.009s] -- Symlinking: /workspaces/ros2-coding/install/realtime_tools/share/ament_index/resource_index/packages/realtime_tools
[74.028s] -- Symlinking: /workspaces/ros2-coding/install/realtime_tools/share/realtime_tools/cmake/ament_cmake_export_targets-extras.cmake
[74.040s] -- Symlinking: /workspaces/ros2-coding/install/realtime_tools/share/realtime_tools/cmake/ament_cmake_export_dependencies-extras.cmake
[74.056s] -- Symlinking: /workspaces/ros2-coding/install/realtime_tools/share/realtime_tools/cmake/realtime_toolsConfig.cmake
[74.071s] -- Symlinking: /workspaces/ros2-coding/install/realtime_tools/share/realtime_tools/cmake/realtime_toolsConfig-version.cmake
[74.089s] -- Symlinking: /workspaces/ros2-coding/install/realtime_tools/share/realtime_tools/package.xml
[74.101s] -- Installing: /workspaces/ros2-coding/install/realtime_tools/lib/librealtime_tools.so
[74.107s] -- Set non-toolchain portion of runtime path of "/workspaces/ros2-coding/install/realtime_tools/lib/librealtime_tools.so" to ""
[74.108s] -- Installing: /workspaces/ros2-coding/install/realtime_tools/lib/libthread_priority.so
[74.112s] -- Set non-toolchain portion of runtime path of "/workspaces/ros2-coding/install/realtime_tools/lib/libthread_priority.so" to ""
[74.112s] -- Installing: /workspaces/ros2-coding/install/realtime_tools/share/realtime_tools/cmake/export_realtime_toolsExport.cmake
[74.112s] -- Installing: /workspaces/ros2-coding/install/realtime_tools/share/realtime_tools/cmake/export_realtime_toolsExport-noconfig.cmake
[74.115s] Invoked command in '/workspaces/ros2-coding/build/realtime_tools' returned '0': AMENT_PREFIX_PATH=/workspaces/ros2-coding/install/ros2_control_cmake:${AMENT_PREFIX_PATH} CMAKE_PREFIX_PATH=/workspaces/ros2-coding/install/ros2_control_cmake:/opt/ros/jazzy/opt/gz_sim_vendor:/opt/ros/jazzy/opt/gz_sensors_vendor:/opt/ros/jazzy/opt/gz_physics_vendor:/opt/ros/jazzy/opt/sdformat_vendor:/opt/ros/jazzy/opt/gz_gui_vendor:/opt/ros/jazzy/opt/gz_transport_vendor:/opt/ros/jazzy/opt/gz_rendering_vendor:/opt/ros/jazzy/opt/gz_plugin_vendor:/opt/ros/jazzy/opt/gz_fuel_tools_vendor:/opt/ros/jazzy/opt/gz_msgs_vendor:/opt/ros/jazzy/opt/gz_common_vendor:/opt/ros/jazzy/opt/gz_math_vendor:/opt/ros/jazzy/opt/gz_utils_vendor:/opt/ros/jazzy/opt/gz_tools_vendor:/opt/ros/jazzy/opt/gz_ogre_next_vendor:/opt/ros/jazzy/opt/gz_dartsim_vendor:/opt/ros/jazzy/opt/gz_cmake_vendor:/opt/ros/jazzy /usr/bin/cmake --install /workspaces/ros2-coding/build/realtime_tools
