[0.033s] Invoking command in '/workspaces/ros2-coding/build/kinematics_interface_kdl': AMENT_PREFIX_PATH=/workspaces/ros2-coding/install/kinematics_interface:/workspaces/ros2-coding/install/ros2_control_test_assets:/workspaces/ros2-coding/install/ros2_control_cmake:${AMENT_PREFIX_PATH} CMAKE_PREFIX_PATH=/workspaces/ros2-coding/install/kinematics_interface:/workspaces/ros2-coding/install/ros2_control_test_assets:/workspaces/ros2-coding/install/ros2_control_cmake:/opt/ros/jazzy/opt/gz_sim_vendor:/opt/ros/jazzy/opt/gz_sensors_vendor:/opt/ros/jazzy/opt/gz_physics_vendor:/opt/ros/jazzy/opt/sdformat_vendor:/opt/ros/jazzy/opt/gz_gui_vendor:/opt/ros/jazzy/opt/gz_transport_vendor:/opt/ros/jazzy/opt/gz_rendering_vendor:/opt/ros/jazzy/opt/gz_plugin_vendor:/opt/ros/jazzy/opt/gz_fuel_tools_vendor:/opt/ros/jazzy/opt/gz_msgs_vendor:/opt/ros/jazzy/opt/gz_common_vendor:/opt/ros/jazzy/opt/gz_math_vendor:/opt/ros/jazzy/opt/gz_utils_vendor:/opt/ros/jazzy/opt/gz_tools_vendor:/opt/ros/jazzy/opt/gz_ogre_next_vendor:/opt/ros/jazzy/opt/gz_dartsim_vendor:/opt/ros/jazzy/opt/gz_cmake_vendor:/opt/ros/jazzy LD_LIBRARY_PATH=/workspaces/ros2-coding/install/kinematics_interface/lib:/workspaces/ros2-coding/install/ros2_control_test_assets/lib:${LD_LIBRARY_PATH} /usr/bin/cmake /workspaces/ros2-coding/turtlesim_ws/src/ros-controls/kinematics_interface/kinematics_interface_kdl -DAMENT_CMAKE_SYMLINK_INSTALL=1 -DCMAKE_INSTALL_PREFIX=/workspaces/ros2-coding/install/kinematics_interface_kdl
[0.219s] -- The CXX compiler identification is GNU 13.3.0
[0.289s] -- Detecting CXX compiler ABI info
[0.521s] -- Detecting CXX compiler ABI info - done
[0.550s] -- Check for working CXX compiler: /usr/bin/c++ - skipped
[0.553s] -- Detecting CXX compile features
[0.553s] -- Detecting CXX compile features - done
[0.562s] -- Found ros2_control_cmake: 0.2.1 (/workspaces/ros2-coding/install/ros2_control_cmake/share/ros2_control_cmake/cmake)
[0.562s] -- Compiler warnings enabled for GNU
[0.562s] -- Detected GCC Version: 13.3.0 (Major: 13, Minor: 3)
[0.576s] -- Found ament_cmake: 2.5.4 (/opt/ros/jazzy/share/ament_cmake/cmake)
[0.908s] -- Found Python3: /usr/bin/python3 (found version "3.12.3") found components: Interpreter 
[1.037s] -- Override CMake install command with custom implementation using symlinks instead of copying resources
[1.214s] -- Found kdl_parser: 2.11.0 (/opt/ros/jazzy/share/kdl_parser/cmake)
[1.311s] -- Found eigen3_cmake_module: 0.3.0 (/opt/ros/jazzy/share/eigen3_cmake_module/cmake)
[1.315s] -- Found Eigen3: TRUE (found version "3.4.0") 
[1.317s] -- Ensuring Eigen3 include directory is part of orocos-kdl CMake target
[1.365s] -- Found kinematics_interface: 1.5.0 (/workspaces/ros2-coding/install/kinematics_interface/share/kinematics_interface/cmake)
[1.495s] -- Found rosidl_generator_c: 4.6.6 (/opt/ros/jazzy/share/rosidl_generator_c/cmake)
[1.552s] -- Found rosidl_generator_cpp: 4.6.6 (/opt/ros/jazzy/share/rosidl_generator_cpp/cmake)
[1.609s] -- Using all available rosidl_typesupport_c: rosidl_typesupport_fastrtps_c;rosidl_typesupport_introspection_c
[1.672s] -- Using all available rosidl_typesupport_cpp: rosidl_typesupport_fastrtps_cpp;rosidl_typesupport_introspection_cpp
[1.922s] -- Found rmw_implementation_cmake: 7.3.2 (/opt/ros/jazzy/share/rmw_implementation_cmake/cmake)
[1.953s] -- Found rmw_fastrtps_cpp: 8.4.3 (/opt/ros/jazzy/share/rmw_fastrtps_cpp/cmake)
[2.243s] -- Found OpenSSL: /usr/lib/x86_64-linux-gnu/libcrypto.so (found version "3.0.13")  
[2.324s] -- Found FastRTPS: /opt/ros/jazzy/include (Required is at least version "2.13") 
[2.390s] -- Using RMW implementation 'rmw_fastrtps_cpp' as default
[2.752s] -- Found pluginlib: 5.4.2 (/opt/ros/jazzy/share/pluginlib/cmake)
[2.823s] -- Found tf2_eigen_kdl: 0.36.14 (/opt/ros/jazzy/share/tf2_eigen_kdl/cmake)
[3.019s] -- Found ament_cmake_gmock: 2.5.4 (/opt/ros/jazzy/share/ament_cmake_gmock/cmake)
[3.026s] -- Found ros2_control_test_assets: 4.37.0 (/workspaces/ros2-coding/install/ros2_control_test_assets/share/ros2_control_test_assets/cmake)
[3.057s] -- Found gmock sources under '/opt/ros/jazzy/src/gmock_vendor': C++ tests using 'Google Mock' will be built
[3.216s] -- The C compiler identification is GNU 13.3.0
[3.244s] -- Detecting C compiler ABI info
[3.481s] -- Detecting C compiler ABI info - done
[3.523s] -- Check for working C compiler: /usr/bin/cc - skipped
[3.524s] -- Detecting C compile features
[3.525s] -- Detecting C compile features - done
[3.569s] -- Found ament_cmake_gtest: 2.5.4 (/opt/ros/jazzy/share/ament_cmake_gtest/cmake)
[3.578s] -- Found gtest sources under '/opt/ros/jazzy/src/gtest_vendor': C++ tests using 'Google Test' will be built
[3.834s] -- Configuring done (3.8s)
[3.915s] -- Generating done (0.1s)
[3.939s] -- Build files have been written to: /workspaces/ros2-coding/build/kinematics_interface_kdl
[3.968s] Invoked command in '/workspaces/ros2-coding/build/kinematics_interface_kdl' returned '0': AMENT_PREFIX_PATH=/workspaces/ros2-coding/install/kinematics_interface:/workspaces/ros2-coding/install/ros2_control_test_assets:/workspaces/ros2-coding/install/ros2_control_cmake:${AMENT_PREFIX_PATH} CMAKE_PREFIX_PATH=/workspaces/ros2-coding/install/kinematics_interface:/workspaces/ros2-coding/install/ros2_control_test_assets:/workspaces/ros2-coding/install/ros2_control_cmake:/opt/ros/jazzy/opt/gz_sim_vendor:/opt/ros/jazzy/opt/gz_sensors_vendor:/opt/ros/jazzy/opt/gz_physics_vendor:/opt/ros/jazzy/opt/sdformat_vendor:/opt/ros/jazzy/opt/gz_gui_vendor:/opt/ros/jazzy/opt/gz_transport_vendor:/opt/ros/jazzy/opt/gz_rendering_vendor:/opt/ros/jazzy/opt/gz_plugin_vendor:/opt/ros/jazzy/opt/gz_fuel_tools_vendor:/opt/ros/jazzy/opt/gz_msgs_vendor:/opt/ros/jazzy/opt/gz_common_vendor:/opt/ros/jazzy/opt/gz_math_vendor:/opt/ros/jazzy/opt/gz_utils_vendor:/opt/ros/jazzy/opt/gz_tools_vendor:/opt/ros/jazzy/opt/gz_ogre_next_vendor:/opt/ros/jazzy/opt/gz_dartsim_vendor:/opt/ros/jazzy/opt/gz_cmake_vendor:/opt/ros/jazzy LD_LIBRARY_PATH=/workspaces/ros2-coding/install/kinematics_interface/lib:/workspaces/ros2-coding/install/ros2_control_test_assets/lib:${LD_LIBRARY_PATH} /usr/bin/cmake /workspaces/ros2-coding/turtlesim_ws/src/ros-controls/kinematics_interface/kinematics_interface_kdl -DAMENT_CMAKE_SYMLINK_INSTALL=1 -DCMAKE_INSTALL_PREFIX=/workspaces/ros2-coding/install/kinematics_interface_kdl
[3.971s] Invoking command in '/workspaces/ros2-coding/build/kinematics_interface_kdl': AMENT_PREFIX_PATH=/workspaces/ros2-coding/install/kinematics_interface:/workspaces/ros2-coding/install/ros2_control_test_assets:/workspaces/ros2-coding/install/ros2_control_cmake:${AMENT_PREFIX_PATH} CMAKE_PREFIX_PATH=/workspaces/ros2-coding/install/kinematics_interface:/workspaces/ros2-coding/install/ros2_control_test_assets:/workspaces/ros2-coding/install/ros2_control_cmake:/opt/ros/jazzy/opt/gz_sim_vendor:/opt/ros/jazzy/opt/gz_sensors_vendor:/opt/ros/jazzy/opt/gz_physics_vendor:/opt/ros/jazzy/opt/sdformat_vendor:/opt/ros/jazzy/opt/gz_gui_vendor:/opt/ros/jazzy/opt/gz_transport_vendor:/opt/ros/jazzy/opt/gz_rendering_vendor:/opt/ros/jazzy/opt/gz_plugin_vendor:/opt/ros/jazzy/opt/gz_fuel_tools_vendor:/opt/ros/jazzy/opt/gz_msgs_vendor:/opt/ros/jazzy/opt/gz_common_vendor:/opt/ros/jazzy/opt/gz_math_vendor:/opt/ros/jazzy/opt/gz_utils_vendor:/opt/ros/jazzy/opt/gz_tools_vendor:/opt/ros/jazzy/opt/gz_ogre_next_vendor:/opt/ros/jazzy/opt/gz_dartsim_vendor:/opt/ros/jazzy/opt/gz_cmake_vendor:/opt/ros/jazzy LD_LIBRARY_PATH=/workspaces/ros2-coding/install/kinematics_interface/lib:/workspaces/ros2-coding/install/ros2_control_test_assets/lib:${LD_LIBRARY_PATH} /usr/bin/cmake --build /workspaces/ros2-coding/build/kinematics_interface_kdl -- -j2 -l2
[4.122s] [ 11%] [32mBuilding CXX object CMakeFiles/kinematics_interface_kdl.dir/src/kinematics_interface_kdl.cpp.o[0m
[15.824s] [ 22%] [32m[1mLinking CXX shared library libkinematics_interface_kdl.so[0m
[16.250s] [ 22%] Built target kinematics_interface_kdl
[16.347s] [ 33%] [32mBuilding CXX object gmock/CMakeFiles/gmock_main.dir/src/gmock_main.cc.o[0m
[18.203s] [ 44%] [32m[1mLinking CXX static library libgmock_main.a[0m
[18.268s] [ 44%] Built target gmock_main
[18.313s] [ 55%] [32mBuilding CXX object gmock/CMakeFiles/gmock.dir/opt/ros/jazzy/src/gtest_vendor/src/gtest-all.cc.o[0m
[25.003s] [ 66%] [32mBuilding CXX object gmock/CMakeFiles/gmock.dir/src/gmock-all.cc.o[0m
[28.403s] [ 77%] [32m[1mLinking CXX static library libgmock.a[0m
[28.603s] [ 77%] Built target gmock
[28.665s] [ 88%] [32mBuilding CXX object CMakeFiles/test_kinematics_interface_kdl.dir/test/test_kinematics_interface_kdl.cpp.o[0m
[51.689s] [100%] [32m[1mLinking CXX executable test_kinematics_interface_kdl[0m
[52.578s] [100%] Built target test_kinematics_interface_kdl
[52.609s] Invoked command in '/workspaces/ros2-coding/build/kinematics_interface_kdl' returned '0': AMENT_PREFIX_PATH=/workspaces/ros2-coding/install/kinematics_interface:/workspaces/ros2-coding/install/ros2_control_test_assets:/workspaces/ros2-coding/install/ros2_control_cmake:${AMENT_PREFIX_PATH} CMAKE_PREFIX_PATH=/workspaces/ros2-coding/install/kinematics_interface:/workspaces/ros2-coding/install/ros2_control_test_assets:/workspaces/ros2-coding/install/ros2_control_cmake:/opt/ros/jazzy/opt/gz_sim_vendor:/opt/ros/jazzy/opt/gz_sensors_vendor:/opt/ros/jazzy/opt/gz_physics_vendor:/opt/ros/jazzy/opt/sdformat_vendor:/opt/ros/jazzy/opt/gz_gui_vendor:/opt/ros/jazzy/opt/gz_transport_vendor:/opt/ros/jazzy/opt/gz_rendering_vendor:/opt/ros/jazzy/opt/gz_plugin_vendor:/opt/ros/jazzy/opt/gz_fuel_tools_vendor:/opt/ros/jazzy/opt/gz_msgs_vendor:/opt/ros/jazzy/opt/gz_common_vendor:/opt/ros/jazzy/opt/gz_math_vendor:/opt/ros/jazzy/opt/gz_utils_vendor:/opt/ros/jazzy/opt/gz_tools_vendor:/opt/ros/jazzy/opt/gz_ogre_next_vendor:/opt/ros/jazzy/opt/gz_dartsim_vendor:/opt/ros/jazzy/opt/gz_cmake_vendor:/opt/ros/jazzy LD_LIBRARY_PATH=/workspaces/ros2-coding/install/kinematics_interface/lib:/workspaces/ros2-coding/install/ros2_control_test_assets/lib:${LD_LIBRARY_PATH} /usr/bin/cmake --build /workspaces/ros2-coding/build/kinematics_interface_kdl -- -j2 -l2
[52.613s] Invoking command in '/workspaces/ros2-coding/build/kinematics_interface_kdl': AMENT_PREFIX_PATH=/workspaces/ros2-coding/install/kinematics_interface:/workspaces/ros2-coding/install/ros2_control_test_assets:/workspaces/ros2-coding/install/ros2_control_cmake:${AMENT_PREFIX_PATH} CMAKE_PREFIX_PATH=/workspaces/ros2-coding/install/kinematics_interface:/workspaces/ros2-coding/install/ros2_control_test_assets:/workspaces/ros2-coding/install/ros2_control_cmake:/opt/ros/jazzy/opt/gz_sim_vendor:/opt/ros/jazzy/opt/gz_sensors_vendor:/opt/ros/jazzy/opt/gz_physics_vendor:/opt/ros/jazzy/opt/sdformat_vendor:/opt/ros/jazzy/opt/gz_gui_vendor:/opt/ros/jazzy/opt/gz_transport_vendor:/opt/ros/jazzy/opt/gz_rendering_vendor:/opt/ros/jazzy/opt/gz_plugin_vendor:/opt/ros/jazzy/opt/gz_fuel_tools_vendor:/opt/ros/jazzy/opt/gz_msgs_vendor:/opt/ros/jazzy/opt/gz_common_vendor:/opt/ros/jazzy/opt/gz_math_vendor:/opt/ros/jazzy/opt/gz_utils_vendor:/opt/ros/jazzy/opt/gz_tools_vendor:/opt/ros/jazzy/opt/gz_ogre_next_vendor:/opt/ros/jazzy/opt/gz_dartsim_vendor:/opt/ros/jazzy/opt/gz_cmake_vendor:/opt/ros/jazzy LD_LIBRARY_PATH=/workspaces/ros2-coding/install/kinematics_interface/lib:/workspaces/ros2-coding/install/ros2_control_test_assets/lib:${LD_LIBRARY_PATH} /usr/bin/cmake --install /workspaces/ros2-coding/build/kinematics_interface_kdl
[52.633s] -- Install configuration: ""
[52.635s] -- Execute custom install script
[52.636s] -- Symlinking: /workspaces/ros2-coding/install/kinematics_interface_kdl/share/kinematics_interface_kdl//kinematics_interface_kdl.xml
[52.656s] -- Symlinking: /workspaces/ros2-coding/install/kinematics_interface_kdl/include/kinematics_interface_kdl/kinematics_interface_kdl/kinematics_interface_kdl.hpp
[52.679s] -- Symlinking: /workspaces/ros2-coding/install/kinematics_interface_kdl/share/kinematics_interface_kdl/environment/library_path.sh
[52.694s] -- Symlinking: /workspaces/ros2-coding/install/kinematics_interface_kdl/share/kinematics_interface_kdl/environment/library_path.dsv
[52.713s] -- Symlinking: /workspaces/ros2-coding/install/kinematics_interface_kdl/share/ament_index/resource_index/package_run_dependencies/kinematics_interface_kdl
[52.736s] -- Symlinking: /workspaces/ros2-coding/install/kinematics_interface_kdl/share/ament_index/resource_index/parent_prefix_path/kinematics_interface_kdl
[52.758s] -- Symlinking: /workspaces/ros2-coding/install/kinematics_interface_kdl/share/kinematics_interface_kdl/environment/ament_prefix_path.sh
[52.780s] -- Symlinking: /workspaces/ros2-coding/install/kinematics_interface_kdl/share/kinematics_interface_kdl/environment/ament_prefix_path.dsv
[52.798s] -- Symlinking: /workspaces/ros2-coding/install/kinematics_interface_kdl/share/kinematics_interface_kdl/environment/path.sh
[52.820s] -- Symlinking: /workspaces/ros2-coding/install/kinematics_interface_kdl/share/kinematics_interface_kdl/environment/path.dsv
[52.846s] -- Symlinking: /workspaces/ros2-coding/install/kinematics_interface_kdl/share/kinematics_interface_kdl/local_setup.bash
[52.862s] -- Symlinking: /workspaces/ros2-coding/install/kinematics_interface_kdl/share/kinematics_interface_kdl/local_setup.sh
[52.888s] -- Symlinking: /workspaces/ros2-coding/install/kinematics_interface_kdl/share/kinematics_interface_kdl/local_setup.zsh
[52.904s] -- Symlinking: /workspaces/ros2-coding/install/kinematics_interface_kdl/share/kinematics_interface_kdl/local_setup.dsv
[52.922s] -- Symlinking: /workspaces/ros2-coding/install/kinematics_interface_kdl/share/kinematics_interface_kdl/package.dsv
[52.947s] -- Symlinking: /workspaces/ros2-coding/install/kinematics_interface_kdl/share/ament_index/resource_index/packages/kinematics_interface_kdl
[52.964s] -- Symlinking: /workspaces/ros2-coding/install/kinematics_interface_kdl/share/ament_index/resource_index/kinematics_interface__pluginlib__plugin/kinematics_interface_kdl
[52.995s] -- Symlinking: /workspaces/ros2-coding/install/kinematics_interface_kdl/share/kinematics_interface_kdl/cmake/ament_cmake_export_targets-extras.cmake
[53.033s] -- Symlinking: /workspaces/ros2-coding/install/kinematics_interface_kdl/share/kinematics_interface_kdl/cmake/ament_cmake_export_dependencies-extras.cmake
[53.051s] -- Symlinking: /workspaces/ros2-coding/install/kinematics_interface_kdl/share/kinematics_interface_kdl/cmake/kinematics_interface_kdlConfig.cmake
[53.071s] -- Symlinking: /workspaces/ros2-coding/install/kinematics_interface_kdl/share/kinematics_interface_kdl/cmake/kinematics_interface_kdlConfig-version.cmake
[53.098s] -- Symlinking: /workspaces/ros2-coding/install/kinematics_interface_kdl/share/kinematics_interface_kdl/package.xml
[53.114s] -- Installing: /workspaces/ros2-coding/install/kinematics_interface_kdl/lib/libkinematics_interface_kdl.so
[53.139s] -- Set non-toolchain portion of runtime path of "/workspaces/ros2-coding/install/kinematics_interface_kdl/lib/libkinematics_interface_kdl.so" to ""
[53.139s] -- Installing: /workspaces/ros2-coding/install/kinematics_interface_kdl/share/kinematics_interface_kdl/cmake/export_kinematics_interface_kdlExport.cmake
[53.140s] -- Installing: /workspaces/ros2-coding/install/kinematics_interface_kdl/share/kinematics_interface_kdl/cmake/export_kinematics_interface_kdlExport-noconfig.cmake
[53.142s] Invoked command in '/workspaces/ros2-coding/build/kinematics_interface_kdl' returned '0': AMENT_PREFIX_PATH=/workspaces/ros2-coding/install/kinematics_interface:/workspaces/ros2-coding/install/ros2_control_test_assets:/workspaces/ros2-coding/install/ros2_control_cmake:${AMENT_PREFIX_PATH} CMAKE_PREFIX_PATH=/workspaces/ros2-coding/install/kinematics_interface:/workspaces/ros2-coding/install/ros2_control_test_assets:/workspaces/ros2-coding/install/ros2_control_cmake:/opt/ros/jazzy/opt/gz_sim_vendor:/opt/ros/jazzy/opt/gz_sensors_vendor:/opt/ros/jazzy/opt/gz_physics_vendor:/opt/ros/jazzy/opt/sdformat_vendor:/opt/ros/jazzy/opt/gz_gui_vendor:/opt/ros/jazzy/opt/gz_transport_vendor:/opt/ros/jazzy/opt/gz_rendering_vendor:/opt/ros/jazzy/opt/gz_plugin_vendor:/opt/ros/jazzy/opt/gz_fuel_tools_vendor:/opt/ros/jazzy/opt/gz_msgs_vendor:/opt/ros/jazzy/opt/gz_common_vendor:/opt/ros/jazzy/opt/gz_math_vendor:/opt/ros/jazzy/opt/gz_utils_vendor:/opt/ros/jazzy/opt/gz_tools_vendor:/opt/ros/jazzy/opt/gz_ogre_next_vendor:/opt/ros/jazzy/opt/gz_dartsim_vendor:/opt/ros/jazzy/opt/gz_cmake_vendor:/opt/ros/jazzy LD_LIBRARY_PATH=/workspaces/ros2-coding/install/kinematics_interface/lib:/workspaces/ros2-coding/install/ros2_control_test_assets/lib:${LD_LIBRARY_PATH} /usr/bin/cmake --install /workspaces/ros2-coding/build/kinematics_interface_kdl
