[0.022s] Invoking command in '/workspaces/ros2-coding/build/kinematics_interface': AMENT_PREFIX_PATH=/workspaces/ros2-coding/install/ros2_control_cmake:${AMENT_PREFIX_PATH} CMAKE_PREFIX_PATH=/workspaces/ros2-coding/install/ros2_control_cmake:/opt/ros/jazzy/opt/gz_sim_vendor:/opt/ros/jazzy/opt/gz_sensors_vendor:/opt/ros/jazzy/opt/gz_physics_vendor:/opt/ros/jazzy/opt/sdformat_vendor:/opt/ros/jazzy/opt/gz_gui_vendor:/opt/ros/jazzy/opt/gz_transport_vendor:/opt/ros/jazzy/opt/gz_rendering_vendor:/opt/ros/jazzy/opt/gz_plugin_vendor:/opt/ros/jazzy/opt/gz_fuel_tools_vendor:/opt/ros/jazzy/opt/gz_msgs_vendor:/opt/ros/jazzy/opt/gz_common_vendor:/opt/ros/jazzy/opt/gz_math_vendor:/opt/ros/jazzy/opt/gz_utils_vendor:/opt/ros/jazzy/opt/gz_tools_vendor:/opt/ros/jazzy/opt/gz_ogre_next_vendor:/opt/ros/jazzy/opt/gz_dartsim_vendor:/opt/ros/jazzy/opt/gz_cmake_vendor:/opt/ros/jazzy /usr/bin/cmake /workspaces/ros2-coding/turtlesim_ws/src/ros-controls/kinematics_interface/kinematics_interface -DAMENT_CMAKE_SYMLINK_INSTALL=1 -DCMAKE_INSTALL_PREFIX=/workspaces/ros2-coding/install/kinematics_interface
[0.233s] -- The CXX compiler identification is GNU 13.3.0
[0.291s] -- Detecting CXX compiler ABI info
[0.707s] -- Detecting CXX compiler ABI info - done
[0.750s] -- Check for working CXX compiler: /usr/bin/c++ - skipped
[0.750s] -- Detecting CXX compile features
[0.751s] -- Detecting CXX compile features - done
[0.754s] -- Found ros2_control_cmake: 0.2.1 (/workspaces/ros2-coding/install/ros2_control_cmake/share/ros2_control_cmake/cmake)
[0.754s] -- Compiler warnings enabled for GNU
[0.755s] -- Detected GCC Version: 13.3.0 (Major: 13, Minor: 3)
[0.794s] -- Found ament_cmake: 2.5.4 (/opt/ros/jazzy/share/ament_cmake/cmake)
[1.582s] -- Found Python3: /usr/bin/python3 (found version "3.12.3") found components: Interpreter 
[1.825s] -- Override CMake install command with custom implementation using symlinks instead of copying resources
[2.049s] -- Found rclcpp: 28.1.11 (/opt/ros/jazzy/share/rclcpp/cmake)
[2.231s] -- Found rosidl_generator_c: 4.6.6 (/opt/ros/jazzy/share/rosidl_generator_c/cmake)
[2.287s] -- Found rosidl_generator_cpp: 4.6.6 (/opt/ros/jazzy/share/rosidl_generator_cpp/cmake)
[2.361s] -- Using all available rosidl_typesupport_c: rosidl_typesupport_fastrtps_c;rosidl_typesupport_introspection_c
[2.420s] -- Using all available rosidl_typesupport_cpp: rosidl_typesupport_fastrtps_cpp;rosidl_typesupport_introspection_cpp
[2.671s] -- Found rmw_implementation_cmake: 7.3.2 (/opt/ros/jazzy/share/rmw_implementation_cmake/cmake)
[2.684s] -- Found rmw_fastrtps_cpp: 8.4.3 (/opt/ros/jazzy/share/rmw_fastrtps_cpp/cmake)
[2.886s] -- Found OpenSSL: /usr/lib/x86_64-linux-gnu/libcrypto.so (found version "3.0.13")  
[2.924s] -- Found FastRTPS: /opt/ros/jazzy/include (Required is at least version "2.13") 
[2.968s] -- Using RMW implementation 'rmw_fastrtps_cpp' as default
[3.238s] -- Found rclcpp_lifecycle: 28.1.11 (/opt/ros/jazzy/share/rclcpp_lifecycle/cmake)
[3.554s] -- Configuring done (3.5s)
[3.599s] -- Generating done (0.0s)
[3.613s] -- Build files have been written to: /workspaces/ros2-coding/build/kinematics_interface
[3.627s] Invoked command in '/workspaces/ros2-coding/build/kinematics_interface' returned '0': AMENT_PREFIX_PATH=/workspaces/ros2-coding/install/ros2_control_cmake:${AMENT_PREFIX_PATH} CMAKE_PREFIX_PATH=/workspaces/ros2-coding/install/ros2_control_cmake:/opt/ros/jazzy/opt/gz_sim_vendor:/opt/ros/jazzy/opt/gz_sensors_vendor:/opt/ros/jazzy/opt/gz_physics_vendor:/opt/ros/jazzy/opt/sdformat_vendor:/opt/ros/jazzy/opt/gz_gui_vendor:/opt/ros/jazzy/opt/gz_transport_vendor:/opt/ros/jazzy/opt/gz_rendering_vendor:/opt/ros/jazzy/opt/gz_plugin_vendor:/opt/ros/jazzy/opt/gz_fuel_tools_vendor:/opt/ros/jazzy/opt/gz_msgs_vendor:/opt/ros/jazzy/opt/gz_common_vendor:/opt/ros/jazzy/opt/gz_math_vendor:/opt/ros/jazzy/opt/gz_utils_vendor:/opt/ros/jazzy/opt/gz_tools_vendor:/opt/ros/jazzy/opt/gz_ogre_next_vendor:/opt/ros/jazzy/opt/gz_dartsim_vendor:/opt/ros/jazzy/opt/gz_cmake_vendor:/opt/ros/jazzy /usr/bin/cmake /workspaces/ros2-coding/turtlesim_ws/src/ros-controls/kinematics_interface/kinematics_interface -DAMENT_CMAKE_SYMLINK_INSTALL=1 -DCMAKE_INSTALL_PREFIX=/workspaces/ros2-coding/install/kinematics_interface
[3.628s] Invoking command in '/workspaces/ros2-coding/build/kinematics_interface': AMENT_PREFIX_PATH=/workspaces/ros2-coding/install/ros2_control_cmake:${AMENT_PREFIX_PATH} CMAKE_PREFIX_PATH=/workspaces/ros2-coding/install/ros2_control_cmake:/opt/ros/jazzy/opt/gz_sim_vendor:/opt/ros/jazzy/opt/gz_sensors_vendor:/opt/ros/jazzy/opt/gz_physics_vendor:/opt/ros/jazzy/opt/sdformat_vendor:/opt/ros/jazzy/opt/gz_gui_vendor:/opt/ros/jazzy/opt/gz_transport_vendor:/opt/ros/jazzy/opt/gz_rendering_vendor:/opt/ros/jazzy/opt/gz_plugin_vendor:/opt/ros/jazzy/opt/gz_fuel_tools_vendor:/opt/ros/jazzy/opt/gz_msgs_vendor:/opt/ros/jazzy/opt/gz_common_vendor:/opt/ros/jazzy/opt/gz_math_vendor:/opt/ros/jazzy/opt/gz_utils_vendor:/opt/ros/jazzy/opt/gz_tools_vendor:/opt/ros/jazzy/opt/gz_ogre_next_vendor:/opt/ros/jazzy/opt/gz_dartsim_vendor:/opt/ros/jazzy/opt/gz_cmake_vendor:/opt/ros/jazzy /usr/bin/cmake --build /workspaces/ros2-coding/build/kinematics_interface -- -j2 -l2
[3.747s] [ 50%] [32mBuilding CXX object CMakeFiles/kinematics_interface.dir/src/kinematics_interface.cpp.o[0m
[7.113s] [100%] [32m[1mLinking CXX shared library libkinematics_interface.so[0m
[7.271s] [100%] Built target kinematics_interface
[7.292s] Invoked command in '/workspaces/ros2-coding/build/kinematics_interface' returned '0': AMENT_PREFIX_PATH=/workspaces/ros2-coding/install/ros2_control_cmake:${AMENT_PREFIX_PATH} CMAKE_PREFIX_PATH=/workspaces/ros2-coding/install/ros2_control_cmake:/opt/ros/jazzy/opt/gz_sim_vendor:/opt/ros/jazzy/opt/gz_sensors_vendor:/opt/ros/jazzy/opt/gz_physics_vendor:/opt/ros/jazzy/opt/sdformat_vendor:/opt/ros/jazzy/opt/gz_gui_vendor:/opt/ros/jazzy/opt/gz_transport_vendor:/opt/ros/jazzy/opt/gz_rendering_vendor:/opt/ros/jazzy/opt/gz_plugin_vendor:/opt/ros/jazzy/opt/gz_fuel_tools_vendor:/opt/ros/jazzy/opt/gz_msgs_vendor:/opt/ros/jazzy/opt/gz_common_vendor:/opt/ros/jazzy/opt/gz_math_vendor:/opt/ros/jazzy/opt/gz_utils_vendor:/opt/ros/jazzy/opt/gz_tools_vendor:/opt/ros/jazzy/opt/gz_ogre_next_vendor:/opt/ros/jazzy/opt/gz_dartsim_vendor:/opt/ros/jazzy/opt/gz_cmake_vendor:/opt/ros/jazzy /usr/bin/cmake --build /workspaces/ros2-coding/build/kinematics_interface -- -j2 -l2
[7.292s] Invoking command in '/workspaces/ros2-coding/build/kinematics_interface': AMENT_PREFIX_PATH=/workspaces/ros2-coding/install/ros2_control_cmake:${AMENT_PREFIX_PATH} CMAKE_PREFIX_PATH=/workspaces/ros2-coding/install/ros2_control_cmake:/opt/ros/jazzy/opt/gz_sim_vendor:/opt/ros/jazzy/opt/gz_sensors_vendor:/opt/ros/jazzy/opt/gz_physics_vendor:/opt/ros/jazzy/opt/sdformat_vendor:/opt/ros/jazzy/opt/gz_gui_vendor:/opt/ros/jazzy/opt/gz_transport_vendor:/opt/ros/jazzy/opt/gz_rendering_vendor:/opt/ros/jazzy/opt/gz_plugin_vendor:/opt/ros/jazzy/opt/gz_fuel_tools_vendor:/opt/ros/jazzy/opt/gz_msgs_vendor:/opt/ros/jazzy/opt/gz_common_vendor:/opt/ros/jazzy/opt/gz_math_vendor:/opt/ros/jazzy/opt/gz_utils_vendor:/opt/ros/jazzy/opt/gz_tools_vendor:/opt/ros/jazzy/opt/gz_ogre_next_vendor:/opt/ros/jazzy/opt/gz_dartsim_vendor:/opt/ros/jazzy/opt/gz_cmake_vendor:/opt/ros/jazzy /usr/bin/cmake --install /workspaces/ros2-coding/build/kinematics_interface
[7.307s] -- Install configuration: ""
[7.307s] -- Execute custom install script
[7.310s] -- Symlinking: /workspaces/ros2-coding/install/kinematics_interface/include/kinematics_interface/kinematics_interface/kinematics_interface.hpp
[7.327s] -- Symlinking: /workspaces/ros2-coding/install/kinematics_interface/share/kinematics_interface/environment/library_path.sh
[7.340s] -- Symlinking: /workspaces/ros2-coding/install/kinematics_interface/share/kinematics_interface/environment/library_path.dsv
[7.355s] -- Symlinking: /workspaces/ros2-coding/install/kinematics_interface/share/ament_index/resource_index/package_run_dependencies/kinematics_interface
[7.369s] -- Symlinking: /workspaces/ros2-coding/install/kinematics_interface/share/ament_index/resource_index/parent_prefix_path/kinematics_interface
[7.384s] -- Symlinking: /workspaces/ros2-coding/install/kinematics_interface/share/kinematics_interface/environment/ament_prefix_path.sh
[7.398s] -- Symlinking: /workspaces/ros2-coding/install/kinematics_interface/share/kinematics_interface/environment/ament_prefix_path.dsv
[7.412s] -- Symlinking: /workspaces/ros2-coding/install/kinematics_interface/share/kinematics_interface/environment/path.sh
[7.428s] -- Symlinking: /workspaces/ros2-coding/install/kinematics_interface/share/kinematics_interface/environment/path.dsv
[7.442s] -- Symlinking: /workspaces/ros2-coding/install/kinematics_interface/share/kinematics_interface/local_setup.bash
[7.455s] -- Symlinking: /workspaces/ros2-coding/install/kinematics_interface/share/kinematics_interface/local_setup.sh
[7.469s] -- Symlinking: /workspaces/ros2-coding/install/kinematics_interface/share/kinematics_interface/local_setup.zsh
[7.484s] -- Symlinking: /workspaces/ros2-coding/install/kinematics_interface/share/kinematics_interface/local_setup.dsv
[7.499s] -- Symlinking: /workspaces/ros2-coding/install/kinematics_interface/share/kinematics_interface/package.dsv
[7.513s] -- Symlinking: /workspaces/ros2-coding/install/kinematics_interface/share/ament_index/resource_index/packages/kinematics_interface
[7.529s] -- Symlinking: /workspaces/ros2-coding/install/kinematics_interface/share/kinematics_interface/cmake/ament_cmake_export_targets-extras.cmake
[7.543s] -- Symlinking: /workspaces/ros2-coding/install/kinematics_interface/share/kinematics_interface/cmake/ament_cmake_export_dependencies-extras.cmake
[7.557s] -- Symlinking: /workspaces/ros2-coding/install/kinematics_interface/share/kinematics_interface/cmake/kinematics_interfaceConfig.cmake
[7.572s] -- Symlinking: /workspaces/ros2-coding/install/kinematics_interface/share/kinematics_interface/cmake/kinematics_interfaceConfig-version.cmake
[7.608s] -- Symlinking: /workspaces/ros2-coding/install/kinematics_interface/share/kinematics_interface/package.xml
[7.642s] -- Installing: /workspaces/ros2-coding/install/kinematics_interface/lib/libkinematics_interface.so
[7.642s] -- Set non-toolchain portion of runtime path of "/workspaces/ros2-coding/install/kinematics_interface/lib/libkinematics_interface.so" to ""
[7.642s] -- Installing: /workspaces/ros2-coding/install/kinematics_interface/share/kinematics_interface/cmake/export_kinematics_interfaceExport.cmake
[7.642s] -- Installing: /workspaces/ros2-coding/install/kinematics_interface/share/kinematics_interface/cmake/export_kinematics_interfaceExport-noconfig.cmake
[7.646s] Invoked command in '/workspaces/ros2-coding/build/kinematics_interface' returned '0': AMENT_PREFIX_PATH=/workspaces/ros2-coding/install/ros2_control_cmake:${AMENT_PREFIX_PATH} CMAKE_PREFIX_PATH=/workspaces/ros2-coding/install/ros2_control_cmake:/opt/ros/jazzy/opt/gz_sim_vendor:/opt/ros/jazzy/opt/gz_sensors_vendor:/opt/ros/jazzy/opt/gz_physics_vendor:/opt/ros/jazzy/opt/sdformat_vendor:/opt/ros/jazzy/opt/gz_gui_vendor:/opt/ros/jazzy/opt/gz_transport_vendor:/opt/ros/jazzy/opt/gz_rendering_vendor:/opt/ros/jazzy/opt/gz_plugin_vendor:/opt/ros/jazzy/opt/gz_fuel_tools_vendor:/opt/ros/jazzy/opt/gz_msgs_vendor:/opt/ros/jazzy/opt/gz_common_vendor:/opt/ros/jazzy/opt/gz_math_vendor:/opt/ros/jazzy/opt/gz_utils_vendor:/opt/ros/jazzy/opt/gz_tools_vendor:/opt/ros/jazzy/opt/gz_ogre_next_vendor:/opt/ros/jazzy/opt/gz_dartsim_vendor:/opt/ros/jazzy/opt/gz_cmake_vendor:/opt/ros/jazzy /usr/bin/cmake --install /workspaces/ros2-coding/build/kinematics_interface
