[01m[K/workspaces/ros2-coding/turtlesim_ws/src/ros-controls/ros2_control_demos/example_12/hardware/rrbot.cpp:[m[K In member function ‘[01m[Kvirtual hardware_interface::CallbackReturn ros2_control_demo_example_12::RRBotSystemPositionOnlyHardware::[01;32m[Kon_init[m[K(const hardware_interface::HardwareInfo&)[m[K’:
[01m[K/workspaces/ros2-coding/turtlesim_ws/src/ros-controls/ros2_control_demos/example_12/hardware/rrbot.cpp:35:49:[m[K [01;35m[Kwarning: [m[K‘[01m[Kvirtual rclcpp_lifecycle::node_interfaces::LifecycleNodeInterface::CallbackReturn hardware_interface::HardwareComponentInterface::[01;32m[Kon_init[m[K(const hardware_interface::HardwareInfo&)[m[K’ is deprecated: Use on_init(const HardwareComponentInterfaceParams & params) instead. [[01;35m[K]8;;https://gcc.gnu.org/onlinedocs/gcc/Warning-Options.html#index-Wdeprecated-declarations-Wdeprecated-declarations]8;;[m[K]
   35 |     [01;35m[Khardware_interface::SystemInterface::on_init(info)[m[K !=
      |     [01;35m[K~~~~~~~~~~~~~~~~~~~~~~~~~~~~~~~~~~~~~~~~~~~~^~~~~~[m[K
In file included from [01m[K/workspaces/ros2-coding/install/hardware_interface/include/hardware_interface/hardware_interface/system_interface.hpp:18[m[K,
                 from [01m[K/workspaces/ros2-coding/turtlesim_ws/src/ros-controls/ros2_control_demos/example_12/hardware/include/ros2_control_demo_example_12/rrbot.hpp:24[m[K,
                 from [01m[K/workspaces/ros2-coding/turtlesim_ws/src/ros-controls/ros2_control_demos/example_12/hardware/rrbot.cpp:15[m[K:
[01m[K/workspaces/ros2-coding/install/hardware_interface/include/hardware_interface/hardware_interface/hardware_component_interface.hpp:209:26:[m[K [01;36m[Knote: [m[Kdeclared here
  209 |   virtual CallbackReturn [01;36m[Kon_init[m[K(const HardwareInfo & hardware_info)
      |                          [01;36m[K^~~~~~~[m[K
[01m[K/workspaces/ros2-coding/turtlesim_ws/src/ros-controls/ros2_control_demos/example_12/controllers/src/passthrough_controller.cpp:[m[K In member function ‘[01m[Kvirtual controller_interface::return_type passthrough_controller::PassthroughController::[01;32m[Kupdate_and_write_commands[m[K(const rclcpp::Time&, const rclcpp::Duration&)[m[K’:
[01m[K/workspaces/ros2-coding/turtlesim_ws/src/ros-controls/ros2_control_demos/example_12/controllers/src/passthrough_controller.cpp:143:39:[m[K [01;35m[Kwarning: [m[Kignoring return value of ‘[01m[Kbool hardware_interface::LoanedCommandInterface::[01;32m[Kset_value[m[K(const T&, unsigned int) [35m[K[with T = double][m[K[m[K’, declared with attribute ‘[01m[Knodiscard[m[K’ [[01;35m[K]8;;https://gcc.gnu.org/onlinedocs/gcc/Warning-Options.html#index-Wunused-result-Wunused-result]8;;[m[K]
  143 |       [01;35m[Kcommand_interfaces_[i].set_value(reference_interfaces_[i])[m[K;
      |       [01;35m[K~~~~~~~~~~~~~~~~~~~~~~~~~~~~~~~~^~~~~~~~~~~~~~~~~~~~~~~~~~[m[K
In file included from [01m[K/workspaces/ros2-coding/install/controller_interface/include/controller_interface/controller_interface/controller_interface_base.hpp:27[m[K,
                 from [01m[K/workspaces/ros2-coding/install/controller_interface/include/controller_interface/controller_interface/chainable_controller_interface.hpp:23[m[K,
                 from [01m[K/workspaces/ros2-coding/turtlesim_ws/src/ros-controls/ros2_control_demos/example_12/controllers/include/passthrough_controller/passthrough_controller.hpp:24[m[K,
                 from [01m[K/workspaces/ros2-coding/turtlesim_ws/src/ros-controls/ros2_control_demos/example_12/controllers/src/passthrough_controller.cpp:15[m[K:
[01m[K/workspaces/ros2-coding/install/hardware_interface/include/hardware_interface/hardware_interface/loaned_command_interface.hpp:113:22:[m[K [01;36m[Knote: [m[Kdeclared here
  113 |   [[nodiscard]] bool [01;36m[Kset_value[m[K(const T & value, unsigned int max_tries = 10)
      |                      [01;36m[K^~~~~~~~~[m[K
