-- The CXX compiler identification is GNU 13.3.0
-- Detecting CXX compiler ABI info
-- Detecting CXX compiler ABI info - done
-- Check for working CXX compiler: /usr/bin/c++ - skipped
-- Detecting CXX compile features
-- Detecting CXX compile features - done
-- Found ros2_control_cmake: 0.2.1 (/workspaces/ros2-coding/install/ros2_control_cmake/share/ros2_control_cmake/cmake)
-- Compiler warnings enabled for GNU
-- Detected GCC Version: 13.3.0 (Major: 13, Minor: 3)
-- Found controller_manager: 4.37.0 (/workspaces/ros2-coding/install/controller_manager/share/controller_manager/cmake)
-- Found Python3: /usr/bin/python3 (found version "3.12.3") found components: Interpreter 
-- Override CMake install command with custom implementation using symlinks instead of copying resources
-- Found rosidl_generator_c: 4.6.6 (/opt/ros/jazzy/share/rosidl_generator_c/cmake)
-- Found rosidl_generator_cpp: 4.6.6 (/opt/ros/jazzy/share/rosidl_generator_cpp/cmake)
-- Using all available rosidl_typesupport_c: rosidl_typesupport_fastrtps_c;rosidl_typesupport_introspection_c
-- Using all available rosidl_typesupport_cpp: rosidl_typesupport_fastrtps_cpp;rosidl_typesupport_introspection_cpp
-- Found rmw_implementation_cmake: 7.3.2 (/opt/ros/jazzy/share/rmw_implementation_cmake/cmake)
-- Found rmw_fastrtps_cpp: 8.4.3 (/opt/ros/jazzy/share/rmw_fastrtps_cpp/cmake)
-- Found OpenSSL: /usr/lib/x86_64-linux-gnu/libcrypto.so (found version "3.0.13")  
-- Found FastRTPS: /opt/ros/jazzy/include (Required is at least version "2.13") 
-- Using RMW implementation 'rmw_fastrtps_cpp' as default
-- Found ament_cmake_pytest: 2.5.4 (/opt/ros/jazzy/share/ament_cmake_pytest/cmake)
-- Configuring done (6.7s)
-- Generating done (0.1s)
-- Build files have been written to: /workspaces/ros2-coding/build/ros2_control_demo_example_12
[ 16%] [32mBuilding CXX object CMakeFiles/ros2_control_demo_example_12.dir/hardware/rrbot.cpp.o[0m
[ 33%] [32m[1mLinking CXX shared library libros2_control_demo_example_12.so[0m
[ 33%] Built target ros2_control_demo_example_12
[ 50%] [34m[1mRunning `/opt/ros/jazzy/bin/generate_parameter_library_cpp /workspaces/ros2-coding/build/ros2_control_demo_example_12/include/ros2_control_demo_example_12/passthrough_controller_parameters.hpp /workspaces/ros2-coding/turtlesim_ws/src/ros-controls/ros2_control_demos/example_12/controllers/src/passthrough_controller_parameters.yaml `[0m
[ 66%] [34m[1mCreating deprecated header file /workspaces/ros2-coding/build/ros2_control_demo_example_12/include/passthrough_controller_parameters.hpp[0m
[ 66%] Built target passthrough_controller_parameters
[ 83%] [32mBuilding CXX object CMakeFiles/passthrough_controller.dir/controllers/src/passthrough_controller.cpp.o[0m
[100%] [32m[1mLinking CXX shared library libpassthrough_controller.so[0m
[100%] Built target passthrough_controller
-- Install configuration: ""
-- Execute custom install script
-- Symlinking: /workspaces/ros2-coding/install/ros2_control_demo_example_12/share/ros2_control_demo_example_12//ros2_control_demo_example_12.xml
-- Symlinking: /workspaces/ros2-coding/install/ros2_control_demo_example_12/include/ros2_control_demo_example_12/passthrough_controller_parameters.hpp
-- Symlinking: /workspaces/ros2-coding/install/ros2_control_demo_example_12/share/ros2_control_demo_example_12//passthrough_controller.xml
-- Symlinking: /workspaces/ros2-coding/install/ros2_control_demo_example_12/include/ros2_control_demo_example_12/ros2_control_demo_example_12/rrbot.hpp
-- Symlinking: /workspaces/ros2-coding/install/ros2_control_demo_example_12/share/ros2_control_demo_example_12/launch/view_robot.launch.py
-- Symlinking: /workspaces/ros2-coding/install/ros2_control_demo_example_12/share/ros2_control_demo_example_12/ros2_control/rrbot.ros2_control.xacro
-- Symlinking: /workspaces/ros2-coding/install/ros2_control_demo_example_12/share/ros2_control_demo_example_12/urdf/rrbot.urdf.xacro
-- Symlinking: /workspaces/ros2-coding/install/ros2_control_demo_example_12/share/ros2_control_demo_example_12/launch/launch_chained_controllers.launch.py
-- Symlinking: /workspaces/ros2-coding/install/ros2_control_demo_example_12/share/ros2_control_demo_example_12/launch/rrbot.launch.py
-- Symlinking: /workspaces/ros2-coding/install/ros2_control_demo_example_12/share/ros2_control_demo_example_12/config/rrbot_chained_controllers.yaml
-- Symlinking: /workspaces/ros2-coding/install/ros2_control_demo_example_12/include/passthrough_controller/passthrough_controller/passthrough_controller.hpp
-- Symlinking: /workspaces/ros2-coding/install/ros2_control_demo_example_12/share/ros2_control_demo_example_12/environment/library_path.sh
-- Symlinking: /workspaces/ros2-coding/install/ros2_control_demo_example_12/share/ros2_control_demo_example_12/environment/library_path.dsv
-- Symlinking: /workspaces/ros2-coding/install/ros2_control_demo_example_12/share/ament_index/resource_index/package_run_dependencies/ros2_control_demo_example_12
-- Symlinking: /workspaces/ros2-coding/install/ros2_control_demo_example_12/share/ament_index/resource_index/parent_prefix_path/ros2_control_demo_example_12
-- Symlinking: /workspaces/ros2-coding/install/ros2_control_demo_example_12/share/ros2_control_demo_example_12/environment/ament_prefix_path.sh
-- Symlinking: /workspaces/ros2-coding/install/ros2_control_demo_example_12/share/ros2_control_demo_example_12/environment/ament_prefix_path.dsv
-- Symlinking: /workspaces/ros2-coding/install/ros2_control_demo_example_12/share/ros2_control_demo_example_12/environment/path.sh
-- Symlinking: /workspaces/ros2-coding/install/ros2_control_demo_example_12/share/ros2_control_demo_example_12/environment/path.dsv
-- Symlinking: /workspaces/ros2-coding/install/ros2_control_demo_example_12/share/ros2_control_demo_example_12/local_setup.bash
-- Symlinking: /workspaces/ros2-coding/install/ros2_control_demo_example_12/share/ros2_control_demo_example_12/local_setup.sh
-- Symlinking: /workspaces/ros2-coding/install/ros2_control_demo_example_12/share/ros2_control_demo_example_12/local_setup.zsh
-- Symlinking: /workspaces/ros2-coding/install/ros2_control_demo_example_12/share/ros2_control_demo_example_12/local_setup.dsv
-- Symlinking: /workspaces/ros2-coding/install/ros2_control_demo_example_12/share/ros2_control_demo_example_12/package.dsv
-- Symlinking: /workspaces/ros2-coding/install/ros2_control_demo_example_12/share/ament_index/resource_index/packages/ros2_control_demo_example_12
-- Symlinking: /workspaces/ros2-coding/install/ros2_control_demo_example_12/share/ament_index/resource_index/hardware_interface__pluginlib__plugin/ros2_control_demo_example_12
-- Symlinking: /workspaces/ros2-coding/install/ros2_control_demo_example_12/share/ament_index/resource_index/controller_interface__pluginlib__plugin/ros2_control_demo_example_12
-- Symlinking: /workspaces/ros2-coding/install/ros2_control_demo_example_12/share/ros2_control_demo_example_12/cmake/ament_cmake_export_dependencies-extras.cmake
-- Symlinking: /workspaces/ros2-coding/install/ros2_control_demo_example_12/share/ros2_control_demo_example_12/cmake/ament_cmake_export_targets-extras.cmake
-- Symlinking: /workspaces/ros2-coding/install/ros2_control_demo_example_12/share/ros2_control_demo_example_12/cmake/ros2_control_demo_example_12Config.cmake
-- Symlinking: /workspaces/ros2-coding/install/ros2_control_demo_example_12/share/ros2_control_demo_example_12/cmake/ros2_control_demo_example_12Config-version.cmake
-- Symlinking: /workspaces/ros2-coding/install/ros2_control_demo_example_12/share/ros2_control_demo_example_12/package.xml
-- Installing: /workspaces/ros2-coding/install/ros2_control_demo_example_12/lib/libros2_control_demo_example_12.so
-- Set non-toolchain portion of runtime path of "/workspaces/ros2-coding/install/ros2_control_demo_example_12/lib/libros2_control_demo_example_12.so" to ""
-- Installing: /workspaces/ros2-coding/install/ros2_control_demo_example_12/lib/libpassthrough_controller.so
-- Set non-toolchain portion of runtime path of "/workspaces/ros2-coding/install/ros2_control_demo_example_12/lib/libpassthrough_controller.so" to ""
-- Installing: /workspaces/ros2-coding/install/ros2_control_demo_example_12/share/ros2_control_demo_example_12/cmake/export_passthrough_controllerExport.cmake
-- Installing: /workspaces/ros2-coding/install/ros2_control_demo_example_12/share/ros2_control_demo_example_12/cmake/export_passthrough_controllerExport-noconfig.cmake
-- Installing: /workspaces/ros2-coding/install/ros2_control_demo_example_12/share/ros2_control_demo_example_12/cmake/export_ros2_control_demo_example_12Export.cmake
-- Installing: /workspaces/ros2-coding/install/ros2_control_demo_example_12/share/ros2_control_demo_example_12/cmake/export_ros2_control_demo_example_12Export-noconfig.cmake
