-- The C compiler identification is GNU 13.3.0
-- The CXX compiler identification is GNU 13.3.0
-- Detecting C compiler ABI info
-- Detecting C compiler ABI info - done
-- Check for working C compiler: /usr/bin/cc - skipped
-- Detecting C compile features
-- Detecting C compile features - done
-- Detecting CXX compiler ABI info
-- Detecting CXX compiler ABI info - done
-- Check for working CXX compiler: /usr/bin/c++ - skipped
-- Detecting CXX compile features
-- Detecting CXX compile features - done
-- Found ros2_control_cmake: 0.2.1 (/workspaces/ros2-coding/install/ros2_control_cmake/share/ros2_control_cmake/cmake)
-- Compiler warnings enabled for GNU
-- Detected GCC Version: 13.3.0 (Major: 13, Minor: 3)
-- Found ament_cmake: 2.5.4 (/opt/ros/jazzy/share/ament_cmake/cmake)
-- Found Python3: /usr/bin/python3 (found version "3.12.3") found components: Interpreter 
-- Override CMake install command with custom implementation using symlinks instead of copying resources
-- Found control_msgs: 5.5.0 (/workspaces/ros2-coding/install/control_msgs/share/control_msgs/cmake)
-- Found rosidl_generator_c: 4.6.6 (/opt/ros/jazzy/share/rosidl_generator_c/cmake)
-- Found rosidl_generator_cpp: 4.6.6 (/opt/ros/jazzy/share/rosidl_generator_cpp/cmake)
-- Using all available rosidl_typesupport_c: rosidl_typesupport_fastrtps_c;rosidl_typesupport_introspection_c
-- Using all available rosidl_typesupport_cpp: rosidl_typesupport_fastrtps_cpp;rosidl_typesupport_introspection_cpp
-- Found control_toolbox: 4.7.0 (/workspaces/ros2-coding/install/control_toolbox/share/control_toolbox/cmake)
-- Found rmw_implementation_cmake: 7.3.2 (/opt/ros/jazzy/share/rmw_implementation_cmake/cmake)
-- Found rmw_fastrtps_cpp: 8.4.3 (/opt/ros/jazzy/share/rmw_fastrtps_cpp/cmake)
-- Found OpenSSL: /usr/lib/x86_64-linux-gnu/libcrypto.so (found version "3.0.13")  
-- Found FastRTPS: /opt/ros/jazzy/include (Required is at least version "2.13") 
-- Using RMW implementation 'rmw_fastrtps_cpp' as default
-- Found eigen3_cmake_module: 0.3.0 (/opt/ros/jazzy/share/eigen3_cmake_module/cmake)
-- Found Eigen3: TRUE (found version "3.4.0") 
-- Ensuring Eigen3 include directory is part of orocos-kdl CMake target
-- Found controller_interface: 4.37.0 (/workspaces/ros2-coding/install/controller_interface/share/controller_interface/cmake)
-- Found ament_cmake_gmock: 2.5.4 (/opt/ros/jazzy/share/ament_cmake_gmock/cmake)
-- Found controller_manager: 4.37.0 (/workspaces/ros2-coding/install/controller_manager/share/controller_manager/cmake)
-- Found ros2_control_test_assets: 4.37.0 (/workspaces/ros2-coding/install/ros2_control_test_assets/share/ros2_control_test_assets/cmake)
-- Found gmock sources under '/opt/ros/jazzy/src/gmock_vendor': C++ tests using 'Google Mock' will be built
-- Found ament_cmake_gtest: 2.5.4 (/opt/ros/jazzy/share/ament_cmake_gtest/cmake)
-- Found gtest sources under '/opt/ros/jazzy/src/gtest_vendor': C++ tests using 'Google Test' will be built
-- Configuring done (5.8s)
-- Generating done (0.2s)
-- Build files have been written to: /workspaces/ros2-coding/build/gripper_controllers
[  7%] [34m[1mRunning `/opt/ros/jazzy/bin/generate_parameter_library_cpp /workspaces/ros2-coding/build/gripper_controllers/include/gripper_controllers/gripper_action_controller_parameters.hpp /workspaces/ros2-coding/turtlesim_ws/src/ros-controls/ros2_controllers/gripper_controllers/src/gripper_action_controller_parameters.yaml `[0m
[ 15%] [34m[1mCreating deprecated header file /workspaces/ros2-coding/build/gripper_controllers/include/gripper_action_controller_parameters.hpp[0m
[ 15%] Built target gripper_action_controller_parameters
[ 23%] [32mBuilding CXX object gmock/CMakeFiles/gmock_main.dir/src/gmock_main.cc.o[0m
[ 30%] [32m[1mLinking CXX static library libgmock_main.a[0m
[ 30%] Built target gmock_main
[ 38%] [32mBuilding CXX object gmock/CMakeFiles/gmock.dir/opt/ros/jazzy/src/gtest_vendor/src/gtest-all.cc.o[0m
[ 46%] [32mBuilding CXX object gmock/CMakeFiles/gmock.dir/src/gmock-all.cc.o[0m
[ 53%] [32m[1mLinking CXX static library libgmock.a[0m
[ 53%] Built target gmock
[ 61%] [32mBuilding CXX object CMakeFiles/gripper_action_controller.dir/src/gripper_action_controller.cpp.o[0m
[ 69%] [32m[1mLinking CXX shared library libgripper_action_controller.so[0m
[ 69%] Built target gripper_action_controller
[ 76%] [32mBuilding CXX object CMakeFiles/test_load_gripper_action_controllers.dir/test/test_load_gripper_action_controllers.cpp.o[0m
[ 84%] [32m[1mLinking CXX executable test_load_gripper_action_controllers[0m
[ 84%] Built target test_load_gripper_action_controllers
[ 92%] [32mBuilding CXX object CMakeFiles/test_gripper_controllers.dir/test/test_gripper_controllers.cpp.o[0m
[100%] [32m[1mLinking CXX executable test_gripper_controllers[0m
[100%] Built target test_gripper_controllers
-- Install configuration: ""
-- Execute custom install script
-- Symlinking: /workspaces/ros2-coding/install/gripper_controllers/include/gripper_controllers/gripper_action_controller_parameters.hpp
-- Symlinking: /workspaces/ros2-coding/install/gripper_controllers/share/gripper_controllers//ros_control_plugins.xml
-- Symlinking: /workspaces/ros2-coding/install/gripper_controllers/include/gripper_action_controller/gripper_controllers/gripper_action_controller.hpp
-- Symlinking: /workspaces/ros2-coding/install/gripper_controllers/include/gripper_action_controller/gripper_controllers/gripper_action_controller_impl.hpp
-- Symlinking: /workspaces/ros2-coding/install/gripper_controllers/include/gripper_action_controller/gripper_controllers/hardware_interface_adapter.hpp
-- Symlinking: /workspaces/ros2-coding/install/gripper_controllers/share/gripper_controllers/environment/library_path.sh
-- Symlinking: /workspaces/ros2-coding/install/gripper_controllers/share/gripper_controllers/environment/library_path.dsv
-- Symlinking: /workspaces/ros2-coding/install/gripper_controllers/share/ament_index/resource_index/package_run_dependencies/gripper_controllers
-- Symlinking: /workspaces/ros2-coding/install/gripper_controllers/share/ament_index/resource_index/parent_prefix_path/gripper_controllers
-- Symlinking: /workspaces/ros2-coding/install/gripper_controllers/share/gripper_controllers/environment/ament_prefix_path.sh
-- Symlinking: /workspaces/ros2-coding/install/gripper_controllers/share/gripper_controllers/environment/ament_prefix_path.dsv
-- Symlinking: /workspaces/ros2-coding/install/gripper_controllers/share/gripper_controllers/environment/path.sh
-- Symlinking: /workspaces/ros2-coding/install/gripper_controllers/share/gripper_controllers/environment/path.dsv
-- Symlinking: /workspaces/ros2-coding/install/gripper_controllers/share/gripper_controllers/local_setup.bash
-- Symlinking: /workspaces/ros2-coding/install/gripper_controllers/share/gripper_controllers/local_setup.sh
-- Symlinking: /workspaces/ros2-coding/install/gripper_controllers/share/gripper_controllers/local_setup.zsh
-- Symlinking: /workspaces/ros2-coding/install/gripper_controllers/share/gripper_controllers/local_setup.dsv
-- Symlinking: /workspaces/ros2-coding/install/gripper_controllers/share/gripper_controllers/package.dsv
-- Symlinking: /workspaces/ros2-coding/install/gripper_controllers/share/ament_index/resource_index/packages/gripper_controllers
-- Symlinking: /workspaces/ros2-coding/install/gripper_controllers/share/ament_index/resource_index/controller_interface__pluginlib__plugin/gripper_controllers
-- Symlinking: /workspaces/ros2-coding/install/gripper_controllers/share/gripper_controllers/cmake/ament_cmake_export_dependencies-extras.cmake
-- Symlinking: /workspaces/ros2-coding/install/gripper_controllers/share/gripper_controllers/cmake/ament_cmake_export_targets-extras.cmake
-- Symlinking: /workspaces/ros2-coding/install/gripper_controllers/share/gripper_controllers/cmake/gripper_controllersConfig.cmake
-- Symlinking: /workspaces/ros2-coding/install/gripper_controllers/share/gripper_controllers/cmake/gripper_controllersConfig-version.cmake
-- Symlinking: /workspaces/ros2-coding/install/gripper_controllers/share/gripper_controllers/package.xml
-- Installing: /workspaces/ros2-coding/install/gripper_controllers/lib/libgripper_action_controller.so
-- Set non-toolchain portion of runtime path of "/workspaces/ros2-coding/install/gripper_controllers/lib/libgripper_action_controller.so" to ""
-- Installing: /workspaces/ros2-coding/install/gripper_controllers/share/gripper_controllers/cmake/export_gripper_action_controllerExport.cmake
-- Installing: /workspaces/ros2-coding/install/gripper_controllers/share/gripper_controllers/cmake/export_gripper_action_controllerExport-noconfig.cmake
