[0.023s] Invoking command in '/workspaces/ros2-coding/build/joint_limits': AMENT_PREFIX_PATH=/workspaces/ros2-coding/install/realtime_tools:/workspaces/ros2-coding/install/ros2_control_cmake:${AMENT_PREFIX_PATH} CMAKE_PREFIX_PATH=/workspaces/ros2-coding/install/realtime_tools:/workspaces/ros2-coding/install/ros2_control_cmake:/opt/ros/jazzy/opt/gz_sim_vendor:/opt/ros/jazzy/opt/gz_sensors_vendor:/opt/ros/jazzy/opt/gz_physics_vendor:/opt/ros/jazzy/opt/sdformat_vendor:/opt/ros/jazzy/opt/gz_gui_vendor:/opt/ros/jazzy/opt/gz_transport_vendor:/opt/ros/jazzy/opt/gz_rendering_vendor:/opt/ros/jazzy/opt/gz_plugin_vendor:/opt/ros/jazzy/opt/gz_fuel_tools_vendor:/opt/ros/jazzy/opt/gz_msgs_vendor:/opt/ros/jazzy/opt/gz_common_vendor:/opt/ros/jazzy/opt/gz_math_vendor:/opt/ros/jazzy/opt/gz_utils_vendor:/opt/ros/jazzy/opt/gz_tools_vendor:/opt/ros/jazzy/opt/gz_ogre_next_vendor:/opt/ros/jazzy/opt/gz_dartsim_vendor:/opt/ros/jazzy/opt/gz_cmake_vendor:/opt/ros/jazzy LD_LIBRARY_PATH=/workspaces/ros2-coding/install/realtime_tools/lib:${LD_LIBRARY_PATH} /usr/bin/cmake /workspaces/ros2-coding/turtlesim_ws/src/ros-controls/ros2_control/joint_limits -DAMENT_CMAKE_SYMLINK_INSTALL=1 -DCMAKE_INSTALL_PREFIX=/workspaces/ros2-coding/install/joint_limits
[0.169s] -- The CXX compiler identification is GNU 13.3.0
[0.196s] -- Detecting CXX compiler ABI info
[0.422s] -- Detecting CXX compiler ABI info - done
[0.458s] -- Check for working CXX compiler: /usr/bin/c++ - skipped
[0.458s] -- Detecting CXX compile features
[0.459s] -- Detecting CXX compile features - done
[0.462s] -- Found ros2_control_cmake: 0.2.1 (/workspaces/ros2-coding/install/ros2_control_cmake/share/ros2_control_cmake/cmake)
[0.463s] -- Compiler warnings enabled for GNU
[0.463s] -- Detected GCC Version: 13.3.0 (Major: 13, Minor: 3)
[0.474s] -- Found ament_cmake: 2.5.4 (/opt/ros/jazzy/share/ament_cmake/cmake)
[0.760s] -- Found Python3: /usr/bin/python3 (found version "3.12.3") found components: Interpreter 
[0.920s] -- Override CMake install command with custom implementation using symlinks instead of copying resources
[1.205s] -- Found pluginlib: 5.4.2 (/opt/ros/jazzy/share/pluginlib/cmake)
[1.362s] -- Found TinyXML2 via Config file: /usr/lib/x86_64-linux-gnu/cmake/tinyxml2
[1.366s] -- Found realtime_tools: 3.8.0 (/workspaces/ros2-coding/install/realtime_tools/share/realtime_tools/cmake)
[1.516s] -- Found rosidl_generator_c: 4.6.6 (/opt/ros/jazzy/share/rosidl_generator_c/cmake)
[1.573s] -- Found rosidl_generator_cpp: 4.6.6 (/opt/ros/jazzy/share/rosidl_generator_cpp/cmake)
[1.632s] -- Using all available rosidl_typesupport_c: rosidl_typesupport_fastrtps_c;rosidl_typesupport_introspection_c
[1.677s] -- Using all available rosidl_typesupport_cpp: rosidl_typesupport_fastrtps_cpp;rosidl_typesupport_introspection_cpp
[1.910s] -- Found rmw_implementation_cmake: 7.3.2 (/opt/ros/jazzy/share/rmw_implementation_cmake/cmake)
[1.924s] -- Found rmw_fastrtps_cpp: 8.4.3 (/opt/ros/jazzy/share/rmw_fastrtps_cpp/cmake)
[2.008s] -- Found TinyXML2 via Config file: /usr/lib/x86_64-linux-gnu/cmake/tinyxml2
[2.151s] -- Found OpenSSL: /usr/lib/x86_64-linux-gnu/libcrypto.so (found version "3.0.13")  
[2.158s] -- Found TinyXML2 via Config file: /usr/lib/x86_64-linux-gnu/cmake/tinyxml2
[2.189s] -- Found FastRTPS: /opt/ros/jazzy/include (Required is at least version "2.13") 
[2.195s] -- Found TinyXML2 via Config file: /usr/lib/x86_64-linux-gnu/cmake/tinyxml2
[2.210s] -- Found TinyXML2 via Config file: /usr/lib/x86_64-linux-gnu/cmake/tinyxml2
[2.228s] -- Using RMW implementation 'rmw_fastrtps_cpp' as default
[2.863s] -- Found rclcpp_lifecycle: 28.1.11 (/opt/ros/jazzy/share/rclcpp_lifecycle/cmake)
[2.971s] -- Found trajectory_msgs: 5.3.6 (/opt/ros/jazzy/share/trajectory_msgs/cmake)
[3.127s] -- Found urdf: 2.10.0 (/opt/ros/jazzy/share/urdf/cmake)
[3.199s] -- Found ament_cmake_gmock: 2.5.4 (/opt/ros/jazzy/share/ament_cmake_gmock/cmake)
[3.210s] -- Found generate_parameter_library: 0.5.0 (/opt/ros/jazzy/share/generate_parameter_library/cmake)
[3.220s] -- Found parameter_traits: 0.5.0 (/opt/ros/jazzy/share/parameter_traits/cmake)
[3.296s] -- Found launch_testing_ament_cmake: 3.4.6 (/opt/ros/jazzy/share/launch_testing_ament_cmake/cmake)
[3.306s] -- Found python_cmake_module: 0.11.1 (/opt/ros/jazzy/share/python_cmake_module/cmake)
[3.596s] -- Found PythonExtra: /usr/bin/python3  
[3.626s] -- Found gmock sources under '/opt/ros/jazzy/src/gmock_vendor': C++ tests using 'Google Mock' will be built
[3.757s] -- The C compiler identification is GNU 13.3.0
[3.801s] -- Detecting C compiler ABI info
[4.090s] -- Detecting C compiler ABI info - done
[4.121s] -- Check for working C compiler: /usr/bin/cc - skipped
[4.123s] -- Detecting C compile features
[4.124s] -- Detecting C compile features - done
[4.156s] -- Found ament_cmake_gtest: 2.5.4 (/opt/ros/jazzy/share/ament_cmake_gtest/cmake)
[4.157s] -- Found gtest sources under '/opt/ros/jazzy/src/gtest_vendor': C++ tests using 'Google Test' will be built
[4.333s] -- Configuring done (4.3s)
[4.483s] -- Generating done (0.1s)
[4.545s] -- Build files have been written to: /workspaces/ros2-coding/build/joint_limits
[4.567s] Invoked command in '/workspaces/ros2-coding/build/joint_limits' returned '0': AMENT_PREFIX_PATH=/workspaces/ros2-coding/install/realtime_tools:/workspaces/ros2-coding/install/ros2_control_cmake:${AMENT_PREFIX_PATH} CMAKE_PREFIX_PATH=/workspaces/ros2-coding/install/realtime_tools:/workspaces/ros2-coding/install/ros2_control_cmake:/opt/ros/jazzy/opt/gz_sim_vendor:/opt/ros/jazzy/opt/gz_sensors_vendor:/opt/ros/jazzy/opt/gz_physics_vendor:/opt/ros/jazzy/opt/sdformat_vendor:/opt/ros/jazzy/opt/gz_gui_vendor:/opt/ros/jazzy/opt/gz_transport_vendor:/opt/ros/jazzy/opt/gz_rendering_vendor:/opt/ros/jazzy/opt/gz_plugin_vendor:/opt/ros/jazzy/opt/gz_fuel_tools_vendor:/opt/ros/jazzy/opt/gz_msgs_vendor:/opt/ros/jazzy/opt/gz_common_vendor:/opt/ros/jazzy/opt/gz_math_vendor:/opt/ros/jazzy/opt/gz_utils_vendor:/opt/ros/jazzy/opt/gz_tools_vendor:/opt/ros/jazzy/opt/gz_ogre_next_vendor:/opt/ros/jazzy/opt/gz_dartsim_vendor:/opt/ros/jazzy/opt/gz_cmake_vendor:/opt/ros/jazzy LD_LIBRARY_PATH=/workspaces/ros2-coding/install/realtime_tools/lib:${LD_LIBRARY_PATH} /usr/bin/cmake /workspaces/ros2-coding/turtlesim_ws/src/ros-controls/ros2_control/joint_limits -DAMENT_CMAKE_SYMLINK_INSTALL=1 -DCMAKE_INSTALL_PREFIX=/workspaces/ros2-coding/install/joint_limits
[4.568s] Invoking command in '/workspaces/ros2-coding/build/joint_limits': AMENT_PREFIX_PATH=/workspaces/ros2-coding/install/realtime_tools:/workspaces/ros2-coding/install/ros2_control_cmake:${AMENT_PREFIX_PATH} CMAKE_PREFIX_PATH=/workspaces/ros2-coding/install/realtime_tools:/workspaces/ros2-coding/install/ros2_control_cmake:/opt/ros/jazzy/opt/gz_sim_vendor:/opt/ros/jazzy/opt/gz_sensors_vendor:/opt/ros/jazzy/opt/gz_physics_vendor:/opt/ros/jazzy/opt/sdformat_vendor:/opt/ros/jazzy/opt/gz_gui_vendor:/opt/ros/jazzy/opt/gz_transport_vendor:/opt/ros/jazzy/opt/gz_rendering_vendor:/opt/ros/jazzy/opt/gz_plugin_vendor:/opt/ros/jazzy/opt/gz_fuel_tools_vendor:/opt/ros/jazzy/opt/gz_msgs_vendor:/opt/ros/jazzy/opt/gz_common_vendor:/opt/ros/jazzy/opt/gz_math_vendor:/opt/ros/jazzy/opt/gz_utils_vendor:/opt/ros/jazzy/opt/gz_tools_vendor:/opt/ros/jazzy/opt/gz_ogre_next_vendor:/opt/ros/jazzy/opt/gz_dartsim_vendor:/opt/ros/jazzy/opt/gz_cmake_vendor:/opt/ros/jazzy LD_LIBRARY_PATH=/workspaces/ros2-coding/install/realtime_tools/lib:${LD_LIBRARY_PATH} /usr/bin/cmake --build /workspaces/ros2-coding/build/joint_limits -- -j2 -l2
[4.678s] [  4%] [34m[1mGenerating joint_limits/version.h[0m
[4.735s] [  4%] Built target ament_generate_version_header__joint_limits
[4.772s] [  8%] [32mBuilding CXX object gmock/CMakeFiles/gmock_main.dir/src/gmock_main.cc.o[0m
[6.467s] [ 12%] [32m[1mLinking CXX static library libgmock_main.a[0m
[6.588s] [ 12%] Built target gmock_main
[6.646s] [ 16%] [32mBuilding CXX object gmock/CMakeFiles/gmock.dir/opt/ros/jazzy/src/gtest_vendor/src/gtest-all.cc.o[0m
[12.919s] [ 20%] [32mBuilding CXX object gmock/CMakeFiles/gmock.dir/src/gmock-all.cc.o[0m
[16.106s] [ 25%] [32m[1mLinking CXX static library libgmock.a[0m
[16.277s] [ 25%] Built target gmock
[16.319s] [ 29%] [32mBuilding CXX object CMakeFiles/joint_limiter_interface.dir/src/joint_limiter_interface.cpp.o[0m
[19.974s] [ 33%] [32m[1mLinking CXX shared library libjoint_limiter_interface.so[0m
[20.209s] [ 33%] Built target joint_limiter_interface
[20.274s] [ 37%] [32mBuilding CXX object CMakeFiles/joint_limits_helpers.dir/src/joint_limits_helpers.cpp.o[0m
[22.387s] [ 41%] [32m[1mLinking CXX shared library libjoint_limits_helpers.so[0m
[22.561s] [ 41%] Built target joint_limits_helpers
[22.603s] [ 45%] [32mBuilding CXX object CMakeFiles/joint_limits_rosparam_test.dir/test/joint_limits_rosparam_test.cpp.o[0m
[28.338s] [ 50%] [32m[1mLinking CXX executable joint_limits_rosparam_test[0m
[28.732s] [ 50%] Built target joint_limits_rosparam_test
[28.806s] [ 54%] [32mBuilding CXX object CMakeFiles/joint_limits_urdf_test.dir/test/joint_limits_urdf_test.cpp.o[0m
[31.479s] [ 58%] [32m[1mLinking CXX executable joint_limits_urdf_test[0m
[31.834s] [ 58%] Built target joint_limits_urdf_test
[31.875s] [ 62%] [32mBuilding CXX object CMakeFiles/test_joint_saturation_limiter.dir/test/test_joint_saturation_limiter.cpp.o[0m
[43.272s] [ 66%] [32m[1mLinking CXX executable test_joint_saturation_limiter[0m
[43.803s] [ 66%] Built target test_joint_saturation_limiter
[43.856s] [ 70%] [32mBuilding CXX object CMakeFiles/test_joint_range_limiter.dir/test/test_joint_range_limiter.cpp.o[0m
[53.739s] [ 75%] [32m[1mLinking CXX executable test_joint_range_limiter[0m
[54.223s] [ 75%] Built target test_joint_range_limiter
[54.263s] [ 79%] [32mBuilding CXX object CMakeFiles/test_joint_soft_limiter.dir/test/test_joint_soft_limiter.cpp.o[0m
[64.645s] [ 83%] [32m[1mLinking CXX executable test_joint_soft_limiter[0m
[65.131s] [ 83%] Built target test_joint_soft_limiter
[65.171s] [ 87%] [32mBuilding CXX object CMakeFiles/joint_saturation_limiter.dir/src/joint_saturation_limiter.cpp.o[0m
[70.343s] [ 91%] [32mBuilding CXX object CMakeFiles/joint_saturation_limiter.dir/src/joint_range_limiter.cpp.o[0m
[75.076s] [ 95%] [32mBuilding CXX object CMakeFiles/joint_saturation_limiter.dir/src/joint_soft_limiter.cpp.o[0m
[80.037s] [100%] [32m[1mLinking CXX shared library libjoint_saturation_limiter.so[0m
[80.368s] [100%] Built target joint_saturation_limiter
[80.418s] Invoked command in '/workspaces/ros2-coding/build/joint_limits' returned '0': AMENT_PREFIX_PATH=/workspaces/ros2-coding/install/realtime_tools:/workspaces/ros2-coding/install/ros2_control_cmake:${AMENT_PREFIX_PATH} CMAKE_PREFIX_PATH=/workspaces/ros2-coding/install/realtime_tools:/workspaces/ros2-coding/install/ros2_control_cmake:/opt/ros/jazzy/opt/gz_sim_vendor:/opt/ros/jazzy/opt/gz_sensors_vendor:/opt/ros/jazzy/opt/gz_physics_vendor:/opt/ros/jazzy/opt/sdformat_vendor:/opt/ros/jazzy/opt/gz_gui_vendor:/opt/ros/jazzy/opt/gz_transport_vendor:/opt/ros/jazzy/opt/gz_rendering_vendor:/opt/ros/jazzy/opt/gz_plugin_vendor:/opt/ros/jazzy/opt/gz_fuel_tools_vendor:/opt/ros/jazzy/opt/gz_msgs_vendor:/opt/ros/jazzy/opt/gz_common_vendor:/opt/ros/jazzy/opt/gz_math_vendor:/opt/ros/jazzy/opt/gz_utils_vendor:/opt/ros/jazzy/opt/gz_tools_vendor:/opt/ros/jazzy/opt/gz_ogre_next_vendor:/opt/ros/jazzy/opt/gz_dartsim_vendor:/opt/ros/jazzy/opt/gz_cmake_vendor:/opt/ros/jazzy LD_LIBRARY_PATH=/workspaces/ros2-coding/install/realtime_tools/lib:${LD_LIBRARY_PATH} /usr/bin/cmake --build /workspaces/ros2-coding/build/joint_limits -- -j2 -l2
[80.420s] Invoking command in '/workspaces/ros2-coding/build/joint_limits': AMENT_PREFIX_PATH=/workspaces/ros2-coding/install/realtime_tools:/workspaces/ros2-coding/install/ros2_control_cmake:${AMENT_PREFIX_PATH} CMAKE_PREFIX_PATH=/workspaces/ros2-coding/install/realtime_tools:/workspaces/ros2-coding/install/ros2_control_cmake:/opt/ros/jazzy/opt/gz_sim_vendor:/opt/ros/jazzy/opt/gz_sensors_vendor:/opt/ros/jazzy/opt/gz_physics_vendor:/opt/ros/jazzy/opt/sdformat_vendor:/opt/ros/jazzy/opt/gz_gui_vendor:/opt/ros/jazzy/opt/gz_transport_vendor:/opt/ros/jazzy/opt/gz_rendering_vendor:/opt/ros/jazzy/opt/gz_plugin_vendor:/opt/ros/jazzy/opt/gz_fuel_tools_vendor:/opt/ros/jazzy/opt/gz_msgs_vendor:/opt/ros/jazzy/opt/gz_common_vendor:/opt/ros/jazzy/opt/gz_math_vendor:/opt/ros/jazzy/opt/gz_utils_vendor:/opt/ros/jazzy/opt/gz_tools_vendor:/opt/ros/jazzy/opt/gz_ogre_next_vendor:/opt/ros/jazzy/opt/gz_dartsim_vendor:/opt/ros/jazzy/opt/gz_cmake_vendor:/opt/ros/jazzy LD_LIBRARY_PATH=/workspaces/ros2-coding/install/realtime_tools/lib:${LD_LIBRARY_PATH} /usr/bin/cmake --install /workspaces/ros2-coding/build/joint_limits
[80.441s] -- Install configuration: ""
[80.441s] -- Execute custom install script
[80.442s] -- Symlinking: /workspaces/ros2-coding/install/joint_limits/share/joint_limits//joint_limiters.xml
[80.457s] -- Symlinking: /workspaces/ros2-coding/install/joint_limits/lib/joint_limits/joint_limits_rosparam_test
[80.473s] -- Symlinking: /workspaces/ros2-coding/install/joint_limits/share/joint_limits/test/joint_limits_rosparam.yaml
[80.488s] -- Symlinking: /workspaces/ros2-coding/install/joint_limits/share/joint_limits/test/joint_saturation_limiter_param.yaml
[80.507s] -- Symlinking: /workspaces/ros2-coding/install/joint_limits/include/joint_limits/joint_limits/data_structures.hpp
[80.521s] -- Symlinking: /workspaces/ros2-coding/install/joint_limits/include/joint_limits/joint_limits/joint_limiter_interface.hpp
[80.540s] -- Symlinking: /workspaces/ros2-coding/install/joint_limits/include/joint_limits/joint_limits/joint_limits.hpp
[80.581s] -- Symlinking: /workspaces/ros2-coding/install/joint_limits/include/joint_limits/joint_limits/joint_limits_helpers.hpp
[80.627s] -- Symlinking: /workspaces/ros2-coding/install/joint_limits/include/joint_limits/joint_limits/joint_limits_rosparam.hpp
[80.648s] -- Symlinking: /workspaces/ros2-coding/install/joint_limits/include/joint_limits/joint_limits/joint_limits_urdf.hpp
[80.665s] -- Symlinking: /workspaces/ros2-coding/install/joint_limits/include/joint_limits/joint_limits/joint_saturation_limiter.hpp
[80.685s] -- Symlinking: /workspaces/ros2-coding/install/joint_limits/include/joint_limits/joint_limits/joint_soft_limiter.hpp
[80.710s] -- Symlinking: /workspaces/ros2-coding/install/joint_limits/share/joint_limits/environment/library_path.sh
[80.729s] -- Symlinking: /workspaces/ros2-coding/install/joint_limits/share/joint_limits/environment/library_path.dsv
[80.745s] -- Symlinking: /workspaces/ros2-coding/install/joint_limits/share/ament_index/resource_index/package_run_dependencies/joint_limits
[80.763s] -- Symlinking: /workspaces/ros2-coding/install/joint_limits/share/ament_index/resource_index/parent_prefix_path/joint_limits
[80.783s] -- Symlinking: /workspaces/ros2-coding/install/joint_limits/share/joint_limits/environment/ament_prefix_path.sh
[80.800s] -- Symlinking: /workspaces/ros2-coding/install/joint_limits/share/joint_limits/environment/ament_prefix_path.dsv
[80.838s] -- Symlinking: /workspaces/ros2-coding/install/joint_limits/share/joint_limits/environment/path.sh
[80.880s] -- Symlinking: /workspaces/ros2-coding/install/joint_limits/share/joint_limits/environment/path.dsv
[80.918s] -- Symlinking: /workspaces/ros2-coding/install/joint_limits/share/joint_limits/local_setup.bash
[80.957s] -- Symlinking: /workspaces/ros2-coding/install/joint_limits/share/joint_limits/local_setup.sh
[80.973s] -- Symlinking: /workspaces/ros2-coding/install/joint_limits/share/joint_limits/local_setup.zsh
[80.991s] -- Symlinking: /workspaces/ros2-coding/install/joint_limits/share/joint_limits/local_setup.dsv
[81.010s] -- Symlinking: /workspaces/ros2-coding/install/joint_limits/share/joint_limits/package.dsv
[81.028s] -- Symlinking: /workspaces/ros2-coding/install/joint_limits/share/ament_index/resource_index/packages/joint_limits
[81.046s] -- Symlinking: /workspaces/ros2-coding/install/joint_limits/share/ament_index/resource_index/joint_limits__pluginlib__plugin/joint_limits
[81.062s] -- Symlinking: /workspaces/ros2-coding/install/joint_limits/share/joint_limits/cmake/ament_cmake_export_targets-extras.cmake
[81.082s] -- Symlinking: /workspaces/ros2-coding/install/joint_limits/share/joint_limits/cmake/ament_cmake_export_dependencies-extras.cmake
[81.102s] -- Symlinking: /workspaces/ros2-coding/install/joint_limits/share/joint_limits/cmake/joint_limitsConfig.cmake
[81.116s] -- Symlinking: /workspaces/ros2-coding/install/joint_limits/share/joint_limits/cmake/joint_limitsConfig-version.cmake
[81.134s] -- Symlinking: /workspaces/ros2-coding/install/joint_limits/share/joint_limits/package.xml
[81.149s] -- Symlinking: /workspaces/ros2-coding/install/joint_limits/include/joint_limits/joint_limits/version.h
[81.165s] -- Installing: /workspaces/ros2-coding/install/joint_limits/lib/libjoint_limiter_interface.so
[81.168s] -- Set non-toolchain portion of runtime path of "/workspaces/ros2-coding/install/joint_limits/lib/libjoint_limiter_interface.so" to ""
[81.168s] -- Installing: /workspaces/ros2-coding/install/joint_limits/lib/libjoint_saturation_limiter.so
[81.169s] -- Set non-toolchain portion of runtime path of "/workspaces/ros2-coding/install/joint_limits/lib/libjoint_saturation_limiter.so" to ""
[81.169s] -- Installing: /workspaces/ros2-coding/install/joint_limits/lib/libjoint_limits_helpers.so
[81.172s] -- Set non-toolchain portion of runtime path of "/workspaces/ros2-coding/install/joint_limits/lib/libjoint_limits_helpers.so" to ""
[81.173s] -- Installing: /workspaces/ros2-coding/install/joint_limits/share/joint_limits/cmake/export_joint_limitsExport.cmake
[81.173s] -- Installing: /workspaces/ros2-coding/install/joint_limits/share/joint_limits/cmake/export_joint_limitsExport-noconfig.cmake
[81.175s] Invoked command in '/workspaces/ros2-coding/build/joint_limits' returned '0': AMENT_PREFIX_PATH=/workspaces/ros2-coding/install/realtime_tools:/workspaces/ros2-coding/install/ros2_control_cmake:${AMENT_PREFIX_PATH} CMAKE_PREFIX_PATH=/workspaces/ros2-coding/install/realtime_tools:/workspaces/ros2-coding/install/ros2_control_cmake:/opt/ros/jazzy/opt/gz_sim_vendor:/opt/ros/jazzy/opt/gz_sensors_vendor:/opt/ros/jazzy/opt/gz_physics_vendor:/opt/ros/jazzy/opt/sdformat_vendor:/opt/ros/jazzy/opt/gz_gui_vendor:/opt/ros/jazzy/opt/gz_transport_vendor:/opt/ros/jazzy/opt/gz_rendering_vendor:/opt/ros/jazzy/opt/gz_plugin_vendor:/opt/ros/jazzy/opt/gz_fuel_tools_vendor:/opt/ros/jazzy/opt/gz_msgs_vendor:/opt/ros/jazzy/opt/gz_common_vendor:/opt/ros/jazzy/opt/gz_math_vendor:/opt/ros/jazzy/opt/gz_utils_vendor:/opt/ros/jazzy/opt/gz_tools_vendor:/opt/ros/jazzy/opt/gz_ogre_next_vendor:/opt/ros/jazzy/opt/gz_dartsim_vendor:/opt/ros/jazzy/opt/gz_cmake_vendor:/opt/ros/jazzy LD_LIBRARY_PATH=/workspaces/ros2-coding/install/realtime_tools/lib:${LD_LIBRARY_PATH} /usr/bin/cmake --install /workspaces/ros2-coding/build/joint_limits
