-- The CXX compiler identification is GNU 13.3.0
-- Detecting CXX compiler ABI info
-- Detecting CXX compiler ABI info - done
-- Check for working CXX compiler: /usr/bin/c++ - skipped
-- Detecting CXX compile features
-- Detecting CXX compile features - done
-- Found ros2_control_cmake: 0.2.1 (/workspaces/ros2-coding/install/ros2_control_cmake/share/ros2_control_cmake/cmake)
-- Compiler warnings enabled for GNU
-- Detected GCC Version: 13.3.0 (Major: 13, Minor: 3)
-- Found controller_manager: 4.37.0 (/workspaces/ros2-coding/install/controller_manager/share/controller_manager/cmake)
-- Found Python3: /usr/bin/python3 (found version "3.12.3") found components: Interpreter 
-- Override CMake install command with custom implementation using symlinks instead of copying resources
-- Found rosidl_generator_c: 4.6.6 (/opt/ros/jazzy/share/rosidl_generator_c/cmake)
-- Found rosidl_generator_cpp: 4.6.6 (/opt/ros/jazzy/share/rosidl_generator_cpp/cmake)
-- Using all available rosidl_typesupport_c: rosidl_typesupport_fastrtps_c;rosidl_typesupport_introspection_c
-- Using all available rosidl_typesupport_cpp: rosidl_typesupport_fastrtps_cpp;rosidl_typesupport_introspection_cpp
-- Found rmw_implementation_cmake: 7.3.2 (/opt/ros/jazzy/share/rmw_implementation_cmake/cmake)
-- Found rmw_fastrtps_cpp: 8.4.3 (/opt/ros/jazzy/share/rmw_fastrtps_cpp/cmake)
-- Found OpenSSL: /usr/lib/x86_64-linux-gnu/libcrypto.so (found version "3.0.13")  
-- Found FastRTPS: /opt/ros/jazzy/include (Required is at least version "2.13") 
-- Using RMW implementation 'rmw_fastrtps_cpp' as default
-- Found ament_cmake_pytest: 2.5.4 (/opt/ros/jazzy/share/ament_cmake_pytest/cmake)
-- Configuring done (7.1s)
-- Generating done (0.1s)
-- Build files have been written to: /workspaces/ros2-coding/build/ros2_control_demo_example_1
[ 50%] [32mBuilding CXX object CMakeFiles/ros2_control_demo_example_1.dir/hardware/rrbot.cpp.o[0m
[01m[K/workspaces/ros2-coding/turtlesim_ws/src/ros-controls/ros2_control_demos/example_1/hardware/rrbot.cpp:[m[K In member function ‘[01m[Kvirtual hardware_interface::CallbackReturn ros2_control_demo_example_1::RRBotSystemPositionOnlyHardware::[01;32m[Kon_init[m[K(const hardware_interface::HardwareInfo&)[m[K’:
[01m[K/workspaces/ros2-coding/turtlesim_ws/src/ros-controls/ros2_control_demos/example_1/hardware/rrbot.cpp:35:49:[m[K [01;35m[Kwarning: [m[K‘[01m[Kvirtual rclcpp_lifecycle::node_interfaces::LifecycleNodeInterface::CallbackReturn hardware_interface::HardwareComponentInterface::[01;32m[Kon_init[m[K(const hardware_interface::HardwareInfo&)[m[K’ is deprecated: Use on_init(const HardwareComponentInterfaceParams & params) instead. [[01;35m[K]8;;https://gcc.gnu.org/onlinedocs/gcc/Warning-Options.html#index-Wdeprecated-declarations-Wdeprecated-declarations]8;;[m[K]
   35 |     [01;35m[Khardware_interface::SystemInterface::on_init(info)[m[K !=
      |     [01;35m[K~~~~~~~~~~~~~~~~~~~~~~~~~~~~~~~~~~~~~~~~~~~~^~~~~~[m[K
In file included from [01m[K/workspaces/ros2-coding/install/hardware_interface/include/hardware_interface/hardware_interface/system_interface.hpp:18[m[K,
                 from [01m[K/workspaces/ros2-coding/turtlesim_ws/src/ros-controls/ros2_control_demos/example_1/hardware/include/ros2_control_demo_example_1/rrbot.hpp:24[m[K,
                 from [01m[K/workspaces/ros2-coding/turtlesim_ws/src/ros-controls/ros2_control_demos/example_1/hardware/rrbot.cpp:15[m[K:
[01m[K/workspaces/ros2-coding/install/hardware_interface/include/hardware_interface/hardware_interface/hardware_component_interface.hpp:209:26:[m[K [01;36m[Knote: [m[Kdeclared here
  209 |   virtual CallbackReturn [01;36m[Kon_init[m[K(const HardwareInfo & hardware_info)
      |                          [01;36m[K^~~~~~~[m[K
[100%] [32m[1mLinking CXX shared library libros2_control_demo_example_1.so[0m
[100%] Built target ros2_control_demo_example_1
-- Install configuration: ""
-- Execute custom install script
-- Symlinking: /workspaces/ros2-coding/install/ros2_control_demo_example_1/share/ros2_control_demo_example_1//ros2_control_demo_example_1.xml
-- Symlinking: /workspaces/ros2-coding/install/ros2_control_demo_example_1/include/ros2_control_demo_example_1/ros2_control_demo_example_1/rrbot.hpp
-- Symlinking: /workspaces/ros2-coding/install/ros2_control_demo_example_1/share/ros2_control_demo_example_1/launch/view_robot.launch.py
-- Symlinking: /workspaces/ros2-coding/install/ros2_control_demo_example_1/share/ros2_control_demo_example_1/ros2_control/rrbot.ros2_control.xacro
-- Symlinking: /workspaces/ros2-coding/install/ros2_control_demo_example_1/share/ros2_control_demo_example_1/urdf/rrbot.urdf.xacro
-- Symlinking: /workspaces/ros2-coding/install/ros2_control_demo_example_1/share/ros2_control_demo_example_1/launch/rrbot.launch.py
-- Symlinking: /workspaces/ros2-coding/install/ros2_control_demo_example_1/share/ros2_control_demo_example_1/launch/test_forward_position_controller.launch.py
-- Symlinking: /workspaces/ros2-coding/install/ros2_control_demo_example_1/share/ros2_control_demo_example_1/launch/test_joint_trajectory_controller.launch.py
-- Symlinking: /workspaces/ros2-coding/install/ros2_control_demo_example_1/share/ros2_control_demo_example_1/config/rrbot_controllers.yaml
-- Symlinking: /workspaces/ros2-coding/install/ros2_control_demo_example_1/share/ros2_control_demo_example_1/config/rrbot_forward_position_publisher.yaml
-- Symlinking: /workspaces/ros2-coding/install/ros2_control_demo_example_1/share/ros2_control_demo_example_1/config/rrbot_joint_trajectory_publisher.yaml
-- Symlinking: /workspaces/ros2-coding/install/ros2_control_demo_example_1/share/ros2_control_demo_example_1/config/rrbot_jtc.yaml
-- Symlinking: /workspaces/ros2-coding/install/ros2_control_demo_example_1/share/ros2_control_demo_example_1/environment/library_path.sh
-- Symlinking: /workspaces/ros2-coding/install/ros2_control_demo_example_1/share/ros2_control_demo_example_1/environment/library_path.dsv
-- Symlinking: /workspaces/ros2-coding/install/ros2_control_demo_example_1/share/ament_index/resource_index/package_run_dependencies/ros2_control_demo_example_1
-- Symlinking: /workspaces/ros2-coding/install/ros2_control_demo_example_1/share/ament_index/resource_index/parent_prefix_path/ros2_control_demo_example_1
-- Symlinking: /workspaces/ros2-coding/install/ros2_control_demo_example_1/share/ros2_control_demo_example_1/environment/ament_prefix_path.sh
-- Symlinking: /workspaces/ros2-coding/install/ros2_control_demo_example_1/share/ros2_control_demo_example_1/environment/ament_prefix_path.dsv
-- Symlinking: /workspaces/ros2-coding/install/ros2_control_demo_example_1/share/ros2_control_demo_example_1/environment/path.sh
-- Symlinking: /workspaces/ros2-coding/install/ros2_control_demo_example_1/share/ros2_control_demo_example_1/environment/path.dsv
-- Symlinking: /workspaces/ros2-coding/install/ros2_control_demo_example_1/share/ros2_control_demo_example_1/local_setup.bash
-- Symlinking: /workspaces/ros2-coding/install/ros2_control_demo_example_1/share/ros2_control_demo_example_1/local_setup.sh
-- Symlinking: /workspaces/ros2-coding/install/ros2_control_demo_example_1/share/ros2_control_demo_example_1/local_setup.zsh
-- Symlinking: /workspaces/ros2-coding/install/ros2_control_demo_example_1/share/ros2_control_demo_example_1/local_setup.dsv
-- Symlinking: /workspaces/ros2-coding/install/ros2_control_demo_example_1/share/ros2_control_demo_example_1/package.dsv
-- Symlinking: /workspaces/ros2-coding/install/ros2_control_demo_example_1/share/ament_index/resource_index/packages/ros2_control_demo_example_1
-- Symlinking: /workspaces/ros2-coding/install/ros2_control_demo_example_1/share/ament_index/resource_index/hardware_interface__pluginlib__plugin/ros2_control_demo_example_1
-- Symlinking: /workspaces/ros2-coding/install/ros2_control_demo_example_1/share/ros2_control_demo_example_1/cmake/ament_cmake_export_targets-extras.cmake
-- Symlinking: /workspaces/ros2-coding/install/ros2_control_demo_example_1/share/ros2_control_demo_example_1/cmake/ament_cmake_export_dependencies-extras.cmake
-- Symlinking: /workspaces/ros2-coding/install/ros2_control_demo_example_1/share/ros2_control_demo_example_1/cmake/ros2_control_demo_example_1Config.cmake
-- Symlinking: /workspaces/ros2-coding/install/ros2_control_demo_example_1/share/ros2_control_demo_example_1/cmake/ros2_control_demo_example_1Config-version.cmake
-- Symlinking: /workspaces/ros2-coding/install/ros2_control_demo_example_1/share/ros2_control_demo_example_1/package.xml
-- Installing: /workspaces/ros2-coding/install/ros2_control_demo_example_1/lib/libros2_control_demo_example_1.so
-- Set non-toolchain portion of runtime path of "/workspaces/ros2-coding/install/ros2_control_demo_example_1/lib/libros2_control_demo_example_1.so" to ""
-- Installing: /workspaces/ros2-coding/install/ros2_control_demo_example_1/share/ros2_control_demo_example_1/cmake/export_ros2_control_demo_example_1Export.cmake
-- Installing: /workspaces/ros2-coding/install/ros2_control_demo_example_1/share/ros2_control_demo_example_1/cmake/export_ros2_control_demo_example_1Export-noconfig.cmake
