-- The C compiler identification is GNU 13.3.0
-- The CXX compiler identification is GNU 13.3.0
-- Detecting C compiler ABI info
-- Detecting C compiler ABI info - done
-- Check for working C compiler: /usr/bin/cc - skipped
-- Detecting C compile features
-- Detecting C compile features - done
-- Detecting CXX compiler ABI info
-- Detecting CXX compiler ABI info - done
-- Check for working CXX compiler: /usr/bin/c++ - skipped
-- Detecting CXX compile features
-- Detecting CXX compile features - done
-- Found ros2_control_cmake: 0.2.1 (/workspaces/ros2-coding/install/ros2_control_cmake/share/ros2_control_cmake/cmake)
-- Compiler warnings enabled for GNU
-- Detected GCC Version: 13.3.0 (Major: 13, Minor: 3)
-- Found ament_cmake: 2.5.4 (/opt/ros/jazzy/share/ament_cmake/cmake)
-- Found Python3: /usr/bin/python3 (found version "3.12.3") found components: Interpreter 
-- Override CMake install command with custom implementation using symlinks instead of copying resources
-- Found ackermann_msgs: 2.0.2 (/opt/ros/jazzy/share/ackermann_msgs/cmake)
-- Found rosidl_generator_c: 4.6.6 (/opt/ros/jazzy/share/rosidl_generator_c/cmake)
-- Found rosidl_generator_cpp: 4.6.6 (/opt/ros/jazzy/share/rosidl_generator_cpp/cmake)
-- Using all available rosidl_typesupport_c: rosidl_typesupport_fastrtps_c;rosidl_typesupport_introspection_c
-- Using all available rosidl_typesupport_cpp: rosidl_typesupport_fastrtps_cpp;rosidl_typesupport_introspection_cpp
-- Found controller_interface: 4.37.0 (/workspaces/ros2-coding/install/controller_interface/share/controller_interface/cmake)
-- Found TinyXML2 via Config file: /usr/lib/x86_64-linux-gnu/cmake/tinyxml2
-- Found rmw_implementation_cmake: 7.3.2 (/opt/ros/jazzy/share/rmw_implementation_cmake/cmake)
-- Found rmw_fastrtps_cpp: 8.4.3 (/opt/ros/jazzy/share/rmw_fastrtps_cpp/cmake)
-- Found TinyXML2 via Config file: /usr/lib/x86_64-linux-gnu/cmake/tinyxml2
-- Found OpenSSL: /usr/lib/x86_64-linux-gnu/libcrypto.so (found version "3.0.13")  
-- Found TinyXML2 via Config file: /usr/lib/x86_64-linux-gnu/cmake/tinyxml2
-- Found FastRTPS: /opt/ros/jazzy/include (Required is at least version "2.13") 
-- Found TinyXML2 via Config file: /usr/lib/x86_64-linux-gnu/cmake/tinyxml2
-- Found TinyXML2 via Config file: /usr/lib/x86_64-linux-gnu/cmake/tinyxml2
-- Using RMW implementation 'rmw_fastrtps_cpp' as default
-- Found generate_parameter_library: 0.5.0 (/opt/ros/jazzy/share/generate_parameter_library/cmake)
-- Found parameter_traits: 0.5.0 (/opt/ros/jazzy/share/parameter_traits/cmake)
-- Found nav_msgs: 5.3.6 (/opt/ros/jazzy/share/nav_msgs/cmake)
-- Found std_srvs: 5.3.6 (/opt/ros/jazzy/share/std_srvs/cmake)
-- Found tf2: 0.36.14 (/opt/ros/jazzy/share/tf2/cmake)
-- Found tf2_msgs: 0.36.14 (/opt/ros/jazzy/share/tf2_msgs/cmake)
-- Found ament_cmake_gmock: 2.5.4 (/opt/ros/jazzy/share/ament_cmake_gmock/cmake)
-- Found controller_manager: 4.37.0 (/workspaces/ros2-coding/install/controller_manager/share/controller_manager/cmake)
-- Found ros2_control_test_assets: 4.37.0 (/workspaces/ros2-coding/install/ros2_control_test_assets/share/ros2_control_test_assets/cmake)
-- Found gmock sources under '/opt/ros/jazzy/src/gmock_vendor': C++ tests using 'Google Mock' will be built
-- Found ament_cmake_gtest: 2.5.4 (/opt/ros/jazzy/share/ament_cmake_gtest/cmake)
-- Found gtest sources under '/opt/ros/jazzy/src/gtest_vendor': C++ tests using 'Google Test' will be built
-- Configuring done (4.8s)
-- Generating done (0.2s)
-- Build files have been written to: /workspaces/ros2-coding/build/tricycle_controller
[  5%] [34m[1mRunning `/opt/ros/jazzy/bin/generate_parameter_library_cpp /workspaces/ros2-coding/build/tricycle_controller/include/tricycle_controller/tricycle_controller_parameters.hpp /workspaces/ros2-coding/turtlesim_ws/src/ros-controls/ros2_controllers/tricycle_controller/src/tricycle_controller_parameter.yaml `[0m
[ 11%] [34m[1mCreating deprecated header file /workspaces/ros2-coding/build/tricycle_controller/include/tricycle_controller_parameters.hpp[0m
[ 11%] Built target tricycle_controller_parameters
[ 16%] [32mBuilding CXX object gmock/CMakeFiles/gmock_main.dir/src/gmock_main.cc.o[0m
[ 22%] [32m[1mLinking CXX static library libgmock_main.a[0m
[ 22%] Built target gmock_main
[ 27%] [32mBuilding CXX object gmock/CMakeFiles/gmock.dir/opt/ros/jazzy/src/gtest_vendor/src/gtest-all.cc.o[0m
[ 33%] [32mBuilding CXX object gmock/CMakeFiles/gmock.dir/src/gmock-all.cc.o[0m
[ 38%] [32m[1mLinking CXX static library libgmock.a[0m
[ 38%] Built target gmock
[ 44%] [32mBuilding CXX object CMakeFiles/tricycle_controller.dir/src/tricycle_controller.cpp.o[0m
[ 50%] [32mBuilding CXX object CMakeFiles/tricycle_controller.dir/src/odometry.cpp.o[0m
[ 55%] [32mBuilding CXX object CMakeFiles/tricycle_controller.dir/src/traction_limiter.cpp.o[0m
[ 61%] [32mBuilding CXX object CMakeFiles/tricycle_controller.dir/src/steering_limiter.cpp.o[0m
[ 66%] [32m[1mLinking CXX shared library libtricycle_controller.so[0m
[ 66%] Built target tricycle_controller
[ 72%] [32mBuilding CXX object CMakeFiles/test_tricycle_controller.dir/test/test_tricycle_controller.cpp.o[0m
[ 77%] [32m[1mLinking CXX executable test_tricycle_controller[0m
[ 77%] Built target test_tricycle_controller
[ 83%] [32mBuilding CXX object CMakeFiles/test_load_tricycle_controller.dir/test/test_load_tricycle_controller.cpp.o[0m
[ 88%] [32m[1mLinking CXX executable test_load_tricycle_controller[0m
[ 88%] Built target test_load_tricycle_controller
[ 94%] [32mBuilding CXX object CMakeFiles/test_traction_limiter.dir/test/test_traction_limiter.cpp.o[0m
[100%] [32m[1mLinking CXX executable test_traction_limiter[0m
[100%] Built target test_traction_limiter
-- Install configuration: ""
-- Execute custom install script
-- Symlinking: /workspaces/ros2-coding/install/tricycle_controller/include/tricycle_controller/tricycle_controller_parameters.hpp
-- Symlinking: /workspaces/ros2-coding/install/tricycle_controller/share/tricycle_controller//tricycle_controller.xml
-- Symlinking: /workspaces/ros2-coding/install/tricycle_controller/include/tricycle_controller/tricycle_controller/odometry.hpp
-- Symlinking: /workspaces/ros2-coding/install/tricycle_controller/include/tricycle_controller/tricycle_controller/steering_limiter.hpp
-- Symlinking: /workspaces/ros2-coding/install/tricycle_controller/include/tricycle_controller/tricycle_controller/traction_limiter.hpp
-- Symlinking: /workspaces/ros2-coding/install/tricycle_controller/include/tricycle_controller/tricycle_controller/tricycle_controller.hpp
-- Symlinking: /workspaces/ros2-coding/install/tricycle_controller/share/tricycle_controller/environment/library_path.sh
-- Symlinking: /workspaces/ros2-coding/install/tricycle_controller/share/tricycle_controller/environment/library_path.dsv
-- Symlinking: /workspaces/ros2-coding/install/tricycle_controller/share/ament_index/resource_index/package_run_dependencies/tricycle_controller
-- Symlinking: /workspaces/ros2-coding/install/tricycle_controller/share/ament_index/resource_index/parent_prefix_path/tricycle_controller
-- Symlinking: /workspaces/ros2-coding/install/tricycle_controller/share/tricycle_controller/environment/ament_prefix_path.sh
-- Symlinking: /workspaces/ros2-coding/install/tricycle_controller/share/tricycle_controller/environment/ament_prefix_path.dsv
-- Symlinking: /workspaces/ros2-coding/install/tricycle_controller/share/tricycle_controller/environment/path.sh
-- Symlinking: /workspaces/ros2-coding/install/tricycle_controller/share/tricycle_controller/environment/path.dsv
-- Symlinking: /workspaces/ros2-coding/install/tricycle_controller/share/tricycle_controller/local_setup.bash
-- Symlinking: /workspaces/ros2-coding/install/tricycle_controller/share/tricycle_controller/local_setup.sh
-- Symlinking: /workspaces/ros2-coding/install/tricycle_controller/share/tricycle_controller/local_setup.zsh
-- Symlinking: /workspaces/ros2-coding/install/tricycle_controller/share/tricycle_controller/local_setup.dsv
-- Symlinking: /workspaces/ros2-coding/install/tricycle_controller/share/tricycle_controller/package.dsv
-- Symlinking: /workspaces/ros2-coding/install/tricycle_controller/share/ament_index/resource_index/packages/tricycle_controller
-- Symlinking: /workspaces/ros2-coding/install/tricycle_controller/share/ament_index/resource_index/controller_interface__pluginlib__plugin/tricycle_controller
-- Symlinking: /workspaces/ros2-coding/install/tricycle_controller/share/tricycle_controller/cmake/ament_cmake_export_dependencies-extras.cmake
-- Symlinking: /workspaces/ros2-coding/install/tricycle_controller/share/tricycle_controller/cmake/ament_cmake_export_targets-extras.cmake
-- Symlinking: /workspaces/ros2-coding/install/tricycle_controller/share/tricycle_controller/cmake/tricycle_controllerConfig.cmake
-- Symlinking: /workspaces/ros2-coding/install/tricycle_controller/share/tricycle_controller/cmake/tricycle_controllerConfig-version.cmake
-- Symlinking: /workspaces/ros2-coding/install/tricycle_controller/share/tricycle_controller/package.xml
-- Installing: /workspaces/ros2-coding/install/tricycle_controller/lib/libtricycle_controller.so
-- Set non-toolchain portion of runtime path of "/workspaces/ros2-coding/install/tricycle_controller/lib/libtricycle_controller.so" to ""
-- Installing: /workspaces/ros2-coding/install/tricycle_controller/share/tricycle_controller/cmake/export_tricycle_controllerExport.cmake
-- Installing: /workspaces/ros2-coding/install/tricycle_controller/share/tricycle_controller/cmake/export_tricycle_controllerExport-noconfig.cmake
