-- The CXX compiler identification is GNU 13.3.0
-- Detecting CXX compiler ABI info
-- Detecting CXX compiler ABI info - done
-- Check for working CXX compiler: /usr/bin/c++ - skipped
-- Detecting CXX compile features
-- Detecting CXX compile features - done
-- Found ros2_control_cmake: 0.2.1 (/workspaces/ros2-coding/install/ros2_control_cmake/share/ros2_control_cmake/cmake)
-- Compiler warnings enabled for GNU
-- Detected GCC Version: 13.3.0 (Major: 13, Minor: 3)
-- Found ament_cmake: 2.5.4 (/opt/ros/jazzy/share/ament_cmake/cmake)
-- Found Python3: /usr/bin/python3 (found version "3.12.3") found components: Interpreter 
-- Override CMake install command with custom implementation using symlinks instead of copying resources
-- Found control_msgs: 5.5.0 (/workspaces/ros2-coding/install/control_msgs/share/control_msgs/cmake)
-- Found rosidl_generator_c: 4.6.6 (/opt/ros/jazzy/share/rosidl_generator_c/cmake)
-- Found rosidl_generator_cpp: 4.6.6 (/opt/ros/jazzy/share/rosidl_generator_cpp/cmake)
-- Using all available rosidl_typesupport_c: rosidl_typesupport_fastrtps_c;rosidl_typesupport_introspection_c
-- Using all available rosidl_typesupport_cpp: rosidl_typesupport_fastrtps_cpp;rosidl_typesupport_introspection_cpp
-- Found lifecycle_msgs: 2.0.3 (/opt/ros/jazzy/share/lifecycle_msgs/cmake)
-- Found pluginlib: 5.4.2 (/opt/ros/jazzy/share/pluginlib/cmake)
-- Found TinyXML2 via Config file: /usr/lib/x86_64-linux-gnu/cmake/tinyxml2
-- Found rclcpp_lifecycle: 28.1.11 (/opt/ros/jazzy/share/rclcpp_lifecycle/cmake)
-- Found rmw_implementation_cmake: 7.3.2 (/opt/ros/jazzy/share/rmw_implementation_cmake/cmake)
-- Found rmw_fastrtps_cpp: 8.4.3 (/opt/ros/jazzy/share/rmw_fastrtps_cpp/cmake)
-- Found TinyXML2 via Config file: /usr/lib/x86_64-linux-gnu/cmake/tinyxml2
-- Found OpenSSL: /usr/lib/x86_64-linux-gnu/libcrypto.so (found version "3.0.13")  
-- Found TinyXML2 via Config file: /usr/lib/x86_64-linux-gnu/cmake/tinyxml2
-- Found FastRTPS: /opt/ros/jazzy/include (Required is at least version "2.13") 
-- Found TinyXML2 via Config file: /usr/lib/x86_64-linux-gnu/cmake/tinyxml2
-- Found TinyXML2 via Config file: /usr/lib/x86_64-linux-gnu/cmake/tinyxml2
-- Using RMW implementation 'rmw_fastrtps_cpp' as default
-- Found realtime_tools: 3.8.0 (/workspaces/ros2-coding/install/realtime_tools/share/realtime_tools/cmake)
-- Found TinyXML2 via Config file: /usr/lib/x86_64-linux-gnu/cmake/tinyxml2
-- Found joint_limits: 4.37.0 (/workspaces/ros2-coding/install/joint_limits/share/joint_limits/cmake)
-- Found pal_statistics: 2.6.4 (/opt/ros/jazzy/share/pal_statistics/cmake)
-- Found ament_cmake_gmock: 2.5.4 (/opt/ros/jazzy/share/ament_cmake_gmock/cmake)
-- Found ros2_control_test_assets: 4.37.0 (/workspaces/ros2-coding/install/ros2_control_test_assets/share/ros2_control_test_assets/cmake)
-- Found gmock sources under '/opt/ros/jazzy/src/gmock_vendor': C++ tests using 'Google Mock' will be built
-- The C compiler identification is GNU 13.3.0
-- Detecting C compiler ABI info
-- Detecting C compiler ABI info - done
-- Check for working C compiler: /usr/bin/cc - skipped
-- Detecting C compile features
-- Detecting C compile features - done
-- Found ament_cmake_gtest: 2.5.4 (/opt/ros/jazzy/share/ament_cmake_gtest/cmake)
-- Found gtest sources under '/opt/ros/jazzy/src/gtest_vendor': C++ tests using 'Google Test' will be built
-- Found Threads: TRUE  
-- Configuring done (4.2s)
-- Generating done (0.4s)
-- Build files have been written to: /workspaces/ros2-coding/build/hardware_interface
[  2%] [34m[1mGenerating hardware_interface/version.h[0m
[  2%] Built target ament_generate_version_header__hardware_interface
[  4%] [32mBuilding CXX object gmock/CMakeFiles/gmock_main.dir/src/gmock_main.cc.o[0m
[  7%] [32m[1mLinking CXX static library libgmock_main.a[0m
[  7%] Built target gmock_main
[  9%] [32mBuilding CXX object gmock/CMakeFiles/gmock.dir/opt/ros/jazzy/src/gtest_vendor/src/gtest-all.cc.o[0m
[ 12%] [32mBuilding CXX object gmock/CMakeFiles/gmock.dir/src/gmock-all.cc.o[0m
[ 14%] [32m[1mLinking CXX static library libgmock.a[0m
[ 14%] Built target gmock
[ 17%] [32mBuilding CXX object gtest/CMakeFiles/gtest_main.dir/src/gtest_main.cc.o[0m
[ 19%] [32m[1mLinking CXX static library libgtest_main.a[0m
[ 19%] Built target gtest_main
[ 21%] [32mBuilding CXX object gtest/CMakeFiles/gtest.dir/src/gtest-all.cc.o[0m
[ 24%] [32m[1mLinking CXX static library libgtest.a[0m
[ 24%] Built target gtest
[ 26%] [32mBuilding CXX object CMakeFiles/hardware_interface.dir/src/component_parser.cpp.o[0m
[ 29%] [32mBuilding CXX object CMakeFiles/hardware_interface.dir/src/resource_manager.cpp.o[0m
[ 31%] [32mBuilding CXX object CMakeFiles/hardware_interface.dir/src/hardware_component.cpp.o[0m
[ 34%] [32mBuilding CXX object CMakeFiles/hardware_interface.dir/src/lexical_casts.cpp.o[0m
[ 36%] [32m[1mLinking CXX shared library libhardware_interface.so[0m
[ 36%] Built target hardware_interface
[ 39%] [32mBuilding CXX object CMakeFiles/test_macros.dir/test/test_macros.cpp.o[0m
[ 41%] [32m[1mLinking CXX executable test_macros[0m
[ 41%] Built target test_macros
[ 43%] [32mBuilding CXX object CMakeFiles/mock_components.dir/src/mock_components/generic_system.cpp.o[0m
[ 46%] [32m[1mLinking CXX shared library libmock_components.so[0m
[ 46%] Built target mock_components
[ 48%] [32mBuilding CXX object CMakeFiles/test_inst_hardwares.dir/test/test_inst_hardwares.cpp.o[0m
[ 51%] [32m[1mLinking CXX executable test_inst_hardwares[0m
[ 51%] Built target test_inst_hardwares
[ 53%] [32mBuilding CXX object CMakeFiles/test_joint_handle.dir/test/test_handle.cpp.o[0m
[ 56%] [32m[1mLinking CXX executable test_joint_handle[0m
[ 56%] Built target test_joint_handle
[ 58%] [32mBuilding CXX object CMakeFiles/test_helpers.dir/test/test_helpers.cpp.o[0m
[ 60%] [32m[1mLinking CXX executable test_helpers[0m
[ 60%] Built target test_helpers
[ 63%] [32mBuilding CXX object CMakeFiles/test_lexical_casts.dir/test/test_lexical_casts.cpp.o[0m
[ 65%] [32m[1mLinking CXX executable test_lexical_casts[0m
[ 65%] Built target test_lexical_casts
[ 68%] [32mBuilding CXX object CMakeFiles/test_component_interfaces.dir/test/test_component_interfaces.cpp.o[0m
[ 70%] [32m[1mLinking CXX executable test_component_interfaces[0m
[ 70%] Built target test_component_interfaces
[ 73%] [32mBuilding CXX object CMakeFiles/test_component_interfaces_custom_export.dir/test/test_component_interfaces_custom_export.cpp.o[0m
[ 75%] [32m[1mLinking CXX executable test_component_interfaces_custom_export[0m
[ 75%] Built target test_component_interfaces_custom_export
[ 78%] [32mBuilding CXX object CMakeFiles/test_component_parser.dir/test/test_component_parser.cpp.o[0m
[ 80%] [32m[1mLinking CXX executable test_component_parser[0m
[ 80%] Built target test_component_parser
[ 82%] [32mBuilding CXX object CMakeFiles/test_hardware_components.dir/test/test_hardware_components/test_single_joint_actuator.cpp.o[0m
[ 85%] [32mBuilding CXX object CMakeFiles/test_hardware_components.dir/test/test_hardware_components/test_force_torque_sensor.cpp.o[0m
[ 87%] [32mBuilding CXX object CMakeFiles/test_hardware_components.dir/test/test_hardware_components/test_imu_sensor.cpp.o[0m
[ 90%] [32mBuilding CXX object CMakeFiles/test_hardware_components.dir/test/test_hardware_components/test_two_joint_system.cpp.o[0m
[ 92%] [32mBuilding CXX object CMakeFiles/test_hardware_components.dir/test/test_hardware_components/test_system_with_command_modes.cpp.o[0m
[ 95%] [32m[1mLinking CXX shared library libtest_hardware_components.so[0m
[ 95%] Built target test_hardware_components
[ 97%] [32mBuilding CXX object CMakeFiles/test_generic_system.dir/test/mock_components/test_generic_system.cpp.o[0m
[100%] [32m[1mLinking CXX executable test_generic_system[0m
[100%] Built target test_generic_system
-- Install configuration: ""
-- Execute custom install script
-- Symlinking: /workspaces/ros2-coding/install/hardware_interface/share/hardware_interface//mock_components_plugin_description.xml
-- Symlinking: /workspaces/ros2-coding/install/hardware_interface/lib/libtest_hardware_components.so
-- Symlinking: /workspaces/ros2-coding/install/hardware_interface/share/hardware_interface/test/test_hardware_components/test_hardware_components.xml
-- Symlinking: /workspaces/ros2-coding/install/hardware_interface/include/hardware_interface/hardware_interface/actuator.hpp
-- Symlinking: /workspaces/ros2-coding/install/hardware_interface/include/hardware_interface/hardware_interface/actuator_interface.hpp
-- Symlinking: /workspaces/ros2-coding/install/hardware_interface/include/hardware_interface/hardware_interface/async_components.hpp
-- Symlinking: /workspaces/ros2-coding/install/hardware_interface/include/hardware_interface/hardware_interface/component_parser.hpp
-- Symlinking: /workspaces/ros2-coding/install/hardware_interface/include/hardware_interface/hardware_interface/controller_info.hpp
-- Symlinking: /workspaces/ros2-coding/install/hardware_interface/include/hardware_interface/hardware_interface/handle.hpp
-- Symlinking: /workspaces/ros2-coding/install/hardware_interface/include/hardware_interface/hardware_interface/hardware_component.hpp
-- Symlinking: /workspaces/ros2-coding/install/hardware_interface/include/hardware_interface/hardware_interface/hardware_component_info.hpp
-- Symlinking: /workspaces/ros2-coding/install/hardware_interface/include/hardware_interface/hardware_interface/hardware_component_interface.hpp
-- Symlinking: /workspaces/ros2-coding/install/hardware_interface/include/hardware_interface/hardware_interface/hardware_info.hpp
-- Symlinking: /workspaces/ros2-coding/install/hardware_interface/include/hardware_interface/hardware_interface/helpers.hpp
-- Symlinking: /workspaces/ros2-coding/install/hardware_interface/include/hardware_interface/hardware_interface/introspection.hpp
-- Symlinking: /workspaces/ros2-coding/install/hardware_interface/include/hardware_interface/hardware_interface/lexical_casts.hpp
-- Symlinking: /workspaces/ros2-coding/install/hardware_interface/include/hardware_interface/hardware_interface/lifecycle_helpers.hpp
-- Symlinking: /workspaces/ros2-coding/install/hardware_interface/include/hardware_interface/hardware_interface/loaned_command_interface.hpp
-- Symlinking: /workspaces/ros2-coding/install/hardware_interface/include/hardware_interface/hardware_interface/loaned_state_interface.hpp
-- Symlinking: /workspaces/ros2-coding/install/hardware_interface/include/hardware_interface/hardware_interface/macros.hpp
-- Symlinking: /workspaces/ros2-coding/install/hardware_interface/include/hardware_interface/hardware_interface/resource_manager.hpp
-- Symlinking: /workspaces/ros2-coding/install/hardware_interface/include/hardware_interface/hardware_interface/sensor.hpp
-- Symlinking: /workspaces/ros2-coding/install/hardware_interface/include/hardware_interface/hardware_interface/sensor_interface.hpp
-- Symlinking: /workspaces/ros2-coding/install/hardware_interface/include/hardware_interface/hardware_interface/system.hpp
-- Symlinking: /workspaces/ros2-coding/install/hardware_interface/include/hardware_interface/hardware_interface/system_interface.hpp
-- Symlinking: /workspaces/ros2-coding/install/hardware_interface/include/hardware_interface/hardware_interface/types/hardware_component_interface_params.hpp
-- Symlinking: /workspaces/ros2-coding/install/hardware_interface/include/hardware_interface/hardware_interface/types/hardware_component_params.hpp
-- Symlinking: /workspaces/ros2-coding/install/hardware_interface/include/hardware_interface/hardware_interface/types/hardware_interface_return_values.hpp
-- Symlinking: /workspaces/ros2-coding/install/hardware_interface/include/hardware_interface/hardware_interface/types/hardware_interface_type_values.hpp
-- Symlinking: /workspaces/ros2-coding/install/hardware_interface/include/hardware_interface/hardware_interface/types/lifecycle_state_names.hpp
-- Symlinking: /workspaces/ros2-coding/install/hardware_interface/include/hardware_interface/hardware_interface/types/resource_manager_params.hpp
-- Symlinking: /workspaces/ros2-coding/install/hardware_interface/include/hardware_interface/hardware_interface/types/statistics_types.hpp
-- Symlinking: /workspaces/ros2-coding/install/hardware_interface/include/hardware_interface/hardware_interface/types/trigger_type.hpp
-- Symlinking: /workspaces/ros2-coding/install/hardware_interface/include/hardware_interface/mock_components/generic_system.hpp
-- Symlinking: /workspaces/ros2-coding/install/hardware_interface/share/hardware_interface/environment/library_path.sh
-- Symlinking: /workspaces/ros2-coding/install/hardware_interface/share/hardware_interface/environment/library_path.dsv
-- Symlinking: /workspaces/ros2-coding/install/hardware_interface/share/ament_index/resource_index/package_run_dependencies/hardware_interface
-- Symlinking: /workspaces/ros2-coding/install/hardware_interface/share/ament_index/resource_index/parent_prefix_path/hardware_interface
-- Symlinking: /workspaces/ros2-coding/install/hardware_interface/share/hardware_interface/environment/ament_prefix_path.sh
-- Symlinking: /workspaces/ros2-coding/install/hardware_interface/share/hardware_interface/environment/ament_prefix_path.dsv
-- Symlinking: /workspaces/ros2-coding/install/hardware_interface/share/hardware_interface/environment/path.sh
-- Symlinking: /workspaces/ros2-coding/install/hardware_interface/share/hardware_interface/environment/path.dsv
-- Symlinking: /workspaces/ros2-coding/install/hardware_interface/share/hardware_interface/local_setup.bash
-- Symlinking: /workspaces/ros2-coding/install/hardware_interface/share/hardware_interface/local_setup.sh
-- Symlinking: /workspaces/ros2-coding/install/hardware_interface/share/hardware_interface/local_setup.zsh
-- Symlinking: /workspaces/ros2-coding/install/hardware_interface/share/hardware_interface/local_setup.dsv
-- Symlinking: /workspaces/ros2-coding/install/hardware_interface/share/hardware_interface/package.dsv
-- Symlinking: /workspaces/ros2-coding/install/hardware_interface/share/ament_index/resource_index/packages/hardware_interface
-- Symlinking: /workspaces/ros2-coding/install/hardware_interface/share/ament_index/resource_index/hardware_interface__pluginlib__plugin/hardware_interface
-- Symlinking: /workspaces/ros2-coding/install/hardware_interface/share/hardware_interface/cmake/ament_cmake_export_targets-extras.cmake
-- Symlinking: /workspaces/ros2-coding/install/hardware_interface/share/hardware_interface/cmake/ament_cmake_export_dependencies-extras.cmake
-- Symlinking: /workspaces/ros2-coding/install/hardware_interface/share/hardware_interface/cmake/hardware_interfaceConfig.cmake
-- Symlinking: /workspaces/ros2-coding/install/hardware_interface/share/hardware_interface/cmake/hardware_interfaceConfig-version.cmake
-- Symlinking: /workspaces/ros2-coding/install/hardware_interface/share/hardware_interface/package.xml
-- Symlinking: /workspaces/ros2-coding/install/hardware_interface/include/hardware_interface/hardware_interface/version.h
-- Installing: /workspaces/ros2-coding/install/hardware_interface/lib/libmock_components.so
-- Set non-toolchain portion of runtime path of "/workspaces/ros2-coding/install/hardware_interface/lib/libmock_components.so" to ""
-- Installing: /workspaces/ros2-coding/install/hardware_interface/lib/libhardware_interface.so
-- Set non-toolchain portion of runtime path of "/workspaces/ros2-coding/install/hardware_interface/lib/libhardware_interface.so" to ""
-- Installing: /workspaces/ros2-coding/install/hardware_interface/share/hardware_interface/cmake/export_hardware_interfaceExport.cmake
-- Installing: /workspaces/ros2-coding/install/hardware_interface/share/hardware_interface/cmake/export_hardware_interfaceExport-noconfig.cmake
