[0.068s] Invoking command in '/workspaces/ros2-coding/build/isaac_moveit': CMAKE_PREFIX_PATH=${CMAKE_PREFIX_PATH}:/workspaces/ros2-coding/install/isaac_ros_navigation_goal:/workspaces/ros2-coding/install/rqt_joint_trajectory_controller:/workspaces/ros2-coding/install/rqt_controller_manager:/workspaces/ros2-coding/install/ros2controlcli:/workspaces/ros2-coding/install/ros2_controllers_test_nodes:/workspaces/ros2-coding/install/my_turtlesim:/workspaces/ros2-coding/install/issac_sim:/opt/ros/jazzy /usr/bin/cmake --build /workspaces/ros2-coding/build/isaac_moveit -- -j2 -l2
[0.349s] Invoked command in '/workspaces/ros2-coding/build/isaac_moveit' returned '0': CMAKE_PREFIX_PATH=${CMAKE_PREFIX_PATH}:/workspaces/ros2-coding/install/isaac_ros_navigation_goal:/workspaces/ros2-coding/install/rqt_joint_trajectory_controller:/workspaces/ros2-coding/install/rqt_controller_manager:/workspaces/ros2-coding/install/ros2controlcli:/workspaces/ros2-coding/install/ros2_controllers_test_nodes:/workspaces/ros2-coding/install/my_turtlesim:/workspaces/ros2-coding/install/issac_sim:/opt/ros/jazzy /usr/bin/cmake --build /workspaces/ros2-coding/build/isaac_moveit -- -j2 -l2
[0.352s] Invoking command in '/workspaces/ros2-coding/build/isaac_moveit': CMAKE_PREFIX_PATH=${CMAKE_PREFIX_PATH}:/workspaces/ros2-coding/install/isaac_ros_navigation_goal:/workspaces/ros2-coding/install/rqt_joint_trajectory_controller:/workspaces/ros2-coding/install/rqt_controller_manager:/workspaces/ros2-coding/install/ros2controlcli:/workspaces/ros2-coding/install/ros2_controllers_test_nodes:/workspaces/ros2-coding/install/my_turtlesim:/workspaces/ros2-coding/install/issac_sim:/opt/ros/jazzy /usr/bin/cmake --install /workspaces/ros2-coding/build/isaac_moveit
[0.396s] -- Install configuration: ""
[0.397s] -- Execute custom install script
[0.397s] -- Up-to-date symlink: /workspaces/ros2-coding/install/isaac_moveit/share/isaac_moveit/rviz2/panda_moveit_config.rviz
[0.397s] -- Up-to-date symlink: /workspaces/ros2-coding/install/isaac_moveit/share/isaac_moveit/launch/isaac_moveit.launch.py
[0.398s] -- Up-to-date symlink: /workspaces/ros2-coding/install/isaac_moveit/share/ament_index/resource_index/package_run_dependencies/isaac_moveit
[0.399s] -- Up-to-date symlink: /workspaces/ros2-coding/install/isaac_moveit/share/ament_index/resource_index/parent_prefix_path/isaac_moveit
[0.399s] -- Up-to-date symlink: /workspaces/ros2-coding/install/isaac_moveit/share/isaac_moveit/environment/ament_prefix_path.sh
[0.399s] -- Up-to-date symlink: /workspaces/ros2-coding/install/isaac_moveit/share/isaac_moveit/environment/ament_prefix_path.dsv
[0.400s] -- Up-to-date symlink: /workspaces/ros2-coding/install/isaac_moveit/share/isaac_moveit/environment/path.sh
[0.407s] -- Up-to-date symlink: /workspaces/ros2-coding/install/isaac_moveit/share/isaac_moveit/environment/path.dsv
[0.408s] -- Up-to-date symlink: /workspaces/ros2-coding/install/isaac_moveit/share/isaac_moveit/local_setup.bash
[0.409s] -- Up-to-date symlink: /workspaces/ros2-coding/install/isaac_moveit/share/isaac_moveit/local_setup.sh
[0.413s] -- Up-to-date symlink: /workspaces/ros2-coding/install/isaac_moveit/share/isaac_moveit/local_setup.zsh
[0.416s] -- Up-to-date symlink: /workspaces/ros2-coding/install/isaac_moveit/share/isaac_moveit/local_setup.dsv
[0.419s] -- Symlinking: /workspaces/ros2-coding/install/isaac_moveit/share/isaac_moveit/package.dsv
[0.468s] -- Up-to-date symlink: /workspaces/ros2-coding/install/isaac_moveit/share/ament_index/resource_index/packages/isaac_moveit
[0.468s] -- Up-to-date symlink: /workspaces/ros2-coding/install/isaac_moveit/share/isaac_moveit/cmake/isaac_moveitConfig.cmake
[0.469s] -- Up-to-date symlink: /workspaces/ros2-coding/install/isaac_moveit/share/isaac_moveit/cmake/isaac_moveitConfig-version.cmake
[0.471s] -- Up-to-date symlink: /workspaces/ros2-coding/install/isaac_moveit/share/isaac_moveit/package.xml
[0.475s] Invoked command in '/workspaces/ros2-coding/build/isaac_moveit' returned '0': CMAKE_PREFIX_PATH=${CMAKE_PREFIX_PATH}:/workspaces/ros2-coding/install/isaac_ros_navigation_goal:/workspaces/ros2-coding/install/rqt_joint_trajectory_controller:/workspaces/ros2-coding/install/rqt_controller_manager:/workspaces/ros2-coding/install/ros2controlcli:/workspaces/ros2-coding/install/ros2_controllers_test_nodes:/workspaces/ros2-coding/install/my_turtlesim:/workspaces/ros2-coding/install/issac_sim:/opt/ros/jazzy /usr/bin/cmake --install /workspaces/ros2-coding/build/isaac_moveit
