-- The CXX compiler identification is GNU 13.3.0
-- Detecting CXX compiler ABI info
-- Detecting CXX compiler ABI info - done
-- Check for working CXX compiler: /usr/bin/c++ - skipped
-- Detecting CXX compile features
-- Detecting CXX compile features - done
-- Found ros2_control_cmake: 0.2.1 (/workspaces/ros2-coding/install/ros2_control_cmake/share/ros2_control_cmake/cmake)
-- Compiler warnings enabled for GNU
-- Detected GCC Version: 13.3.0 (Major: 13, Minor: 3)
-- Found controller_manager: 4.37.0 (/workspaces/ros2-coding/install/controller_manager/share/controller_manager/cmake)
-- Found Python3: /usr/bin/python3 (found version "3.12.3") found components: Interpreter 
-- Override CMake install command with custom implementation using symlinks instead of copying resources
-- Found rosidl_generator_c: 4.6.6 (/opt/ros/jazzy/share/rosidl_generator_c/cmake)
-- Found rosidl_generator_cpp: 4.6.6 (/opt/ros/jazzy/share/rosidl_generator_cpp/cmake)
-- Using all available rosidl_typesupport_c: rosidl_typesupport_fastrtps_c;rosidl_typesupport_introspection_c
-- Using all available rosidl_typesupport_cpp: rosidl_typesupport_fastrtps_cpp;rosidl_typesupport_introspection_cpp
-- Found rmw_implementation_cmake: 7.3.2 (/opt/ros/jazzy/share/rmw_implementation_cmake/cmake)
-- Found rmw_fastrtps_cpp: 8.4.3 (/opt/ros/jazzy/share/rmw_fastrtps_cpp/cmake)
-- Found OpenSSL: /usr/lib/x86_64-linux-gnu/libcrypto.so (found version "3.0.13")  
-- Found FastRTPS: /opt/ros/jazzy/include (Required is at least version "2.13") 
-- Using RMW implementation 'rmw_fastrtps_cpp' as default
-- Found ament_cmake_pytest: 2.5.4 (/opt/ros/jazzy/share/ament_cmake_pytest/cmake)
-- Configuring done (6.3s)
-- Generating done (0.1s)
-- Build files have been written to: /workspaces/ros2-coding/build/ros2_control_demo_example_14
[ 33%] [32mBuilding CXX object CMakeFiles/ros2_control_demo_example_14.dir/hardware/rrbot_actuator_without_feedback.cpp.o[0m
[01m[K/workspaces/ros2-coding/turtlesim_ws/src/ros-controls/ros2_control_demos/example_14/hardware/rrbot_actuator_without_feedback.cpp:[m[K In member function ‘[01m[Kvirtual hardware_interface::CallbackReturn ros2_control_demo_example_14::RRBotActuatorWithoutFeedback::[01;32m[Kon_init[m[K(const hardware_interface::HardwareInfo&)[m[K’:
[01m[K/workspaces/ros2-coding/turtlesim_ws/src/ros-controls/ros2_control_demos/example_14/hardware/rrbot_actuator_without_feedback.cpp:43:51:[m[K [01;35m[Kwarning: [m[K‘[01m[Kvirtual rclcpp_lifecycle::node_interfaces::LifecycleNodeInterface::CallbackReturn hardware_interface::HardwareComponentInterface::[01;32m[Kon_init[m[K(const hardware_interface::HardwareInfo&)[m[K’ is deprecated: Use on_init(const HardwareComponentInterfaceParams & params) instead. [[01;35m[K]8;;https://gcc.gnu.org/onlinedocs/gcc/Warning-Options.html#index-Wdeprecated-declarations-Wdeprecated-declarations]8;;[m[K]
   43 |     [01;35m[Khardware_interface::ActuatorInterface::on_init(info)[m[K !=
      |     [01;35m[K~~~~~~~~~~~~~~~~~~~~~~~~~~~~~~~~~~~~~~~~~~~~~~^~~~~~[m[K
In file included from [01m[K/workspaces/ros2-coding/install/hardware_interface/include/hardware_interface/hardware_interface/actuator_interface.hpp:18[m[K,
                 from [01m[K/workspaces/ros2-coding/turtlesim_ws/src/ros-controls/ros2_control_demos/example_14/hardware/include/ros2_control_demo_example_14/rrbot_actuator_without_feedback.hpp:27[m[K,
                 from [01m[K/workspaces/ros2-coding/turtlesim_ws/src/ros-controls/ros2_control_demos/example_14/hardware/rrbot_actuator_without_feedback.cpp:19[m[K:
[01m[K/workspaces/ros2-coding/install/hardware_interface/include/hardware_interface/hardware_interface/hardware_component_interface.hpp:209:26:[m[K [01;36m[Knote: [m[Kdeclared here
  209 |   virtual CallbackReturn [01;36m[Kon_init[m[K(const HardwareInfo & hardware_info)
      |                          [01;36m[K^~~~~~~[m[K
[ 66%] [32mBuilding CXX object CMakeFiles/ros2_control_demo_example_14.dir/hardware/rrbot_sensor_for_position_feedback.cpp.o[0m
[01m[K/workspaces/ros2-coding/turtlesim_ws/src/ros-controls/ros2_control_demos/example_14/hardware/rrbot_sensor_for_position_feedback.cpp:[m[K In member function ‘[01m[Kvirtual hardware_interface::CallbackReturn ros2_control_demo_example_14::RRBotSensorPositionFeedback::[01;32m[Kon_init[m[K(const hardware_interface::HardwareInfo&)[m[K’:
[01m[K/workspaces/ros2-coding/turtlesim_ws/src/ros-controls/ros2_control_demos/example_14/hardware/rrbot_sensor_for_position_feedback.cpp:43:49:[m[K [01;35m[Kwarning: [m[K‘[01m[Kvirtual rclcpp_lifecycle::node_interfaces::LifecycleNodeInterface::CallbackReturn hardware_interface::HardwareComponentInterface::[01;32m[Kon_init[m[K(const hardware_interface::HardwareInfo&)[m[K’ is deprecated: Use on_init(const HardwareComponentInterfaceParams & params) instead. [[01;35m[K]8;;https://gcc.gnu.org/onlinedocs/gcc/Warning-Options.html#index-Wdeprecated-declarations-Wdeprecated-declarations]8;;[m[K]
   43 |     [01;35m[Khardware_interface::SensorInterface::on_init(info)[m[K !=
      |     [01;35m[K~~~~~~~~~~~~~~~~~~~~~~~~~~~~~~~~~~~~~~~~~~~~^~~~~~[m[K
In file included from [01m[K/workspaces/ros2-coding/install/hardware_interface/include/hardware_interface/hardware_interface/sensor_interface.hpp:20[m[K,
                 from [01m[K/workspaces/ros2-coding/turtlesim_ws/src/ros-controls/ros2_control_demos/example_14/hardware/include/ros2_control_demo_example_14/rrbot_sensor_for_position_feedback.hpp:32[m[K,
                 from [01m[K/workspaces/ros2-coding/turtlesim_ws/src/ros-controls/ros2_control_demos/example_14/hardware/rrbot_sensor_for_position_feedback.cpp:19[m[K:
[01m[K/workspaces/ros2-coding/install/hardware_interface/include/hardware_interface/hardware_interface/hardware_component_interface.hpp:209:26:[m[K [01;36m[Knote: [m[Kdeclared here
  209 |   virtual CallbackReturn [01;36m[Kon_init[m[K(const HardwareInfo & hardware_info)
      |                          [01;36m[K^~~~~~~[m[K
[100%] [32m[1mLinking CXX shared library libros2_control_demo_example_14.so[0m
[100%] Built target ros2_control_demo_example_14
-- Install configuration: ""
-- Execute custom install script
-- Symlinking: /workspaces/ros2-coding/install/ros2_control_demo_example_14/share/ros2_control_demo_example_14//ros2_control_demo_example_14.xml
-- Symlinking: /workspaces/ros2-coding/install/ros2_control_demo_example_14/include/ros2_control_demo_example_14/ros2_control_demo_example_14/rrbot_actuator_without_feedback.hpp
-- Symlinking: /workspaces/ros2-coding/install/ros2_control_demo_example_14/include/ros2_control_demo_example_14/ros2_control_demo_example_14/rrbot_sensor_for_position_feedback.hpp
-- Symlinking: /workspaces/ros2-coding/install/ros2_control_demo_example_14/share/ros2_control_demo_example_14/launch/view_robot.launch.py
-- Symlinking: /workspaces/ros2-coding/install/ros2_control_demo_example_14/share/ros2_control_demo_example_14/ros2_control/rrbot_modular_actuators_without_feedback_sensors_for_position_feedback.ros2_control.xacro
-- Symlinking: /workspaces/ros2-coding/install/ros2_control_demo_example_14/share/ros2_control_demo_example_14/urdf/rrbot_modular_actuators_without_feedback_sensors_for_position_feedback.urdf.xacro
-- Symlinking: /workspaces/ros2-coding/install/ros2_control_demo_example_14/share/ros2_control_demo_example_14/launch/rrbot_modular_actuators_without_feedback_sensors_for_position_feedback.launch.py
-- Symlinking: /workspaces/ros2-coding/install/ros2_control_demo_example_14/share/ros2_control_demo_example_14/config/rrbot_modular_actuators_without_feedback_sensors_for_position_feedback.yaml
-- Symlinking: /workspaces/ros2-coding/install/ros2_control_demo_example_14/share/ros2_control_demo_example_14/environment/library_path.sh
-- Symlinking: /workspaces/ros2-coding/install/ros2_control_demo_example_14/share/ros2_control_demo_example_14/environment/library_path.dsv
-- Symlinking: /workspaces/ros2-coding/install/ros2_control_demo_example_14/share/ament_index/resource_index/package_run_dependencies/ros2_control_demo_example_14
-- Symlinking: /workspaces/ros2-coding/install/ros2_control_demo_example_14/share/ament_index/resource_index/parent_prefix_path/ros2_control_demo_example_14
-- Symlinking: /workspaces/ros2-coding/install/ros2_control_demo_example_14/share/ros2_control_demo_example_14/environment/ament_prefix_path.sh
-- Symlinking: /workspaces/ros2-coding/install/ros2_control_demo_example_14/share/ros2_control_demo_example_14/environment/ament_prefix_path.dsv
-- Symlinking: /workspaces/ros2-coding/install/ros2_control_demo_example_14/share/ros2_control_demo_example_14/environment/path.sh
-- Symlinking: /workspaces/ros2-coding/install/ros2_control_demo_example_14/share/ros2_control_demo_example_14/environment/path.dsv
-- Symlinking: /workspaces/ros2-coding/install/ros2_control_demo_example_14/share/ros2_control_demo_example_14/local_setup.bash
-- Symlinking: /workspaces/ros2-coding/install/ros2_control_demo_example_14/share/ros2_control_demo_example_14/local_setup.sh
-- Symlinking: /workspaces/ros2-coding/install/ros2_control_demo_example_14/share/ros2_control_demo_example_14/local_setup.zsh
-- Symlinking: /workspaces/ros2-coding/install/ros2_control_demo_example_14/share/ros2_control_demo_example_14/local_setup.dsv
-- Symlinking: /workspaces/ros2-coding/install/ros2_control_demo_example_14/share/ros2_control_demo_example_14/package.dsv
-- Symlinking: /workspaces/ros2-coding/install/ros2_control_demo_example_14/share/ament_index/resource_index/packages/ros2_control_demo_example_14
-- Symlinking: /workspaces/ros2-coding/install/ros2_control_demo_example_14/share/ament_index/resource_index/hardware_interface__pluginlib__plugin/ros2_control_demo_example_14
-- Symlinking: /workspaces/ros2-coding/install/ros2_control_demo_example_14/share/ros2_control_demo_example_14/cmake/ament_cmake_export_targets-extras.cmake
-- Symlinking: /workspaces/ros2-coding/install/ros2_control_demo_example_14/share/ros2_control_demo_example_14/cmake/ament_cmake_export_dependencies-extras.cmake
-- Symlinking: /workspaces/ros2-coding/install/ros2_control_demo_example_14/share/ros2_control_demo_example_14/cmake/ros2_control_demo_example_14Config.cmake
-- Symlinking: /workspaces/ros2-coding/install/ros2_control_demo_example_14/share/ros2_control_demo_example_14/cmake/ros2_control_demo_example_14Config-version.cmake
-- Symlinking: /workspaces/ros2-coding/install/ros2_control_demo_example_14/share/ros2_control_demo_example_14/package.xml
-- Installing: /workspaces/ros2-coding/install/ros2_control_demo_example_14/lib/libros2_control_demo_example_14.so
-- Set non-toolchain portion of runtime path of "/workspaces/ros2-coding/install/ros2_control_demo_example_14/lib/libros2_control_demo_example_14.so" to ""
-- Installing: /workspaces/ros2-coding/install/ros2_control_demo_example_14/share/ros2_control_demo_example_14/cmake/export_ros2_control_demo_example_14Export.cmake
-- Installing: /workspaces/ros2-coding/install/ros2_control_demo_example_14/share/ros2_control_demo_example_14/cmake/export_ros2_control_demo_example_14Export-noconfig.cmake
