-- The C compiler identification is GNU 13.3.0
-- The CXX compiler identification is GNU 13.3.0
-- Detecting C compiler ABI info
-- Detecting C compiler ABI info - done
-- Check for working C compiler: /usr/bin/cc - skipped
-- Detecting C compile features
-- Detecting C compile features - done
-- Detecting CXX compiler ABI info
-- Detecting CXX compiler ABI info - done
-- Check for working CXX compiler: /usr/bin/c++ - skipped
-- Detecting CXX compile features
-- Detecting CXX compile features - done
-- Found ament_cmake: 2.5.4 (/opt/ros/jazzy/share/ament_cmake/cmake)
-- Found Python3: /usr/bin/python3 (found version "3.12.3") found components: Interpreter 
-- Override CMake install command with custom implementation using symlinks instead of copying resources
-- Configuring done (2.7s)
-- Generating done (0.0s)
-- Build files have been written to: /workspaces/ros2-coding/build/ros2_control
-- Install configuration: ""
-- Execute custom install script
-- Symlinking: /workspaces/ros2-coding/install/ros2_control/share/ament_index/resource_index/package_run_dependencies/ros2_control
-- Symlinking: /workspaces/ros2-coding/install/ros2_control/share/ament_index/resource_index/parent_prefix_path/ros2_control
-- Symlinking: /workspaces/ros2-coding/install/ros2_control/share/ros2_control/environment/ament_prefix_path.sh
-- Symlinking: /workspaces/ros2-coding/install/ros2_control/share/ros2_control/environment/ament_prefix_path.dsv
-- Symlinking: /workspaces/ros2-coding/install/ros2_control/share/ros2_control/environment/path.sh
-- Symlinking: /workspaces/ros2-coding/install/ros2_control/share/ros2_control/environment/path.dsv
-- Symlinking: /workspaces/ros2-coding/install/ros2_control/share/ros2_control/local_setup.bash
-- Symlinking: /workspaces/ros2-coding/install/ros2_control/share/ros2_control/local_setup.sh
-- Symlinking: /workspaces/ros2-coding/install/ros2_control/share/ros2_control/local_setup.zsh
-- Symlinking: /workspaces/ros2-coding/install/ros2_control/share/ros2_control/local_setup.dsv
-- Symlinking: /workspaces/ros2-coding/install/ros2_control/share/ros2_control/package.dsv
-- Symlinking: /workspaces/ros2-coding/install/ros2_control/share/ament_index/resource_index/packages/ros2_control
-- Symlinking: /workspaces/ros2-coding/install/ros2_control/share/ros2_control/cmake/ros2_controlConfig.cmake
-- Symlinking: /workspaces/ros2-coding/install/ros2_control/share/ros2_control/cmake/ros2_controlConfig-version.cmake
-- Symlinking: /workspaces/ros2-coding/install/ros2_control/share/ros2_control/package.xml
