[3.047s] Invoking command in '/workspaces/ros2-coding/build/ros2controlcli': AMENT_PREFIX_PATH=/workspaces/ros2-coding/install/controller_manager:/workspaces/ros2-coding/install/hardware_interface_testing:/workspaces/ros2-coding/install/controller_interface:/workspaces/ros2-coding/install/hardware_interface:/workspaces/ros2-coding/install/joint_limits:/workspaces/ros2-coding/install/realtime_tools:/workspaces/ros2-coding/install/ros2_control_test_assets:/workspaces/ros2-coding/install/ros2_control_cmake:/workspaces/ros2-coding/install/controller_manager_msgs:/workspaces/ros2-coding/install/control_msgs:${AMENT_PREFIX_PATH} CMAKE_PREFIX_PATH=/workspaces/ros2-coding/install/controller_manager:/workspaces/ros2-coding/install/hardware_interface_testing:/workspaces/ros2-coding/install/controller_interface:/workspaces/ros2-coding/install/hardware_interface:/workspaces/ros2-coding/install/joint_limits:/workspaces/ros2-coding/install/realtime_tools:/workspaces/ros2-coding/install/ros2_control_test_assets:/workspaces/ros2-coding/install/ros2_control_cmake:/workspaces/ros2-coding/install/controller_manager_msgs:/workspaces/ros2-coding/install/control_msgs:${CMAKE_PREFIX_PATH} LD_LIBRARY_PATH=/workspaces/ros2-coding/install/controller_manager/lib:/workspaces/ros2-coding/install/hardware_interface_testing/lib:/workspaces/ros2-coding/install/controller_interface/lib:/workspaces/ros2-coding/install/hardware_interface/lib:/workspaces/ros2-coding/install/joint_limits/lib:/workspaces/ros2-coding/install/realtime_tools/lib:/workspaces/ros2-coding/install/ros2_control_test_assets/lib:/workspaces/ros2-coding/install/controller_manager_msgs/lib:/workspaces/ros2-coding/install/control_msgs/lib:${LD_LIBRARY_PATH} PYTHONPATH=/workspaces/ros2-coding/build/ros2controlcli/prefix_override:/usr/lib/python3/dist-packages/colcon_core/task/python/colcon_distutils_commands:/workspaces/ros2-coding/install/ros2controlcli/lib/python3.12/site-packages:/workspaces/ros2-coding/install/controller_manager/lib/python3.12/site-packages:/workspaces/ros2-coding/install/controller_manager_msgs/lib/python3.12/site-packages:/workspaces/ros2-coding/install/control_msgs/lib/python3.12/site-packages:${PYTHONPATH} /usr/bin/python3 -W ignore:setup.py install is deprecated -W ignore:easy_install command is deprecated setup.py develop --editable --build-directory /workspaces/ros2-coding/build/ros2controlcli/build --no-deps symlink_data
[3.964s] running develop
[4.498s] running egg_info
[4.498s] creating ros2controlcli.egg-info
[4.567s] writing ros2controlcli.egg-info/PKG-INFO
[4.568s] writing dependency_links to ros2controlcli.egg-info/dependency_links.txt
[4.568s] writing entry points to ros2controlcli.egg-info/entry_points.txt
[4.568s] writing requirements to ros2controlcli.egg-info/requires.txt
[4.569s] writing top-level names to ros2controlcli.egg-info/top_level.txt
[4.570s] writing manifest file 'ros2controlcli.egg-info/SOURCES.txt'
[4.776s] reading manifest file 'ros2controlcli.egg-info/SOURCES.txt'
[4.779s] writing manifest file 'ros2controlcli.egg-info/SOURCES.txt'
[4.849s] running build_ext
[4.849s] Creating /workspaces/ros2-coding/install/ros2controlcli/lib/python3.12/site-packages/ros2controlcli.egg-link (link to .)
[4.853s] 
[4.853s] Installed /workspaces/ros2-coding/build/ros2controlcli
[4.855s] running symlink_data
[4.856s] symbolically linking /workspaces/ros2-coding/build/ros2controlcli/package.xml -> /workspaces/ros2-coding/install/ros2controlcli/share/ros2controlcli
[4.857s] creating /workspaces/ros2-coding/install/ros2controlcli/share/ament_index
[4.857s] creating /workspaces/ros2-coding/install/ros2controlcli/share/ament_index/resource_index
[4.857s] creating /workspaces/ros2-coding/install/ros2controlcli/share/ament_index/resource_index/packages
[4.857s] symbolically linking /workspaces/ros2-coding/build/ros2controlcli/resource/ros2controlcli -> /workspaces/ros2-coding/install/ros2controlcli/share/ament_index/resource_index/packages
[4.938s] Invoked command in '/workspaces/ros2-coding/build/ros2controlcli' returned '0': AMENT_PREFIX_PATH=/workspaces/ros2-coding/install/controller_manager:/workspaces/ros2-coding/install/hardware_interface_testing:/workspaces/ros2-coding/install/controller_interface:/workspaces/ros2-coding/install/hardware_interface:/workspaces/ros2-coding/install/joint_limits:/workspaces/ros2-coding/install/realtime_tools:/workspaces/ros2-coding/install/ros2_control_test_assets:/workspaces/ros2-coding/install/ros2_control_cmake:/workspaces/ros2-coding/install/controller_manager_msgs:/workspaces/ros2-coding/install/control_msgs:${AMENT_PREFIX_PATH} CMAKE_PREFIX_PATH=/workspaces/ros2-coding/install/controller_manager:/workspaces/ros2-coding/install/hardware_interface_testing:/workspaces/ros2-coding/install/controller_interface:/workspaces/ros2-coding/install/hardware_interface:/workspaces/ros2-coding/install/joint_limits:/workspaces/ros2-coding/install/realtime_tools:/workspaces/ros2-coding/install/ros2_control_test_assets:/workspaces/ros2-coding/install/ros2_control_cmake:/workspaces/ros2-coding/install/controller_manager_msgs:/workspaces/ros2-coding/install/control_msgs:${CMAKE_PREFIX_PATH} LD_LIBRARY_PATH=/workspaces/ros2-coding/install/controller_manager/lib:/workspaces/ros2-coding/install/hardware_interface_testing/lib:/workspaces/ros2-coding/install/controller_interface/lib:/workspaces/ros2-coding/install/hardware_interface/lib:/workspaces/ros2-coding/install/joint_limits/lib:/workspaces/ros2-coding/install/realtime_tools/lib:/workspaces/ros2-coding/install/ros2_control_test_assets/lib:/workspaces/ros2-coding/install/controller_manager_msgs/lib:/workspaces/ros2-coding/install/control_msgs/lib:${LD_LIBRARY_PATH} PYTHONPATH=/workspaces/ros2-coding/build/ros2controlcli/prefix_override:/usr/lib/python3/dist-packages/colcon_core/task/python/colcon_distutils_commands:/workspaces/ros2-coding/install/ros2controlcli/lib/python3.12/site-packages:/workspaces/ros2-coding/install/controller_manager/lib/python3.12/site-packages:/workspaces/ros2-coding/install/controller_manager_msgs/lib/python3.12/site-packages:/workspaces/ros2-coding/install/control_msgs/lib/python3.12/site-packages:${PYTHONPATH} /usr/bin/python3 -W ignore:setup.py install is deprecated -W ignore:easy_install command is deprecated setup.py develop --editable --build-directory /workspaces/ros2-coding/build/ros2controlcli/build --no-deps symlink_data
