[0.069s] Invoking command in '/workspaces/ros2-coding/build/custom_message': CMAKE_PREFIX_PATH=${CMAKE_PREFIX_PATH}:/workspaces/ros2-coding/install/rqt_joint_trajectory_controller:/workspaces/ros2-coding/install/rqt_controller_manager:/workspaces/ros2-coding/install/ros2controlcli:/workspaces/ros2-coding/install/ros2_controllers_test_nodes:/workspaces/ros2-coding/install/my_turtlesim:/workspaces/ros2-coding/install/issac_sim:/opt/ros/jazzy /usr/bin/cmake --build /workspaces/ros2-coding/build/custom_message -- -j2 -l2
[0.243s] [  2%] [34m[1mGenerating type hashes for ROS interfaces[0m
[0.344s] [  2%] Built target ament_cmake_python_symlink_custom_message
[1.238s] [  2%] Built target custom_message__rosidl_generator_type_description
[1.294s] running egg_info
[1.295s] creating custom_message.egg-info
[1.356s] writing custom_message.egg-info/PKG-INFO
[1.357s] writing dependency_links to custom_message.egg-info/dependency_links.txt
[1.359s] writing top-level names to custom_message.egg-info/top_level.txt
[1.359s] writing manifest file 'custom_message.egg-info/SOURCES.txt'
[1.428s] [  5%] [34m[1mGenerating C++ code for ROS interfaces[0m
[1.589s] reading manifest file 'custom_message.egg-info/SOURCES.txt'
[1.590s] writing manifest file 'custom_message.egg-info/SOURCES.txt'
[1.677s] [  5%] Built target ament_cmake_python_build_custom_message_egg
[1.765s] [  8%] [34m[1mGenerating C code for ROS interfaces[0m
[2.343s] [  8%] Built target custom_message__cpp
[2.708s] [ 11%] [32mBuilding C object CMakeFiles/custom_message__rosidl_generator_c.dir/rosidl_generator_c/custom_message/msg/detail/sample_msg__description.c.o[0m
[2.708s] [ 14%] [32mBuilding C object CMakeFiles/custom_message__rosidl_generator_c.dir/rosidl_generator_c/custom_message/msg/detail/sample_msg__functions.c.o[0m
[2.913s] [ 17%] [32mBuilding C object CMakeFiles/custom_message__rosidl_generator_c.dir/rosidl_generator_c/custom_message/msg/detail/sample_msg__type_support.c.o[0m
[3.000s] [ 20%] [32m[1mLinking C shared library libcustom_message__rosidl_generator_c.so[0m
[3.110s] [ 20%] Built target custom_message__rosidl_generator_c
[3.145s] [ 23%] [34m[1mGenerating C++ type support dispatch for ROS interfaces[0m
[3.164s] [ 26%] [34m[1mGenerating C type support for eProsima Fast-RTPS[0m
[3.889s] [ 29%] [32mBuilding CXX object CMakeFiles/custom_message__rosidl_typesupport_cpp.dir/rosidl_typesupport_cpp/custom_message/msg/sample_msg__type_support.cpp.o[0m
[4.114s] [ 32%] [32mBuilding CXX object CMakeFiles/custom_message__rosidl_typesupport_fastrtps_c.dir/rosidl_typesupport_fastrtps_c/custom_message/msg/detail/sample_msg__type_support_c.cpp.o[0m
[5.212s] [ 35%] [32m[1mLinking CXX shared library libcustom_message__rosidl_typesupport_cpp.so[0m
[5.443s] [ 35%] Built target custom_message__rosidl_typesupport_cpp
[5.498s] [ 38%] [34m[1mGenerating C++ type support for eProsima Fast-RTPS[0m
[5.595s] [ 41%] [32m[1mLinking CXX shared library libcustom_message__rosidl_typesupport_fastrtps_c.so[0m
[5.858s] [ 41%] Built target custom_message__rosidl_typesupport_fastrtps_c
[5.924s] [ 44%] [34m[1mGenerating C introspection for ROS interfaces[0m
[6.154s] [ 47%] [32mBuilding CXX object CMakeFiles/custom_message__rosidl_typesupport_fastrtps_cpp.dir/rosidl_typesupport_fastrtps_cpp/custom_message/msg/detail/dds_fastrtps/sample_msg__type_support.cpp.o[0m
[7.295s] [ 50%] [32mBuilding C object CMakeFiles/custom_message__rosidl_typesupport_introspection_c.dir/rosidl_typesupport_introspection_c/custom_message/msg/detail/sample_msg__type_support.c.o[0m
[7.645s] [ 52%] [32m[1mLinking C shared library libcustom_message__rosidl_typesupport_introspection_c.so[0m
[7.926s] [ 52%] Built target custom_message__rosidl_typesupport_introspection_c
[7.986s] [ 55%] [34m[1mGenerating C type support dispatch for ROS interfaces[0m
[8.144s] [ 58%] [32m[1mLinking CXX shared library libcustom_message__rosidl_typesupport_fastrtps_cpp.so[0m
[8.295s] [ 58%] Built target custom_message__rosidl_typesupport_fastrtps_cpp
[8.363s] [ 61%] [34m[1mGenerating C++ introspection for ROS interfaces[0m
[8.855s] [ 64%] [32mBuilding CXX object CMakeFiles/custom_message__rosidl_typesupport_c.dir/rosidl_typesupport_c/custom_message/msg/sample_msg__type_support.cpp.o[0m
[9.287s] [ 67%] [32m[1mLinking CXX shared library libcustom_message__rosidl_typesupport_c.so[0m
[9.542s] [ 67%] Built target custom_message__rosidl_typesupport_c
[9.558s] [ 70%] [32mBuilding CXX object CMakeFiles/custom_message__rosidl_typesupport_introspection_cpp.dir/rosidl_typesupport_introspection_cpp/custom_message/msg/detail/sample_msg__type_support.cpp.o[0m
[10.359s] [ 73%] [32m[1mLinking CXX shared library libcustom_message__rosidl_typesupport_introspection_cpp.so[0m
[10.511s] [ 73%] Built target custom_message__rosidl_typesupport_introspection_cpp
[10.576s] [ 73%] Built target custom_message
[10.643s] [ 76%] [34m[1mGenerating Python code for ROS interfaces[0m
[11.318s] [ 76%] Built target custom_message__py
[11.388s] [ 79%] [32mBuilding C object CMakeFiles/custom_message__rosidl_generator_py.dir/rosidl_generator_py/custom_message/msg/_sample_msg_s.c.o[0m
[11.738s] [ 82%] [32m[1mLinking C shared library libcustom_message__rosidl_generator_py.so[0m
[11.829s] [ 82%] Built target custom_message__rosidl_generator_py
[11.923s] [ 85%] [32mBuilding C object CMakeFiles/custom_message_s__rosidl_typesupport_fastrtps_c.dir/rosidl_generator_py/custom_message/_custom_message_s.ep.rosidl_typesupport_fastrtps_c.c.o[0m
[11.955s] [ 88%] [32mBuilding C object CMakeFiles/custom_message_s__rosidl_typesupport_introspection_c.dir/rosidl_generator_py/custom_message/_custom_message_s.ep.rosidl_typesupport_introspection_c.c.o[0m
[12.234s] [ 91%] [32m[1mLinking C shared module rosidl_generator_py/custom_message/custom_message_s__rosidl_typesupport_introspection_c.so[0m
[12.274s] [ 94%] [32m[1mLinking C shared module rosidl_generator_py/custom_message/custom_message_s__rosidl_typesupport_fastrtps_c.so[0m
[12.396s] [ 94%] Built target custom_message_s__rosidl_typesupport_introspection_c
[12.416s] [ 94%] Built target custom_message_s__rosidl_typesupport_fastrtps_c
[12.476s] [ 97%] [32mBuilding C object CMakeFiles/custom_message_s__rosidl_typesupport_c.dir/rosidl_generator_py/custom_message/_custom_message_s.ep.rosidl_typesupport_c.c.o[0m
[12.701s] [100%] [32m[1mLinking C shared module rosidl_generator_py/custom_message/custom_message_s__rosidl_typesupport_c.so[0m
[12.794s] [100%] Built target custom_message_s__rosidl_typesupport_c
[12.831s] Invoked command in '/workspaces/ros2-coding/build/custom_message' returned '0': CMAKE_PREFIX_PATH=${CMAKE_PREFIX_PATH}:/workspaces/ros2-coding/install/rqt_joint_trajectory_controller:/workspaces/ros2-coding/install/rqt_controller_manager:/workspaces/ros2-coding/install/ros2controlcli:/workspaces/ros2-coding/install/ros2_controllers_test_nodes:/workspaces/ros2-coding/install/my_turtlesim:/workspaces/ros2-coding/install/issac_sim:/opt/ros/jazzy /usr/bin/cmake --build /workspaces/ros2-coding/build/custom_message -- -j2 -l2
[12.836s] Invoking command in '/workspaces/ros2-coding/build/custom_message': CMAKE_PREFIX_PATH=${CMAKE_PREFIX_PATH}:/workspaces/ros2-coding/install/rqt_joint_trajectory_controller:/workspaces/ros2-coding/install/rqt_controller_manager:/workspaces/ros2-coding/install/ros2controlcli:/workspaces/ros2-coding/install/ros2_controllers_test_nodes:/workspaces/ros2-coding/install/my_turtlesim:/workspaces/ros2-coding/install/issac_sim:/opt/ros/jazzy /usr/bin/cmake --install /workspaces/ros2-coding/build/custom_message
[12.863s] -- Install configuration: ""
[12.865s] -- Execute custom install script
[12.867s] -- Symlinking: /workspaces/ros2-coding/install/custom_message/share/ament_index/resource_index/rosidl_interfaces/custom_message
[12.913s] -- Symlinking: /workspaces/ros2-coding/install/custom_message/share/custom_message/msg/SampleMsg.json
[12.944s] -- Symlinking: /workspaces/ros2-coding/install/custom_message/include/custom_message/custom_message/msg/detail/sample_msg__functions.h
[12.971s] -- Symlinking: /workspaces/ros2-coding/install/custom_message/include/custom_message/custom_message/msg/detail/sample_msg__struct.h
[12.997s] -- Symlinking: /workspaces/ros2-coding/install/custom_message/include/custom_message/custom_message/msg/detail/sample_msg__type_support.h
[13.022s] -- Symlinking: /workspaces/ros2-coding/install/custom_message/include/custom_message/custom_message/msg/rosidl_generator_c__visibility_control.h
[13.051s] -- Symlinking: /workspaces/ros2-coding/install/custom_message/include/custom_message/custom_message/msg/sample_msg.h
[13.082s] -- Symlinking: /workspaces/ros2-coding/install/custom_message/share/custom_message/environment/library_path.sh
[13.106s] -- Symlinking: /workspaces/ros2-coding/install/custom_message/share/custom_message/environment/library_path.dsv
[13.139s] -- Symlinking: /workspaces/ros2-coding/install/custom_message/include/custom_message/custom_message/msg/detail/sample_msg__rosidl_typesupport_fastrtps_c.h
[13.168s] -- Symlinking: /workspaces/ros2-coding/install/custom_message/include/custom_message/custom_message/msg/rosidl_typesupport_fastrtps_c__visibility_control.h
[13.195s] -- Symlinking: /workspaces/ros2-coding/install/custom_message/include/custom_message/custom_message/msg/detail/sample_msg__builder.hpp
[13.223s] -- Symlinking: /workspaces/ros2-coding/install/custom_message/include/custom_message/custom_message/msg/detail/sample_msg__struct.hpp
[13.256s] -- Symlinking: /workspaces/ros2-coding/install/custom_message/include/custom_message/custom_message/msg/detail/sample_msg__traits.hpp
[13.297s] -- Symlinking: /workspaces/ros2-coding/install/custom_message/include/custom_message/custom_message/msg/detail/sample_msg__type_support.hpp
[13.363s] -- Symlinking: /workspaces/ros2-coding/install/custom_message/include/custom_message/custom_message/msg/rosidl_generator_cpp__visibility_control.hpp
[13.427s] -- Symlinking: /workspaces/ros2-coding/install/custom_message/include/custom_message/custom_message/msg/sample_msg.hpp
[13.476s] -- Symlinking: /workspaces/ros2-coding/install/custom_message/include/custom_message/custom_message/msg/detail/sample_msg__rosidl_typesupport_fastrtps_cpp.hpp
[13.527s] -- Symlinking: /workspaces/ros2-coding/install/custom_message/include/custom_message/custom_message/msg/rosidl_typesupport_fastrtps_cpp__visibility_control.h
[13.561s] -- Symlinking: /workspaces/ros2-coding/install/custom_message/include/custom_message/custom_message/msg/detail/sample_msg__rosidl_typesupport_introspection_c.h
[13.624s] -- Symlinking: /workspaces/ros2-coding/install/custom_message/include/custom_message/custom_message/msg/rosidl_typesupport_introspection_c__visibility_control.h
[13.670s] -- Symlinking: /workspaces/ros2-coding/install/custom_message/include/custom_message/custom_message/msg/detail/sample_msg__rosidl_typesupport_introspection_cpp.hpp
[13.735s] -- Symlinking: /workspaces/ros2-coding/install/custom_message/share/custom_message/environment/pythonpath.sh
[13.762s] -- Symlinking: /workspaces/ros2-coding/install/custom_message/share/custom_message/environment/pythonpath.dsv
[13.788s] -- Symlinking: /workspaces/ros2-coding/install/custom_message/lib/python3.12/site-packages/custom_message-0.0.0-py3.12.egg-info/PKG-INFO
[13.821s] -- Symlinking: /workspaces/ros2-coding/install/custom_message/lib/python3.12/site-packages/custom_message-0.0.0-py3.12.egg-info/SOURCES.txt
[13.849s] -- Symlinking: /workspaces/ros2-coding/install/custom_message/lib/python3.12/site-packages/custom_message-0.0.0-py3.12.egg-info/dependency_links.txt
[13.875s] -- Symlinking: /workspaces/ros2-coding/install/custom_message/lib/python3.12/site-packages/custom_message-0.0.0-py3.12.egg-info/top_level.txt
[13.945s] -- Symlinking: /workspaces/ros2-coding/install/custom_message/lib/python3.12/site-packages/custom_message/__init__.py
[13.997s] -- Symlinking: /workspaces/ros2-coding/install/custom_message/lib/python3.12/site-packages/custom_message/_custom_message_s.ep.rosidl_typesupport_c.c
[14.030s] -- Symlinking: /workspaces/ros2-coding/install/custom_message/lib/python3.12/site-packages/custom_message/_custom_message_s.ep.rosidl_typesupport_fastrtps_c.c
[14.053s] -- Symlinking: /workspaces/ros2-coding/install/custom_message/lib/python3.12/site-packages/custom_message/_custom_message_s.ep.rosidl_typesupport_introspection_c.c
[14.079s] -- Symlinking: /workspaces/ros2-coding/install/custom_message/lib/python3.12/site-packages/custom_message/custom_message_s__rosidl_typesupport_c.so
[14.118s] -- Symlinking: /workspaces/ros2-coding/install/custom_message/lib/python3.12/site-packages/custom_message/custom_message_s__rosidl_typesupport_fastrtps_c.so
[14.145s] -- Symlinking: /workspaces/ros2-coding/install/custom_message/lib/python3.12/site-packages/custom_message/custom_message_s__rosidl_typesupport_introspection_c.so
[14.170s] -- Symlinking: /workspaces/ros2-coding/install/custom_message/lib/python3.12/site-packages/custom_message/msg/__init__.py
[14.195s] -- Symlinking: /workspaces/ros2-coding/install/custom_message/lib/python3.12/site-packages/custom_message/msg/_sample_msg.py
[14.221s] -- Symlinking: /workspaces/ros2-coding/install/custom_message/lib/python3.12/site-packages/custom_message/msg/_sample_msg_s.c
[14.250s] -- Up-to-date symlink: /workspaces/ros2-coding/install/custom_message/lib/python3.12/site-packages/custom_message/custom_message_s__rosidl_typesupport_fastrtps_c.so
[14.254s] -- Up-to-date symlink: /workspaces/ros2-coding/install/custom_message/lib/python3.12/site-packages/custom_message/custom_message_s__rosidl_typesupport_introspection_c.so
[14.256s] -- Up-to-date symlink: /workspaces/ros2-coding/install/custom_message/lib/python3.12/site-packages/custom_message/custom_message_s__rosidl_typesupport_c.so
[14.256s] -- Symlinking: /workspaces/ros2-coding/install/custom_message/share/custom_message/msg/SampleMsg.idl
[14.293s] -- Symlinking: /workspaces/ros2-coding/install/custom_message/share/custom_message/msg/SampleMsg.msg
[14.323s] -- Symlinking: /workspaces/ros2-coding/install/custom_message/share/ament_index/resource_index/package_run_dependencies/custom_message
[14.350s] -- Symlinking: /workspaces/ros2-coding/install/custom_message/share/ament_index/resource_index/parent_prefix_path/custom_message
[14.377s] -- Symlinking: /workspaces/ros2-coding/install/custom_message/share/custom_message/environment/ament_prefix_path.sh
[14.408s] -- Symlinking: /workspaces/ros2-coding/install/custom_message/share/custom_message/environment/ament_prefix_path.dsv
[14.440s] -- Symlinking: /workspaces/ros2-coding/install/custom_message/share/custom_message/environment/path.sh
[14.468s] -- Symlinking: /workspaces/ros2-coding/install/custom_message/share/custom_message/environment/path.dsv
[14.501s] -- Symlinking: /workspaces/ros2-coding/install/custom_message/share/custom_message/local_setup.bash
[14.525s] -- Symlinking: /workspaces/ros2-coding/install/custom_message/share/custom_message/local_setup.sh
[14.565s] -- Symlinking: /workspaces/ros2-coding/install/custom_message/share/custom_message/local_setup.zsh
[14.599s] -- Symlinking: /workspaces/ros2-coding/install/custom_message/share/custom_message/local_setup.dsv
[14.637s] -- Symlinking: /workspaces/ros2-coding/install/custom_message/share/custom_message/package.dsv
[14.664s] -- Symlinking: /workspaces/ros2-coding/install/custom_message/share/ament_index/resource_index/packages/custom_message
[14.689s] -- Symlinking: /workspaces/ros2-coding/install/custom_message/share/custom_message/cmake/rosidl_cmake-extras.cmake
[14.715s] -- Symlinking: /workspaces/ros2-coding/install/custom_message/share/custom_message/cmake/ament_cmake_export_dependencies-extras.cmake
[14.742s] -- Symlinking: /workspaces/ros2-coding/install/custom_message/share/custom_message/cmake/ament_cmake_export_include_directories-extras.cmake
[14.784s] -- Symlinking: /workspaces/ros2-coding/install/custom_message/share/custom_message/cmake/ament_cmake_export_libraries-extras.cmake
[14.812s] -- Symlinking: /workspaces/ros2-coding/install/custom_message/share/custom_message/cmake/ament_cmake_export_targets-extras.cmake
[14.838s] -- Symlinking: /workspaces/ros2-coding/install/custom_message/share/custom_message/cmake/rosidl_cmake_export_typesupport_targets-extras.cmake
[14.865s] -- Symlinking: /workspaces/ros2-coding/install/custom_message/share/custom_message/cmake/rosidl_cmake_export_typesupport_libraries-extras.cmake
[14.889s] -- Symlinking: /workspaces/ros2-coding/install/custom_message/share/custom_message/cmake/custom_messageConfig.cmake
[14.916s] -- Symlinking: /workspaces/ros2-coding/install/custom_message/share/custom_message/cmake/custom_messageConfig-version.cmake
[14.942s] -- Symlinking: /workspaces/ros2-coding/install/custom_message/share/custom_message/package.xml
[14.973s] -- Installing: /workspaces/ros2-coding/install/custom_message/lib/libcustom_message__rosidl_generator_c.so
[14.974s] -- Set non-toolchain portion of runtime path of "/workspaces/ros2-coding/install/custom_message/lib/libcustom_message__rosidl_generator_c.so" to ""
[14.975s] -- Installing: /workspaces/ros2-coding/install/custom_message/lib/libcustom_message__rosidl_typesupport_fastrtps_c.so
[14.977s] -- Set non-toolchain portion of runtime path of "/workspaces/ros2-coding/install/custom_message/lib/libcustom_message__rosidl_typesupport_fastrtps_c.so" to ""
[14.977s] -- Installing: /workspaces/ros2-coding/install/custom_message/lib/libcustom_message__rosidl_typesupport_fastrtps_cpp.so
[14.981s] -- Set non-toolchain portion of runtime path of "/workspaces/ros2-coding/install/custom_message/lib/libcustom_message__rosidl_typesupport_fastrtps_cpp.so" to ""
[14.981s] -- Installing: /workspaces/ros2-coding/install/custom_message/lib/libcustom_message__rosidl_typesupport_introspection_c.so
[14.981s] -- Set non-toolchain portion of runtime path of "/workspaces/ros2-coding/install/custom_message/lib/libcustom_message__rosidl_typesupport_introspection_c.so" to ""
[14.981s] -- Installing: /workspaces/ros2-coding/install/custom_message/lib/libcustom_message__rosidl_typesupport_c.so
[14.982s] -- Set non-toolchain portion of runtime path of "/workspaces/ros2-coding/install/custom_message/lib/libcustom_message__rosidl_typesupport_c.so" to ""
[14.982s] -- Installing: /workspaces/ros2-coding/install/custom_message/lib/libcustom_message__rosidl_typesupport_introspection_cpp.so
[14.983s] -- Set non-toolchain portion of runtime path of "/workspaces/ros2-coding/install/custom_message/lib/libcustom_message__rosidl_typesupport_introspection_cpp.so" to ""
[14.984s] -- Installing: /workspaces/ros2-coding/install/custom_message/lib/libcustom_message__rosidl_typesupport_cpp.so
[14.984s] -- Set non-toolchain portion of runtime path of "/workspaces/ros2-coding/install/custom_message/lib/libcustom_message__rosidl_typesupport_cpp.so" to ""
[15.068s] Listing '/workspaces/ros2-coding/install/custom_message/lib/python3.12/site-packages/custom_message'...
[15.068s] Compiling '/workspaces/ros2-coding/install/custom_message/lib/python3.12/site-packages/custom_message/__init__.py'...
[15.068s] Listing '/workspaces/ros2-coding/install/custom_message/lib/python3.12/site-packages/custom_message/msg'...
[15.068s] Compiling '/workspaces/ros2-coding/install/custom_message/lib/python3.12/site-packages/custom_message/msg/__init__.py'...
[15.068s] Compiling '/workspaces/ros2-coding/install/custom_message/lib/python3.12/site-packages/custom_message/msg/_sample_msg.py'...
[15.078s] -- Installing: /workspaces/ros2-coding/install/custom_message/lib/libcustom_message__rosidl_generator_py.so
[15.079s] -- Set non-toolchain portion of runtime path of "/workspaces/ros2-coding/install/custom_message/lib/libcustom_message__rosidl_generator_py.so" to ""
[15.079s] -- Installing: /workspaces/ros2-coding/install/custom_message/share/custom_message/cmake/export_custom_message__rosidl_generator_cExport.cmake
[15.081s] -- Installing: /workspaces/ros2-coding/install/custom_message/share/custom_message/cmake/export_custom_message__rosidl_generator_cExport-noconfig.cmake
[15.082s] -- Installing: /workspaces/ros2-coding/install/custom_message/share/custom_message/cmake/export_custom_message__rosidl_typesupport_fastrtps_cExport.cmake
[15.083s] -- Installing: /workspaces/ros2-coding/install/custom_message/share/custom_message/cmake/export_custom_message__rosidl_typesupport_fastrtps_cExport-noconfig.cmake
[15.084s] -- Installing: /workspaces/ros2-coding/install/custom_message/share/custom_message/cmake/export_custom_message__rosidl_generator_cppExport.cmake
[15.086s] -- Installing: /workspaces/ros2-coding/install/custom_message/share/custom_message/cmake/export_custom_message__rosidl_typesupport_fastrtps_cppExport.cmake
[15.086s] -- Installing: /workspaces/ros2-coding/install/custom_message/share/custom_message/cmake/export_custom_message__rosidl_typesupport_fastrtps_cppExport-noconfig.cmake
[15.087s] -- Installing: /workspaces/ros2-coding/install/custom_message/share/custom_message/cmake/custom_message__rosidl_typesupport_introspection_cExport.cmake
[15.089s] -- Installing: /workspaces/ros2-coding/install/custom_message/share/custom_message/cmake/custom_message__rosidl_typesupport_introspection_cExport-noconfig.cmake
[15.089s] -- Installing: /workspaces/ros2-coding/install/custom_message/share/custom_message/cmake/custom_message__rosidl_typesupport_cExport.cmake
[15.090s] -- Installing: /workspaces/ros2-coding/install/custom_message/share/custom_message/cmake/custom_message__rosidl_typesupport_cExport-noconfig.cmake
[15.090s] -- Installing: /workspaces/ros2-coding/install/custom_message/share/custom_message/cmake/custom_message__rosidl_typesupport_introspection_cppExport.cmake
[15.092s] -- Installing: /workspaces/ros2-coding/install/custom_message/share/custom_message/cmake/custom_message__rosidl_typesupport_introspection_cppExport-noconfig.cmake
[15.093s] -- Installing: /workspaces/ros2-coding/install/custom_message/share/custom_message/cmake/custom_message__rosidl_typesupport_cppExport.cmake
[15.093s] -- Installing: /workspaces/ros2-coding/install/custom_message/share/custom_message/cmake/custom_message__rosidl_typesupport_cppExport-noconfig.cmake
[15.094s] -- Installing: /workspaces/ros2-coding/install/custom_message/share/custom_message/cmake/export_custom_message__rosidl_generator_pyExport.cmake
[15.095s] -- Installing: /workspaces/ros2-coding/install/custom_message/share/custom_message/cmake/export_custom_message__rosidl_generator_pyExport-noconfig.cmake
[15.108s] Invoked command in '/workspaces/ros2-coding/build/custom_message' returned '0': CMAKE_PREFIX_PATH=${CMAKE_PREFIX_PATH}:/workspaces/ros2-coding/install/rqt_joint_trajectory_controller:/workspaces/ros2-coding/install/rqt_controller_manager:/workspaces/ros2-coding/install/ros2controlcli:/workspaces/ros2-coding/install/ros2_controllers_test_nodes:/workspaces/ros2-coding/install/my_turtlesim:/workspaces/ros2-coding/install/issac_sim:/opt/ros/jazzy /usr/bin/cmake --install /workspaces/ros2-coding/build/custom_message
