[0.103s] Invoking command in '/workspaces/ros2-coding/build/cmdvel_to_ackermann': CMAKE_PREFIX_PATH=${CMAKE_PREFIX_PATH}:/workspaces/ros2-coding/install/rqt_joint_trajectory_controller:/workspaces/ros2-coding/install/rqt_controller_manager:/workspaces/ros2-coding/install/ros2controlcli:/workspaces/ros2-coding/install/ros2_controllers_test_nodes:/workspaces/ros2-coding/install/my_turtlesim:/workspaces/ros2-coding/install/issac_sim:/workspaces/ros2-coding/install/isaac_ros_navigation_goal:/opt/ros/jazzy /usr/bin/cmake --build /workspaces/ros2-coding/build/cmdvel_to_ackermann -- -j4 -l4
[0.366s] Invoked command in '/workspaces/ros2-coding/build/cmdvel_to_ackermann' returned '0': CMAKE_PREFIX_PATH=${CMAKE_PREFIX_PATH}:/workspaces/ros2-coding/install/rqt_joint_trajectory_controller:/workspaces/ros2-coding/install/rqt_controller_manager:/workspaces/ros2-coding/install/ros2controlcli:/workspaces/ros2-coding/install/ros2_controllers_test_nodes:/workspaces/ros2-coding/install/my_turtlesim:/workspaces/ros2-coding/install/issac_sim:/workspaces/ros2-coding/install/isaac_ros_navigation_goal:/opt/ros/jazzy /usr/bin/cmake --build /workspaces/ros2-coding/build/cmdvel_to_ackermann -- -j4 -l4
[0.392s] Invoking command in '/workspaces/ros2-coding/build/cmdvel_to_ackermann': CMAKE_PREFIX_PATH=${CMAKE_PREFIX_PATH}:/workspaces/ros2-coding/install/rqt_joint_trajectory_controller:/workspaces/ros2-coding/install/rqt_controller_manager:/workspaces/ros2-coding/install/ros2controlcli:/workspaces/ros2-coding/install/ros2_controllers_test_nodes:/workspaces/ros2-coding/install/my_turtlesim:/workspaces/ros2-coding/install/issac_sim:/workspaces/ros2-coding/install/isaac_ros_navigation_goal:/opt/ros/jazzy /usr/bin/cmake --install /workspaces/ros2-coding/build/cmdvel_to_ackermann
[0.414s] -- Install configuration: ""
[0.420s] -- Execute custom install script
[0.421s] -- Up-to-date symlink: /workspaces/ros2-coding/install/cmdvel_to_ackermann/share/cmdvel_to_ackermann/scripts/__init__.py
[0.422s] -- Up-to-date symlink: /workspaces/ros2-coding/install/cmdvel_to_ackermann/share/cmdvel_to_ackermann/scripts/cmdvel_to_ackermann.py
[0.427s] -- Up-to-date symlink: /workspaces/ros2-coding/install/cmdvel_to_ackermann/share/cmdvel_to_ackermann/launch/cmdvel_to_ackermann.launch.py
[0.427s] -- Up-to-date symlink: /workspaces/ros2-coding/install/cmdvel_to_ackermann/lib/cmdvel_to_ackermann/cmdvel_to_ackermann.py
[0.427s] -- Up-to-date symlink: /workspaces/ros2-coding/install/cmdvel_to_ackermann/share/ament_index/resource_index/package_run_dependencies/cmdvel_to_ackermann
[0.427s] -- Up-to-date symlink: /workspaces/ros2-coding/install/cmdvel_to_ackermann/share/ament_index/resource_index/parent_prefix_path/cmdvel_to_ackermann
[0.427s] -- Up-to-date symlink: /workspaces/ros2-coding/install/cmdvel_to_ackermann/share/cmdvel_to_ackermann/environment/ament_prefix_path.sh
[0.428s] -- Up-to-date symlink: /workspaces/ros2-coding/install/cmdvel_to_ackermann/share/cmdvel_to_ackermann/environment/ament_prefix_path.dsv
[0.428s] -- Up-to-date symlink: /workspaces/ros2-coding/install/cmdvel_to_ackermann/share/cmdvel_to_ackermann/environment/path.sh
[0.434s] -- Up-to-date symlink: /workspaces/ros2-coding/install/cmdvel_to_ackermann/share/cmdvel_to_ackermann/environment/path.dsv
[0.436s] -- Up-to-date symlink: /workspaces/ros2-coding/install/cmdvel_to_ackermann/share/cmdvel_to_ackermann/local_setup.bash
[0.437s] -- Up-to-date symlink: /workspaces/ros2-coding/install/cmdvel_to_ackermann/share/cmdvel_to_ackermann/local_setup.sh
[0.437s] -- Up-to-date symlink: /workspaces/ros2-coding/install/cmdvel_to_ackermann/share/cmdvel_to_ackermann/local_setup.zsh
[0.437s] -- Up-to-date symlink: /workspaces/ros2-coding/install/cmdvel_to_ackermann/share/cmdvel_to_ackermann/local_setup.dsv
[0.437s] -- Symlinking: /workspaces/ros2-coding/install/cmdvel_to_ackermann/share/cmdvel_to_ackermann/package.dsv
[0.468s] -- Up-to-date symlink: /workspaces/ros2-coding/install/cmdvel_to_ackermann/share/ament_index/resource_index/packages/cmdvel_to_ackermann
[0.468s] -- Up-to-date symlink: /workspaces/ros2-coding/install/cmdvel_to_ackermann/share/cmdvel_to_ackermann/cmake/cmdvel_to_ackermannConfig.cmake
[0.469s] -- Up-to-date symlink: /workspaces/ros2-coding/install/cmdvel_to_ackermann/share/cmdvel_to_ackermann/cmake/cmdvel_to_ackermannConfig-version.cmake
[0.469s] -- Up-to-date symlink: /workspaces/ros2-coding/install/cmdvel_to_ackermann/share/cmdvel_to_ackermann/package.xml
[0.544s] Invoked command in '/workspaces/ros2-coding/build/cmdvel_to_ackermann' returned '0': CMAKE_PREFIX_PATH=${CMAKE_PREFIX_PATH}:/workspaces/ros2-coding/install/rqt_joint_trajectory_controller:/workspaces/ros2-coding/install/rqt_controller_manager:/workspaces/ros2-coding/install/ros2controlcli:/workspaces/ros2-coding/install/ros2_controllers_test_nodes:/workspaces/ros2-coding/install/my_turtlesim:/workspaces/ros2-coding/install/issac_sim:/workspaces/ros2-coding/install/isaac_ros_navigation_goal:/opt/ros/jazzy /usr/bin/cmake --install /workspaces/ros2-coding/build/cmdvel_to_ackermann
