[0.056s] Invoking command in '/workspaces/ros2-coding/build/isaac_ros2_messages': CMAKE_PREFIX_PATH=${CMAKE_PREFIX_PATH}:/workspaces/ros2-coding/install/rqt_joint_trajectory_controller:/workspaces/ros2-coding/install/rqt_controller_manager:/workspaces/ros2-coding/install/ros2controlcli:/workspaces/ros2-coding/install/ros2_controllers_test_nodes:/workspaces/ros2-coding/install/my_turtlesim:/workspaces/ros2-coding/install/issac_sim:/opt/ros/jazzy /usr/bin/cmake /workspaces/ros2-coding/turtlesim_ws/src/isaac_ros2_messages -DAMENT_CMAKE_SYMLINK_INSTALL=1 -DCMAKE_INSTALL_PREFIX=/workspaces/ros2-coding/install/isaac_ros2_messages
[0.223s] -- The C compiler identification is GNU 13.3.0
[0.358s] -- The CXX compiler identification is GNU 13.3.0
[0.399s] -- Detecting C compiler ABI info
[0.694s] -- Detecting C compiler ABI info - done
[0.731s] -- Check for working C compiler: /usr/bin/cc - skipped
[0.732s] -- Detecting C compile features
[0.732s] -- Detecting C compile features - done
[0.784s] -- Detecting CXX compiler ABI info
[1.252s] -- Detecting CXX compiler ABI info - done
[1.309s] -- Check for working CXX compiler: /usr/bin/c++ - skipped
[1.313s] -- Detecting CXX compile features
[1.314s] -- Detecting CXX compile features - done
[1.362s] -- Found ament_cmake: 2.5.4 (/opt/ros/jazzy/share/ament_cmake/cmake)
[2.224s] -- Found Python3: /usr/bin/python3 (found version "3.12.3") found components: Interpreter 
[2.557s] -- Override CMake install command with custom implementation using symlinks instead of copying resources
[3.202s] -- Found ament_lint_auto: 0.17.3 (/opt/ros/jazzy/share/ament_lint_auto/cmake)
[4.559s] -- Found builtin_interfaces: 2.0.3 (/opt/ros/jazzy/share/builtin_interfaces/cmake)
[5.408s] -- Found rosidl_generator_c: 4.6.6 (/opt/ros/jazzy/share/rosidl_generator_c/cmake)
[5.665s] -- Found rosidl_generator_cpp: 4.6.6 (/opt/ros/jazzy/share/rosidl_generator_cpp/cmake)
[5.800s] -- Using all available rosidl_typesupport_c: rosidl_typesupport_fastrtps_c;rosidl_typesupport_introspection_c
[5.944s] -- Using all available rosidl_typesupport_cpp: rosidl_typesupport_fastrtps_cpp;rosidl_typesupport_introspection_cpp
[6.162s] -- Found rosidl_default_generators: 1.6.0 (/opt/ros/jazzy/share/rosidl_default_generators/cmake)
[6.708s] -- Found rosidl_adapter: 4.6.6 (/opt/ros/jazzy/share/rosidl_adapter/cmake)
[7.453s] -- Found OpenSSL: /usr/lib/x86_64-linux-gnu/libcrypto.so (found version "3.0.13")  
[7.514s] -- Found std_msgs: 5.3.6 (/opt/ros/jazzy/share/std_msgs/cmake)
[7.626s] -- Found geometry_msgs: 5.3.6 (/opt/ros/jazzy/share/geometry_msgs/cmake)
[9.110s] -- Found ament_cmake_ros: 0.12.0 (/opt/ros/jazzy/share/ament_cmake_ros/cmake)
[11.488s] -- Using all available rosidl_typesupport_c: rosidl_typesupport_fastrtps_c;rosidl_typesupport_introspection_c
[12.323s] -- Using all available rosidl_typesupport_cpp: rosidl_typesupport_fastrtps_cpp;rosidl_typesupport_introspection_cpp
[12.358s] -- Found python_cmake_module: 0.11.1 (/opt/ros/jazzy/share/python_cmake_module/cmake)
[12.712s] -- Found PythonExtra: /usr/bin/python3  
[13.902s] -- Found Python3: /usr/bin/python3 (found version "3.12.3") found components: Interpreter Development NumPy Development.Module Development.Embed 
[14.163s] -- Added test 'copyright' to check source files copyright and LICENSE
[14.179s] -- Added test 'lint_cmake' to check CMake code style
[14.189s] -- Added test 'xmllint' to check XML markup files
[14.235s] -- Configuring done (14.1s)
[14.357s] -- Generating done (0.1s)
[14.392s] -- Build files have been written to: /workspaces/ros2-coding/build/isaac_ros2_messages
[14.411s] Invoked command in '/workspaces/ros2-coding/build/isaac_ros2_messages' returned '0': CMAKE_PREFIX_PATH=${CMAKE_PREFIX_PATH}:/workspaces/ros2-coding/install/rqt_joint_trajectory_controller:/workspaces/ros2-coding/install/rqt_controller_manager:/workspaces/ros2-coding/install/ros2controlcli:/workspaces/ros2-coding/install/ros2_controllers_test_nodes:/workspaces/ros2-coding/install/my_turtlesim:/workspaces/ros2-coding/install/issac_sim:/opt/ros/jazzy /usr/bin/cmake /workspaces/ros2-coding/turtlesim_ws/src/isaac_ros2_messages -DAMENT_CMAKE_SYMLINK_INSTALL=1 -DCMAKE_INSTALL_PREFIX=/workspaces/ros2-coding/install/isaac_ros2_messages
[14.416s] Invoking command in '/workspaces/ros2-coding/build/isaac_ros2_messages': CMAKE_PREFIX_PATH=${CMAKE_PREFIX_PATH}:/workspaces/ros2-coding/install/rqt_joint_trajectory_controller:/workspaces/ros2-coding/install/rqt_controller_manager:/workspaces/ros2-coding/install/ros2controlcli:/workspaces/ros2-coding/install/ros2_controllers_test_nodes:/workspaces/ros2-coding/install/my_turtlesim:/workspaces/ros2-coding/install/issac_sim:/opt/ros/jazzy /usr/bin/cmake --build /workspaces/ros2-coding/build/isaac_ros2_messages -- -j2 -l2
[14.687s] [  0%] Built target ament_cmake_python_symlink_isaac_ros2_messages
[14.691s] [  1%] [34m[1mGenerating type hashes for ROS interfaces[0m
[16.005s] running egg_info
[16.011s] creating isaac_ros2_messages.egg-info
[16.168s] writing isaac_ros2_messages.egg-info/PKG-INFO
[16.177s] writing dependency_links to isaac_ros2_messages.egg-info/dependency_links.txt
[16.177s] writing top-level names to isaac_ros2_messages.egg-info/top_level.txt
[16.177s] writing manifest file 'isaac_ros2_messages.egg-info/SOURCES.txt'
[16.570s] reading manifest file 'isaac_ros2_messages.egg-info/SOURCES.txt'
[16.571s] writing manifest file 'isaac_ros2_messages.egg-info/SOURCES.txt'
[16.667s] [  1%] Built target ament_cmake_python_build_isaac_ros2_messages_egg
[17.068s] [  1%] Built target isaac_ros2_messages__rosidl_generator_type_description
[17.196s] [  2%] [34m[1mGenerating C++ code for ROS interfaces[0m
[20.938s] [  2%] Built target isaac_ros2_messages__cpp
[21.006s] [  4%] [34m[1mGenerating C code for ROS interfaces[0m
[25.024s] [  5%] [32mBuilding C object CMakeFiles/isaac_ros2_messages__rosidl_generator_c.dir/rosidl_generator_c/isaac_ros2_messages/srv/detail/isaac_pose__description.c.o[0m
[25.386s] [  6%] [32mBuilding C object CMakeFiles/isaac_ros2_messages__rosidl_generator_c.dir/rosidl_generator_c/isaac_ros2_messages/srv/detail/isaac_pose__functions.c.o[0m
[25.553s] [  8%] [32mBuilding C object CMakeFiles/isaac_ros2_messages__rosidl_generator_c.dir/rosidl_generator_c/isaac_ros2_messages/srv/detail/isaac_pose__type_support.c.o[0m
[25.648s] [  9%] [32mBuilding C object CMakeFiles/isaac_ros2_messages__rosidl_generator_c.dir/rosidl_generator_c/isaac_ros2_messages/srv/detail/get_prims__description.c.o[0m
[25.770s] [ 10%] [32mBuilding C object CMakeFiles/isaac_ros2_messages__rosidl_generator_c.dir/rosidl_generator_c/isaac_ros2_messages/srv/detail/get_prims__functions.c.o[0m
[25.922s] [ 12%] [32mBuilding C object CMakeFiles/isaac_ros2_messages__rosidl_generator_c.dir/rosidl_generator_c/isaac_ros2_messages/srv/detail/get_prims__type_support.c.o[0m
[26.011s] [ 13%] [32mBuilding C object CMakeFiles/isaac_ros2_messages__rosidl_generator_c.dir/rosidl_generator_c/isaac_ros2_messages/srv/detail/get_prim_attributes__description.c.o[0m
[26.291s] [ 14%] [32mBuilding C object CMakeFiles/isaac_ros2_messages__rosidl_generator_c.dir/rosidl_generator_c/isaac_ros2_messages/srv/detail/get_prim_attributes__functions.c.o[0m
[26.663s] [ 16%] [32mBuilding C object CMakeFiles/isaac_ros2_messages__rosidl_generator_c.dir/rosidl_generator_c/isaac_ros2_messages/srv/detail/get_prim_attributes__type_support.c.o[0m
[26.785s] [ 17%] [32mBuilding C object CMakeFiles/isaac_ros2_messages__rosidl_generator_c.dir/rosidl_generator_c/isaac_ros2_messages/srv/detail/get_prim_attribute__description.c.o[0m
[26.971s] [ 18%] [32mBuilding C object CMakeFiles/isaac_ros2_messages__rosidl_generator_c.dir/rosidl_generator_c/isaac_ros2_messages/srv/detail/get_prim_attribute__functions.c.o[0m
[27.260s] [ 20%] [32mBuilding C object CMakeFiles/isaac_ros2_messages__rosidl_generator_c.dir/rosidl_generator_c/isaac_ros2_messages/srv/detail/get_prim_attribute__type_support.c.o[0m
[27.382s] [ 21%] [32mBuilding C object CMakeFiles/isaac_ros2_messages__rosidl_generator_c.dir/rosidl_generator_c/isaac_ros2_messages/srv/detail/set_prim_attribute__description.c.o[0m
[27.549s] [ 22%] [32mBuilding C object CMakeFiles/isaac_ros2_messages__rosidl_generator_c.dir/rosidl_generator_c/isaac_ros2_messages/srv/detail/set_prim_attribute__functions.c.o[0m
[27.724s] [ 24%] [32mBuilding C object CMakeFiles/isaac_ros2_messages__rosidl_generator_c.dir/rosidl_generator_c/isaac_ros2_messages/srv/detail/set_prim_attribute__type_support.c.o[0m
[27.839s] [ 25%] [32m[1mLinking C shared library libisaac_ros2_messages__rosidl_generator_c.so[0m
[28.008s] [ 25%] Built target isaac_ros2_messages__rosidl_generator_c
[28.066s] [ 27%] [34m[1mGenerating C++ type support dispatch for ROS interfaces[0m
[29.420s] [ 28%] [32mBuilding CXX object CMakeFiles/isaac_ros2_messages__rosidl_typesupport_cpp.dir/rosidl_typesupport_cpp/isaac_ros2_messages/srv/isaac_pose__type_support.cpp.o[0m
[30.417s] [ 29%] [32mBuilding CXX object CMakeFiles/isaac_ros2_messages__rosidl_typesupport_cpp.dir/rosidl_typesupport_cpp/isaac_ros2_messages/srv/get_prims__type_support.cpp.o[0m
[31.298s] [ 31%] [32mBuilding CXX object CMakeFiles/isaac_ros2_messages__rosidl_typesupport_cpp.dir/rosidl_typesupport_cpp/isaac_ros2_messages/srv/get_prim_attributes__type_support.cpp.o[0m
[32.113s] [ 32%] [32mBuilding CXX object CMakeFiles/isaac_ros2_messages__rosidl_typesupport_cpp.dir/rosidl_typesupport_cpp/isaac_ros2_messages/srv/get_prim_attribute__type_support.cpp.o[0m
[32.824s] [ 33%] [32mBuilding CXX object CMakeFiles/isaac_ros2_messages__rosidl_typesupport_cpp.dir/rosidl_typesupport_cpp/isaac_ros2_messages/srv/set_prim_attribute__type_support.cpp.o[0m
[33.601s] [ 35%] [32m[1mLinking CXX shared library libisaac_ros2_messages__rosidl_typesupport_cpp.so[0m
[33.817s] [ 35%] Built target isaac_ros2_messages__rosidl_typesupport_cpp
[33.853s] [ 36%] [34m[1mGenerating C type support for eProsima Fast-RTPS[0m
[36.200s] [ 37%] [32mBuilding CXX object CMakeFiles/isaac_ros2_messages__rosidl_typesupport_fastrtps_c.dir/rosidl_typesupport_fastrtps_c/isaac_ros2_messages/srv/detail/isaac_pose__type_support_c.cpp.o[0m
[37.548s] [ 39%] [32mBuilding CXX object CMakeFiles/isaac_ros2_messages__rosidl_typesupport_fastrtps_c.dir/rosidl_typesupport_fastrtps_c/isaac_ros2_messages/srv/detail/get_prims__type_support_c.cpp.o[0m
[38.496s] [ 40%] [32mBuilding CXX object CMakeFiles/isaac_ros2_messages__rosidl_typesupport_fastrtps_c.dir/rosidl_typesupport_fastrtps_c/isaac_ros2_messages/srv/detail/get_prim_attributes__type_support_c.cpp.o[0m
[39.234s] [ 41%] [32mBuilding CXX object CMakeFiles/isaac_ros2_messages__rosidl_typesupport_fastrtps_c.dir/rosidl_typesupport_fastrtps_c/isaac_ros2_messages/srv/detail/get_prim_attribute__type_support_c.cpp.o[0m
[40.002s] [ 43%] [32mBuilding CXX object CMakeFiles/isaac_ros2_messages__rosidl_typesupport_fastrtps_c.dir/rosidl_typesupport_fastrtps_c/isaac_ros2_messages/srv/detail/set_prim_attribute__type_support_c.cpp.o[0m
[41.255s] [ 44%] [32m[1mLinking CXX shared library libisaac_ros2_messages__rosidl_typesupport_fastrtps_c.so[0m
[41.526s] [ 44%] Built target isaac_ros2_messages__rosidl_typesupport_fastrtps_c
[41.555s] [ 45%] [34m[1mGenerating C++ type support for eProsima Fast-RTPS[0m
[42.886s] [ 47%] [32mBuilding CXX object CMakeFiles/isaac_ros2_messages__rosidl_typesupport_fastrtps_cpp.dir/rosidl_typesupport_fastrtps_cpp/isaac_ros2_messages/srv/detail/dds_fastrtps/isaac_pose__type_support.cpp.o[0m
[43.819s] [ 48%] [32mBuilding CXX object CMakeFiles/isaac_ros2_messages__rosidl_typesupport_fastrtps_cpp.dir/rosidl_typesupport_fastrtps_cpp/isaac_ros2_messages/srv/detail/dds_fastrtps/get_prims__type_support.cpp.o[0m
[44.597s] [ 50%] [32mBuilding CXX object CMakeFiles/isaac_ros2_messages__rosidl_typesupport_fastrtps_cpp.dir/rosidl_typesupport_fastrtps_cpp/isaac_ros2_messages/srv/detail/dds_fastrtps/get_prim_attributes__type_support.cpp.o[0m
[45.545s] [ 51%] [32mBuilding CXX object CMakeFiles/isaac_ros2_messages__rosidl_typesupport_fastrtps_cpp.dir/rosidl_typesupport_fastrtps_cpp/isaac_ros2_messages/srv/detail/dds_fastrtps/get_prim_attribute__type_support.cpp.o[0m
[46.254s] [ 52%] [32mBuilding CXX object CMakeFiles/isaac_ros2_messages__rosidl_typesupport_fastrtps_cpp.dir/rosidl_typesupport_fastrtps_cpp/isaac_ros2_messages/srv/detail/dds_fastrtps/set_prim_attribute__type_support.cpp.o[0m
[46.996s] [ 54%] [32m[1mLinking CXX shared library libisaac_ros2_messages__rosidl_typesupport_fastrtps_cpp.so[0m
[47.135s] [ 54%] Built target isaac_ros2_messages__rosidl_typesupport_fastrtps_cpp
[47.167s] [ 55%] [34m[1mGenerating C introspection for ROS interfaces[0m
[48.308s] [ 56%] [32mBuilding C object CMakeFiles/isaac_ros2_messages__rosidl_typesupport_introspection_c.dir/rosidl_typesupport_introspection_c/isaac_ros2_messages/srv/detail/isaac_pose__type_support.c.o[0m
[48.402s] [ 58%] [32mBuilding C object CMakeFiles/isaac_ros2_messages__rosidl_typesupport_introspection_c.dir/rosidl_typesupport_introspection_c/isaac_ros2_messages/srv/detail/get_prims__type_support.c.o[0m
[48.478s] [ 59%] [32mBuilding C object CMakeFiles/isaac_ros2_messages__rosidl_typesupport_introspection_c.dir/rosidl_typesupport_introspection_c/isaac_ros2_messages/srv/detail/get_prim_attributes__type_support.c.o[0m
[48.571s] [ 60%] [32mBuilding C object CMakeFiles/isaac_ros2_messages__rosidl_typesupport_introspection_c.dir/rosidl_typesupport_introspection_c/isaac_ros2_messages/srv/detail/get_prim_attribute__type_support.c.o[0m
[48.665s] [ 62%] [32mBuilding C object CMakeFiles/isaac_ros2_messages__rosidl_typesupport_introspection_c.dir/rosidl_typesupport_introspection_c/isaac_ros2_messages/srv/detail/set_prim_attribute__type_support.c.o[0m
[48.745s] [ 63%] [32m[1mLinking C shared library libisaac_ros2_messages__rosidl_typesupport_introspection_c.so[0m
[48.813s] [ 63%] Built target isaac_ros2_messages__rosidl_typesupport_introspection_c
[48.838s] [ 64%] [34m[1mGenerating C type support dispatch for ROS interfaces[0m
[49.570s] [ 66%] [32mBuilding CXX object CMakeFiles/isaac_ros2_messages__rosidl_typesupport_c.dir/rosidl_typesupport_c/isaac_ros2_messages/srv/isaac_pose__type_support.cpp.o[0m
[49.650s] [ 67%] [32mBuilding CXX object CMakeFiles/isaac_ros2_messages__rosidl_typesupport_c.dir/rosidl_typesupport_c/isaac_ros2_messages/srv/get_prims__type_support.cpp.o[0m
[49.729s] [ 68%] [32mBuilding CXX object CMakeFiles/isaac_ros2_messages__rosidl_typesupport_c.dir/rosidl_typesupport_c/isaac_ros2_messages/srv/get_prim_attributes__type_support.cpp.o[0m
[49.805s] [ 70%] [32mBuilding CXX object CMakeFiles/isaac_ros2_messages__rosidl_typesupport_c.dir/rosidl_typesupport_c/isaac_ros2_messages/srv/get_prim_attribute__type_support.cpp.o[0m
[49.881s] [ 71%] [32mBuilding CXX object CMakeFiles/isaac_ros2_messages__rosidl_typesupport_c.dir/rosidl_typesupport_c/isaac_ros2_messages/srv/set_prim_attribute__type_support.cpp.o[0m
[49.956s] [ 72%] [32m[1mLinking CXX shared library libisaac_ros2_messages__rosidl_typesupport_c.so[0m
[50.034s] [ 72%] Built target isaac_ros2_messages__rosidl_typesupport_c
[50.058s] [ 74%] [34m[1mGenerating C++ introspection for ROS interfaces[0m
[51.400s] [ 75%] [32mBuilding CXX object CMakeFiles/isaac_ros2_messages__rosidl_typesupport_introspection_cpp.dir/rosidl_typesupport_introspection_cpp/isaac_ros2_messages/srv/detail/isaac_pose__type_support.cpp.o[0m
[52.234s] [ 77%] [32mBuilding CXX object CMakeFiles/isaac_ros2_messages__rosidl_typesupport_introspection_cpp.dir/rosidl_typesupport_introspection_cpp/isaac_ros2_messages/srv/detail/get_prims__type_support.cpp.o[0m
[52.798s] [ 78%] [32mBuilding CXX object CMakeFiles/isaac_ros2_messages__rosidl_typesupport_introspection_cpp.dir/rosidl_typesupport_introspection_cpp/isaac_ros2_messages/srv/detail/get_prim_attributes__type_support.cpp.o[0m
[53.371s] [ 79%] [32mBuilding CXX object CMakeFiles/isaac_ros2_messages__rosidl_typesupport_introspection_cpp.dir/rosidl_typesupport_introspection_cpp/isaac_ros2_messages/srv/detail/get_prim_attribute__type_support.cpp.o[0m
[53.897s] [ 81%] [32mBuilding CXX object CMakeFiles/isaac_ros2_messages__rosidl_typesupport_introspection_cpp.dir/rosidl_typesupport_introspection_cpp/isaac_ros2_messages/srv/detail/set_prim_attribute__type_support.cpp.o[0m
[54.421s] [ 82%] [32m[1mLinking CXX shared library libisaac_ros2_messages__rosidl_typesupport_introspection_cpp.so[0m
[54.545s] [ 82%] Built target isaac_ros2_messages__rosidl_typesupport_introspection_cpp
[54.589s] [ 82%] Built target isaac_ros2_messages
[54.635s] [ 83%] [34m[1mGenerating Python code for ROS interfaces[0m
[57.489s] [ 83%] Built target isaac_ros2_messages__py
[57.535s] [ 85%] [32mBuilding C object CMakeFiles/isaac_ros2_messages__rosidl_generator_py.dir/rosidl_generator_py/isaac_ros2_messages/srv/_isaac_pose_s.c.o[0m
[57.834s] [ 86%] [32mBuilding C object CMakeFiles/isaac_ros2_messages__rosidl_generator_py.dir/rosidl_generator_py/isaac_ros2_messages/srv/_get_prims_s.c.o[0m
[58.104s] [ 87%] [32mBuilding C object CMakeFiles/isaac_ros2_messages__rosidl_generator_py.dir/rosidl_generator_py/isaac_ros2_messages/srv/_get_prim_attributes_s.c.o[0m
[58.311s] [ 89%] [32mBuilding C object CMakeFiles/isaac_ros2_messages__rosidl_generator_py.dir/rosidl_generator_py/isaac_ros2_messages/srv/_get_prim_attribute_s.c.o[0m
[58.529s] [ 90%] [32mBuilding C object CMakeFiles/isaac_ros2_messages__rosidl_generator_py.dir/rosidl_generator_py/isaac_ros2_messages/srv/_set_prim_attribute_s.c.o[0m
[58.726s] [ 91%] [32m[1mLinking C shared library libisaac_ros2_messages__rosidl_generator_py.so[0m
[58.825s] [ 91%] Built target isaac_ros2_messages__rosidl_generator_py
[58.889s] [ 93%] [32mBuilding C object CMakeFiles/isaac_ros2_messages_s__rosidl_typesupport_fastrtps_c.dir/rosidl_generator_py/isaac_ros2_messages/_isaac_ros2_messages_s.ep.rosidl_typesupport_fastrtps_c.c.o[0m
[59.079s] [ 94%] [32m[1mLinking C shared module rosidl_generator_py/isaac_ros2_messages/isaac_ros2_messages_s__rosidl_typesupport_fastrtps_c.so[0m
[59.153s] [ 94%] Built target isaac_ros2_messages_s__rosidl_typesupport_fastrtps_c
[59.209s] [ 95%] [32mBuilding C object CMakeFiles/isaac_ros2_messages_s__rosidl_typesupport_introspection_c.dir/rosidl_generator_py/isaac_ros2_messages/_isaac_ros2_messages_s.ep.rosidl_typesupport_introspection_c.c.o[0m
[59.417s] [ 97%] [32m[1mLinking C shared module rosidl_generator_py/isaac_ros2_messages/isaac_ros2_messages_s__rosidl_typesupport_introspection_c.so[0m
[59.482s] [ 97%] Built target isaac_ros2_messages_s__rosidl_typesupport_introspection_c
[59.529s] [ 98%] [32mBuilding C object CMakeFiles/isaac_ros2_messages_s__rosidl_typesupport_c.dir/rosidl_generator_py/isaac_ros2_messages/_isaac_ros2_messages_s.ep.rosidl_typesupport_c.c.o[0m
[59.747s] [100%] [32m[1mLinking C shared module rosidl_generator_py/isaac_ros2_messages/isaac_ros2_messages_s__rosidl_typesupport_c.so[0m
[59.817s] [100%] Built target isaac_ros2_messages_s__rosidl_typesupport_c
[59.843s] Invoked command in '/workspaces/ros2-coding/build/isaac_ros2_messages' returned '0': CMAKE_PREFIX_PATH=${CMAKE_PREFIX_PATH}:/workspaces/ros2-coding/install/rqt_joint_trajectory_controller:/workspaces/ros2-coding/install/rqt_controller_manager:/workspaces/ros2-coding/install/ros2controlcli:/workspaces/ros2-coding/install/ros2_controllers_test_nodes:/workspaces/ros2-coding/install/my_turtlesim:/workspaces/ros2-coding/install/issac_sim:/opt/ros/jazzy /usr/bin/cmake --build /workspaces/ros2-coding/build/isaac_ros2_messages -- -j2 -l2
[59.845s] Invoking command in '/workspaces/ros2-coding/build/isaac_ros2_messages': CMAKE_PREFIX_PATH=${CMAKE_PREFIX_PATH}:/workspaces/ros2-coding/install/rqt_joint_trajectory_controller:/workspaces/ros2-coding/install/rqt_controller_manager:/workspaces/ros2-coding/install/ros2controlcli:/workspaces/ros2-coding/install/ros2_controllers_test_nodes:/workspaces/ros2-coding/install/my_turtlesim:/workspaces/ros2-coding/install/issac_sim:/opt/ros/jazzy /usr/bin/cmake --install /workspaces/ros2-coding/build/isaac_ros2_messages
[59.866s] -- Install configuration: ""
[59.867s] -- Execute custom install script
[59.868s] -- Symlinking: /workspaces/ros2-coding/install/isaac_ros2_messages/share/ament_index/resource_index/rosidl_interfaces/isaac_ros2_messages
[59.887s] -- Symlinking: /workspaces/ros2-coding/install/isaac_ros2_messages/share/isaac_ros2_messages/srv/IsaacPose.json
[59.908s] -- Symlinking: /workspaces/ros2-coding/install/isaac_ros2_messages/share/isaac_ros2_messages/srv/GetPrims.json
[59.926s] -- Symlinking: /workspaces/ros2-coding/install/isaac_ros2_messages/share/isaac_ros2_messages/srv/GetPrimAttributes.json
[59.948s] -- Symlinking: /workspaces/ros2-coding/install/isaac_ros2_messages/share/isaac_ros2_messages/srv/GetPrimAttribute.json
[59.966s] -- Symlinking: /workspaces/ros2-coding/install/isaac_ros2_messages/share/isaac_ros2_messages/srv/SetPrimAttribute.json
[59.984s] -- Symlinking: /workspaces/ros2-coding/install/isaac_ros2_messages/include/isaac_ros2_messages/isaac_ros2_messages/msg/rosidl_generator_c__visibility_control.h
[60.003s] -- Symlinking: /workspaces/ros2-coding/install/isaac_ros2_messages/include/isaac_ros2_messages/isaac_ros2_messages/srv/detail/get_prim_attribute__functions.h
[60.024s] -- Symlinking: /workspaces/ros2-coding/install/isaac_ros2_messages/include/isaac_ros2_messages/isaac_ros2_messages/srv/detail/get_prim_attribute__struct.h
[60.043s] -- Symlinking: /workspaces/ros2-coding/install/isaac_ros2_messages/include/isaac_ros2_messages/isaac_ros2_messages/srv/detail/get_prim_attribute__type_support.h
[60.061s] -- Symlinking: /workspaces/ros2-coding/install/isaac_ros2_messages/include/isaac_ros2_messages/isaac_ros2_messages/srv/detail/get_prim_attributes__functions.h
[60.077s] -- Symlinking: /workspaces/ros2-coding/install/isaac_ros2_messages/include/isaac_ros2_messages/isaac_ros2_messages/srv/detail/get_prim_attributes__struct.h
[60.098s] -- Symlinking: /workspaces/ros2-coding/install/isaac_ros2_messages/include/isaac_ros2_messages/isaac_ros2_messages/srv/detail/get_prim_attributes__type_support.h
[60.116s] -- Symlinking: /workspaces/ros2-coding/install/isaac_ros2_messages/include/isaac_ros2_messages/isaac_ros2_messages/srv/detail/get_prims__functions.h
[60.137s] -- Symlinking: /workspaces/ros2-coding/install/isaac_ros2_messages/include/isaac_ros2_messages/isaac_ros2_messages/srv/detail/get_prims__struct.h
[60.156s] -- Symlinking: /workspaces/ros2-coding/install/isaac_ros2_messages/include/isaac_ros2_messages/isaac_ros2_messages/srv/detail/get_prims__type_support.h
[60.173s] -- Symlinking: /workspaces/ros2-coding/install/isaac_ros2_messages/include/isaac_ros2_messages/isaac_ros2_messages/srv/detail/isaac_pose__functions.h
[60.193s] -- Symlinking: /workspaces/ros2-coding/install/isaac_ros2_messages/include/isaac_ros2_messages/isaac_ros2_messages/srv/detail/isaac_pose__struct.h
[60.214s] -- Symlinking: /workspaces/ros2-coding/install/isaac_ros2_messages/include/isaac_ros2_messages/isaac_ros2_messages/srv/detail/isaac_pose__type_support.h
[60.233s] -- Symlinking: /workspaces/ros2-coding/install/isaac_ros2_messages/include/isaac_ros2_messages/isaac_ros2_messages/srv/detail/set_prim_attribute__functions.h
[60.252s] -- Symlinking: /workspaces/ros2-coding/install/isaac_ros2_messages/include/isaac_ros2_messages/isaac_ros2_messages/srv/detail/set_prim_attribute__struct.h
[60.269s] -- Symlinking: /workspaces/ros2-coding/install/isaac_ros2_messages/include/isaac_ros2_messages/isaac_ros2_messages/srv/detail/set_prim_attribute__type_support.h
[60.286s] -- Symlinking: /workspaces/ros2-coding/install/isaac_ros2_messages/include/isaac_ros2_messages/isaac_ros2_messages/srv/get_prim_attribute.h
[60.305s] -- Symlinking: /workspaces/ros2-coding/install/isaac_ros2_messages/include/isaac_ros2_messages/isaac_ros2_messages/srv/get_prim_attributes.h
[60.322s] -- Symlinking: /workspaces/ros2-coding/install/isaac_ros2_messages/include/isaac_ros2_messages/isaac_ros2_messages/srv/get_prims.h
[60.339s] -- Symlinking: /workspaces/ros2-coding/install/isaac_ros2_messages/include/isaac_ros2_messages/isaac_ros2_messages/srv/isaac_pose.h
[60.358s] -- Symlinking: /workspaces/ros2-coding/install/isaac_ros2_messages/include/isaac_ros2_messages/isaac_ros2_messages/srv/set_prim_attribute.h
[60.376s] -- Symlinking: /workspaces/ros2-coding/install/isaac_ros2_messages/share/isaac_ros2_messages/environment/library_path.sh
[60.396s] -- Symlinking: /workspaces/ros2-coding/install/isaac_ros2_messages/share/isaac_ros2_messages/environment/library_path.dsv
[60.413s] -- Symlinking: /workspaces/ros2-coding/install/isaac_ros2_messages/include/isaac_ros2_messages/isaac_ros2_messages/msg/rosidl_typesupport_fastrtps_c__visibility_control.h
[60.436s] -- Symlinking: /workspaces/ros2-coding/install/isaac_ros2_messages/include/isaac_ros2_messages/isaac_ros2_messages/srv/detail/get_prim_attribute__rosidl_typesupport_fastrtps_c.h
[60.460s] -- Symlinking: /workspaces/ros2-coding/install/isaac_ros2_messages/include/isaac_ros2_messages/isaac_ros2_messages/srv/detail/get_prim_attributes__rosidl_typesupport_fastrtps_c.h
[60.477s] -- Symlinking: /workspaces/ros2-coding/install/isaac_ros2_messages/include/isaac_ros2_messages/isaac_ros2_messages/srv/detail/get_prims__rosidl_typesupport_fastrtps_c.h
[60.495s] -- Symlinking: /workspaces/ros2-coding/install/isaac_ros2_messages/include/isaac_ros2_messages/isaac_ros2_messages/srv/detail/isaac_pose__rosidl_typesupport_fastrtps_c.h
[60.517s] -- Symlinking: /workspaces/ros2-coding/install/isaac_ros2_messages/include/isaac_ros2_messages/isaac_ros2_messages/srv/detail/set_prim_attribute__rosidl_typesupport_fastrtps_c.h
[60.536s] -- Symlinking: /workspaces/ros2-coding/install/isaac_ros2_messages/include/isaac_ros2_messages/isaac_ros2_messages/msg/rosidl_generator_cpp__visibility_control.hpp
[60.553s] -- Symlinking: /workspaces/ros2-coding/install/isaac_ros2_messages/include/isaac_ros2_messages/isaac_ros2_messages/srv/detail/get_prim_attribute__builder.hpp
[60.574s] -- Symlinking: /workspaces/ros2-coding/install/isaac_ros2_messages/include/isaac_ros2_messages/isaac_ros2_messages/srv/detail/get_prim_attribute__struct.hpp
[60.592s] -- Symlinking: /workspaces/ros2-coding/install/isaac_ros2_messages/include/isaac_ros2_messages/isaac_ros2_messages/srv/detail/get_prim_attribute__traits.hpp
[60.610s] -- Symlinking: /workspaces/ros2-coding/install/isaac_ros2_messages/include/isaac_ros2_messages/isaac_ros2_messages/srv/detail/get_prim_attribute__type_support.hpp
[60.626s] -- Symlinking: /workspaces/ros2-coding/install/isaac_ros2_messages/include/isaac_ros2_messages/isaac_ros2_messages/srv/detail/get_prim_attributes__builder.hpp
[60.646s] -- Symlinking: /workspaces/ros2-coding/install/isaac_ros2_messages/include/isaac_ros2_messages/isaac_ros2_messages/srv/detail/get_prim_attributes__struct.hpp
[60.663s] -- Symlinking: /workspaces/ros2-coding/install/isaac_ros2_messages/include/isaac_ros2_messages/isaac_ros2_messages/srv/detail/get_prim_attributes__traits.hpp
[60.681s] -- Symlinking: /workspaces/ros2-coding/install/isaac_ros2_messages/include/isaac_ros2_messages/isaac_ros2_messages/srv/detail/get_prim_attributes__type_support.hpp
[60.700s] -- Symlinking: /workspaces/ros2-coding/install/isaac_ros2_messages/include/isaac_ros2_messages/isaac_ros2_messages/srv/detail/get_prims__builder.hpp
[60.720s] -- Symlinking: /workspaces/ros2-coding/install/isaac_ros2_messages/include/isaac_ros2_messages/isaac_ros2_messages/srv/detail/get_prims__struct.hpp
[60.741s] -- Symlinking: /workspaces/ros2-coding/install/isaac_ros2_messages/include/isaac_ros2_messages/isaac_ros2_messages/srv/detail/get_prims__traits.hpp
[60.760s] -- Symlinking: /workspaces/ros2-coding/install/isaac_ros2_messages/include/isaac_ros2_messages/isaac_ros2_messages/srv/detail/get_prims__type_support.hpp
[60.778s] -- Symlinking: /workspaces/ros2-coding/install/isaac_ros2_messages/include/isaac_ros2_messages/isaac_ros2_messages/srv/detail/isaac_pose__builder.hpp
[60.796s] -- Symlinking: /workspaces/ros2-coding/install/isaac_ros2_messages/include/isaac_ros2_messages/isaac_ros2_messages/srv/detail/isaac_pose__struct.hpp
[60.814s] -- Symlinking: /workspaces/ros2-coding/install/isaac_ros2_messages/include/isaac_ros2_messages/isaac_ros2_messages/srv/detail/isaac_pose__traits.hpp
[60.831s] -- Symlinking: /workspaces/ros2-coding/install/isaac_ros2_messages/include/isaac_ros2_messages/isaac_ros2_messages/srv/detail/isaac_pose__type_support.hpp
[60.850s] -- Symlinking: /workspaces/ros2-coding/install/isaac_ros2_messages/include/isaac_ros2_messages/isaac_ros2_messages/srv/detail/set_prim_attribute__builder.hpp
[60.872s] -- Symlinking: /workspaces/ros2-coding/install/isaac_ros2_messages/include/isaac_ros2_messages/isaac_ros2_messages/srv/detail/set_prim_attribute__struct.hpp
[60.890s] -- Symlinking: /workspaces/ros2-coding/install/isaac_ros2_messages/include/isaac_ros2_messages/isaac_ros2_messages/srv/detail/set_prim_attribute__traits.hpp
[60.910s] -- Symlinking: /workspaces/ros2-coding/install/isaac_ros2_messages/include/isaac_ros2_messages/isaac_ros2_messages/srv/detail/set_prim_attribute__type_support.hpp
[60.927s] -- Symlinking: /workspaces/ros2-coding/install/isaac_ros2_messages/include/isaac_ros2_messages/isaac_ros2_messages/srv/get_prim_attribute.hpp
[60.946s] -- Symlinking: /workspaces/ros2-coding/install/isaac_ros2_messages/include/isaac_ros2_messages/isaac_ros2_messages/srv/get_prim_attributes.hpp
[60.965s] -- Symlinking: /workspaces/ros2-coding/install/isaac_ros2_messages/include/isaac_ros2_messages/isaac_ros2_messages/srv/get_prims.hpp
[60.983s] -- Symlinking: /workspaces/ros2-coding/install/isaac_ros2_messages/include/isaac_ros2_messages/isaac_ros2_messages/srv/isaac_pose.hpp
[61.002s] -- Symlinking: /workspaces/ros2-coding/install/isaac_ros2_messages/include/isaac_ros2_messages/isaac_ros2_messages/srv/set_prim_attribute.hpp
[61.021s] -- Symlinking: /workspaces/ros2-coding/install/isaac_ros2_messages/include/isaac_ros2_messages/isaac_ros2_messages/msg/rosidl_typesupport_fastrtps_cpp__visibility_control.h
[61.051s] -- Symlinking: /workspaces/ros2-coding/install/isaac_ros2_messages/include/isaac_ros2_messages/isaac_ros2_messages/srv/detail/get_prim_attribute__rosidl_typesupport_fastrtps_cpp.hpp
[61.074s] -- Symlinking: /workspaces/ros2-coding/install/isaac_ros2_messages/include/isaac_ros2_messages/isaac_ros2_messages/srv/detail/get_prim_attributes__rosidl_typesupport_fastrtps_cpp.hpp
[61.094s] -- Symlinking: /workspaces/ros2-coding/install/isaac_ros2_messages/include/isaac_ros2_messages/isaac_ros2_messages/srv/detail/get_prims__rosidl_typesupport_fastrtps_cpp.hpp
[61.112s] -- Symlinking: /workspaces/ros2-coding/install/isaac_ros2_messages/include/isaac_ros2_messages/isaac_ros2_messages/srv/detail/isaac_pose__rosidl_typesupport_fastrtps_cpp.hpp
[61.131s] -- Symlinking: /workspaces/ros2-coding/install/isaac_ros2_messages/include/isaac_ros2_messages/isaac_ros2_messages/srv/detail/set_prim_attribute__rosidl_typesupport_fastrtps_cpp.hpp
[61.152s] -- Symlinking: /workspaces/ros2-coding/install/isaac_ros2_messages/include/isaac_ros2_messages/isaac_ros2_messages/msg/rosidl_typesupport_introspection_c__visibility_control.h
[61.169s] -- Symlinking: /workspaces/ros2-coding/install/isaac_ros2_messages/include/isaac_ros2_messages/isaac_ros2_messages/srv/detail/get_prim_attribute__rosidl_typesupport_introspection_c.h
[61.186s] -- Symlinking: /workspaces/ros2-coding/install/isaac_ros2_messages/include/isaac_ros2_messages/isaac_ros2_messages/srv/detail/get_prim_attributes__rosidl_typesupport_introspection_c.h
[61.205s] -- Symlinking: /workspaces/ros2-coding/install/isaac_ros2_messages/include/isaac_ros2_messages/isaac_ros2_messages/srv/detail/get_prims__rosidl_typesupport_introspection_c.h
[61.222s] -- Symlinking: /workspaces/ros2-coding/install/isaac_ros2_messages/include/isaac_ros2_messages/isaac_ros2_messages/srv/detail/isaac_pose__rosidl_typesupport_introspection_c.h
[61.240s] -- Symlinking: /workspaces/ros2-coding/install/isaac_ros2_messages/include/isaac_ros2_messages/isaac_ros2_messages/srv/detail/set_prim_attribute__rosidl_typesupport_introspection_c.h
[61.259s] -- Symlinking: /workspaces/ros2-coding/install/isaac_ros2_messages/include/isaac_ros2_messages/isaac_ros2_messages/srv/detail/get_prim_attribute__rosidl_typesupport_introspection_cpp.hpp
[61.276s] -- Symlinking: /workspaces/ros2-coding/install/isaac_ros2_messages/include/isaac_ros2_messages/isaac_ros2_messages/srv/detail/get_prim_attributes__rosidl_typesupport_introspection_cpp.hpp
[61.294s] -- Symlinking: /workspaces/ros2-coding/install/isaac_ros2_messages/include/isaac_ros2_messages/isaac_ros2_messages/srv/detail/get_prims__rosidl_typesupport_introspection_cpp.hpp
[61.311s] -- Symlinking: /workspaces/ros2-coding/install/isaac_ros2_messages/include/isaac_ros2_messages/isaac_ros2_messages/srv/detail/isaac_pose__rosidl_typesupport_introspection_cpp.hpp
[61.328s] -- Symlinking: /workspaces/ros2-coding/install/isaac_ros2_messages/include/isaac_ros2_messages/isaac_ros2_messages/srv/detail/set_prim_attribute__rosidl_typesupport_introspection_cpp.hpp
[61.347s] -- Symlinking: /workspaces/ros2-coding/install/isaac_ros2_messages/share/isaac_ros2_messages/environment/pythonpath.sh
[61.369s] -- Symlinking: /workspaces/ros2-coding/install/isaac_ros2_messages/share/isaac_ros2_messages/environment/pythonpath.dsv
[61.387s] -- Symlinking: /workspaces/ros2-coding/install/isaac_ros2_messages/lib/python3.12/site-packages/isaac_ros2_messages-0.2.0-py3.12.egg-info/PKG-INFO
[61.407s] -- Symlinking: /workspaces/ros2-coding/install/isaac_ros2_messages/lib/python3.12/site-packages/isaac_ros2_messages-0.2.0-py3.12.egg-info/SOURCES.txt
[61.424s] -- Symlinking: /workspaces/ros2-coding/install/isaac_ros2_messages/lib/python3.12/site-packages/isaac_ros2_messages-0.2.0-py3.12.egg-info/dependency_links.txt
[61.449s] -- Symlinking: /workspaces/ros2-coding/install/isaac_ros2_messages/lib/python3.12/site-packages/isaac_ros2_messages-0.2.0-py3.12.egg-info/top_level.txt
[61.469s] -- Symlinking: /workspaces/ros2-coding/install/isaac_ros2_messages/lib/python3.12/site-packages/isaac_ros2_messages/__init__.py
[61.487s] -- Symlinking: /workspaces/ros2-coding/install/isaac_ros2_messages/lib/python3.12/site-packages/isaac_ros2_messages/_isaac_ros2_messages_s.ep.rosidl_typesupport_c.c
[61.505s] -- Symlinking: /workspaces/ros2-coding/install/isaac_ros2_messages/lib/python3.12/site-packages/isaac_ros2_messages/_isaac_ros2_messages_s.ep.rosidl_typesupport_fastrtps_c.c
[61.524s] -- Symlinking: /workspaces/ros2-coding/install/isaac_ros2_messages/lib/python3.12/site-packages/isaac_ros2_messages/_isaac_ros2_messages_s.ep.rosidl_typesupport_introspection_c.c
[61.543s] -- Symlinking: /workspaces/ros2-coding/install/isaac_ros2_messages/lib/python3.12/site-packages/isaac_ros2_messages/isaac_ros2_messages_s__rosidl_typesupport_c.so
[61.561s] -- Symlinking: /workspaces/ros2-coding/install/isaac_ros2_messages/lib/python3.12/site-packages/isaac_ros2_messages/isaac_ros2_messages_s__rosidl_typesupport_fastrtps_c.so
[61.579s] -- Symlinking: /workspaces/ros2-coding/install/isaac_ros2_messages/lib/python3.12/site-packages/isaac_ros2_messages/isaac_ros2_messages_s__rosidl_typesupport_introspection_c.so
[61.607s] -- Symlinking: /workspaces/ros2-coding/install/isaac_ros2_messages/lib/python3.12/site-packages/isaac_ros2_messages/srv/__init__.py
[61.635s] -- Symlinking: /workspaces/ros2-coding/install/isaac_ros2_messages/lib/python3.12/site-packages/isaac_ros2_messages/srv/_get_prim_attribute.py
[61.664s] -- Symlinking: /workspaces/ros2-coding/install/isaac_ros2_messages/lib/python3.12/site-packages/isaac_ros2_messages/srv/_get_prim_attribute_s.c
[61.689s] -- Symlinking: /workspaces/ros2-coding/install/isaac_ros2_messages/lib/python3.12/site-packages/isaac_ros2_messages/srv/_get_prim_attributes.py
[61.712s] -- Symlinking: /workspaces/ros2-coding/install/isaac_ros2_messages/lib/python3.12/site-packages/isaac_ros2_messages/srv/_get_prim_attributes_s.c
[61.730s] -- Symlinking: /workspaces/ros2-coding/install/isaac_ros2_messages/lib/python3.12/site-packages/isaac_ros2_messages/srv/_get_prims.py
[61.750s] -- Symlinking: /workspaces/ros2-coding/install/isaac_ros2_messages/lib/python3.12/site-packages/isaac_ros2_messages/srv/_get_prims_s.c
[61.768s] -- Symlinking: /workspaces/ros2-coding/install/isaac_ros2_messages/lib/python3.12/site-packages/isaac_ros2_messages/srv/_isaac_pose.py
[61.785s] -- Symlinking: /workspaces/ros2-coding/install/isaac_ros2_messages/lib/python3.12/site-packages/isaac_ros2_messages/srv/_isaac_pose_s.c
[61.804s] -- Symlinking: /workspaces/ros2-coding/install/isaac_ros2_messages/lib/python3.12/site-packages/isaac_ros2_messages/srv/_set_prim_attribute.py
[61.821s] -- Symlinking: /workspaces/ros2-coding/install/isaac_ros2_messages/lib/python3.12/site-packages/isaac_ros2_messages/srv/_set_prim_attribute_s.c
[61.840s] -- Up-to-date symlink: /workspaces/ros2-coding/install/isaac_ros2_messages/lib/python3.12/site-packages/isaac_ros2_messages/isaac_ros2_messages_s__rosidl_typesupport_fastrtps_c.so
[61.840s] -- Up-to-date symlink: /workspaces/ros2-coding/install/isaac_ros2_messages/lib/python3.12/site-packages/isaac_ros2_messages/isaac_ros2_messages_s__rosidl_typesupport_introspection_c.so
[61.841s] -- Up-to-date symlink: /workspaces/ros2-coding/install/isaac_ros2_messages/lib/python3.12/site-packages/isaac_ros2_messages/isaac_ros2_messages_s__rosidl_typesupport_c.so
[61.841s] -- Symlinking: /workspaces/ros2-coding/install/isaac_ros2_messages/share/isaac_ros2_messages/srv/IsaacPose.idl
[61.861s] -- Symlinking: /workspaces/ros2-coding/install/isaac_ros2_messages/share/isaac_ros2_messages/srv/GetPrims.idl
[61.878s] -- Symlinking: /workspaces/ros2-coding/install/isaac_ros2_messages/share/isaac_ros2_messages/srv/GetPrimAttributes.idl
[61.908s] -- Symlinking: /workspaces/ros2-coding/install/isaac_ros2_messages/share/isaac_ros2_messages/srv/GetPrimAttribute.idl
[61.938s] -- Symlinking: /workspaces/ros2-coding/install/isaac_ros2_messages/share/isaac_ros2_messages/srv/SetPrimAttribute.idl
[61.977s] -- Symlinking: /workspaces/ros2-coding/install/isaac_ros2_messages/share/isaac_ros2_messages/srv/IsaacPose.srv
[61.994s] -- Symlinking: /workspaces/ros2-coding/install/isaac_ros2_messages/share/isaac_ros2_messages/srv/GetPrims.srv
[62.013s] -- Symlinking: /workspaces/ros2-coding/install/isaac_ros2_messages/share/isaac_ros2_messages/srv/GetPrimAttributes.srv
[62.034s] -- Symlinking: /workspaces/ros2-coding/install/isaac_ros2_messages/share/isaac_ros2_messages/srv/GetPrimAttribute.srv
[62.053s] -- Symlinking: /workspaces/ros2-coding/install/isaac_ros2_messages/share/isaac_ros2_messages/srv/SetPrimAttribute.srv
[62.072s] -- Symlinking: /workspaces/ros2-coding/install/isaac_ros2_messages/share/ament_index/resource_index/package_run_dependencies/isaac_ros2_messages
[62.097s] -- Symlinking: /workspaces/ros2-coding/install/isaac_ros2_messages/share/ament_index/resource_index/parent_prefix_path/isaac_ros2_messages
[62.115s] -- Symlinking: /workspaces/ros2-coding/install/isaac_ros2_messages/share/isaac_ros2_messages/environment/ament_prefix_path.sh
[62.132s] -- Symlinking: /workspaces/ros2-coding/install/isaac_ros2_messages/share/isaac_ros2_messages/environment/ament_prefix_path.dsv
[62.153s] -- Symlinking: /workspaces/ros2-coding/install/isaac_ros2_messages/share/isaac_ros2_messages/environment/path.sh
[62.169s] -- Symlinking: /workspaces/ros2-coding/install/isaac_ros2_messages/share/isaac_ros2_messages/environment/path.dsv
[62.193s] -- Symlinking: /workspaces/ros2-coding/install/isaac_ros2_messages/share/isaac_ros2_messages/local_setup.bash
[62.217s] -- Symlinking: /workspaces/ros2-coding/install/isaac_ros2_messages/share/isaac_ros2_messages/local_setup.sh
[62.237s] -- Symlinking: /workspaces/ros2-coding/install/isaac_ros2_messages/share/isaac_ros2_messages/local_setup.zsh
[62.257s] -- Symlinking: /workspaces/ros2-coding/install/isaac_ros2_messages/share/isaac_ros2_messages/local_setup.dsv
[62.280s] -- Symlinking: /workspaces/ros2-coding/install/isaac_ros2_messages/share/isaac_ros2_messages/package.dsv
[62.307s] -- Symlinking: /workspaces/ros2-coding/install/isaac_ros2_messages/share/ament_index/resource_index/packages/isaac_ros2_messages
[62.325s] -- Symlinking: /workspaces/ros2-coding/install/isaac_ros2_messages/share/isaac_ros2_messages/cmake/rosidl_cmake-extras.cmake
[62.344s] -- Symlinking: /workspaces/ros2-coding/install/isaac_ros2_messages/share/isaac_ros2_messages/cmake/ament_cmake_export_dependencies-extras.cmake
[62.362s] -- Symlinking: /workspaces/ros2-coding/install/isaac_ros2_messages/share/isaac_ros2_messages/cmake/ament_cmake_export_include_directories-extras.cmake
[62.385s] -- Symlinking: /workspaces/ros2-coding/install/isaac_ros2_messages/share/isaac_ros2_messages/cmake/ament_cmake_export_libraries-extras.cmake
[62.407s] -- Symlinking: /workspaces/ros2-coding/install/isaac_ros2_messages/share/isaac_ros2_messages/cmake/ament_cmake_export_targets-extras.cmake
[62.433s] -- Symlinking: /workspaces/ros2-coding/install/isaac_ros2_messages/share/isaac_ros2_messages/cmake/rosidl_cmake_export_typesupport_targets-extras.cmake
[62.459s] -- Symlinking: /workspaces/ros2-coding/install/isaac_ros2_messages/share/isaac_ros2_messages/cmake/rosidl_cmake_export_typesupport_libraries-extras.cmake
[62.478s] -- Symlinking: /workspaces/ros2-coding/install/isaac_ros2_messages/share/isaac_ros2_messages/cmake/isaac_ros2_messagesConfig.cmake
[62.496s] -- Symlinking: /workspaces/ros2-coding/install/isaac_ros2_messages/share/isaac_ros2_messages/cmake/isaac_ros2_messagesConfig-version.cmake
[62.514s] -- Symlinking: /workspaces/ros2-coding/install/isaac_ros2_messages/share/isaac_ros2_messages/package.xml
[62.534s] -- Installing: /workspaces/ros2-coding/install/isaac_ros2_messages/lib/libisaac_ros2_messages__rosidl_generator_c.so
[62.536s] -- Set non-toolchain portion of runtime path of "/workspaces/ros2-coding/install/isaac_ros2_messages/lib/libisaac_ros2_messages__rosidl_generator_c.so" to ""
[62.536s] -- Installing: /workspaces/ros2-coding/install/isaac_ros2_messages/lib/libisaac_ros2_messages__rosidl_typesupport_fastrtps_c.so
[62.540s] -- Set non-toolchain portion of runtime path of "/workspaces/ros2-coding/install/isaac_ros2_messages/lib/libisaac_ros2_messages__rosidl_typesupport_fastrtps_c.so" to ""
[62.540s] -- Installing: /workspaces/ros2-coding/install/isaac_ros2_messages/lib/libisaac_ros2_messages__rosidl_typesupport_fastrtps_cpp.so
[62.541s] -- Set non-toolchain portion of runtime path of "/workspaces/ros2-coding/install/isaac_ros2_messages/lib/libisaac_ros2_messages__rosidl_typesupport_fastrtps_cpp.so" to ""
[62.542s] -- Installing: /workspaces/ros2-coding/install/isaac_ros2_messages/lib/libisaac_ros2_messages__rosidl_typesupport_introspection_c.so
[62.542s] -- Set non-toolchain portion of runtime path of "/workspaces/ros2-coding/install/isaac_ros2_messages/lib/libisaac_ros2_messages__rosidl_typesupport_introspection_c.so" to ""
[62.542s] -- Installing: /workspaces/ros2-coding/install/isaac_ros2_messages/lib/libisaac_ros2_messages__rosidl_typesupport_c.so
[62.543s] -- Set non-toolchain portion of runtime path of "/workspaces/ros2-coding/install/isaac_ros2_messages/lib/libisaac_ros2_messages__rosidl_typesupport_c.so" to ""
[62.543s] -- Installing: /workspaces/ros2-coding/install/isaac_ros2_messages/lib/libisaac_ros2_messages__rosidl_typesupport_introspection_cpp.so
[62.548s] -- Set non-toolchain portion of runtime path of "/workspaces/ros2-coding/install/isaac_ros2_messages/lib/libisaac_ros2_messages__rosidl_typesupport_introspection_cpp.so" to ""
[62.548s] -- Installing: /workspaces/ros2-coding/install/isaac_ros2_messages/lib/libisaac_ros2_messages__rosidl_typesupport_cpp.so
[62.550s] -- Set non-toolchain portion of runtime path of "/workspaces/ros2-coding/install/isaac_ros2_messages/lib/libisaac_ros2_messages__rosidl_typesupport_cpp.so" to ""
[62.617s] Listing '/workspaces/ros2-coding/install/isaac_ros2_messages/lib/python3.12/site-packages/isaac_ros2_messages'...
[62.617s] Compiling '/workspaces/ros2-coding/install/isaac_ros2_messages/lib/python3.12/site-packages/isaac_ros2_messages/__init__.py'...
[62.618s] Listing '/workspaces/ros2-coding/install/isaac_ros2_messages/lib/python3.12/site-packages/isaac_ros2_messages/srv'...
[62.619s] Compiling '/workspaces/ros2-coding/install/isaac_ros2_messages/lib/python3.12/site-packages/isaac_ros2_messages/srv/__init__.py'...
[62.619s] Compiling '/workspaces/ros2-coding/install/isaac_ros2_messages/lib/python3.12/site-packages/isaac_ros2_messages/srv/_get_prim_attribute.py'...
[62.620s] Compiling '/workspaces/ros2-coding/install/isaac_ros2_messages/lib/python3.12/site-packages/isaac_ros2_messages/srv/_get_prim_attributes.py'...
[62.620s] Compiling '/workspaces/ros2-coding/install/isaac_ros2_messages/lib/python3.12/site-packages/isaac_ros2_messages/srv/_get_prims.py'...
[62.620s] Compiling '/workspaces/ros2-coding/install/isaac_ros2_messages/lib/python3.12/site-packages/isaac_ros2_messages/srv/_isaac_pose.py'...
[62.620s] Compiling '/workspaces/ros2-coding/install/isaac_ros2_messages/lib/python3.12/site-packages/isaac_ros2_messages/srv/_set_prim_attribute.py'...
[62.625s] -- Installing: /workspaces/ros2-coding/install/isaac_ros2_messages/lib/libisaac_ros2_messages__rosidl_generator_py.so
[62.625s] -- Set non-toolchain portion of runtime path of "/workspaces/ros2-coding/install/isaac_ros2_messages/lib/libisaac_ros2_messages__rosidl_generator_py.so" to ""
[62.626s] -- Installing: /workspaces/ros2-coding/install/isaac_ros2_messages/share/isaac_ros2_messages/cmake/export_isaac_ros2_messages__rosidl_generator_cExport.cmake
[62.626s] -- Installing: /workspaces/ros2-coding/install/isaac_ros2_messages/share/isaac_ros2_messages/cmake/export_isaac_ros2_messages__rosidl_generator_cExport-noconfig.cmake
[62.627s] -- Installing: /workspaces/ros2-coding/install/isaac_ros2_messages/share/isaac_ros2_messages/cmake/export_isaac_ros2_messages__rosidl_typesupport_fastrtps_cExport.cmake
[62.627s] -- Installing: /workspaces/ros2-coding/install/isaac_ros2_messages/share/isaac_ros2_messages/cmake/export_isaac_ros2_messages__rosidl_typesupport_fastrtps_cExport-noconfig.cmake
[62.628s] -- Installing: /workspaces/ros2-coding/install/isaac_ros2_messages/share/isaac_ros2_messages/cmake/export_isaac_ros2_messages__rosidl_generator_cppExport.cmake
[62.629s] -- Installing: /workspaces/ros2-coding/install/isaac_ros2_messages/share/isaac_ros2_messages/cmake/export_isaac_ros2_messages__rosidl_typesupport_fastrtps_cppExport.cmake
[62.630s] -- Installing: /workspaces/ros2-coding/install/isaac_ros2_messages/share/isaac_ros2_messages/cmake/export_isaac_ros2_messages__rosidl_typesupport_fastrtps_cppExport-noconfig.cmake
[62.630s] -- Installing: /workspaces/ros2-coding/install/isaac_ros2_messages/share/isaac_ros2_messages/cmake/isaac_ros2_messages__rosidl_typesupport_introspection_cExport.cmake
[62.631s] -- Installing: /workspaces/ros2-coding/install/isaac_ros2_messages/share/isaac_ros2_messages/cmake/isaac_ros2_messages__rosidl_typesupport_introspection_cExport-noconfig.cmake
[62.631s] -- Installing: /workspaces/ros2-coding/install/isaac_ros2_messages/share/isaac_ros2_messages/cmake/isaac_ros2_messages__rosidl_typesupport_cExport.cmake
[62.631s] -- Installing: /workspaces/ros2-coding/install/isaac_ros2_messages/share/isaac_ros2_messages/cmake/isaac_ros2_messages__rosidl_typesupport_cExport-noconfig.cmake
[62.631s] -- Installing: /workspaces/ros2-coding/install/isaac_ros2_messages/share/isaac_ros2_messages/cmake/isaac_ros2_messages__rosidl_typesupport_introspection_cppExport.cmake
[62.631s] -- Installing: /workspaces/ros2-coding/install/isaac_ros2_messages/share/isaac_ros2_messages/cmake/isaac_ros2_messages__rosidl_typesupport_introspection_cppExport-noconfig.cmake
[62.631s] -- Installing: /workspaces/ros2-coding/install/isaac_ros2_messages/share/isaac_ros2_messages/cmake/isaac_ros2_messages__rosidl_typesupport_cppExport.cmake
[62.632s] -- Installing: /workspaces/ros2-coding/install/isaac_ros2_messages/share/isaac_ros2_messages/cmake/isaac_ros2_messages__rosidl_typesupport_cppExport-noconfig.cmake
[62.633s] -- Installing: /workspaces/ros2-coding/install/isaac_ros2_messages/share/isaac_ros2_messages/cmake/export_isaac_ros2_messages__rosidl_generator_pyExport.cmake
[62.634s] -- Installing: /workspaces/ros2-coding/install/isaac_ros2_messages/share/isaac_ros2_messages/cmake/export_isaac_ros2_messages__rosidl_generator_pyExport-noconfig.cmake
[62.636s] Invoked command in '/workspaces/ros2-coding/build/isaac_ros2_messages' returned '0': CMAKE_PREFIX_PATH=${CMAKE_PREFIX_PATH}:/workspaces/ros2-coding/install/rqt_joint_trajectory_controller:/workspaces/ros2-coding/install/rqt_controller_manager:/workspaces/ros2-coding/install/ros2controlcli:/workspaces/ros2-coding/install/ros2_controllers_test_nodes:/workspaces/ros2-coding/install/my_turtlesim:/workspaces/ros2-coding/install/issac_sim:/opt/ros/jazzy /usr/bin/cmake --install /workspaces/ros2-coding/build/isaac_ros2_messages
