-- The C compiler identification is GNU 13.3.0
-- The CXX compiler identification is GNU 13.3.0
-- Detecting C compiler ABI info
-- Detecting C compiler ABI info - done
-- Check for working C compiler: /usr/bin/cc - skipped
-- Detecting C compile features
-- Detecting C compile features - done
-- Detecting CXX compiler ABI info
-- Detecting CXX compiler ABI info - done
-- Check for working CXX compiler: /usr/bin/c++ - skipped
-- Detecting CXX compile features
-- Detecting CXX compile features - done
-- Found ros2_control_cmake: 0.2.1 (/workspaces/ros2-coding/install/ros2_control_cmake/share/ros2_control_cmake/cmake)
-- Compiler warnings enabled for GNU
-- Detected GCC Version: 13.3.0 (Major: 13, Minor: 3)
-- Found ament_cmake: 2.5.4 (/opt/ros/jazzy/share/ament_cmake/cmake)
-- Found Python3: /usr/bin/python3 (found version "3.12.3") found components: Interpreter 
-- Override CMake install command with custom implementation using symlinks instead of copying resources
-- Found controller_interface: 4.37.0 (/workspaces/ros2-coding/install/controller_interface/share/controller_interface/cmake)
-- Found rosidl_generator_c: 4.6.6 (/opt/ros/jazzy/share/rosidl_generator_c/cmake)
-- Found rosidl_generator_cpp: 4.6.6 (/opt/ros/jazzy/share/rosidl_generator_cpp/cmake)
-- Using all available rosidl_typesupport_c: rosidl_typesupport_fastrtps_c;rosidl_typesupport_introspection_c
-- Using all available rosidl_typesupport_cpp: rosidl_typesupport_fastrtps_cpp;rosidl_typesupport_introspection_cpp
-- Found TinyXML2 via Config file: /usr/lib/x86_64-linux-gnu/cmake/tinyxml2
-- Found rmw_implementation_cmake: 7.3.2 (/opt/ros/jazzy/share/rmw_implementation_cmake/cmake)
-- Found rmw_fastrtps_cpp: 8.4.3 (/opt/ros/jazzy/share/rmw_fastrtps_cpp/cmake)
-- Found TinyXML2 via Config file: /usr/lib/x86_64-linux-gnu/cmake/tinyxml2
-- Found OpenSSL: /usr/lib/x86_64-linux-gnu/libcrypto.so (found version "3.0.13")  
-- Found TinyXML2 via Config file: /usr/lib/x86_64-linux-gnu/cmake/tinyxml2
-- Found FastRTPS: /opt/ros/jazzy/include (Required is at least version "2.13") 
-- Found TinyXML2 via Config file: /usr/lib/x86_64-linux-gnu/cmake/tinyxml2
-- Found TinyXML2 via Config file: /usr/lib/x86_64-linux-gnu/cmake/tinyxml2
-- Using RMW implementation 'rmw_fastrtps_cpp' as default
-- Found generate_parameter_library: 0.5.0 (/opt/ros/jazzy/share/generate_parameter_library/cmake)
-- Found parameter_traits: 0.5.0 (/opt/ros/jazzy/share/parameter_traits/cmake)
-- Found std_srvs: 5.3.6 (/opt/ros/jazzy/share/std_srvs/cmake)
-- Found steering_controllers_library: 4.32.0 (/workspaces/ros2-coding/install/steering_controllers_library/share/steering_controllers_library/cmake)
-- Found eigen3_cmake_module: 0.3.0 (/opt/ros/jazzy/share/eigen3_cmake_module/cmake)
-- Found Eigen3: TRUE (found version "3.4.0") 
-- Ensuring Eigen3 include directory is part of orocos-kdl CMake target
-- Found ament_cmake_gmock: 2.5.4 (/opt/ros/jazzy/share/ament_cmake_gmock/cmake)
-- Found controller_manager: 4.37.0 (/workspaces/ros2-coding/install/controller_manager/share/controller_manager/cmake)
-- Found ros2_control_test_assets: 4.37.0 (/workspaces/ros2-coding/install/ros2_control_test_assets/share/ros2_control_test_assets/cmake)
-- Found gmock sources under '/opt/ros/jazzy/src/gmock_vendor': C++ tests using 'Google Mock' will be built
-- Found ament_cmake_gtest: 2.5.4 (/opt/ros/jazzy/share/ament_cmake_gtest/cmake)
-- Found gtest sources under '/opt/ros/jazzy/src/gtest_vendor': C++ tests using 'Google Test' will be built
-- Configuring done (4.9s)
-- Generating done (0.2s)
-- Build files have been written to: /workspaces/ros2-coding/build/tricycle_steering_controller
[  6%] [34m[1mRunning `/opt/ros/jazzy/bin/generate_parameter_library_cpp /workspaces/ros2-coding/build/tricycle_steering_controller/include/tricycle_steering_controller/tricycle_steering_controller_parameters.hpp /workspaces/ros2-coding/turtlesim_ws/src/ros-controls/ros2_controllers/tricycle_steering_controller/src/tricycle_steering_controller.yaml `[0m
[ 13%] [34m[1mCreating deprecated header file /workspaces/ros2-coding/build/tricycle_steering_controller/include/tricycle_steering_controller_parameters.hpp[0m
[ 13%] Built target tricycle_steering_controller_parameters
[ 20%] [32mBuilding CXX object gmock/CMakeFiles/gmock_main.dir/src/gmock_main.cc.o[0m
[ 26%] [32m[1mLinking CXX static library libgmock_main.a[0m
[ 26%] Built target gmock_main
[ 33%] [32mBuilding CXX object gmock/CMakeFiles/gmock.dir/opt/ros/jazzy/src/gtest_vendor/src/gtest-all.cc.o[0m
[ 40%] [32mBuilding CXX object gmock/CMakeFiles/gmock.dir/src/gmock-all.cc.o[0m
[ 46%] [32m[1mLinking CXX static library libgmock.a[0m
[ 46%] Built target gmock
[ 53%] [32mBuilding CXX object CMakeFiles/tricycle_steering_controller.dir/src/tricycle_steering_controller.cpp.o[0m
[ 60%] [32m[1mLinking CXX shared library libtricycle_steering_controller.so[0m
[ 60%] Built target tricycle_steering_controller
[ 66%] [32mBuilding CXX object CMakeFiles/test_load_tricycle_steering_controller.dir/test/test_load_tricycle_steering_controller.cpp.o[0m
[ 73%] [32m[1mLinking CXX executable test_load_tricycle_steering_controller[0m
[ 73%] Built target test_load_tricycle_steering_controller
[ 80%] [32mBuilding CXX object CMakeFiles/test_tricycle_steering_controller.dir/test/test_tricycle_steering_controller.cpp.o[0m
[ 86%] [32m[1mLinking CXX executable test_tricycle_steering_controller[0m
[ 86%] Built target test_tricycle_steering_controller
[ 93%] [32mBuilding CXX object CMakeFiles/test_tricycle_steering_controller_preceding.dir/test/test_tricycle_steering_controller_preceding.cpp.o[0m
[100%] [32m[1mLinking CXX executable test_tricycle_steering_controller_preceding[0m
[100%] Built target test_tricycle_steering_controller_preceding
-- Install configuration: ""
-- Execute custom install script
-- Symlinking: /workspaces/ros2-coding/install/tricycle_steering_controller/include/tricycle_steering_controller/tricycle_steering_controller_parameters.hpp
-- Symlinking: /workspaces/ros2-coding/install/tricycle_steering_controller/share/tricycle_steering_controller//tricycle_steering_controller.xml
-- Symlinking: /workspaces/ros2-coding/install/tricycle_steering_controller/include/tricycle_steering_controller/tricycle_steering_controller/tricycle_steering_controller.hpp
-- Symlinking: /workspaces/ros2-coding/install/tricycle_steering_controller/share/tricycle_steering_controller/environment/library_path.sh
-- Symlinking: /workspaces/ros2-coding/install/tricycle_steering_controller/share/tricycle_steering_controller/environment/library_path.dsv
-- Symlinking: /workspaces/ros2-coding/install/tricycle_steering_controller/share/ament_index/resource_index/package_run_dependencies/tricycle_steering_controller
-- Symlinking: /workspaces/ros2-coding/install/tricycle_steering_controller/share/ament_index/resource_index/parent_prefix_path/tricycle_steering_controller
-- Symlinking: /workspaces/ros2-coding/install/tricycle_steering_controller/share/tricycle_steering_controller/environment/ament_prefix_path.sh
-- Symlinking: /workspaces/ros2-coding/install/tricycle_steering_controller/share/tricycle_steering_controller/environment/ament_prefix_path.dsv
-- Symlinking: /workspaces/ros2-coding/install/tricycle_steering_controller/share/tricycle_steering_controller/environment/path.sh
-- Symlinking: /workspaces/ros2-coding/install/tricycle_steering_controller/share/tricycle_steering_controller/environment/path.dsv
-- Symlinking: /workspaces/ros2-coding/install/tricycle_steering_controller/share/tricycle_steering_controller/local_setup.bash
-- Symlinking: /workspaces/ros2-coding/install/tricycle_steering_controller/share/tricycle_steering_controller/local_setup.sh
-- Symlinking: /workspaces/ros2-coding/install/tricycle_steering_controller/share/tricycle_steering_controller/local_setup.zsh
-- Symlinking: /workspaces/ros2-coding/install/tricycle_steering_controller/share/tricycle_steering_controller/local_setup.dsv
-- Symlinking: /workspaces/ros2-coding/install/tricycle_steering_controller/share/tricycle_steering_controller/package.dsv
-- Symlinking: /workspaces/ros2-coding/install/tricycle_steering_controller/share/ament_index/resource_index/packages/tricycle_steering_controller
-- Symlinking: /workspaces/ros2-coding/install/tricycle_steering_controller/share/ament_index/resource_index/controller_interface__pluginlib__plugin/tricycle_steering_controller
-- Symlinking: /workspaces/ros2-coding/install/tricycle_steering_controller/share/tricycle_steering_controller/cmake/ament_cmake_export_dependencies-extras.cmake
-- Symlinking: /workspaces/ros2-coding/install/tricycle_steering_controller/share/tricycle_steering_controller/cmake/ament_cmake_export_targets-extras.cmake
-- Symlinking: /workspaces/ros2-coding/install/tricycle_steering_controller/share/tricycle_steering_controller/cmake/tricycle_steering_controllerConfig.cmake
-- Symlinking: /workspaces/ros2-coding/install/tricycle_steering_controller/share/tricycle_steering_controller/cmake/tricycle_steering_controllerConfig-version.cmake
-- Symlinking: /workspaces/ros2-coding/install/tricycle_steering_controller/share/tricycle_steering_controller/package.xml
-- Installing: /workspaces/ros2-coding/install/tricycle_steering_controller/lib/libtricycle_steering_controller.so
-- Set non-toolchain portion of runtime path of "/workspaces/ros2-coding/install/tricycle_steering_controller/lib/libtricycle_steering_controller.so" to ""
-- Installing: /workspaces/ros2-coding/install/tricycle_steering_controller/share/tricycle_steering_controller/cmake/export_tricycle_steering_controllerExport.cmake
-- Installing: /workspaces/ros2-coding/install/tricycle_steering_controller/share/tricycle_steering_controller/cmake/export_tricycle_steering_controllerExport-noconfig.cmake
