[0.070s] Invoking command in '/workspaces/ros2-coding/build/range_sensor_broadcaster': AMENT_PREFIX_PATH=/workspaces/ros2-coding/install/controller_manager:/workspaces/ros2-coding/install/hardware_interface_testing:/workspaces/ros2-coding/install/controller_interface:/workspaces/ros2-coding/install/hardware_interface:/workspaces/ros2-coding/install/joint_limits:/workspaces/ros2-coding/install/realtime_tools:/workspaces/ros2-coding/install/ros2_control_test_assets:/workspaces/ros2-coding/install/ros2_control_cmake:/workspaces/ros2-coding/install/controller_manager_msgs:/workspaces/ros2-coding/install/control_msgs:${AMENT_PREFIX_PATH} CMAKE_PREFIX_PATH=/workspaces/ros2-coding/install/controller_manager:/workspaces/ros2-coding/install/hardware_interface_testing:/workspaces/ros2-coding/install/controller_interface:/workspaces/ros2-coding/install/hardware_interface:/workspaces/ros2-coding/install/joint_limits:/workspaces/ros2-coding/install/realtime_tools:/workspaces/ros2-coding/install/ros2_control_test_assets:/workspaces/ros2-coding/install/ros2_control_cmake:/workspaces/ros2-coding/install/controller_manager_msgs:/workspaces/ros2-coding/install/control_msgs:/opt/ros/jazzy/opt/gz_sim_vendor:/opt/ros/jazzy/opt/gz_sensors_vendor:/opt/ros/jazzy/opt/gz_physics_vendor:/opt/ros/jazzy/opt/sdformat_vendor:/opt/ros/jazzy/opt/gz_gui_vendor:/opt/ros/jazzy/opt/gz_transport_vendor:/opt/ros/jazzy/opt/gz_rendering_vendor:/opt/ros/jazzy/opt/gz_plugin_vendor:/opt/ros/jazzy/opt/gz_fuel_tools_vendor:/opt/ros/jazzy/opt/gz_msgs_vendor:/opt/ros/jazzy/opt/gz_common_vendor:/opt/ros/jazzy/opt/gz_math_vendor:/opt/ros/jazzy/opt/gz_utils_vendor:/opt/ros/jazzy/opt/gz_tools_vendor:/opt/ros/jazzy/opt/gz_ogre_next_vendor:/opt/ros/jazzy/opt/gz_dartsim_vendor:/opt/ros/jazzy/opt/gz_cmake_vendor:/opt/ros/jazzy LD_LIBRARY_PATH=/workspaces/ros2-coding/install/controller_manager/lib:/workspaces/ros2-coding/install/hardware_interface_testing/lib:/workspaces/ros2-coding/install/controller_interface/lib:/workspaces/ros2-coding/install/hardware_interface/lib:/workspaces/ros2-coding/install/joint_limits/lib:/workspaces/ros2-coding/install/realtime_tools/lib:/workspaces/ros2-coding/install/ros2_control_test_assets/lib:/workspaces/ros2-coding/install/controller_manager_msgs/lib:/workspaces/ros2-coding/install/control_msgs/lib:${LD_LIBRARY_PATH} PYTHONPATH=/workspaces/ros2-coding/install/controller_manager/lib/python3.12/site-packages:/workspaces/ros2-coding/install/controller_manager_msgs/lib/python3.12/site-packages:/workspaces/ros2-coding/install/control_msgs/lib/python3.12/site-packages:${PYTHONPATH} /usr/bin/cmake /workspaces/ros2-coding/turtlesim_ws/src/ros-controls/ros2_controllers/range_sensor_broadcaster -DAMENT_CMAKE_SYMLINK_INSTALL=1 -DCMAKE_INSTALL_PREFIX=/workspaces/ros2-coding/install/range_sensor_broadcaster
[0.212s] -- The C compiler identification is GNU 13.3.0
[0.329s] -- The CXX compiler identification is GNU 13.3.0
[0.357s] -- Detecting C compiler ABI info
[0.544s] -- Detecting C compiler ABI info - done
[0.574s] -- Check for working C compiler: /usr/bin/cc - skipped
[0.576s] -- Detecting C compile features
[0.577s] -- Detecting C compile features - done
[0.595s] -- Detecting CXX compiler ABI info
[0.884s] -- Detecting CXX compiler ABI info - done
[0.926s] -- Check for working CXX compiler: /usr/bin/c++ - skipped
[0.929s] -- Detecting CXX compile features
[0.930s] -- Detecting CXX compile features - done
[0.936s] -- Found ros2_control_cmake: 0.2.1 (/workspaces/ros2-coding/install/ros2_control_cmake/share/ros2_control_cmake/cmake)
[0.938s] -- Compiler warnings enabled for GNU
[0.938s] -- Detected GCC Version: 13.3.0 (Major: 13, Minor: 3)
[0.949s] -- Found ament_cmake: 2.5.4 (/opt/ros/jazzy/share/ament_cmake/cmake)
[1.267s] -- Found Python3: /usr/bin/python3 (found version "3.12.3") found components: Interpreter 
[1.378s] -- Override CMake install command with custom implementation using symlinks instead of copying resources
[1.548s] -- Found controller_interface: 4.37.0 (/workspaces/ros2-coding/install/controller_interface/share/controller_interface/cmake)
[1.721s] -- Found rosidl_generator_c: 4.6.6 (/opt/ros/jazzy/share/rosidl_generator_c/cmake)
[1.774s] -- Found rosidl_generator_cpp: 4.6.6 (/opt/ros/jazzy/share/rosidl_generator_cpp/cmake)
[1.827s] -- Using all available rosidl_typesupport_c: rosidl_typesupport_fastrtps_c;rosidl_typesupport_introspection_c
[1.890s] -- Using all available rosidl_typesupport_cpp: rosidl_typesupport_fastrtps_cpp;rosidl_typesupport_introspection_cpp
[2.591s] -- Found TinyXML2 via Config file: /usr/lib/x86_64-linux-gnu/cmake/tinyxml2
[2.773s] -- Found rmw_implementation_cmake: 7.3.2 (/opt/ros/jazzy/share/rmw_implementation_cmake/cmake)
[2.785s] -- Found rmw_fastrtps_cpp: 8.4.3 (/opt/ros/jazzy/share/rmw_fastrtps_cpp/cmake)
[2.873s] -- Found TinyXML2 via Config file: /usr/lib/x86_64-linux-gnu/cmake/tinyxml2
[2.991s] -- Found OpenSSL: /usr/lib/x86_64-linux-gnu/libcrypto.so (found version "3.0.13")  
[2.996s] -- Found TinyXML2 via Config file: /usr/lib/x86_64-linux-gnu/cmake/tinyxml2
[3.031s] -- Found FastRTPS: /opt/ros/jazzy/include (Required is at least version "2.13") 
[3.038s] -- Found TinyXML2 via Config file: /usr/lib/x86_64-linux-gnu/cmake/tinyxml2
[3.055s] -- Found TinyXML2 via Config file: /usr/lib/x86_64-linux-gnu/cmake/tinyxml2
[3.079s] -- Using RMW implementation 'rmw_fastrtps_cpp' as default
[3.939s] -- Found generate_parameter_library: 0.5.0 (/opt/ros/jazzy/share/generate_parameter_library/cmake)
[3.956s] -- Found parameter_traits: 0.5.0 (/opt/ros/jazzy/share/parameter_traits/cmake)
[4.063s] -- Found ament_cmake_gmock: 2.5.4 (/opt/ros/jazzy/share/ament_cmake_gmock/cmake)
[4.067s] -- Found controller_manager: 4.37.0 (/workspaces/ros2-coding/install/controller_manager/share/controller_manager/cmake)
[4.249s] -- Found ros2_control_test_assets: 4.37.0 (/workspaces/ros2-coding/install/ros2_control_test_assets/share/ros2_control_test_assets/cmake)
[4.276s] -- Found gmock sources under '/opt/ros/jazzy/src/gmock_vendor': C++ tests using 'Google Mock' will be built
[4.338s] -- Found ament_cmake_gtest: 2.5.4 (/opt/ros/jazzy/share/ament_cmake_gtest/cmake)
[4.339s] -- Found gtest sources under '/opt/ros/jazzy/src/gtest_vendor': C++ tests using 'Google Test' will be built
[4.575s] -- Configuring done (4.5s)
[4.783s] -- Generating done (0.2s)
[4.812s] -- Build files have been written to: /workspaces/ros2-coding/build/range_sensor_broadcaster
[4.842s] Invoked command in '/workspaces/ros2-coding/build/range_sensor_broadcaster' returned '0': AMENT_PREFIX_PATH=/workspaces/ros2-coding/install/controller_manager:/workspaces/ros2-coding/install/hardware_interface_testing:/workspaces/ros2-coding/install/controller_interface:/workspaces/ros2-coding/install/hardware_interface:/workspaces/ros2-coding/install/joint_limits:/workspaces/ros2-coding/install/realtime_tools:/workspaces/ros2-coding/install/ros2_control_test_assets:/workspaces/ros2-coding/install/ros2_control_cmake:/workspaces/ros2-coding/install/controller_manager_msgs:/workspaces/ros2-coding/install/control_msgs:${AMENT_PREFIX_PATH} CMAKE_PREFIX_PATH=/workspaces/ros2-coding/install/controller_manager:/workspaces/ros2-coding/install/hardware_interface_testing:/workspaces/ros2-coding/install/controller_interface:/workspaces/ros2-coding/install/hardware_interface:/workspaces/ros2-coding/install/joint_limits:/workspaces/ros2-coding/install/realtime_tools:/workspaces/ros2-coding/install/ros2_control_test_assets:/workspaces/ros2-coding/install/ros2_control_cmake:/workspaces/ros2-coding/install/controller_manager_msgs:/workspaces/ros2-coding/install/control_msgs:/opt/ros/jazzy/opt/gz_sim_vendor:/opt/ros/jazzy/opt/gz_sensors_vendor:/opt/ros/jazzy/opt/gz_physics_vendor:/opt/ros/jazzy/opt/sdformat_vendor:/opt/ros/jazzy/opt/gz_gui_vendor:/opt/ros/jazzy/opt/gz_transport_vendor:/opt/ros/jazzy/opt/gz_rendering_vendor:/opt/ros/jazzy/opt/gz_plugin_vendor:/opt/ros/jazzy/opt/gz_fuel_tools_vendor:/opt/ros/jazzy/opt/gz_msgs_vendor:/opt/ros/jazzy/opt/gz_common_vendor:/opt/ros/jazzy/opt/gz_math_vendor:/opt/ros/jazzy/opt/gz_utils_vendor:/opt/ros/jazzy/opt/gz_tools_vendor:/opt/ros/jazzy/opt/gz_ogre_next_vendor:/opt/ros/jazzy/opt/gz_dartsim_vendor:/opt/ros/jazzy/opt/gz_cmake_vendor:/opt/ros/jazzy LD_LIBRARY_PATH=/workspaces/ros2-coding/install/controller_manager/lib:/workspaces/ros2-coding/install/hardware_interface_testing/lib:/workspaces/ros2-coding/install/controller_interface/lib:/workspaces/ros2-coding/install/hardware_interface/lib:/workspaces/ros2-coding/install/joint_limits/lib:/workspaces/ros2-coding/install/realtime_tools/lib:/workspaces/ros2-coding/install/ros2_control_test_assets/lib:/workspaces/ros2-coding/install/controller_manager_msgs/lib:/workspaces/ros2-coding/install/control_msgs/lib:${LD_LIBRARY_PATH} PYTHONPATH=/workspaces/ros2-coding/install/controller_manager/lib/python3.12/site-packages:/workspaces/ros2-coding/install/controller_manager_msgs/lib/python3.12/site-packages:/workspaces/ros2-coding/install/control_msgs/lib/python3.12/site-packages:${PYTHONPATH} /usr/bin/cmake /workspaces/ros2-coding/turtlesim_ws/src/ros-controls/ros2_controllers/range_sensor_broadcaster -DAMENT_CMAKE_SYMLINK_INSTALL=1 -DCMAKE_INSTALL_PREFIX=/workspaces/ros2-coding/install/range_sensor_broadcaster
[4.848s] Invoking command in '/workspaces/ros2-coding/build/range_sensor_broadcaster': AMENT_PREFIX_PATH=/workspaces/ros2-coding/install/controller_manager:/workspaces/ros2-coding/install/hardware_interface_testing:/workspaces/ros2-coding/install/controller_interface:/workspaces/ros2-coding/install/hardware_interface:/workspaces/ros2-coding/install/joint_limits:/workspaces/ros2-coding/install/realtime_tools:/workspaces/ros2-coding/install/ros2_control_test_assets:/workspaces/ros2-coding/install/ros2_control_cmake:/workspaces/ros2-coding/install/controller_manager_msgs:/workspaces/ros2-coding/install/control_msgs:${AMENT_PREFIX_PATH} CMAKE_PREFIX_PATH=/workspaces/ros2-coding/install/controller_manager:/workspaces/ros2-coding/install/hardware_interface_testing:/workspaces/ros2-coding/install/controller_interface:/workspaces/ros2-coding/install/hardware_interface:/workspaces/ros2-coding/install/joint_limits:/workspaces/ros2-coding/install/realtime_tools:/workspaces/ros2-coding/install/ros2_control_test_assets:/workspaces/ros2-coding/install/ros2_control_cmake:/workspaces/ros2-coding/install/controller_manager_msgs:/workspaces/ros2-coding/install/control_msgs:/opt/ros/jazzy/opt/gz_sim_vendor:/opt/ros/jazzy/opt/gz_sensors_vendor:/opt/ros/jazzy/opt/gz_physics_vendor:/opt/ros/jazzy/opt/sdformat_vendor:/opt/ros/jazzy/opt/gz_gui_vendor:/opt/ros/jazzy/opt/gz_transport_vendor:/opt/ros/jazzy/opt/gz_rendering_vendor:/opt/ros/jazzy/opt/gz_plugin_vendor:/opt/ros/jazzy/opt/gz_fuel_tools_vendor:/opt/ros/jazzy/opt/gz_msgs_vendor:/opt/ros/jazzy/opt/gz_common_vendor:/opt/ros/jazzy/opt/gz_math_vendor:/opt/ros/jazzy/opt/gz_utils_vendor:/opt/ros/jazzy/opt/gz_tools_vendor:/opt/ros/jazzy/opt/gz_ogre_next_vendor:/opt/ros/jazzy/opt/gz_dartsim_vendor:/opt/ros/jazzy/opt/gz_cmake_vendor:/opt/ros/jazzy LD_LIBRARY_PATH=/workspaces/ros2-coding/install/controller_manager/lib:/workspaces/ros2-coding/install/hardware_interface_testing/lib:/workspaces/ros2-coding/install/controller_interface/lib:/workspaces/ros2-coding/install/hardware_interface/lib:/workspaces/ros2-coding/install/joint_limits/lib:/workspaces/ros2-coding/install/realtime_tools/lib:/workspaces/ros2-coding/install/ros2_control_test_assets/lib:/workspaces/ros2-coding/install/controller_manager_msgs/lib:/workspaces/ros2-coding/install/control_msgs/lib:${LD_LIBRARY_PATH} PYTHONPATH=/workspaces/ros2-coding/install/controller_manager/lib/python3.12/site-packages:/workspaces/ros2-coding/install/controller_manager_msgs/lib/python3.12/site-packages:/workspaces/ros2-coding/install/control_msgs/lib/python3.12/site-packages:${PYTHONPATH} /usr/bin/cmake --build /workspaces/ros2-coding/build/range_sensor_broadcaster -- -j2 -l2
[5.034s] [  7%] [34m[1mRunning `/opt/ros/jazzy/bin/generate_parameter_library_cpp /workspaces/ros2-coding/build/range_sensor_broadcaster/include/range_sensor_broadcaster/range_sensor_broadcaster_parameters.hpp /workspaces/ros2-coding/turtlesim_ws/src/ros-controls/ros2_controllers/range_sensor_broadcaster/src/range_sensor_broadcaster_parameters.yaml `[0m
[6.611s] [ 15%] [34m[1mCreating deprecated header file /workspaces/ros2-coding/build/range_sensor_broadcaster/include/range_sensor_broadcaster_parameters.hpp[0m
[6.655s] [ 15%] Built target range_sensor_broadcaster_parameters
[6.702s] [ 23%] [32mBuilding CXX object gmock/CMakeFiles/gmock_main.dir/src/gmock_main.cc.o[0m
[8.425s] [ 30%] [32m[1mLinking CXX static library libgmock_main.a[0m
[8.502s] [ 30%] Built target gmock_main
[8.546s] [ 38%] [32mBuilding CXX object gmock/CMakeFiles/gmock.dir/opt/ros/jazzy/src/gtest_vendor/src/gtest-all.cc.o[0m
[14.916s] [ 46%] [32mBuilding CXX object gmock/CMakeFiles/gmock.dir/src/gmock-all.cc.o[0m
[17.872s] [ 53%] [32m[1mLinking CXX static library libgmock.a[0m
[18.097s] [ 53%] Built target gmock
[18.172s] [ 61%] [32mBuilding CXX object CMakeFiles/range_sensor_broadcaster.dir/src/range_sensor_broadcaster.cpp.o[0m
[27.871s] [ 69%] [32m[1mLinking CXX shared library librange_sensor_broadcaster.so[0m
[28.401s] [ 69%] Built target range_sensor_broadcaster
[28.452s] [ 76%] [32mBuilding CXX object CMakeFiles/test_load_range_sensor_broadcaster.dir/test/test_load_range_sensor_broadcaster.cpp.o[0m
[39.091s] [ 84%] [32m[1mLinking CXX executable test_load_range_sensor_broadcaster[0m
[40.267s] [ 84%] Built target test_load_range_sensor_broadcaster
[40.347s] [ 92%] [32mBuilding CXX object CMakeFiles/test_range_sensor_broadcaster.dir/test/test_range_sensor_broadcaster.cpp.o[0m
[56.464s] [100%] [32m[1mLinking CXX executable test_range_sensor_broadcaster[0m
[57.420s] [100%] Built target test_range_sensor_broadcaster
[57.455s] Invoked command in '/workspaces/ros2-coding/build/range_sensor_broadcaster' returned '0': AMENT_PREFIX_PATH=/workspaces/ros2-coding/install/controller_manager:/workspaces/ros2-coding/install/hardware_interface_testing:/workspaces/ros2-coding/install/controller_interface:/workspaces/ros2-coding/install/hardware_interface:/workspaces/ros2-coding/install/joint_limits:/workspaces/ros2-coding/install/realtime_tools:/workspaces/ros2-coding/install/ros2_control_test_assets:/workspaces/ros2-coding/install/ros2_control_cmake:/workspaces/ros2-coding/install/controller_manager_msgs:/workspaces/ros2-coding/install/control_msgs:${AMENT_PREFIX_PATH} CMAKE_PREFIX_PATH=/workspaces/ros2-coding/install/controller_manager:/workspaces/ros2-coding/install/hardware_interface_testing:/workspaces/ros2-coding/install/controller_interface:/workspaces/ros2-coding/install/hardware_interface:/workspaces/ros2-coding/install/joint_limits:/workspaces/ros2-coding/install/realtime_tools:/workspaces/ros2-coding/install/ros2_control_test_assets:/workspaces/ros2-coding/install/ros2_control_cmake:/workspaces/ros2-coding/install/controller_manager_msgs:/workspaces/ros2-coding/install/control_msgs:/opt/ros/jazzy/opt/gz_sim_vendor:/opt/ros/jazzy/opt/gz_sensors_vendor:/opt/ros/jazzy/opt/gz_physics_vendor:/opt/ros/jazzy/opt/sdformat_vendor:/opt/ros/jazzy/opt/gz_gui_vendor:/opt/ros/jazzy/opt/gz_transport_vendor:/opt/ros/jazzy/opt/gz_rendering_vendor:/opt/ros/jazzy/opt/gz_plugin_vendor:/opt/ros/jazzy/opt/gz_fuel_tools_vendor:/opt/ros/jazzy/opt/gz_msgs_vendor:/opt/ros/jazzy/opt/gz_common_vendor:/opt/ros/jazzy/opt/gz_math_vendor:/opt/ros/jazzy/opt/gz_utils_vendor:/opt/ros/jazzy/opt/gz_tools_vendor:/opt/ros/jazzy/opt/gz_ogre_next_vendor:/opt/ros/jazzy/opt/gz_dartsim_vendor:/opt/ros/jazzy/opt/gz_cmake_vendor:/opt/ros/jazzy LD_LIBRARY_PATH=/workspaces/ros2-coding/install/controller_manager/lib:/workspaces/ros2-coding/install/hardware_interface_testing/lib:/workspaces/ros2-coding/install/controller_interface/lib:/workspaces/ros2-coding/install/hardware_interface/lib:/workspaces/ros2-coding/install/joint_limits/lib:/workspaces/ros2-coding/install/realtime_tools/lib:/workspaces/ros2-coding/install/ros2_control_test_assets/lib:/workspaces/ros2-coding/install/controller_manager_msgs/lib:/workspaces/ros2-coding/install/control_msgs/lib:${LD_LIBRARY_PATH} PYTHONPATH=/workspaces/ros2-coding/install/controller_manager/lib/python3.12/site-packages:/workspaces/ros2-coding/install/controller_manager_msgs/lib/python3.12/site-packages:/workspaces/ros2-coding/install/control_msgs/lib/python3.12/site-packages:${PYTHONPATH} /usr/bin/cmake --build /workspaces/ros2-coding/build/range_sensor_broadcaster -- -j2 -l2
[57.457s] Invoking command in '/workspaces/ros2-coding/build/range_sensor_broadcaster': AMENT_PREFIX_PATH=/workspaces/ros2-coding/install/controller_manager:/workspaces/ros2-coding/install/hardware_interface_testing:/workspaces/ros2-coding/install/controller_interface:/workspaces/ros2-coding/install/hardware_interface:/workspaces/ros2-coding/install/joint_limits:/workspaces/ros2-coding/install/realtime_tools:/workspaces/ros2-coding/install/ros2_control_test_assets:/workspaces/ros2-coding/install/ros2_control_cmake:/workspaces/ros2-coding/install/controller_manager_msgs:/workspaces/ros2-coding/install/control_msgs:${AMENT_PREFIX_PATH} CMAKE_PREFIX_PATH=/workspaces/ros2-coding/install/controller_manager:/workspaces/ros2-coding/install/hardware_interface_testing:/workspaces/ros2-coding/install/controller_interface:/workspaces/ros2-coding/install/hardware_interface:/workspaces/ros2-coding/install/joint_limits:/workspaces/ros2-coding/install/realtime_tools:/workspaces/ros2-coding/install/ros2_control_test_assets:/workspaces/ros2-coding/install/ros2_control_cmake:/workspaces/ros2-coding/install/controller_manager_msgs:/workspaces/ros2-coding/install/control_msgs:/opt/ros/jazzy/opt/gz_sim_vendor:/opt/ros/jazzy/opt/gz_sensors_vendor:/opt/ros/jazzy/opt/gz_physics_vendor:/opt/ros/jazzy/opt/sdformat_vendor:/opt/ros/jazzy/opt/gz_gui_vendor:/opt/ros/jazzy/opt/gz_transport_vendor:/opt/ros/jazzy/opt/gz_rendering_vendor:/opt/ros/jazzy/opt/gz_plugin_vendor:/opt/ros/jazzy/opt/gz_fuel_tools_vendor:/opt/ros/jazzy/opt/gz_msgs_vendor:/opt/ros/jazzy/opt/gz_common_vendor:/opt/ros/jazzy/opt/gz_math_vendor:/opt/ros/jazzy/opt/gz_utils_vendor:/opt/ros/jazzy/opt/gz_tools_vendor:/opt/ros/jazzy/opt/gz_ogre_next_vendor:/opt/ros/jazzy/opt/gz_dartsim_vendor:/opt/ros/jazzy/opt/gz_cmake_vendor:/opt/ros/jazzy LD_LIBRARY_PATH=/workspaces/ros2-coding/install/controller_manager/lib:/workspaces/ros2-coding/install/hardware_interface_testing/lib:/workspaces/ros2-coding/install/controller_interface/lib:/workspaces/ros2-coding/install/hardware_interface/lib:/workspaces/ros2-coding/install/joint_limits/lib:/workspaces/ros2-coding/install/realtime_tools/lib:/workspaces/ros2-coding/install/ros2_control_test_assets/lib:/workspaces/ros2-coding/install/controller_manager_msgs/lib:/workspaces/ros2-coding/install/control_msgs/lib:${LD_LIBRARY_PATH} PYTHONPATH=/workspaces/ros2-coding/install/controller_manager/lib/python3.12/site-packages:/workspaces/ros2-coding/install/controller_manager_msgs/lib/python3.12/site-packages:/workspaces/ros2-coding/install/control_msgs/lib/python3.12/site-packages:${PYTHONPATH} /usr/bin/cmake --install /workspaces/ros2-coding/build/range_sensor_broadcaster
[57.473s] -- Install configuration: ""
[57.475s] -- Execute custom install script
[57.476s] -- Symlinking: /workspaces/ros2-coding/install/range_sensor_broadcaster/include/range_sensor_broadcaster/range_sensor_broadcaster_parameters.hpp
[57.499s] -- Symlinking: /workspaces/ros2-coding/install/range_sensor_broadcaster/share/range_sensor_broadcaster//range_sensor_broadcaster.xml
[57.518s] -- Symlinking: /workspaces/ros2-coding/install/range_sensor_broadcaster/include/range_sensor_broadcaster/range_sensor_broadcaster.hpp
[57.539s] -- Symlinking: /workspaces/ros2-coding/install/range_sensor_broadcaster/share/range_sensor_broadcaster/environment/library_path.sh
[57.560s] -- Symlinking: /workspaces/ros2-coding/install/range_sensor_broadcaster/share/range_sensor_broadcaster/environment/library_path.dsv
[57.579s] -- Symlinking: /workspaces/ros2-coding/install/range_sensor_broadcaster/share/ament_index/resource_index/package_run_dependencies/range_sensor_broadcaster
[57.597s] -- Symlinking: /workspaces/ros2-coding/install/range_sensor_broadcaster/share/ament_index/resource_index/parent_prefix_path/range_sensor_broadcaster
[57.616s] -- Symlinking: /workspaces/ros2-coding/install/range_sensor_broadcaster/share/range_sensor_broadcaster/environment/ament_prefix_path.sh
[57.638s] -- Symlinking: /workspaces/ros2-coding/install/range_sensor_broadcaster/share/range_sensor_broadcaster/environment/ament_prefix_path.dsv
[57.659s] -- Symlinking: /workspaces/ros2-coding/install/range_sensor_broadcaster/share/range_sensor_broadcaster/environment/path.sh
[57.679s] -- Symlinking: /workspaces/ros2-coding/install/range_sensor_broadcaster/share/range_sensor_broadcaster/environment/path.dsv
[57.697s] -- Symlinking: /workspaces/ros2-coding/install/range_sensor_broadcaster/share/range_sensor_broadcaster/local_setup.bash
[57.716s] -- Symlinking: /workspaces/ros2-coding/install/range_sensor_broadcaster/share/range_sensor_broadcaster/local_setup.sh
[57.735s] -- Symlinking: /workspaces/ros2-coding/install/range_sensor_broadcaster/share/range_sensor_broadcaster/local_setup.zsh
[57.765s] -- Symlinking: /workspaces/ros2-coding/install/range_sensor_broadcaster/share/range_sensor_broadcaster/local_setup.dsv
[57.783s] -- Symlinking: /workspaces/ros2-coding/install/range_sensor_broadcaster/share/range_sensor_broadcaster/package.dsv
[57.800s] -- Symlinking: /workspaces/ros2-coding/install/range_sensor_broadcaster/share/ament_index/resource_index/packages/range_sensor_broadcaster
[57.819s] -- Symlinking: /workspaces/ros2-coding/install/range_sensor_broadcaster/share/ament_index/resource_index/controller_interface__pluginlib__plugin/range_sensor_broadcaster
[57.838s] -- Symlinking: /workspaces/ros2-coding/install/range_sensor_broadcaster/share/range_sensor_broadcaster/cmake/ament_cmake_export_dependencies-extras.cmake
[57.857s] -- Symlinking: /workspaces/ros2-coding/install/range_sensor_broadcaster/share/range_sensor_broadcaster/cmake/ament_cmake_export_targets-extras.cmake
[57.874s] -- Symlinking: /workspaces/ros2-coding/install/range_sensor_broadcaster/share/range_sensor_broadcaster/cmake/range_sensor_broadcasterConfig.cmake
[57.891s] -- Symlinking: /workspaces/ros2-coding/install/range_sensor_broadcaster/share/range_sensor_broadcaster/cmake/range_sensor_broadcasterConfig-version.cmake
[57.909s] -- Symlinking: /workspaces/ros2-coding/install/range_sensor_broadcaster/share/range_sensor_broadcaster/package.xml
[57.928s] -- Installing: /workspaces/ros2-coding/install/range_sensor_broadcaster/lib/librange_sensor_broadcaster.so
[57.933s] -- Set non-toolchain portion of runtime path of "/workspaces/ros2-coding/install/range_sensor_broadcaster/lib/librange_sensor_broadcaster.so" to ""
[57.933s] -- Installing: /workspaces/ros2-coding/install/range_sensor_broadcaster/share/range_sensor_broadcaster/cmake/export_range_sensor_broadcasterExport.cmake
[57.934s] -- Installing: /workspaces/ros2-coding/install/range_sensor_broadcaster/share/range_sensor_broadcaster/cmake/export_range_sensor_broadcasterExport-noconfig.cmake
[57.939s] Invoked command in '/workspaces/ros2-coding/build/range_sensor_broadcaster' returned '0': AMENT_PREFIX_PATH=/workspaces/ros2-coding/install/controller_manager:/workspaces/ros2-coding/install/hardware_interface_testing:/workspaces/ros2-coding/install/controller_interface:/workspaces/ros2-coding/install/hardware_interface:/workspaces/ros2-coding/install/joint_limits:/workspaces/ros2-coding/install/realtime_tools:/workspaces/ros2-coding/install/ros2_control_test_assets:/workspaces/ros2-coding/install/ros2_control_cmake:/workspaces/ros2-coding/install/controller_manager_msgs:/workspaces/ros2-coding/install/control_msgs:${AMENT_PREFIX_PATH} CMAKE_PREFIX_PATH=/workspaces/ros2-coding/install/controller_manager:/workspaces/ros2-coding/install/hardware_interface_testing:/workspaces/ros2-coding/install/controller_interface:/workspaces/ros2-coding/install/hardware_interface:/workspaces/ros2-coding/install/joint_limits:/workspaces/ros2-coding/install/realtime_tools:/workspaces/ros2-coding/install/ros2_control_test_assets:/workspaces/ros2-coding/install/ros2_control_cmake:/workspaces/ros2-coding/install/controller_manager_msgs:/workspaces/ros2-coding/install/control_msgs:/opt/ros/jazzy/opt/gz_sim_vendor:/opt/ros/jazzy/opt/gz_sensors_vendor:/opt/ros/jazzy/opt/gz_physics_vendor:/opt/ros/jazzy/opt/sdformat_vendor:/opt/ros/jazzy/opt/gz_gui_vendor:/opt/ros/jazzy/opt/gz_transport_vendor:/opt/ros/jazzy/opt/gz_rendering_vendor:/opt/ros/jazzy/opt/gz_plugin_vendor:/opt/ros/jazzy/opt/gz_fuel_tools_vendor:/opt/ros/jazzy/opt/gz_msgs_vendor:/opt/ros/jazzy/opt/gz_common_vendor:/opt/ros/jazzy/opt/gz_math_vendor:/opt/ros/jazzy/opt/gz_utils_vendor:/opt/ros/jazzy/opt/gz_tools_vendor:/opt/ros/jazzy/opt/gz_ogre_next_vendor:/opt/ros/jazzy/opt/gz_dartsim_vendor:/opt/ros/jazzy/opt/gz_cmake_vendor:/opt/ros/jazzy LD_LIBRARY_PATH=/workspaces/ros2-coding/install/controller_manager/lib:/workspaces/ros2-coding/install/hardware_interface_testing/lib:/workspaces/ros2-coding/install/controller_interface/lib:/workspaces/ros2-coding/install/hardware_interface/lib:/workspaces/ros2-coding/install/joint_limits/lib:/workspaces/ros2-coding/install/realtime_tools/lib:/workspaces/ros2-coding/install/ros2_control_test_assets/lib:/workspaces/ros2-coding/install/controller_manager_msgs/lib:/workspaces/ros2-coding/install/control_msgs/lib:${LD_LIBRARY_PATH} PYTHONPATH=/workspaces/ros2-coding/install/controller_manager/lib/python3.12/site-packages:/workspaces/ros2-coding/install/controller_manager_msgs/lib/python3.12/site-packages:/workspaces/ros2-coding/install/control_msgs/lib/python3.12/site-packages:${PYTHONPATH} /usr/bin/cmake --install /workspaces/ros2-coding/build/range_sensor_broadcaster
