-- The CXX compiler identification is GNU 13.3.0
-- Detecting CXX compiler ABI info
-- Detecting CXX compiler ABI info - done
-- Check for working CXX compiler: /usr/bin/c++ - skipped
-- Detecting CXX compile features
-- Detecting CXX compile features - done
-- Found ros2_control_cmake: 0.2.1 (/workspaces/ros2-coding/install/ros2_control_cmake/share/ros2_control_cmake/cmake)
-- Compiler warnings enabled for GNU
-- Detected GCC Version: 13.3.0 (Major: 13, Minor: 3)
-- Found ament_cmake: 2.5.4 (/opt/ros/jazzy/share/ament_cmake/cmake)
-- Found Python3: /usr/bin/python3 (found version "3.12.3") found components: Interpreter 
-- Override CMake install command with custom implementation using symlinks instead of copying resources
-- Found angles: 1.16.0 (/opt/ros/jazzy/share/angles/cmake)
-- Found rclcpp: 28.1.11 (/opt/ros/jazzy/share/rclcpp/cmake)
-- Found rosidl_generator_c: 4.6.6 (/opt/ros/jazzy/share/rosidl_generator_c/cmake)
-- Found rosidl_generator_cpp: 4.6.6 (/opt/ros/jazzy/share/rosidl_generator_cpp/cmake)
-- Using all available rosidl_typesupport_c: rosidl_typesupport_fastrtps_c;rosidl_typesupport_introspection_c
-- Using all available rosidl_typesupport_cpp: rosidl_typesupport_fastrtps_cpp;rosidl_typesupport_introspection_cpp
-- Found rmw_implementation_cmake: 7.3.2 (/opt/ros/jazzy/share/rmw_implementation_cmake/cmake)
-- Found rmw_fastrtps_cpp: 8.4.3 (/opt/ros/jazzy/share/rmw_fastrtps_cpp/cmake)
-- Found OpenSSL: /usr/lib/x86_64-linux-gnu/libcrypto.so (found version "3.0.13")  
-- Found FastRTPS: /opt/ros/jazzy/include (Required is at least version "2.13") 
-- Using RMW implementation 'rmw_fastrtps_cpp' as default
-- Found hardware_interface: 4.37.0 (/workspaces/ros2-coding/install/hardware_interface/share/hardware_interface/cmake)
-- Found ament_cmake_gtest: 2.5.4 (/opt/ros/jazzy/share/ament_cmake_gtest/cmake)
-- Found ament_cmake_pytest: 2.5.4 (/opt/ros/jazzy/share/ament_cmake_pytest/cmake)
-- Found ros2_control_test_assets: 4.37.0 (/workspaces/ros2-coding/install/ros2_control_test_assets/share/ros2_control_test_assets/cmake)
-- Found ros_testing: 0.6.0 (/opt/ros/jazzy/share/ros_testing/cmake)
-- Found launch_testing_ament_cmake: 3.4.6 (/opt/ros/jazzy/share/launch_testing_ament_cmake/cmake)
-- Found python_cmake_module: 0.11.1 (/opt/ros/jazzy/share/python_cmake_module/cmake)
-- Found PythonExtra: /usr/bin/python3  
-- Configuring done (7.2s)
-- Generating done (0.1s)
-- Build files have been written to: /workspaces/ros2-coding/build/joint_state_topic_hardware_interface
[ 50%] [32mBuilding CXX object CMakeFiles/joint_state_topic_hardware_interface.dir/src/joint_state_topic_hardware_interface.cpp.o[0m
[100%] [32m[1mLinking CXX shared library libjoint_state_topic_hardware_interface.so[0m
[100%] Built target joint_state_topic_hardware_interface
-- Install configuration: ""
-- Execute custom install script
-- Symlinking: /workspaces/ros2-coding/install/joint_state_topic_hardware_interface/share/joint_state_topic_hardware_interface//joint_state_topic_hardware_interface_plugin_description.xml
-- Symlinking: /workspaces/ros2-coding/install/joint_state_topic_hardware_interface/share/joint_state_topic_hardware_interface/environment/library_path.sh
-- Symlinking: /workspaces/ros2-coding/install/joint_state_topic_hardware_interface/share/joint_state_topic_hardware_interface/environment/library_path.dsv
-- Symlinking: /workspaces/ros2-coding/install/joint_state_topic_hardware_interface/share/ament_index/resource_index/package_run_dependencies/joint_state_topic_hardware_interface
-- Symlinking: /workspaces/ros2-coding/install/joint_state_topic_hardware_interface/share/ament_index/resource_index/parent_prefix_path/joint_state_topic_hardware_interface
-- Symlinking: /workspaces/ros2-coding/install/joint_state_topic_hardware_interface/share/joint_state_topic_hardware_interface/environment/ament_prefix_path.sh
-- Symlinking: /workspaces/ros2-coding/install/joint_state_topic_hardware_interface/share/joint_state_topic_hardware_interface/environment/ament_prefix_path.dsv
-- Symlinking: /workspaces/ros2-coding/install/joint_state_topic_hardware_interface/share/joint_state_topic_hardware_interface/environment/path.sh
-- Symlinking: /workspaces/ros2-coding/install/joint_state_topic_hardware_interface/share/joint_state_topic_hardware_interface/environment/path.dsv
-- Symlinking: /workspaces/ros2-coding/install/joint_state_topic_hardware_interface/share/joint_state_topic_hardware_interface/local_setup.bash
-- Symlinking: /workspaces/ros2-coding/install/joint_state_topic_hardware_interface/share/joint_state_topic_hardware_interface/local_setup.sh
-- Symlinking: /workspaces/ros2-coding/install/joint_state_topic_hardware_interface/share/joint_state_topic_hardware_interface/local_setup.zsh
-- Symlinking: /workspaces/ros2-coding/install/joint_state_topic_hardware_interface/share/joint_state_topic_hardware_interface/local_setup.dsv
-- Symlinking: /workspaces/ros2-coding/install/joint_state_topic_hardware_interface/share/joint_state_topic_hardware_interface/package.dsv
-- Symlinking: /workspaces/ros2-coding/install/joint_state_topic_hardware_interface/share/ament_index/resource_index/packages/joint_state_topic_hardware_interface
-- Symlinking: /workspaces/ros2-coding/install/joint_state_topic_hardware_interface/share/ament_index/resource_index/hardware_interface__pluginlib__plugin/joint_state_topic_hardware_interface
-- Symlinking: /workspaces/ros2-coding/install/joint_state_topic_hardware_interface/share/joint_state_topic_hardware_interface/cmake/ament_cmake_export_targets-extras.cmake
-- Symlinking: /workspaces/ros2-coding/install/joint_state_topic_hardware_interface/share/joint_state_topic_hardware_interface/cmake/ament_cmake_export_dependencies-extras.cmake
-- Symlinking: /workspaces/ros2-coding/install/joint_state_topic_hardware_interface/share/joint_state_topic_hardware_interface/cmake/joint_state_topic_hardware_interfaceConfig.cmake
-- Symlinking: /workspaces/ros2-coding/install/joint_state_topic_hardware_interface/share/joint_state_topic_hardware_interface/cmake/joint_state_topic_hardware_interfaceConfig-version.cmake
-- Symlinking: /workspaces/ros2-coding/install/joint_state_topic_hardware_interface/share/joint_state_topic_hardware_interface/package.xml
-- Installing: /workspaces/ros2-coding/install/joint_state_topic_hardware_interface/lib/libjoint_state_topic_hardware_interface.so
-- Set non-toolchain portion of runtime path of "/workspaces/ros2-coding/install/joint_state_topic_hardware_interface/lib/libjoint_state_topic_hardware_interface.so" to ""
-- Installing: /workspaces/ros2-coding/install/joint_state_topic_hardware_interface/share/joint_state_topic_hardware_interface/cmake/joint_state_topic_hardware_interfaceTargetsExport.cmake
-- Installing: /workspaces/ros2-coding/install/joint_state_topic_hardware_interface/share/joint_state_topic_hardware_interface/cmake/joint_state_topic_hardware_interfaceTargetsExport-noconfig.cmake
