[2.137s] Invoking command in '/workspaces/ros2-coding/build/rqt_controller_manager': AMENT_PREFIX_PATH=/workspaces/ros2-coding/install/controller_manager:/workspaces/ros2-coding/install/hardware_interface_testing:/workspaces/ros2-coding/install/controller_interface:/workspaces/ros2-coding/install/hardware_interface:/workspaces/ros2-coding/install/joint_limits:/workspaces/ros2-coding/install/realtime_tools:/workspaces/ros2-coding/install/ros2_control_test_assets:/workspaces/ros2-coding/install/ros2_control_cmake:/workspaces/ros2-coding/install/controller_manager_msgs:/workspaces/ros2-coding/install/control_msgs:${AMENT_PREFIX_PATH} CMAKE_PREFIX_PATH=/workspaces/ros2-coding/install/controller_manager:/workspaces/ros2-coding/install/hardware_interface_testing:/workspaces/ros2-coding/install/controller_interface:/workspaces/ros2-coding/install/hardware_interface:/workspaces/ros2-coding/install/joint_limits:/workspaces/ros2-coding/install/realtime_tools:/workspaces/ros2-coding/install/ros2_control_test_assets:/workspaces/ros2-coding/install/ros2_control_cmake:/workspaces/ros2-coding/install/controller_manager_msgs:/workspaces/ros2-coding/install/control_msgs:${CMAKE_PREFIX_PATH} LD_LIBRARY_PATH=/workspaces/ros2-coding/install/controller_manager/lib:/workspaces/ros2-coding/install/hardware_interface_testing/lib:/workspaces/ros2-coding/install/controller_interface/lib:/workspaces/ros2-coding/install/hardware_interface/lib:/workspaces/ros2-coding/install/joint_limits/lib:/workspaces/ros2-coding/install/realtime_tools/lib:/workspaces/ros2-coding/install/ros2_control_test_assets/lib:/workspaces/ros2-coding/install/controller_manager_msgs/lib:/workspaces/ros2-coding/install/control_msgs/lib:${LD_LIBRARY_PATH} PYTHONPATH=/workspaces/ros2-coding/build/rqt_controller_manager/prefix_override:/usr/lib/python3/dist-packages/colcon_core/task/python/colcon_distutils_commands:/workspaces/ros2-coding/install/rqt_controller_manager/lib/python3.12/site-packages:/workspaces/ros2-coding/install/controller_manager/lib/python3.12/site-packages:/workspaces/ros2-coding/install/controller_manager_msgs/lib/python3.12/site-packages:/workspaces/ros2-coding/install/control_msgs/lib/python3.12/site-packages:${PYTHONPATH} /usr/bin/python3 -W ignore:setup.py install is deprecated -W ignore:easy_install command is deprecated setup.py develop --editable --build-directory /workspaces/ros2-coding/build/rqt_controller_manager/build --no-deps symlink_data
[2.843s] running develop
[3.257s] running egg_info
[3.258s] creating rqt_controller_manager.egg-info
[3.297s] writing rqt_controller_manager.egg-info/PKG-INFO
[3.300s] writing dependency_links to rqt_controller_manager.egg-info/dependency_links.txt
[3.302s] writing entry points to rqt_controller_manager.egg-info/entry_points.txt
[3.302s] writing requirements to rqt_controller_manager.egg-info/requires.txt
[3.304s] writing top-level names to rqt_controller_manager.egg-info/top_level.txt
[3.305s] writing manifest file 'rqt_controller_manager.egg-info/SOURCES.txt'
[3.379s] reading manifest file 'rqt_controller_manager.egg-info/SOURCES.txt'
[3.381s] writing manifest file 'rqt_controller_manager.egg-info/SOURCES.txt'
[3.421s] running build_ext
[3.426s] Creating /workspaces/ros2-coding/install/rqt_controller_manager/lib/python3.12/site-packages/rqt-controller-manager.egg-link (link to .)
[3.429s] Installing rqt_controller_manager script to /workspaces/ros2-coding/install/rqt_controller_manager/lib/rqt_controller_manager
[3.432s] 
[3.433s] Installed /workspaces/ros2-coding/build/rqt_controller_manager
[3.433s] running symlink_data
[3.433s] creating /workspaces/ros2-coding/install/rqt_controller_manager/share/ament_index
[3.436s] creating /workspaces/ros2-coding/install/rqt_controller_manager/share/ament_index/resource_index
[3.436s] creating /workspaces/ros2-coding/install/rqt_controller_manager/share/ament_index/resource_index/packages
[3.438s] symbolically linking /workspaces/ros2-coding/build/rqt_controller_manager/resource/rqt_controller_manager -> /workspaces/ros2-coding/install/rqt_controller_manager/share/ament_index/resource_index/packages
[3.439s] symbolically linking /workspaces/ros2-coding/build/rqt_controller_manager/package.xml -> /workspaces/ros2-coding/install/rqt_controller_manager/share/rqt_controller_manager
[3.440s] creating /workspaces/ros2-coding/install/rqt_controller_manager/share/rqt_controller_manager/resource
[3.441s] symbolically linking /workspaces/ros2-coding/build/rqt_controller_manager/resource/cm_icon.png -> /workspaces/ros2-coding/install/rqt_controller_manager/share/rqt_controller_manager/resource
[3.441s] symbolically linking /workspaces/ros2-coding/build/rqt_controller_manager/resource/led_green.png -> /workspaces/ros2-coding/install/rqt_controller_manager/share/rqt_controller_manager/resource
[3.441s] symbolically linking /workspaces/ros2-coding/build/rqt_controller_manager/resource/led_off.png -> /workspaces/ros2-coding/install/rqt_controller_manager/share/rqt_controller_manager/resource
[3.441s] symbolically linking /workspaces/ros2-coding/build/rqt_controller_manager/resource/led_yellow.png -> /workspaces/ros2-coding/install/rqt_controller_manager/share/rqt_controller_manager/resource
[3.445s] symbolically linking /workspaces/ros2-coding/build/rqt_controller_manager/resource/popup_info.ui -> /workspaces/ros2-coding/install/rqt_controller_manager/share/rqt_controller_manager/resource
[3.445s] symbolically linking /workspaces/ros2-coding/build/rqt_controller_manager/resource/led_cyan.png -> /workspaces/ros2-coding/install/rqt_controller_manager/share/rqt_controller_manager/resource
[3.446s] symbolically linking /workspaces/ros2-coding/build/rqt_controller_manager/resource/controller_manager.ui -> /workspaces/ros2-coding/install/rqt_controller_manager/share/rqt_controller_manager/resource
[3.449s] symbolically linking /workspaces/ros2-coding/build/rqt_controller_manager/plugin.xml -> /workspaces/ros2-coding/install/rqt_controller_manager/share/rqt_controller_manager
[3.492s] Invoked command in '/workspaces/ros2-coding/build/rqt_controller_manager' returned '0': AMENT_PREFIX_PATH=/workspaces/ros2-coding/install/controller_manager:/workspaces/ros2-coding/install/hardware_interface_testing:/workspaces/ros2-coding/install/controller_interface:/workspaces/ros2-coding/install/hardware_interface:/workspaces/ros2-coding/install/joint_limits:/workspaces/ros2-coding/install/realtime_tools:/workspaces/ros2-coding/install/ros2_control_test_assets:/workspaces/ros2-coding/install/ros2_control_cmake:/workspaces/ros2-coding/install/controller_manager_msgs:/workspaces/ros2-coding/install/control_msgs:${AMENT_PREFIX_PATH} CMAKE_PREFIX_PATH=/workspaces/ros2-coding/install/controller_manager:/workspaces/ros2-coding/install/hardware_interface_testing:/workspaces/ros2-coding/install/controller_interface:/workspaces/ros2-coding/install/hardware_interface:/workspaces/ros2-coding/install/joint_limits:/workspaces/ros2-coding/install/realtime_tools:/workspaces/ros2-coding/install/ros2_control_test_assets:/workspaces/ros2-coding/install/ros2_control_cmake:/workspaces/ros2-coding/install/controller_manager_msgs:/workspaces/ros2-coding/install/control_msgs:${CMAKE_PREFIX_PATH} LD_LIBRARY_PATH=/workspaces/ros2-coding/install/controller_manager/lib:/workspaces/ros2-coding/install/hardware_interface_testing/lib:/workspaces/ros2-coding/install/controller_interface/lib:/workspaces/ros2-coding/install/hardware_interface/lib:/workspaces/ros2-coding/install/joint_limits/lib:/workspaces/ros2-coding/install/realtime_tools/lib:/workspaces/ros2-coding/install/ros2_control_test_assets/lib:/workspaces/ros2-coding/install/controller_manager_msgs/lib:/workspaces/ros2-coding/install/control_msgs/lib:${LD_LIBRARY_PATH} PYTHONPATH=/workspaces/ros2-coding/build/rqt_controller_manager/prefix_override:/usr/lib/python3/dist-packages/colcon_core/task/python/colcon_distutils_commands:/workspaces/ros2-coding/install/rqt_controller_manager/lib/python3.12/site-packages:/workspaces/ros2-coding/install/controller_manager/lib/python3.12/site-packages:/workspaces/ros2-coding/install/controller_manager_msgs/lib/python3.12/site-packages:/workspaces/ros2-coding/install/control_msgs/lib/python3.12/site-packages:${PYTHONPATH} /usr/bin/python3 -W ignore:setup.py install is deprecated -W ignore:easy_install command is deprecated setup.py develop --editable --build-directory /workspaces/ros2-coding/build/rqt_controller_manager/build --no-deps symlink_data
