[01m[K/workspaces/ros2-coding/turtlesim_ws/src/ros-controls/ros2_control_demos/example_5/hardware/external_rrbot_force_torque_sensor.cpp:[m[K In member function ‘[01m[Kvirtual hardware_interface::CallbackReturn ros2_control_demo_example_5::ExternalRRBotForceTorqueSensorHardware::[01;32m[Kon_init[m[K(const hardware_interface::HardwareInfo&)[m[K’:
[01m[K/workspaces/ros2-coding/turtlesim_ws/src/ros-controls/ros2_control_demos/example_5/hardware/external_rrbot_force_torque_sensor.cpp:38:49:[m[K [01;35m[Kwarning: [m[K‘[01m[Kvirtual rclcpp_lifecycle::node_interfaces::LifecycleNodeInterface::CallbackReturn hardware_interface::HardwareComponentInterface::[01;32m[Kon_init[m[K(const hardware_interface::HardwareInfo&)[m[K’ is deprecated: Use on_init(const HardwareComponentInterfaceParams & params) instead. [[01;35m[K]8;;https://gcc.gnu.org/onlinedocs/gcc/Warning-Options.html#index-Wdeprecated-declarations-Wdeprecated-declarations]8;;[m[K]
   38 |     [01;35m[Khardware_interface::SensorInterface::on_init(info)[m[K !=
      |     [01;35m[K~~~~~~~~~~~~~~~~~~~~~~~~~~~~~~~~~~~~~~~~~~~~^~~~~~[m[K
In file included from [01m[K/workspaces/ros2-coding/install/hardware_interface/include/hardware_interface/hardware_interface/sensor_interface.hpp:20[m[K,
                 from [01m[K/workspaces/ros2-coding/turtlesim_ws/src/ros-controls/ros2_control_demos/example_5/hardware/include/ros2_control_demo_example_5/external_rrbot_force_torque_sensor.hpp:28[m[K,
                 from [01m[K/workspaces/ros2-coding/turtlesim_ws/src/ros-controls/ros2_control_demos/example_5/hardware/external_rrbot_force_torque_sensor.cpp:19[m[K:
[01m[K/workspaces/ros2-coding/install/hardware_interface/include/hardware_interface/hardware_interface/hardware_component_interface.hpp:209:26:[m[K [01;36m[Knote: [m[Kdeclared here
  209 |   virtual CallbackReturn [01;36m[Kon_init[m[K(const HardwareInfo & hardware_info)
      |                          [01;36m[K^~~~~~~[m[K
[01m[K/workspaces/ros2-coding/turtlesim_ws/src/ros-controls/ros2_control_demos/example_5/hardware/rrbot.cpp:[m[K In member function ‘[01m[Kvirtual hardware_interface::CallbackReturn ros2_control_demo_example_5::RRBotSystemPositionOnlyHardware::[01;32m[Kon_init[m[K(const hardware_interface::HardwareInfo&)[m[K’:
[01m[K/workspaces/ros2-coding/turtlesim_ws/src/ros-controls/ros2_control_demos/example_5/hardware/rrbot.cpp:35:49:[m[K [01;35m[Kwarning: [m[K‘[01m[Kvirtual rclcpp_lifecycle::node_interfaces::LifecycleNodeInterface::CallbackReturn hardware_interface::HardwareComponentInterface::[01;32m[Kon_init[m[K(const hardware_interface::HardwareInfo&)[m[K’ is deprecated: Use on_init(const HardwareComponentInterfaceParams & params) instead. [[01;35m[K]8;;https://gcc.gnu.org/onlinedocs/gcc/Warning-Options.html#index-Wdeprecated-declarations-Wdeprecated-declarations]8;;[m[K]
   35 |     [01;35m[Khardware_interface::SystemInterface::on_init(info)[m[K !=
      |     [01;35m[K~~~~~~~~~~~~~~~~~~~~~~~~~~~~~~~~~~~~~~~~~~~~^~~~~~[m[K
In file included from [01m[K/workspaces/ros2-coding/install/hardware_interface/include/hardware_interface/hardware_interface/system_interface.hpp:18[m[K,
                 from [01m[K/workspaces/ros2-coding/turtlesim_ws/src/ros-controls/ros2_control_demos/example_5/hardware/include/ros2_control_demo_example_5/rrbot.hpp:24[m[K,
                 from [01m[K/workspaces/ros2-coding/turtlesim_ws/src/ros-controls/ros2_control_demos/example_5/hardware/rrbot.cpp:15[m[K:
[01m[K/workspaces/ros2-coding/install/hardware_interface/include/hardware_interface/hardware_interface/hardware_component_interface.hpp:209:26:[m[K [01;36m[Knote: [m[Kdeclared here
  209 |   virtual CallbackReturn [01;36m[Kon_init[m[K(const HardwareInfo & hardware_info)
      |                          [01;36m[K^~~~~~~[m[K
