-- The C compiler identification is GNU 13.3.0
-- The CXX compiler identification is GNU 13.3.0
-- Detecting C compiler ABI info
-- Detecting C compiler ABI info - done
-- Check for working C compiler: /usr/bin/cc - skipped
-- Detecting C compile features
-- Detecting C compile features - done
-- Detecting CXX compiler ABI info
-- Detecting CXX compiler ABI info - done
-- Check for working CXX compiler: /usr/bin/c++ - skipped
-- Detecting CXX compile features
-- Detecting CXX compile features - done
-- Found ament_cmake: 2.5.4 (/opt/ros/jazzy/share/ament_cmake/cmake)
-- Found Python3: /usr/bin/python3 (found version "3.12.3") found components: Interpreter 
-- Override CMake install command with custom implementation using symlinks instead of copying resources
-- Found rclpy: 7.1.5 (/opt/ros/jazzy/share/rclpy/cmake)
-- Configuring done (3.4s)
-- Generating done (0.0s)
-- Build files have been written to: /workspaces/ros2-coding/build/isaacsim
-- Install configuration: ""
-- Execute custom install script
-- Symlinking: /workspaces/ros2-coding/install/isaacsim/share/isaacsim/scripts/open_isaacsim_stage.py
-- Symlinking: /workspaces/ros2-coding/install/isaacsim/share/isaacsim/scripts/run_isaacsim.py
-- Symlinking: /workspaces/ros2-coding/install/isaacsim/share/isaacsim/launch/run_isaacsim.launch.py
-- Symlinking: /workspaces/ros2-coding/install/isaacsim/lib/isaacsim/run_isaacsim.py
-- Symlinking: /workspaces/ros2-coding/install/isaacsim/lib/isaacsim/open_isaacsim_stage.py
-- Symlinking: /workspaces/ros2-coding/install/isaacsim/share/ament_index/resource_index/package_run_dependencies/isaacsim
-- Symlinking: /workspaces/ros2-coding/install/isaacsim/share/ament_index/resource_index/parent_prefix_path/isaacsim
-- Symlinking: /workspaces/ros2-coding/install/isaacsim/share/isaacsim/environment/ament_prefix_path.sh
-- Symlinking: /workspaces/ros2-coding/install/isaacsim/share/isaacsim/environment/ament_prefix_path.dsv
-- Symlinking: /workspaces/ros2-coding/install/isaacsim/share/isaacsim/environment/path.sh
-- Symlinking: /workspaces/ros2-coding/install/isaacsim/share/isaacsim/environment/path.dsv
-- Symlinking: /workspaces/ros2-coding/install/isaacsim/share/isaacsim/local_setup.bash
-- Symlinking: /workspaces/ros2-coding/install/isaacsim/share/isaacsim/local_setup.sh
-- Symlinking: /workspaces/ros2-coding/install/isaacsim/share/isaacsim/local_setup.zsh
-- Symlinking: /workspaces/ros2-coding/install/isaacsim/share/isaacsim/local_setup.dsv
-- Symlinking: /workspaces/ros2-coding/install/isaacsim/share/isaacsim/package.dsv
-- Symlinking: /workspaces/ros2-coding/install/isaacsim/share/ament_index/resource_index/packages/isaacsim
-- Symlinking: /workspaces/ros2-coding/install/isaacsim/share/isaacsim/cmake/isaacsimConfig.cmake
-- Symlinking: /workspaces/ros2-coding/install/isaacsim/share/isaacsim/cmake/isaacsimConfig-version.cmake
-- Symlinking: /workspaces/ros2-coding/install/isaacsim/share/isaacsim/package.xml
