[0.031s] Invoking command in '/workspaces/ros2-coding/build/iw_hub_navigation': CMAKE_PREFIX_PATH=${CMAKE_PREFIX_PATH}:/workspaces/ros2-coding/install/isaac_ros_navigation_goal:/workspaces/ros2-coding/install/rqt_joint_trajectory_controller:/workspaces/ros2-coding/install/rqt_controller_manager:/workspaces/ros2-coding/install/ros2controlcli:/workspaces/ros2-coding/install/ros2_controllers_test_nodes:/workspaces/ros2-coding/install/my_turtlesim:/workspaces/ros2-coding/install/issac_sim:/opt/ros/jazzy /usr/bin/cmake --build /workspaces/ros2-coding/build/iw_hub_navigation -- -j2 -l2
[0.157s] Invoked command in '/workspaces/ros2-coding/build/iw_hub_navigation' returned '0': CMAKE_PREFIX_PATH=${CMAKE_PREFIX_PATH}:/workspaces/ros2-coding/install/isaac_ros_navigation_goal:/workspaces/ros2-coding/install/rqt_joint_trajectory_controller:/workspaces/ros2-coding/install/rqt_controller_manager:/workspaces/ros2-coding/install/ros2controlcli:/workspaces/ros2-coding/install/ros2_controllers_test_nodes:/workspaces/ros2-coding/install/my_turtlesim:/workspaces/ros2-coding/install/issac_sim:/opt/ros/jazzy /usr/bin/cmake --build /workspaces/ros2-coding/build/iw_hub_navigation -- -j2 -l2
[0.161s] Invoking command in '/workspaces/ros2-coding/build/iw_hub_navigation': CMAKE_PREFIX_PATH=${CMAKE_PREFIX_PATH}:/workspaces/ros2-coding/install/isaac_ros_navigation_goal:/workspaces/ros2-coding/install/rqt_joint_trajectory_controller:/workspaces/ros2-coding/install/rqt_controller_manager:/workspaces/ros2-coding/install/ros2controlcli:/workspaces/ros2-coding/install/ros2_controllers_test_nodes:/workspaces/ros2-coding/install/my_turtlesim:/workspaces/ros2-coding/install/issac_sim:/opt/ros/jazzy /usr/bin/cmake --install /workspaces/ros2-coding/build/iw_hub_navigation
[0.191s] -- Install configuration: ""
[0.193s] -- Execute custom install script
[0.194s] -- Up-to-date symlink: /workspaces/ros2-coding/install/iw_hub_navigation/share/iw_hub_navigation/launch/iw_hub_navigation.launch.py
[0.195s] -- Up-to-date symlink: /workspaces/ros2-coding/install/iw_hub_navigation/share/iw_hub_navigation/launch/iw_hub_navigation_isaacsim.launch.py
[0.197s] -- Up-to-date symlink: /workspaces/ros2-coding/install/iw_hub_navigation/share/iw_hub_navigation/params/iw_hub_navigation_params.yaml
[0.198s] -- Up-to-date symlink: /workspaces/ros2-coding/install/iw_hub_navigation/share/iw_hub_navigation/maps/iw_hub_warehouse_navigation.png
[0.202s] -- Up-to-date symlink: /workspaces/ros2-coding/install/iw_hub_navigation/share/iw_hub_navigation/maps/iw_hub_warehouse_navigation.yaml
[0.202s] -- Up-to-date symlink: /workspaces/ros2-coding/install/iw_hub_navigation/share/iw_hub_navigation/rviz2/iw_hub_navigation.rviz
[0.204s] -- Up-to-date symlink: /workspaces/ros2-coding/install/iw_hub_navigation/share/ament_index/resource_index/package_run_dependencies/iw_hub_navigation
[0.205s] -- Up-to-date symlink: /workspaces/ros2-coding/install/iw_hub_navigation/share/ament_index/resource_index/parent_prefix_path/iw_hub_navigation
[0.207s] -- Up-to-date symlink: /workspaces/ros2-coding/install/iw_hub_navigation/share/iw_hub_navigation/environment/ament_prefix_path.sh
[0.208s] -- Up-to-date symlink: /workspaces/ros2-coding/install/iw_hub_navigation/share/iw_hub_navigation/environment/ament_prefix_path.dsv
[0.209s] -- Up-to-date symlink: /workspaces/ros2-coding/install/iw_hub_navigation/share/iw_hub_navigation/environment/path.sh
[0.209s] -- Up-to-date symlink: /workspaces/ros2-coding/install/iw_hub_navigation/share/iw_hub_navigation/environment/path.dsv
[0.211s] -- Up-to-date symlink: /workspaces/ros2-coding/install/iw_hub_navigation/share/iw_hub_navigation/local_setup.bash
[0.212s] -- Up-to-date symlink: /workspaces/ros2-coding/install/iw_hub_navigation/share/iw_hub_navigation/local_setup.sh
[0.213s] -- Up-to-date symlink: /workspaces/ros2-coding/install/iw_hub_navigation/share/iw_hub_navigation/local_setup.zsh
[0.213s] -- Up-to-date symlink: /workspaces/ros2-coding/install/iw_hub_navigation/share/iw_hub_navigation/local_setup.dsv
[0.215s] -- Symlinking: /workspaces/ros2-coding/install/iw_hub_navigation/share/iw_hub_navigation/package.dsv
[0.244s] -- Up-to-date symlink: /workspaces/ros2-coding/install/iw_hub_navigation/share/ament_index/resource_index/packages/iw_hub_navigation
[0.245s] -- Up-to-date symlink: /workspaces/ros2-coding/install/iw_hub_navigation/share/iw_hub_navigation/cmake/iw_hub_navigationConfig.cmake
[0.246s] -- Up-to-date symlink: /workspaces/ros2-coding/install/iw_hub_navigation/share/iw_hub_navigation/cmake/iw_hub_navigationConfig-version.cmake
[0.247s] -- Up-to-date symlink: /workspaces/ros2-coding/install/iw_hub_navigation/share/iw_hub_navigation/package.xml
[0.250s] Invoked command in '/workspaces/ros2-coding/build/iw_hub_navigation' returned '0': CMAKE_PREFIX_PATH=${CMAKE_PREFIX_PATH}:/workspaces/ros2-coding/install/isaac_ros_navigation_goal:/workspaces/ros2-coding/install/rqt_joint_trajectory_controller:/workspaces/ros2-coding/install/rqt_controller_manager:/workspaces/ros2-coding/install/ros2controlcli:/workspaces/ros2-coding/install/ros2_controllers_test_nodes:/workspaces/ros2-coding/install/my_turtlesim:/workspaces/ros2-coding/install/issac_sim:/opt/ros/jazzy /usr/bin/cmake --install /workspaces/ros2-coding/build/iw_hub_navigation
