[0.056s] Invoking command in '/workspaces/ros2-coding/build/chained_filter_controller': AMENT_PREFIX_PATH=/workspaces/ros2-coding/install/controller_manager:/workspaces/ros2-coding/install/hardware_interface_testing:/workspaces/ros2-coding/install/controller_interface:/workspaces/ros2-coding/install/hardware_interface:/workspaces/ros2-coding/install/joint_limits:/workspaces/ros2-coding/install/realtime_tools:/workspaces/ros2-coding/install/ros2_control_test_assets:/workspaces/ros2-coding/install/ros2_control_cmake:/workspaces/ros2-coding/install/controller_manager_msgs:/workspaces/ros2-coding/install/control_msgs:${AMENT_PREFIX_PATH} CMAKE_PREFIX_PATH=/workspaces/ros2-coding/install/controller_manager:/workspaces/ros2-coding/install/hardware_interface_testing:/workspaces/ros2-coding/install/controller_interface:/workspaces/ros2-coding/install/hardware_interface:/workspaces/ros2-coding/install/joint_limits:/workspaces/ros2-coding/install/realtime_tools:/workspaces/ros2-coding/install/ros2_control_test_assets:/workspaces/ros2-coding/install/ros2_control_cmake:/workspaces/ros2-coding/install/controller_manager_msgs:/workspaces/ros2-coding/install/control_msgs:/opt/ros/jazzy/opt/gz_sim_vendor:/opt/ros/jazzy/opt/gz_sensors_vendor:/opt/ros/jazzy/opt/gz_physics_vendor:/opt/ros/jazzy/opt/sdformat_vendor:/opt/ros/jazzy/opt/gz_gui_vendor:/opt/ros/jazzy/opt/gz_transport_vendor:/opt/ros/jazzy/opt/gz_rendering_vendor:/opt/ros/jazzy/opt/gz_plugin_vendor:/opt/ros/jazzy/opt/gz_fuel_tools_vendor:/opt/ros/jazzy/opt/gz_msgs_vendor:/opt/ros/jazzy/opt/gz_common_vendor:/opt/ros/jazzy/opt/gz_math_vendor:/opt/ros/jazzy/opt/gz_utils_vendor:/opt/ros/jazzy/opt/gz_tools_vendor:/opt/ros/jazzy/opt/gz_ogre_next_vendor:/opt/ros/jazzy/opt/gz_dartsim_vendor:/opt/ros/jazzy/opt/gz_cmake_vendor:/opt/ros/jazzy LD_LIBRARY_PATH=/workspaces/ros2-coding/install/controller_manager/lib:/workspaces/ros2-coding/install/hardware_interface_testing/lib:/workspaces/ros2-coding/install/controller_interface/lib:/workspaces/ros2-coding/install/hardware_interface/lib:/workspaces/ros2-coding/install/joint_limits/lib:/workspaces/ros2-coding/install/realtime_tools/lib:/workspaces/ros2-coding/install/ros2_control_test_assets/lib:/workspaces/ros2-coding/install/controller_manager_msgs/lib:/workspaces/ros2-coding/install/control_msgs/lib:${LD_LIBRARY_PATH} PYTHONPATH=/workspaces/ros2-coding/install/controller_manager/lib/python3.12/site-packages:/workspaces/ros2-coding/install/controller_manager_msgs/lib/python3.12/site-packages:/workspaces/ros2-coding/install/control_msgs/lib/python3.12/site-packages:${PYTHONPATH} /usr/bin/cmake /workspaces/ros2-coding/turtlesim_ws/src/ros-controls/ros2_controllers/chained_filter_controller -DAMENT_CMAKE_SYMLINK_INSTALL=1 -DCMAKE_INSTALL_PREFIX=/workspaces/ros2-coding/install/chained_filter_controller
[0.184s] -- The C compiler identification is GNU 13.3.0
[0.287s] -- The CXX compiler identification is GNU 13.3.0
[0.320s] -- Detecting C compiler ABI info
[0.560s] -- Detecting C compiler ABI info - done
[0.585s] -- Check for working C compiler: /usr/bin/cc - skipped
[0.587s] -- Detecting C compile features
[0.588s] -- Detecting C compile features - done
[0.631s] -- Detecting CXX compiler ABI info
[0.872s] -- Detecting CXX compiler ABI info - done
[0.918s] -- Check for working CXX compiler: /usr/bin/c++ - skipped
[0.918s] -- Detecting CXX compile features
[0.920s] -- Detecting CXX compile features - done
[0.923s] -- Found ros2_control_cmake: 0.2.1 (/workspaces/ros2-coding/install/ros2_control_cmake/share/ros2_control_cmake/cmake)
[0.923s] -- Compiler warnings enabled for GNU
[0.923s] -- Detected GCC Version: 13.3.0 (Major: 13, Minor: 3)
[0.937s] -- Found ament_cmake: 2.5.4 (/opt/ros/jazzy/share/ament_cmake/cmake)
[1.378s] -- Found Python3: /usr/bin/python3 (found version "3.12.3") found components: Interpreter 
[1.513s] -- Override CMake install command with custom implementation using symlinks instead of copying resources
[1.693s] -- Found controller_interface: 4.37.0 (/workspaces/ros2-coding/install/controller_interface/share/controller_interface/cmake)
[1.886s] -- Found rosidl_generator_c: 4.6.6 (/opt/ros/jazzy/share/rosidl_generator_c/cmake)
[1.945s] -- Found rosidl_generator_cpp: 4.6.6 (/opt/ros/jazzy/share/rosidl_generator_cpp/cmake)
[2.012s] -- Using all available rosidl_typesupport_c: rosidl_typesupport_fastrtps_c;rosidl_typesupport_introspection_c
[2.083s] -- Using all available rosidl_typesupport_cpp: rosidl_typesupport_fastrtps_cpp;rosidl_typesupport_introspection_cpp
[2.693s] -- Found TinyXML2 via Config file: /usr/lib/x86_64-linux-gnu/cmake/tinyxml2
[2.843s] -- Found rmw_implementation_cmake: 7.3.2 (/opt/ros/jazzy/share/rmw_implementation_cmake/cmake)
[2.859s] -- Found rmw_fastrtps_cpp: 8.4.3 (/opt/ros/jazzy/share/rmw_fastrtps_cpp/cmake)
[2.948s] -- Found TinyXML2 via Config file: /usr/lib/x86_64-linux-gnu/cmake/tinyxml2
[3.074s] -- Found OpenSSL: /usr/lib/x86_64-linux-gnu/libcrypto.so (found version "3.0.13")  
[3.081s] -- Found TinyXML2 via Config file: /usr/lib/x86_64-linux-gnu/cmake/tinyxml2
[3.118s] -- Found FastRTPS: /opt/ros/jazzy/include (Required is at least version "2.13") 
[3.127s] -- Found TinyXML2 via Config file: /usr/lib/x86_64-linux-gnu/cmake/tinyxml2
[3.141s] -- Found TinyXML2 via Config file: /usr/lib/x86_64-linux-gnu/cmake/tinyxml2
[3.162s] -- Using RMW implementation 'rmw_fastrtps_cpp' as default
[4.090s] -- Found generate_parameter_library: 0.5.0 (/opt/ros/jazzy/share/generate_parameter_library/cmake)
[4.103s] -- Found parameter_traits: 0.5.0 (/opt/ros/jazzy/share/parameter_traits/cmake)
[4.195s] -- Found filters: 2.2.2 (/opt/ros/jazzy/share/filters/cmake)
[4.217s] -- Found ament_cmake_gmock: 2.5.4 (/opt/ros/jazzy/share/ament_cmake_gmock/cmake)
[4.217s] -- Found controller_manager: 4.37.0 (/workspaces/ros2-coding/install/controller_manager/share/controller_manager/cmake)
[4.443s] -- Found ros2_control_test_assets: 4.37.0 (/workspaces/ros2-coding/install/ros2_control_test_assets/share/ros2_control_test_assets/cmake)
[4.456s] -- Found gmock sources under '/opt/ros/jazzy/src/gmock_vendor': C++ tests using 'Google Mock' will be built
[4.487s] -- Found ament_cmake_gtest: 2.5.4 (/opt/ros/jazzy/share/ament_cmake_gtest/cmake)
[4.488s] -- Found gtest sources under '/opt/ros/jazzy/src/gtest_vendor': C++ tests using 'Google Test' will be built
[4.494s] -- Found gmock sources under '/opt/ros/jazzy/src/gmock_vendor': C++ tests using 'Google Mock' will be built
[4.496s] -- Found ament_cmake_gtest: 2.5.4 (/opt/ros/jazzy/share/ament_cmake_gtest/cmake)
[4.498s] -- Found gtest sources under '/opt/ros/jazzy/src/gtest_vendor': C++ tests using 'Google Test' will be built
[4.499s] -- Found gmock sources under '/opt/ros/jazzy/src/gmock_vendor': C++ tests using 'Google Mock' will be built
[4.502s] -- Found ament_cmake_gtest: 2.5.4 (/opt/ros/jazzy/share/ament_cmake_gtest/cmake)
[4.505s] -- Found gtest sources under '/opt/ros/jazzy/src/gtest_vendor': C++ tests using 'Google Test' will be built
[4.723s] -- Configuring done (4.6s)
[4.980s] -- Generating done (0.2s)
[5.035s] -- Build files have been written to: /workspaces/ros2-coding/build/chained_filter_controller
[5.060s] Invoked command in '/workspaces/ros2-coding/build/chained_filter_controller' returned '0': AMENT_PREFIX_PATH=/workspaces/ros2-coding/install/controller_manager:/workspaces/ros2-coding/install/hardware_interface_testing:/workspaces/ros2-coding/install/controller_interface:/workspaces/ros2-coding/install/hardware_interface:/workspaces/ros2-coding/install/joint_limits:/workspaces/ros2-coding/install/realtime_tools:/workspaces/ros2-coding/install/ros2_control_test_assets:/workspaces/ros2-coding/install/ros2_control_cmake:/workspaces/ros2-coding/install/controller_manager_msgs:/workspaces/ros2-coding/install/control_msgs:${AMENT_PREFIX_PATH} CMAKE_PREFIX_PATH=/workspaces/ros2-coding/install/controller_manager:/workspaces/ros2-coding/install/hardware_interface_testing:/workspaces/ros2-coding/install/controller_interface:/workspaces/ros2-coding/install/hardware_interface:/workspaces/ros2-coding/install/joint_limits:/workspaces/ros2-coding/install/realtime_tools:/workspaces/ros2-coding/install/ros2_control_test_assets:/workspaces/ros2-coding/install/ros2_control_cmake:/workspaces/ros2-coding/install/controller_manager_msgs:/workspaces/ros2-coding/install/control_msgs:/opt/ros/jazzy/opt/gz_sim_vendor:/opt/ros/jazzy/opt/gz_sensors_vendor:/opt/ros/jazzy/opt/gz_physics_vendor:/opt/ros/jazzy/opt/sdformat_vendor:/opt/ros/jazzy/opt/gz_gui_vendor:/opt/ros/jazzy/opt/gz_transport_vendor:/opt/ros/jazzy/opt/gz_rendering_vendor:/opt/ros/jazzy/opt/gz_plugin_vendor:/opt/ros/jazzy/opt/gz_fuel_tools_vendor:/opt/ros/jazzy/opt/gz_msgs_vendor:/opt/ros/jazzy/opt/gz_common_vendor:/opt/ros/jazzy/opt/gz_math_vendor:/opt/ros/jazzy/opt/gz_utils_vendor:/opt/ros/jazzy/opt/gz_tools_vendor:/opt/ros/jazzy/opt/gz_ogre_next_vendor:/opt/ros/jazzy/opt/gz_dartsim_vendor:/opt/ros/jazzy/opt/gz_cmake_vendor:/opt/ros/jazzy LD_LIBRARY_PATH=/workspaces/ros2-coding/install/controller_manager/lib:/workspaces/ros2-coding/install/hardware_interface_testing/lib:/workspaces/ros2-coding/install/controller_interface/lib:/workspaces/ros2-coding/install/hardware_interface/lib:/workspaces/ros2-coding/install/joint_limits/lib:/workspaces/ros2-coding/install/realtime_tools/lib:/workspaces/ros2-coding/install/ros2_control_test_assets/lib:/workspaces/ros2-coding/install/controller_manager_msgs/lib:/workspaces/ros2-coding/install/control_msgs/lib:${LD_LIBRARY_PATH} PYTHONPATH=/workspaces/ros2-coding/install/controller_manager/lib/python3.12/site-packages:/workspaces/ros2-coding/install/controller_manager_msgs/lib/python3.12/site-packages:/workspaces/ros2-coding/install/control_msgs/lib/python3.12/site-packages:${PYTHONPATH} /usr/bin/cmake /workspaces/ros2-coding/turtlesim_ws/src/ros-controls/ros2_controllers/chained_filter_controller -DAMENT_CMAKE_SYMLINK_INSTALL=1 -DCMAKE_INSTALL_PREFIX=/workspaces/ros2-coding/install/chained_filter_controller
[5.062s] Invoking command in '/workspaces/ros2-coding/build/chained_filter_controller': AMENT_PREFIX_PATH=/workspaces/ros2-coding/install/controller_manager:/workspaces/ros2-coding/install/hardware_interface_testing:/workspaces/ros2-coding/install/controller_interface:/workspaces/ros2-coding/install/hardware_interface:/workspaces/ros2-coding/install/joint_limits:/workspaces/ros2-coding/install/realtime_tools:/workspaces/ros2-coding/install/ros2_control_test_assets:/workspaces/ros2-coding/install/ros2_control_cmake:/workspaces/ros2-coding/install/controller_manager_msgs:/workspaces/ros2-coding/install/control_msgs:${AMENT_PREFIX_PATH} CMAKE_PREFIX_PATH=/workspaces/ros2-coding/install/controller_manager:/workspaces/ros2-coding/install/hardware_interface_testing:/workspaces/ros2-coding/install/controller_interface:/workspaces/ros2-coding/install/hardware_interface:/workspaces/ros2-coding/install/joint_limits:/workspaces/ros2-coding/install/realtime_tools:/workspaces/ros2-coding/install/ros2_control_test_assets:/workspaces/ros2-coding/install/ros2_control_cmake:/workspaces/ros2-coding/install/controller_manager_msgs:/workspaces/ros2-coding/install/control_msgs:/opt/ros/jazzy/opt/gz_sim_vendor:/opt/ros/jazzy/opt/gz_sensors_vendor:/opt/ros/jazzy/opt/gz_physics_vendor:/opt/ros/jazzy/opt/sdformat_vendor:/opt/ros/jazzy/opt/gz_gui_vendor:/opt/ros/jazzy/opt/gz_transport_vendor:/opt/ros/jazzy/opt/gz_rendering_vendor:/opt/ros/jazzy/opt/gz_plugin_vendor:/opt/ros/jazzy/opt/gz_fuel_tools_vendor:/opt/ros/jazzy/opt/gz_msgs_vendor:/opt/ros/jazzy/opt/gz_common_vendor:/opt/ros/jazzy/opt/gz_math_vendor:/opt/ros/jazzy/opt/gz_utils_vendor:/opt/ros/jazzy/opt/gz_tools_vendor:/opt/ros/jazzy/opt/gz_ogre_next_vendor:/opt/ros/jazzy/opt/gz_dartsim_vendor:/opt/ros/jazzy/opt/gz_cmake_vendor:/opt/ros/jazzy LD_LIBRARY_PATH=/workspaces/ros2-coding/install/controller_manager/lib:/workspaces/ros2-coding/install/hardware_interface_testing/lib:/workspaces/ros2-coding/install/controller_interface/lib:/workspaces/ros2-coding/install/hardware_interface/lib:/workspaces/ros2-coding/install/joint_limits/lib:/workspaces/ros2-coding/install/realtime_tools/lib:/workspaces/ros2-coding/install/ros2_control_test_assets/lib:/workspaces/ros2-coding/install/controller_manager_msgs/lib:/workspaces/ros2-coding/install/control_msgs/lib:${LD_LIBRARY_PATH} PYTHONPATH=/workspaces/ros2-coding/install/controller_manager/lib/python3.12/site-packages:/workspaces/ros2-coding/install/controller_manager_msgs/lib/python3.12/site-packages:/workspaces/ros2-coding/install/control_msgs/lib/python3.12/site-packages:${PYTHONPATH} /usr/bin/cmake --build /workspaces/ros2-coding/build/chained_filter_controller -- -j2 -l2
[5.176s] [  6%] [34m[1mRunning `/opt/ros/jazzy/bin/generate_parameter_library_cpp /workspaces/ros2-coding/build/chained_filter_controller/include/chained_filter_controller/chained_filter_parameters.hpp /workspaces/ros2-coding/turtlesim_ws/src/ros-controls/ros2_controllers/chained_filter_controller/src/chained_filter_parameters.yaml `[0m
[6.266s] [ 13%] [34m[1mCreating deprecated header file /workspaces/ros2-coding/build/chained_filter_controller/include/chained_filter_parameters.hpp[0m
[6.317s] [ 13%] Built target chained_filter_parameters
[6.385s] [ 20%] [32mBuilding CXX object gmock/CMakeFiles/gmock.dir/opt/ros/jazzy/src/gtest_vendor/src/gtest-all.cc.o[0m
[13.228s] [ 26%] [32mBuilding CXX object gmock/CMakeFiles/gmock.dir/src/gmock-all.cc.o[0m
[16.935s] [ 33%] [32m[1mLinking CXX static library libgmock.a[0m
[17.123s] [ 33%] Built target gmock
[17.163s] [ 40%] [32mBuilding CXX object gmock/CMakeFiles/gmock_main.dir/src/gmock_main.cc.o[0m
[19.187s] [ 46%] [32m[1mLinking CXX static library libgmock_main.a[0m
[19.305s] [ 46%] Built target gmock_main
[19.425s] [ 53%] [32mBuilding CXX object CMakeFiles/chained_filter_controller.dir/src/chained_filter.cpp.o[0m
[31.595s] [ 60%] [32m[1mLinking CXX shared library libchained_filter_controller.so[0m
[32.163s] [ 60%] Built target chained_filter_controller
[32.257s] [ 66%] [32mBuilding CXX object CMakeFiles/test_load_chained_filter_controller.dir/test/test_load_chained_filter_controller.cpp.o[0m
[42.424s] [ 73%] [32m[1mLinking CXX executable test_load_chained_filter_controller[0m
[43.616s] [ 73%] Built target test_load_chained_filter_controller
[43.671s] [ 80%] [32mBuilding CXX object CMakeFiles/test_chained_filter_controller.dir/test/test_chained_filter.cpp.o[0m
[53.526s] [ 86%] [32m[1mLinking CXX executable test_chained_filter_controller[0m
[54.286s] [ 86%] Built target test_chained_filter_controller
[54.330s] [ 93%] [32mBuilding CXX object CMakeFiles/test_multiple_chained_filter_controller.dir/test/test_multiple_chained_filter.cpp.o[0m
[64.566s] [100%] [32m[1mLinking CXX executable test_multiple_chained_filter_controller[0m
[65.368s] [100%] Built target test_multiple_chained_filter_controller
[65.399s] Invoked command in '/workspaces/ros2-coding/build/chained_filter_controller' returned '0': AMENT_PREFIX_PATH=/workspaces/ros2-coding/install/controller_manager:/workspaces/ros2-coding/install/hardware_interface_testing:/workspaces/ros2-coding/install/controller_interface:/workspaces/ros2-coding/install/hardware_interface:/workspaces/ros2-coding/install/joint_limits:/workspaces/ros2-coding/install/realtime_tools:/workspaces/ros2-coding/install/ros2_control_test_assets:/workspaces/ros2-coding/install/ros2_control_cmake:/workspaces/ros2-coding/install/controller_manager_msgs:/workspaces/ros2-coding/install/control_msgs:${AMENT_PREFIX_PATH} CMAKE_PREFIX_PATH=/workspaces/ros2-coding/install/controller_manager:/workspaces/ros2-coding/install/hardware_interface_testing:/workspaces/ros2-coding/install/controller_interface:/workspaces/ros2-coding/install/hardware_interface:/workspaces/ros2-coding/install/joint_limits:/workspaces/ros2-coding/install/realtime_tools:/workspaces/ros2-coding/install/ros2_control_test_assets:/workspaces/ros2-coding/install/ros2_control_cmake:/workspaces/ros2-coding/install/controller_manager_msgs:/workspaces/ros2-coding/install/control_msgs:/opt/ros/jazzy/opt/gz_sim_vendor:/opt/ros/jazzy/opt/gz_sensors_vendor:/opt/ros/jazzy/opt/gz_physics_vendor:/opt/ros/jazzy/opt/sdformat_vendor:/opt/ros/jazzy/opt/gz_gui_vendor:/opt/ros/jazzy/opt/gz_transport_vendor:/opt/ros/jazzy/opt/gz_rendering_vendor:/opt/ros/jazzy/opt/gz_plugin_vendor:/opt/ros/jazzy/opt/gz_fuel_tools_vendor:/opt/ros/jazzy/opt/gz_msgs_vendor:/opt/ros/jazzy/opt/gz_common_vendor:/opt/ros/jazzy/opt/gz_math_vendor:/opt/ros/jazzy/opt/gz_utils_vendor:/opt/ros/jazzy/opt/gz_tools_vendor:/opt/ros/jazzy/opt/gz_ogre_next_vendor:/opt/ros/jazzy/opt/gz_dartsim_vendor:/opt/ros/jazzy/opt/gz_cmake_vendor:/opt/ros/jazzy LD_LIBRARY_PATH=/workspaces/ros2-coding/install/controller_manager/lib:/workspaces/ros2-coding/install/hardware_interface_testing/lib:/workspaces/ros2-coding/install/controller_interface/lib:/workspaces/ros2-coding/install/hardware_interface/lib:/workspaces/ros2-coding/install/joint_limits/lib:/workspaces/ros2-coding/install/realtime_tools/lib:/workspaces/ros2-coding/install/ros2_control_test_assets/lib:/workspaces/ros2-coding/install/controller_manager_msgs/lib:/workspaces/ros2-coding/install/control_msgs/lib:${LD_LIBRARY_PATH} PYTHONPATH=/workspaces/ros2-coding/install/controller_manager/lib/python3.12/site-packages:/workspaces/ros2-coding/install/controller_manager_msgs/lib/python3.12/site-packages:/workspaces/ros2-coding/install/control_msgs/lib/python3.12/site-packages:${PYTHONPATH} /usr/bin/cmake --build /workspaces/ros2-coding/build/chained_filter_controller -- -j2 -l2
[65.399s] Invoking command in '/workspaces/ros2-coding/build/chained_filter_controller': AMENT_PREFIX_PATH=/workspaces/ros2-coding/install/controller_manager:/workspaces/ros2-coding/install/hardware_interface_testing:/workspaces/ros2-coding/install/controller_interface:/workspaces/ros2-coding/install/hardware_interface:/workspaces/ros2-coding/install/joint_limits:/workspaces/ros2-coding/install/realtime_tools:/workspaces/ros2-coding/install/ros2_control_test_assets:/workspaces/ros2-coding/install/ros2_control_cmake:/workspaces/ros2-coding/install/controller_manager_msgs:/workspaces/ros2-coding/install/control_msgs:${AMENT_PREFIX_PATH} CMAKE_PREFIX_PATH=/workspaces/ros2-coding/install/controller_manager:/workspaces/ros2-coding/install/hardware_interface_testing:/workspaces/ros2-coding/install/controller_interface:/workspaces/ros2-coding/install/hardware_interface:/workspaces/ros2-coding/install/joint_limits:/workspaces/ros2-coding/install/realtime_tools:/workspaces/ros2-coding/install/ros2_control_test_assets:/workspaces/ros2-coding/install/ros2_control_cmake:/workspaces/ros2-coding/install/controller_manager_msgs:/workspaces/ros2-coding/install/control_msgs:/opt/ros/jazzy/opt/gz_sim_vendor:/opt/ros/jazzy/opt/gz_sensors_vendor:/opt/ros/jazzy/opt/gz_physics_vendor:/opt/ros/jazzy/opt/sdformat_vendor:/opt/ros/jazzy/opt/gz_gui_vendor:/opt/ros/jazzy/opt/gz_transport_vendor:/opt/ros/jazzy/opt/gz_rendering_vendor:/opt/ros/jazzy/opt/gz_plugin_vendor:/opt/ros/jazzy/opt/gz_fuel_tools_vendor:/opt/ros/jazzy/opt/gz_msgs_vendor:/opt/ros/jazzy/opt/gz_common_vendor:/opt/ros/jazzy/opt/gz_math_vendor:/opt/ros/jazzy/opt/gz_utils_vendor:/opt/ros/jazzy/opt/gz_tools_vendor:/opt/ros/jazzy/opt/gz_ogre_next_vendor:/opt/ros/jazzy/opt/gz_dartsim_vendor:/opt/ros/jazzy/opt/gz_cmake_vendor:/opt/ros/jazzy LD_LIBRARY_PATH=/workspaces/ros2-coding/install/controller_manager/lib:/workspaces/ros2-coding/install/hardware_interface_testing/lib:/workspaces/ros2-coding/install/controller_interface/lib:/workspaces/ros2-coding/install/hardware_interface/lib:/workspaces/ros2-coding/install/joint_limits/lib:/workspaces/ros2-coding/install/realtime_tools/lib:/workspaces/ros2-coding/install/ros2_control_test_assets/lib:/workspaces/ros2-coding/install/controller_manager_msgs/lib:/workspaces/ros2-coding/install/control_msgs/lib:${LD_LIBRARY_PATH} PYTHONPATH=/workspaces/ros2-coding/install/controller_manager/lib/python3.12/site-packages:/workspaces/ros2-coding/install/controller_manager_msgs/lib/python3.12/site-packages:/workspaces/ros2-coding/install/control_msgs/lib/python3.12/site-packages:${PYTHONPATH} /usr/bin/cmake --install /workspaces/ros2-coding/build/chained_filter_controller
[65.413s] -- Install configuration: ""
[65.415s] -- Execute custom install script
[65.418s] -- Symlinking: /workspaces/ros2-coding/install/chained_filter_controller/include/chained_filter_controller/chained_filter_parameters.hpp
[65.437s] -- Symlinking: /workspaces/ros2-coding/install/chained_filter_controller/share/chained_filter_controller//plugin_description.xml
[65.455s] -- Symlinking: /workspaces/ros2-coding/install/chained_filter_controller/include/chained_filter_controller/chained_filter_controller/chained_filter.hpp
[65.473s] -- Symlinking: /workspaces/ros2-coding/install/chained_filter_controller/share/chained_filter_controller/environment/library_path.sh
[65.491s] -- Symlinking: /workspaces/ros2-coding/install/chained_filter_controller/share/chained_filter_controller/environment/library_path.dsv
[65.510s] -- Symlinking: /workspaces/ros2-coding/install/chained_filter_controller/share/ament_index/resource_index/package_run_dependencies/chained_filter_controller
[65.530s] -- Symlinking: /workspaces/ros2-coding/install/chained_filter_controller/share/ament_index/resource_index/parent_prefix_path/chained_filter_controller
[65.548s] -- Symlinking: /workspaces/ros2-coding/install/chained_filter_controller/share/chained_filter_controller/environment/ament_prefix_path.sh
[65.566s] -- Symlinking: /workspaces/ros2-coding/install/chained_filter_controller/share/chained_filter_controller/environment/ament_prefix_path.dsv
[65.591s] -- Symlinking: /workspaces/ros2-coding/install/chained_filter_controller/share/chained_filter_controller/environment/path.sh
[65.609s] -- Symlinking: /workspaces/ros2-coding/install/chained_filter_controller/share/chained_filter_controller/environment/path.dsv
[65.633s] -- Symlinking: /workspaces/ros2-coding/install/chained_filter_controller/share/chained_filter_controller/local_setup.bash
[65.654s] -- Symlinking: /workspaces/ros2-coding/install/chained_filter_controller/share/chained_filter_controller/local_setup.sh
[65.696s] -- Symlinking: /workspaces/ros2-coding/install/chained_filter_controller/share/chained_filter_controller/local_setup.zsh
[65.723s] -- Symlinking: /workspaces/ros2-coding/install/chained_filter_controller/share/chained_filter_controller/local_setup.dsv
[65.766s] -- Symlinking: /workspaces/ros2-coding/install/chained_filter_controller/share/chained_filter_controller/package.dsv
[65.806s] -- Symlinking: /workspaces/ros2-coding/install/chained_filter_controller/share/ament_index/resource_index/packages/chained_filter_controller
[65.844s] -- Symlinking: /workspaces/ros2-coding/install/chained_filter_controller/share/ament_index/resource_index/controller_interface__pluginlib__plugin/chained_filter_controller
[65.895s] -- Symlinking: /workspaces/ros2-coding/install/chained_filter_controller/share/chained_filter_controller/cmake/ament_cmake_export_dependencies-extras.cmake
[65.929s] -- Symlinking: /workspaces/ros2-coding/install/chained_filter_controller/share/chained_filter_controller/cmake/ament_cmake_export_targets-extras.cmake
[65.947s] -- Symlinking: /workspaces/ros2-coding/install/chained_filter_controller/share/chained_filter_controller/cmake/chained_filter_controllerConfig.cmake
[65.965s] -- Symlinking: /workspaces/ros2-coding/install/chained_filter_controller/share/chained_filter_controller/cmake/chained_filter_controllerConfig-version.cmake
[65.981s] -- Symlinking: /workspaces/ros2-coding/install/chained_filter_controller/share/chained_filter_controller/package.xml
[66.003s] -- Installing: /workspaces/ros2-coding/install/chained_filter_controller/lib/libchained_filter_controller.so
[66.009s] -- Set non-toolchain portion of runtime path of "/workspaces/ros2-coding/install/chained_filter_controller/lib/libchained_filter_controller.so" to ""
[66.010s] -- Installing: /workspaces/ros2-coding/install/chained_filter_controller/share/chained_filter_controller/cmake/export_chained_filter_controllerExport.cmake
[66.012s] -- Installing: /workspaces/ros2-coding/install/chained_filter_controller/share/chained_filter_controller/cmake/export_chained_filter_controllerExport-noconfig.cmake
[66.021s] Invoked command in '/workspaces/ros2-coding/build/chained_filter_controller' returned '0': AMENT_PREFIX_PATH=/workspaces/ros2-coding/install/controller_manager:/workspaces/ros2-coding/install/hardware_interface_testing:/workspaces/ros2-coding/install/controller_interface:/workspaces/ros2-coding/install/hardware_interface:/workspaces/ros2-coding/install/joint_limits:/workspaces/ros2-coding/install/realtime_tools:/workspaces/ros2-coding/install/ros2_control_test_assets:/workspaces/ros2-coding/install/ros2_control_cmake:/workspaces/ros2-coding/install/controller_manager_msgs:/workspaces/ros2-coding/install/control_msgs:${AMENT_PREFIX_PATH} CMAKE_PREFIX_PATH=/workspaces/ros2-coding/install/controller_manager:/workspaces/ros2-coding/install/hardware_interface_testing:/workspaces/ros2-coding/install/controller_interface:/workspaces/ros2-coding/install/hardware_interface:/workspaces/ros2-coding/install/joint_limits:/workspaces/ros2-coding/install/realtime_tools:/workspaces/ros2-coding/install/ros2_control_test_assets:/workspaces/ros2-coding/install/ros2_control_cmake:/workspaces/ros2-coding/install/controller_manager_msgs:/workspaces/ros2-coding/install/control_msgs:/opt/ros/jazzy/opt/gz_sim_vendor:/opt/ros/jazzy/opt/gz_sensors_vendor:/opt/ros/jazzy/opt/gz_physics_vendor:/opt/ros/jazzy/opt/sdformat_vendor:/opt/ros/jazzy/opt/gz_gui_vendor:/opt/ros/jazzy/opt/gz_transport_vendor:/opt/ros/jazzy/opt/gz_rendering_vendor:/opt/ros/jazzy/opt/gz_plugin_vendor:/opt/ros/jazzy/opt/gz_fuel_tools_vendor:/opt/ros/jazzy/opt/gz_msgs_vendor:/opt/ros/jazzy/opt/gz_common_vendor:/opt/ros/jazzy/opt/gz_math_vendor:/opt/ros/jazzy/opt/gz_utils_vendor:/opt/ros/jazzy/opt/gz_tools_vendor:/opt/ros/jazzy/opt/gz_ogre_next_vendor:/opt/ros/jazzy/opt/gz_dartsim_vendor:/opt/ros/jazzy/opt/gz_cmake_vendor:/opt/ros/jazzy LD_LIBRARY_PATH=/workspaces/ros2-coding/install/controller_manager/lib:/workspaces/ros2-coding/install/hardware_interface_testing/lib:/workspaces/ros2-coding/install/controller_interface/lib:/workspaces/ros2-coding/install/hardware_interface/lib:/workspaces/ros2-coding/install/joint_limits/lib:/workspaces/ros2-coding/install/realtime_tools/lib:/workspaces/ros2-coding/install/ros2_control_test_assets/lib:/workspaces/ros2-coding/install/controller_manager_msgs/lib:/workspaces/ros2-coding/install/control_msgs/lib:${LD_LIBRARY_PATH} PYTHONPATH=/workspaces/ros2-coding/install/controller_manager/lib/python3.12/site-packages:/workspaces/ros2-coding/install/controller_manager_msgs/lib/python3.12/site-packages:/workspaces/ros2-coding/install/control_msgs/lib/python3.12/site-packages:${PYTHONPATH} /usr/bin/cmake --install /workspaces/ros2-coding/build/chained_filter_controller
